#-----------------------------------------------------------
# Vivado v2023.2.1 (64-bit)
# SW Build 4081461 on Thu Dec 14 12:22:04 MST 2023
# IP Build 4080415 on Thu Dec 14 21:01:57 MST 2023
# SharedData Build 4077621 on Mon Dec 11 00:23:44 MST 2023
# Start of session at: Sat Nov 16 22:46:18 2024
# Process ID: 21841
# Current directory: /ecel/UFAD/mark.gross/fnn-gps/gps-parser/gps-parser/hls/.autopilot/db/ip_tmp
# Command line: vivado  -notrace -log vivado.log -mode batch -source run_vivado_gen_ip.tcl
# Log file: /ecel/UFAD/mark.gross/fnn-gps/gps-parser/gps-parser/hls/.autopilot/db/ip_tmp/vivado.log
# Journal file: /ecel/UFAD/mark.gross/fnn-gps/gps-parser/gps-parser/hls/.autopilot/db/ip_tmp/vivado.jou
# Running On: ece-lnx-4511c, OS: Linux, CPU Frequency: 3192.499 MHz, CPU Physical cores: 12, Host memory: 135028 MB
#-----------------------------------------------------------
source run_vivado_gen_ip.tcl -notrace
create_project: Time (s): cpu = 00:00:06 ; elapsed = 00:00:06 . Memory (MB): peak = 1489.293 ; gain = 47.828 ; free physical = 101765 ; free virtual = 174431
INFO: [IP_Flow 19-234] Refreshing IP repositories
INFO: [IP_Flow 19-1704] No user IP repositories specified
INFO: [IP_Flow 19-2313] Loaded Vivado IP repository '/tools/Xilinx/Vivado/2023.2/data/ip'.
INFO: [IP_Flow 19-1686] Generating 'Synthesis' target for IP 'gps_translation_fmul_32ns_32ns_32_1_max_dsp_1_ip'...
INFO: [IP_Flow 19-1686] Generating 'Simulation' target for IP 'gps_translation_fmul_32ns_32ns_32_1_max_dsp_1_ip'...
INFO: [IP_Flow 19-1686] Generating 'Synthesis' target for IP 'gps_translation_fadd_32ns_32ns_32_2_full_dsp_1_ip'...
INFO: [IP_Flow 19-1686] Generating 'Simulation' target for IP 'gps_translation_fadd_32ns_32ns_32_2_full_dsp_1_ip'...
INFO: [IP_Flow 19-1686] Generating 'Synthesis' target for IP 'gps_translation_fdiv_32ns_32ns_32_3_no_dsp_1_ip'...
INFO: [IP_Flow 19-1686] Generating 'Simulation' target for IP 'gps_translation_fdiv_32ns_32ns_32_3_no_dsp_1_ip'...
INFO: [IP_Flow 19-1686] Generating 'Synthesis' target for IP 'gps_translation_sitofp_32ns_32_2_no_dsp_1_ip'...
INFO: [IP_Flow 19-1686] Generating 'Simulation' target for IP 'gps_translation_sitofp_32ns_32_2_no_dsp_1_ip'...
INFO: [Common 17-206] Exiting Vivado at Sat Nov 16 22:46:40 2024...
