Vivado Simulator v2023.2.1
Copyright 1986-2022 Xilinx, Inc. All Rights Reserved.
Copyright 2022-2023 Advanced Micro Devices, Inc. All Rights Reserved.
Running: /tools/Xilinx/Vivado/2023.2/bin/unwrapped/lnx64.o/xelab xil_defaultlib.apatb_gps_translation_top glbl -Oenable_linking_all_libraries -prj gps_translation.prj -L smartconnect_v1_0 -L axi_protocol_checker_v1_1_12 -L axi_protocol_checker_v1_1_13 -L axis_protocol_checker_v1_1_11 -L axis_protocol_checker_v1_1_12 -L xil_defaultlib -L unisims_ver -L xpm -L floating_point_v7_1_16 -L floating_point_v7_0_21 --lib ieee_proposed=./ieee_proposed -s gps_translation 
Multi-threading is on. Using 10 slave threads.
INFO: [VRFC 10-2263] Analyzing SystemVerilog file "/ecel/UFAD/mark.gross/fnn-gps/gps-parser/gps-parser/hls/sim/verilog/ip/xil_defaultlib/gps_translation_fmul_32ns_32ns_32_1_max_dsp_1_ip.v" into library xil_defaultlib
INFO: [VRFC 10-311] analyzing module gps_translation_fmul_32ns_32ns_32_1_max_dsp_1_ip
INFO: [VRFC 10-2263] Analyzing SystemVerilog file "/ecel/UFAD/mark.gross/fnn-gps/gps-parser/gps-parser/hls/sim/verilog/ip/xil_defaultlib/gps_translation_fadd_32ns_32ns_32_2_full_dsp_1_ip.v" into library xil_defaultlib
INFO: [VRFC 10-311] analyzing module gps_translation_fadd_32ns_32ns_32_2_full_dsp_1_ip
INFO: [VRFC 10-2263] Analyzing SystemVerilog file "/ecel/UFAD/mark.gross/fnn-gps/gps-parser/gps-parser/hls/sim/verilog/ip/xil_defaultlib/gps_translation_fdiv_32ns_32ns_32_3_no_dsp_1_ip.v" into library xil_defaultlib
INFO: [VRFC 10-311] analyzing module gps_translation_fdiv_32ns_32ns_32_3_no_dsp_1_ip
INFO: [VRFC 10-2263] Analyzing SystemVerilog file "/ecel/UFAD/mark.gross/fnn-gps/gps-parser/gps-parser/hls/sim/verilog/ip/xil_defaultlib/gps_translation_sitofp_32ns_32_2_no_dsp_1_ip.v" into library xil_defaultlib
INFO: [VRFC 10-311] analyzing module gps_translation_sitofp_32ns_32_2_no_dsp_1_ip
INFO: [VRFC 10-2263] Analyzing SystemVerilog file "/ecel/UFAD/mark.gross/fnn-gps/gps-parser/gps-parser/hls/sim/verilog/glbl.v" into library work
INFO: [VRFC 10-311] analyzing module glbl
INFO: [VRFC 10-2263] Analyzing SystemVerilog file "/ecel/UFAD/mark.gross/fnn-gps/gps-parser/gps-parser/hls/sim/verilog/gps_translation_stored_msg_RAM_AUTO_1R1W.v" into library xil_defaultlib
INFO: [VRFC 10-311] analyzing module gps_translation_stored_msg_RAM_AUTO_1R1W
INFO: [VRFC 10-2263] Analyzing SystemVerilog file "/ecel/UFAD/mark.gross/fnn-gps/gps-parser/gps-parser/hls/sim/verilog/gps_translation_mul_26s_10s_32_1_1.v" into library xil_defaultlib
INFO: [VRFC 10-311] analyzing module gps_translation_mul_26s_10s_32_1_1
INFO: [VRFC 10-2263] Analyzing SystemVerilog file "/ecel/UFAD/mark.gross/fnn-gps/gps-parser/gps-parser/hls/sim/verilog/AESL_fifo.v" into library xil_defaultlib
INFO: [VRFC 10-311] analyzing module fifo
INFO: [VRFC 10-2263] Analyzing SystemVerilog file "/ecel/UFAD/mark.gross/fnn-gps/gps-parser/gps-parser/hls/sim/verilog/gps_translation_mul_32s_10ns_32_1_1.v" into library xil_defaultlib
INFO: [VRFC 10-311] analyzing module gps_translation_mul_32s_10ns_32_1_1
INFO: [VRFC 10-2263] Analyzing SystemVerilog file "/ecel/UFAD/mark.gross/fnn-gps/gps-parser/gps-parser/hls/sim/verilog/gps_translation_mul_32s_18ns_32_1_1.v" into library xil_defaultlib
INFO: [VRFC 10-311] analyzing module gps_translation_mul_32s_18ns_32_1_1
INFO: [VRFC 10-2263] Analyzing SystemVerilog file "/ecel/UFAD/mark.gross/fnn-gps/gps-parser/gps-parser/hls/sim/verilog/gps_translation_fadd_32ns_32ns_32_2_full_dsp_1.v" into library xil_defaultlib
INFO: [VRFC 10-311] analyzing module gps_translation_fadd_32ns_32ns_32_2_full_dsp_1
INFO: [VRFC 10-2263] Analyzing SystemVerilog file "/ecel/UFAD/mark.gross/fnn-gps/gps-parser/gps-parser/hls/sim/verilog/gps_translation_mul_26s_19ns_32_1_1.v" into library xil_defaultlib
INFO: [VRFC 10-311] analyzing module gps_translation_mul_26s_19ns_32_1_1
INFO: [VRFC 10-2263] Analyzing SystemVerilog file "/ecel/UFAD/mark.gross/fnn-gps/gps-parser/gps-parser/hls/sim/verilog/gps_translation_hls_atoi_w_len_Pipeline_VITIS_LOOP_8_1.v" into library xil_defaultlib
INFO: [VRFC 10-311] analyzing module gps_translation_hls_atoi_w_len_Pipeline_VITIS_LOOP_8_1
INFO: [VRFC 10-2263] Analyzing SystemVerilog file "/ecel/UFAD/mark.gross/fnn-gps/gps-parser/gps-parser/hls/sim/verilog/gps_translation_flow_control_loop_pipe_sequential_init.v" into library xil_defaultlib
INFO: [VRFC 10-311] analyzing module gps_translation_flow_control_loop_pipe_sequential_init
INFO: [VRFC 10-2263] Analyzing SystemVerilog file "/ecel/UFAD/mark.gross/fnn-gps/gps-parser/gps-parser/hls/sim/verilog/gps_translation_sitofp_32ns_32_2_no_dsp_1.v" into library xil_defaultlib
INFO: [VRFC 10-311] analyzing module gps_translation_sitofp_32ns_32_2_no_dsp_1
INFO: [VRFC 10-2263] Analyzing SystemVerilog file "/ecel/UFAD/mark.gross/fnn-gps/gps-parser/gps-parser/hls/sim/verilog/gps_translation_mul_32s_34ns_65_1_1.v" into library xil_defaultlib
INFO: [VRFC 10-311] analyzing module gps_translation_mul_32s_34ns_65_1_1
INFO: [VRFC 10-2263] Analyzing SystemVerilog file "/ecel/UFAD/mark.gross/fnn-gps/gps-parser/gps-parser/hls/sim/verilog/gps_translation_fdiv_32ns_32ns_32_3_no_dsp_1.v" into library xil_defaultlib
INFO: [VRFC 10-311] analyzing module gps_translation_fdiv_32ns_32ns_32_3_no_dsp_1
INFO: [VRFC 10-2263] Analyzing SystemVerilog file "/ecel/UFAD/mark.gross/fnn-gps/gps-parser/gps-parser/hls/sim/verilog/gps_translation_gps_translation_Pipeline_shift_loop.v" into library xil_defaultlib
INFO: [VRFC 10-311] analyzing module gps_translation_gps_translation_Pipeline_shift_loop
INFO: [VRFC 10-2263] Analyzing SystemVerilog file "/ecel/UFAD/mark.gross/fnn-gps/gps-parser/gps-parser/hls/sim/verilog/gps_translation_mul_32s_9ns_32_1_1.v" into library xil_defaultlib
INFO: [VRFC 10-311] analyzing module gps_translation_mul_32s_9ns_32_1_1
INFO: [VRFC 10-2263] Analyzing SystemVerilog file "/ecel/UFAD/mark.gross/fnn-gps/gps-parser/gps-parser/hls/sim/verilog/gps_translation_hls_get_field_from_nmea_Pipeline_VITIS_LOOP_53_2.v" into library xil_defaultlib
INFO: [VRFC 10-311] analyzing module gps_translation_hls_get_field_from_nmea_Pipeline_VITIS_LOOP_53_2
INFO: [VRFC 10-2263] Analyzing SystemVerilog file "/ecel/UFAD/mark.gross/fnn-gps/gps-parser/gps-parser/hls/sim/verilog/gps_translation_hls_atoi_w_len.v" into library xil_defaultlib
INFO: [VRFC 10-311] analyzing module gps_translation_hls_atoi_w_len
INFO: [VRFC 10-2263] Analyzing SystemVerilog file "/ecel/UFAD/mark.gross/fnn-gps/gps-parser/gps-parser/hls/sim/verilog/AESL_deadlock_kernel_monitor_top.v" into library xil_defaultlib
INFO: [VRFC 10-311] analyzing module AESL_deadlock_kernel_monitor_top
INFO: [VRFC 10-2263] Analyzing SystemVerilog file "/ecel/UFAD/mark.gross/fnn-gps/gps-parser/gps-parser/hls/sim/verilog/gps_translation.v" into library xil_defaultlib
INFO: [VRFC 10-311] analyzing module gps_translation
INFO: [VRFC 10-2263] Analyzing SystemVerilog file "/ecel/UFAD/mark.gross/fnn-gps/gps-parser/gps-parser/hls/sim/verilog/gps_translation.autotb.v" into library xil_defaultlib
INFO: [VRFC 10-311] analyzing module apatb_gps_translation_top
INFO: [VRFC 10-2263] Analyzing SystemVerilog file "/ecel/UFAD/mark.gross/fnn-gps/gps-parser/gps-parser/hls/sim/verilog/gps_translation_hls_get_coordinate_1.v" into library xil_defaultlib
INFO: [VRFC 10-311] analyzing module gps_translation_hls_get_coordinate_1
INFO: [VRFC 10-2263] Analyzing SystemVerilog file "/ecel/UFAD/mark.gross/fnn-gps/gps-parser/gps-parser/hls/sim/verilog/gps_translation_hls_get_coordinate.v" into library xil_defaultlib
INFO: [VRFC 10-311] analyzing module gps_translation_hls_get_coordinate
INFO: [VRFC 10-2263] Analyzing SystemVerilog file "/ecel/UFAD/mark.gross/fnn-gps/gps-parser/gps-parser/hls/sim/verilog/gps_translation_fmul_32ns_32ns_32_1_max_dsp_1.v" into library xil_defaultlib
INFO: [VRFC 10-311] analyzing module gps_translation_fmul_32ns_32ns_32_1_max_dsp_1
INFO: [VRFC 10-2263] Analyzing SystemVerilog file "/ecel/UFAD/mark.gross/fnn-gps/gps-parser/gps-parser/hls/sim/verilog/gps_translation_gps_translation_Pipeline_VITIS_LOOP_23_1.v" into library xil_defaultlib
INFO: [VRFC 10-311] analyzing module gps_translation_gps_translation_Pipeline_VITIS_LOOP_23_1
INFO: [VRFC 10-2263] Analyzing SystemVerilog file "/ecel/UFAD/mark.gross/fnn-gps/gps-parser/gps-parser/hls/sim/verilog/AESL_deadlock_idx0_monitor.v" into library xil_defaultlib
INFO: [VRFC 10-311] analyzing module AESL_deadlock_idx0_monitor
INFO: [VRFC 10-2263] Analyzing SystemVerilog file "/ecel/UFAD/mark.gross/fnn-gps/gps-parser/gps-parser/hls/sim/verilog/AESL_axi_s_msg.v" into library xil_defaultlib
INFO: [VRFC 10-311] analyzing module AESL_axi_s_msg
INFO: [VRFC 10-2263] Analyzing SystemVerilog file "/ecel/UFAD/mark.gross/fnn-gps/gps-parser/gps-parser/hls/sim/verilog/gps_translation_gps_translation_Pipeline_VITIS_LOOP_23_1_p_str_ROM_AUTO_1R.v" into library xil_defaultlib
INFO: [VRFC 10-311] analyzing module gps_translation_gps_translation_Pipeline_VITIS_LOOP_23_1_p_str_ROM_AUTO_1R
INFO: [VRFC 10-2263] Analyzing SystemVerilog file "/ecel/UFAD/mark.gross/fnn-gps/gps-parser/gps-parser/hls/sim/verilog/gps_translation_hls_get_field_from_nmea.v" into library xil_defaultlib
INFO: [VRFC 10-311] analyzing module gps_translation_hls_get_field_from_nmea
INFO: [VRFC 10-2263] Analyzing SystemVerilog file "/ecel/UFAD/mark.gross/fnn-gps/gps-parser/gps-parser/hls/sim/verilog/gps_translation_gps_translation_Pipeline_VITIS_LOOP_132_1.v" into library xil_defaultlib
INFO: [VRFC 10-311] analyzing module gps_translation_gps_translation_Pipeline_VITIS_LOOP_132_1
INFO: [VRFC 10-2263] Analyzing SystemVerilog file "/ecel/UFAD/mark.gross/fnn-gps/gps-parser/gps-parser/hls/sim/verilog/gps_translation_regslice_both.v" into library xil_defaultlib
INFO: [VRFC 10-311] analyzing module gps_translation_regslice_both
INFO: [VRFC 10-311] analyzing module gps_translation_regslice_both_w1
INFO: [VRFC 10-2263] Analyzing SystemVerilog file "/ecel/UFAD/mark.gross/fnn-gps/gps-parser/gps-parser/hls/sim/verilog/gps_translation_msg_shift_RAM_AUTO_1R1W.v" into library xil_defaultlib
INFO: [VRFC 10-311] analyzing module gps_translation_msg_shift_RAM_AUTO_1R1W
INFO: [VRFC 10-2263] Analyzing SystemVerilog file "/ecel/UFAD/mark.gross/fnn-gps/gps-parser/gps-parser/hls/sim/verilog/gps_translation_mul_32ns_34ns_65_1_1.v" into library xil_defaultlib
INFO: [VRFC 10-311] analyzing module gps_translation_mul_32ns_34ns_65_1_1
INFO: [VRFC 10-2263] Analyzing SystemVerilog file "/ecel/UFAD/mark.gross/fnn-gps/gps-parser/gps-parser/hls/sim/verilog/dataflow_monitor.sv" into library xil_defaultlib
INFO: [VRFC 10-311] analyzing module dataflow_monitor
Starting static elaboration
Pass Through NonSizing Optimizer
Completed static elaboration
Starting simulation data flow analysis
Completed simulation data flow analysis
Time Resolution for simulation is 1ps
Compiling package std.standard
Compiling package std.textio
Compiling package ieee.std_logic_1164
Compiling package floating_point_v7_1_16.floating_point_v7_1_16_viv_comp
Compiling package ieee.numeric_std
Compiling package xbip_utils_v3_0_11.xbip_utils_v3_0_11_pkg
Compiling package axi_utils_v2_0_7.axi_utils_v2_0_7_pkg
Compiling package floating_point_v7_1_16.floating_point_v7_1_16_consts
Compiling package ieee.math_real
Compiling package floating_point_v7_1_16.floating_point_v7_1_16_exp_table...
Compiling package mult_gen_v12_0_19.mult_gen_v12_0_19_pkg
Compiling package ieee.std_logic_arith
Compiling package ieee.std_logic_signed
Compiling package floating_point_v7_1_16.floating_point_v7_1_16_pkg
Compiling package floating_point_v7_1_16.flt_utils
Compiling package unisim.vcomponents
Compiling package xbip_pipe_v3_0_7.xbip_pipe_v3_0_7_viv_comp
Compiling package ieee.vital_timing
Compiling package ieee.vital_primitives
Compiling package unisim.vpkg
Compiling package floating_point_v7_1_16.vt2mutils
Compiling package floating_point_v7_1_16.vt2mcomps
Compiling package xil_defaultlib.$unit_dataflow_monitor_sv
Compiling module xil_defaultlib.gps_translation_msg_shift_RAM_AU...
Compiling module xil_defaultlib.gps_translation_stored_msg_RAM_A...
Compiling module xil_defaultlib.gps_translation_flow_control_loo...
Compiling module xil_defaultlib.gps_translation_gps_translation_...
Compiling module xil_defaultlib.gps_translation_gps_translation_...
Compiling module xil_defaultlib.gps_translation_gps_translation_...
Compiling module xil_defaultlib.gps_translation_gps_translation_...
Compiling module xil_defaultlib.gps_translation_hls_get_field_fr...
Compiling module xil_defaultlib.gps_translation_hls_get_field_fr...
Compiling module xil_defaultlib.gps_translation_hls_atoi_w_len_P...
Compiling module xil_defaultlib.gps_translation_hls_atoi_w_len
Compiling architecture dsp48e1_v of entity unisim.DSP48E1 [\DSP48E1(acascreg=0,adreg=0,alum...]
Compiling architecture synth of entity xbip_pipe_v3_0_7.xbip_pipe_v3_0_7_viv [\xbip_pipe_v3_0_7_viv(c_has_ce=1...]
Compiling architecture rtl of entity floating_point_v7_1_16.delay [\delay(width=7,length=0)\]
Compiling architecture synth of entity xbip_pipe_v3_0_7.xbip_pipe_v3_0_7_viv [\xbip_pipe_v3_0_7_viv(c_has_ce=1...]
Compiling architecture rtl of entity floating_point_v7_1_16.delay [\delay(width=4,length=0)\]
Compiling architecture synth of entity xbip_pipe_v3_0_7.xbip_pipe_v3_0_7_viv [\xbip_pipe_v3_0_7_viv(c_has_ce=1...]
Compiling architecture rtl of entity floating_point_v7_1_16.delay [\delay(length=0)\]
Compiling architecture synth of entity xbip_pipe_v3_0_7.xbip_pipe_v3_0_7_viv [\xbip_pipe_v3_0_7_viv(c_has_ce=1...]
Compiling architecture rtl of entity floating_point_v7_1_16.delay [\delay(width=16,length=0)\]
Compiling architecture synth of entity xbip_pipe_v3_0_7.xbip_pipe_v3_0_7_viv [\xbip_pipe_v3_0_7_viv(c_has_ce=1...]
Compiling architecture rtl of entity floating_point_v7_1_16.delay [\delay(width=24,length=0)\]
Compiling architecture synth of entity xbip_pipe_v3_0_7.xbip_pipe_v3_0_7_viv [\xbip_pipe_v3_0_7_viv(c_has_ce=1...]
Compiling architecture rtl of entity floating_point_v7_1_16.delay [\delay(width=17,length=0)\]
Compiling architecture synth of entity xbip_pipe_v3_0_7.xbip_pipe_v3_0_7_viv [\xbip_pipe_v3_0_7_viv(c_has_ce=1...]
Compiling architecture rtl of entity floating_point_v7_1_16.delay [\delay(width=25,length=0)\]
Compiling architecture rtl of entity floating_point_v7_1_16.dsp48e1_wrapper [\dsp48e1_wrapper(a_width=24,b_wi...]
Compiling architecture dsp48e1_v of entity unisim.DSP48E1 [\DSP48E1(acascreg=0,adreg=0,alum...]
Compiling architecture synth of entity xbip_pipe_v3_0_7.xbip_pipe_v3_0_7_viv [\xbip_pipe_v3_0_7_viv(c_has_ce=1...]
Compiling architecture rtl of entity floating_point_v7_1_16.delay [\delay(width=48,length=0)\]
Compiling architecture rtl of entity floating_point_v7_1_16.dsp48e1_wrapper [\dsp48e1_wrapper(a_width=24,b_wi...]
Compiling architecture struct of entity floating_point_v7_1_16.fix_mult_dsp48e1_sgl [\fix_mult_dsp48e1_sgl(registers=...]
Compiling architecture rtl of entity floating_point_v7_1_16.fix_mult [\fix_mult(c_xdevicefamily="zynq"...]
Compiling architecture muxcy_v of entity unisim.MUXCY [muxcy_default]
Compiling architecture xorcy_v of entity unisim.XORCY [xorcy_default]
Compiling architecture synth of entity xbip_pipe_v3_0_7.xbip_pipe_v3_0_7_viv [\xbip_pipe_v3_0_7_viv(c_has_ce=1...]
Compiling architecture rtl of entity floating_point_v7_1_16.delay [\delay(width=8,length=0,fast_inp...]
Compiling architecture struct of entity floating_point_v7_1_16.carry_chain [\carry_chain(c_xdevicefamily="zy...]
Compiling architecture synth of entity xbip_pipe_v3_0_7.xbip_pipe_v3_0_7_viv [\xbip_pipe_v3_0_7_viv(c_has_ce=1...]
Compiling architecture rtl of entity floating_point_v7_1_16.delay [\delay(width=32,length=0)\]
Compiling architecture struct of entity floating_point_v7_1_16.carry_chain [\carry_chain(c_xdevicefamily="zy...]
Compiling architecture synth of entity floating_point_v7_1_16.compare_eq_im [\compare_eq_im(c_xdevicefamily="...]
Compiling architecture rtl of entity floating_point_v7_1_16.delay [\delay(length=0,fast_input=true)...]
Compiling architecture rtl of entity floating_point_v7_1_16.special_detect [\special_detect(c_xdevicefamily=...]
Compiling architecture synth of entity xbip_pipe_v3_0_7.xbip_pipe_v3_0_7_viv [\xbip_pipe_v3_0_7_viv(c_has_ce=1...]
Compiling architecture rtl of entity floating_point_v7_1_16.delay [\delay(width=2,length=0,fast_inp...]
Compiling architecture synth of entity xbip_pipe_v3_0_7.xbip_pipe_v3_0_7_viv [\xbip_pipe_v3_0_7_viv(c_has_ce=1...]
Compiling architecture rtl of entity floating_point_v7_1_16.delay [\delay(width=4,length=0,fast_inp...]
Compiling architecture synth of entity xbip_pipe_v3_0_7.xbip_pipe_v3_0_7_viv [\xbip_pipe_v3_0_7_viv(c_has_ce=1...]
Compiling architecture rtl of entity floating_point_v7_1_16.delay [\delay(width=8,length=0)\]
Compiling architecture synth of entity xbip_pipe_v3_0_7.xbip_pipe_v3_0_7_viv [\xbip_pipe_v3_0_7_viv(c_has_ce=1...]
Compiling architecture rtl of entity floating_point_v7_1_16.delay [\delay(width=3,length=0,fast_inp...]
Compiling architecture synth of entity xbip_pipe_v3_0_7.xbip_pipe_v3_0_7_viv [\xbip_pipe_v3_0_7_viv(c_has_ce=1...]
Compiling architecture rtl of entity floating_point_v7_1_16.delay [\delay(width=14,length=0)\]
Compiling architecture rtl of entity floating_point_v7_1_16.flt_mult_exp [\flt_mult_exp(c_xdevicefamily="z...]
Compiling architecture dsp48e1_v of entity unisim.DSP48E1 [\DSP48E1(acascreg=0,adreg=0,alum...]
Compiling architecture synth of entity xbip_pipe_v3_0_7.xbip_pipe_v3_0_7_viv [\xbip_pipe_v3_0_7_viv(c_has_ce=1...]
Compiling architecture rtl of entity floating_point_v7_1_16.delay [\delay(width=30,length=0)\]
Compiling architecture synth of entity xbip_pipe_v3_0_7.xbip_pipe_v3_0_7_viv [\xbip_pipe_v3_0_7_viv(c_has_ce=1...]
Compiling architecture rtl of entity floating_point_v7_1_16.delay [\delay(width=18,length=0)\]
Compiling architecture rtl of entity floating_point_v7_1_16.dsp48e1_wrapper [\dsp48e1_wrapper(a_width=30,b_wi...]
Compiling architecture struct of entity floating_point_v7_1_16.flt_round_dsp_opt_full [\flt_round_dsp_opt_full(c_xdevic...]
Compiling architecture rtl of entity floating_point_v7_1_16.flt_mult_round [\flt_mult_round(c_xdevicefamily=...]
Compiling architecture synth of entity floating_point_v7_1_16.flt_dec_op_lat [\flt_dec_op_lat(c_xdevicefamily=...]
Compiling architecture rtl of entity floating_point_v7_1_16.flt_mult [\flt_mult(c_xdevicefamily="zynq"...]
Compiling module unisims_ver.x_lut1_mux2
Compiling module unisims_ver.LUT1
Compiling architecture synth of entity xbip_pipe_v3_0_7.xbip_pipe_v3_0_7_viv [\xbip_pipe_v3_0_7_viv(c_has_ce=1...]
Compiling architecture xilinx of entity floating_point_v7_1_16.floating_point_v7_1_16_viv [\floating_point_v7_1_16_viv(c_xd...]
Compiling architecture xilinx of entity floating_point_v7_1_16.floating_point_v7_1_16 [\floating_point_v7_1_16(c_xdevic...]
Compiling module xil_defaultlib.gps_translation_fmul_32ns_32ns_3...
Compiling module xil_defaultlib.gps_translation_fmul_32ns_32ns_3...
Compiling module xil_defaultlib.gps_translation_hls_get_coordina...
Compiling module xil_defaultlib.gps_translation_hls_get_coordina...
Compiling module xil_defaultlib.gps_translation_mul_26s_19ns_32_...
Compiling module xil_defaultlib.gps_translation_mul_32ns_34ns_65...
Compiling module xil_defaultlib.gps_translation_mul_32s_9ns_32_1...
Compiling module xil_defaultlib.gps_translation_mul_32s_10ns_32_...
Compiling module xil_defaultlib.gps_translation_mul_32s_18ns_32_...
Compiling module xil_defaultlib.gps_translation_mul_32s_34ns_65_...
Compiling module xil_defaultlib.gps_translation_mul_26s_10s_32_1...
Compiling architecture struct of entity floating_point_v7_1_16.carry_chain [\carry_chain(c_xdevicefamily="zy...]
Compiling architecture synth of entity floating_point_v7_1_16.compare_eq_im [\compare_eq_im(c_xdevicefamily="...]
Compiling architecture struct of entity floating_point_v7_1_16.carry_chain [\carry_chain(c_xdevicefamily="zy...]
Compiling architecture synth of entity xbip_pipe_v3_0_7.xbip_pipe_v3_0_7_viv [\xbip_pipe_v3_0_7_viv(c_has_ce=1...]
Compiling architecture rtl of entity floating_point_v7_1_16.delay [\delay(width=24,length=0,fast_in...]
Compiling architecture dsp48e1_v of entity unisim.DSP48E1 [\DSP48E1(acascreg=0,adreg=0,alum...]
Compiling architecture rtl of entity floating_point_v7_1_16.dsp48e1_wrapper [\dsp48e1_wrapper(c_part="xc7z020...]
Compiling architecture synth of entity xbip_pipe_v3_0_7.xbip_pipe_v3_0_7_viv [\xbip_pipe_v3_0_7_viv(c_has_ce=1...]
Compiling architecture rtl of entity floating_point_v7_1_16.delay [\delay(width=13,length=0)\]
Compiling architecture synth of entity xbip_pipe_v3_0_7.xbip_pipe_v3_0_7_viv [\xbip_pipe_v3_0_7_viv(c_has_ce=1...]
Compiling architecture rtl of entity floating_point_v7_1_16.delay [\delay(width=27,length=0)\]
Compiling architecture synth of entity floating_point_v7_1_16.align_add_dsp48e1_sgl [\align_add_dsp48e1_sgl(c_xdevice...]
Compiling architecture lut5_v of entity unisim.LUT5 [\LUT5(init="00000000000000001111...]
Compiling architecture lut5_v of entity unisim.LUT5 [\LUT5(init="00000000000000000000...]
Compiling architecture synth of entity xbip_pipe_v3_0_7.xbip_pipe_v3_0_7_viv [\xbip_pipe_v3_0_7_viv(c_has_ce=1...]
Compiling architecture rtl of entity floating_point_v7_1_16.delay [\delay(width=5,length=0)\]
Compiling architecture rtl of entity floating_point_v7_1_16.lead_zero_encode_shift [\lead_zero_encode_shift(ab_fw=24...]
Compiling architecture synth of entity xbip_pipe_v3_0_7.xbip_pipe_v3_0_7_viv [\xbip_pipe_v3_0_7_viv(c_has_ce=1...]
Compiling architecture rtl of entity floating_point_v7_1_16.delay [\delay(width=3,length=0)\]
Compiling architecture lut6_v of entity unisim.LUT6 [\LUT6(init="11111110010101001011...]
Compiling architecture lut5_v of entity unisim.LUT5 [\LUT5(init="00010001010111110000...]
Compiling architecture lut5_v of entity unisim.LUT5 [\LUT5(init="11101110101000001111...]
Compiling architecture synth of entity xbip_pipe_v3_0_7.xbip_pipe_v3_0_7_viv [\xbip_pipe_v3_0_7_viv(c_has_ce=1...]
Compiling architecture rtl of entity floating_point_v7_1_16.delay [\delay(width=2,length=0)\]
Compiling architecture dsp48e1_v of entity unisim.DSP48E1 [\DSP48E1(acascreg=0,adreg=0,alum...]
Compiling architecture rtl of entity floating_point_v7_1_16.dsp48e1_wrapper [\dsp48e1_wrapper(a_width=24,c_wi...]
Compiling architecture rtl of entity floating_point_v7_1_16.norm_and_round_dsp48e1_sgl [\norm_and_round_dsp48e1_sgl(c_mu...]
Compiling architecture lut5_v of entity unisim.LUT5 [\LUT5(init="10011001100110011001...]
Compiling architecture lut5_v of entity unisim.LUT5 [\LUT5(init="11111111000000001111...]
Compiling architecture synth of entity xbip_pipe_v3_0_7.xbip_pipe_v3_0_7_viv [\xbip_pipe_v3_0_7_viv(c_has_ce=1...]
Compiling architecture rtl of entity floating_point_v7_1_16.delay [\delay(width=9,length=0)\]
Compiling architecture struct of entity floating_point_v7_1_16.carry_chain [\carry_chain(c_xdevicefamily="zy...]
Compiling architecture synth of entity xbip_pipe_v3_0_7.xbip_pipe_v3_0_7_viv [\xbip_pipe_v3_0_7_viv(c_has_ce=1...]
Compiling architecture rtl of entity floating_point_v7_1_16.delay [\delay(width=10,length=0)\]
Compiling architecture struct of entity floating_point_v7_1_16.carry_chain [\carry_chain(c_xdevicefamily="zy...]
Compiling architecture synth of entity floating_point_v7_1_16.compare_gt [\compare_gt(c_xdevicefamily="zyn...]
Compiling architecture synth of entity floating_point_v7_1_16.compare [\compare(c_xdevicefamily="zynq",...]
Compiling architecture synth of entity xbip_pipe_v3_0_7.xbip_pipe_v3_0_7_viv [\xbip_pipe_v3_0_7_viv(c_has_ce=1...]
Compiling architecture rtl of entity floating_point_v7_1_16.delay [\delay(width=12,length=0)\]
Compiling architecture rtl of entity floating_point_v7_1_16.flt_add_exp_sp [\flt_add_exp_sp(c_xdevicefamily=...]
Compiling architecture synth of entity xbip_pipe_v3_0_7.xbip_pipe_v3_0_7_viv [\xbip_pipe_v3_0_7_viv(c_has_ce=1...]
Compiling architecture rtl of entity floating_point_v7_1_16.delay [\delay(width=23,length=0)\]
Compiling architecture synth of entity floating_point_v7_1_16.flt_dec_op [\flt_dec_op(c_xdevicefamily="zyn...]
Compiling architecture rtl of entity floating_point_v7_1_16.flt_add_dsp [\flt_add_dsp(c_xdevicefamily="zy...]
Compiling architecture rtl of entity floating_point_v7_1_16.flt_add [\flt_add(c_xdevicefamily="zynq",...]
Compiling architecture xilinx of entity floating_point_v7_1_16.floating_point_v7_1_16_viv [\floating_point_v7_1_16_viv(c_xd...]
Compiling architecture xilinx of entity floating_point_v7_1_16.floating_point_v7_1_16 [\floating_point_v7_1_16(c_xdevic...]
Compiling module xil_defaultlib.gps_translation_fadd_32ns_32ns_3...
Compiling module xil_defaultlib.gps_translation_fadd_32ns_32ns_3...
Compiling architecture synth of entity xbip_pipe_v3_0_7.xbip_pipe_v3_0_7_viv [\xbip_pipe_v3_0_7_viv(c_has_ce=1...]
Compiling architecture rtl of entity floating_point_v7_1_16.delay [\delay(width=25,length=0,fast_in...]
Compiling architecture struct of entity floating_point_v7_1_16.carry_chain [\carry_chain(c_xdevicefamily="zy...]
Compiling architecture synth of entity floating_point_v7_1_16.flt_div_mant_addsub [\flt_div_mant_addsub(c_xdevicefa...]
Compiling architecture synth of entity xbip_pipe_v3_0_7.xbip_pipe_v3_0_7_viv [\xbip_pipe_v3_0_7_viv(c_has_ce=1...]
Compiling architecture rtl of entity floating_point_v7_1_16.delay [\delay(width=26,length=0)\]
Compiling architecture virtex of entity floating_point_v7_1_16.flt_div_mant [\flt_div_mant(c_xdevicefamily="z...]
Compiling architecture synth of entity xbip_pipe_v3_0_7.xbip_pipe_v3_0_7_viv [\xbip_pipe_v3_0_7_viv(c_has_ce=1...]
Compiling architecture rtl of entity floating_point_v7_1_16.delay [\delay(width=10,length=0,fast_in...]
Compiling architecture rtl of entity floating_point_v7_1_16.special_detect [\special_detect(c_xdevicefamily=...]
Compiling architecture rtl of entity floating_point_v7_1_16.flt_div_exp [\flt_div_exp(c_xdevicefamily="no...]
Compiling architecture synth of entity xbip_pipe_v3_0_7.xbip_pipe_v3_0_7_viv [\xbip_pipe_v3_0_7_viv(c_has_ce=1...]
Compiling architecture rtl of entity floating_point_v7_1_16.delay [\delay(width=12,length=0,fast_in...]
Compiling architecture struct of entity floating_point_v7_1_16.carry_chain [\carry_chain(c_xdevicefamily="zy...]
Compiling architecture struct of entity floating_point_v7_1_16.carry_chain [\carry_chain(c_xdevicefamily="zy...]
Compiling architecture struct of entity floating_point_v7_1_16.carry_chain [\carry_chain(c_xdevicefamily="zy...]
Compiling architecture rtl of entity floating_point_v7_1_16.flt_round_bit [\flt_round_bit(c_xdevicefamily="...]
Compiling architecture rtl of entity floating_point_v7_1_16.renorm_and_round_logic [\renorm_and_round_logic(c_xdevic...]
Compiling architecture synth of entity xbip_pipe_v3_0_7.xbip_pipe_v3_0_7_viv [\xbip_pipe_v3_0_7_viv(c_latency=...]
Compiling architecture rtl of entity floating_point_v7_1_16.delay [delay_default]
Compiling architecture synth of entity floating_point_v7_1_16.flt_dec_op_lat [\flt_dec_op_lat(c_xdevicefamily=...]
Compiling architecture virtex of entity floating_point_v7_1_16.flt_div [\flt_div(c_xdevicefamily="zynq",...]
Compiling architecture synth of entity xbip_pipe_v3_0_7.xbip_pipe_v3_0_7_viv [\xbip_pipe_v3_0_7_viv(c_latency=...]
Compiling architecture xilinx of entity floating_point_v7_1_16.floating_point_v7_1_16_viv [\floating_point_v7_1_16_viv(c_xd...]
Compiling architecture xilinx of entity floating_point_v7_1_16.floating_point_v7_1_16 [\floating_point_v7_1_16(c_xdevic...]
Compiling module xil_defaultlib.gps_translation_fdiv_32ns_32ns_3...
Compiling module xil_defaultlib.gps_translation_fdiv_32ns_32ns_3...
Compiling architecture struct of entity floating_point_v7_1_16.carry_chain [\carry_chain(c_xdevicefamily="zy...]
Compiling architecture rtl of entity floating_point_v7_1_16.norm_zero_det [\norm_zero_det(data_width=7,norm...]
Compiling architecture rtl of entity floating_point_v7_1_16.mux4 [\mux4(c_xdevicefamily="zynq",wid...]
Compiling architecture rtl of entity floating_point_v7_1_16.mux4 [\mux4(c_xdevicefamily="zynq",wid...]
Compiling architecture struct of entity floating_point_v7_1_16.carry_chain [\carry_chain(c_xdevicefamily="zy...]
Compiling architecture rtl of entity floating_point_v7_1_16.lead_zero_encode [\lead_zero_encode(c_xdevicefamil...]
Compiling architecture rtl of entity floating_point_v7_1_16.shift_msb_first [\shift_msb_first(a_width=32,resu...]
Compiling architecture struct of entity floating_point_v7_1_16.carry_chain [\carry_chain(c_xdevicefamily="zy...]
Compiling architecture struct of entity floating_point_v7_1_16.carry_chain [\carry_chain(c_xdevicefamily="zy...]
Compiling architecture rtl of entity floating_point_v7_1_16.renorm_and_round_logic [\renorm_and_round_logic(c_xdevic...]
Compiling architecture synth of entity floating_point_v7_1_16.fix_to_flt_conv_exp [\fix_to_flt_conv_exp(c_xdevicefa...]
Compiling architecture struct of entity floating_point_v7_1_16.fix_to_flt_conv [\fix_to_flt_conv(c_xdevicefamily...]
Compiling architecture xilinx of entity floating_point_v7_1_16.floating_point_v7_1_16_viv [\floating_point_v7_1_16_viv(c_xd...]
Compiling architecture xilinx of entity floating_point_v7_1_16.floating_point_v7_1_16 [\floating_point_v7_1_16(c_xdevic...]
Compiling module xil_defaultlib.gps_translation_sitofp_32ns_32_2...
Compiling module xil_defaultlib.gps_translation_sitofp_32ns_32_2...
Compiling module xil_defaultlib.gps_translation_regslice_both(Da...
Compiling module xil_defaultlib.gps_translation
Compiling module xil_defaultlib.fifo(DEPTH=2)
Compiling module xil_defaultlib.AESL_axi_s_msg
Compiling module xil_defaultlib.AESL_deadlock_idx0_monitor
Compiling module xil_defaultlib.AESL_deadlock_kernel_monitor_top...
Compiling module xil_defaultlib.nodf_module_intf
Compiling module xil_defaultlib.seq_loop_intf(FSM_WIDTH=4)
Compiling module xil_defaultlib.upc_loop_intf(FSM_WIDTH=1)
Compiling module xil_defaultlib.upc_loop_intf
Compiling module xil_defaultlib.dataflow_monitor_1
Compiling module xil_defaultlib.apatb_gps_translation_top
Compiling module work.glbl
Built simulation snapshot gps_translation
