

================================================================
== Vitis HLS Report for 'gps_translation_Pipeline_VITIS_LOOP_23_1'
================================================================
* Date:           Sat Nov 16 22:45:35 2024

* Version:        2023.2.1 (Build 4070103 on Dec 13 2023)
* Project:        gps-parser
* Solution:       hls (Vivado IP Flow Target)
* Product family: zynq
* Target device:  xc7z020-clg400-1


================================================================
== Performance Estimates
================================================================
+ Timing: 
    * Summary: 
    +--------+---------+----------+------------+
    |  Clock |  Target | Estimated| Uncertainty|
    +--------+---------+----------+------------+
    |ap_clk  |  0.10 us|  5.825 ns|    27.00 ns|
    +--------+---------+----------+------------+

+ Latency: 
    * Summary: 
    +---------+---------+----------+----------+-----+-----+---------+
    |  Latency (cycles) |  Latency (absolute) |  Interval | Pipeline|
    |   min   |   max   |    min   |    max   | min | max |   Type  |
    +---------+---------+----------+----------+-----+-----+---------+
    |        3|        9|  0.300 us|  0.900 us|    3|    9|       no|
    +---------+---------+----------+----------+-----+-----+---------+

    + Detail: 
        * Instance: 
        N/A

        * Loop: 
        +-------------------+---------+---------+----------+-----------+-----------+-------+----------+
        |                   |  Latency (cycles) | Iteration|  Initiation Interval  |  Trip |          |
        |     Loop Name     |   min   |   max   |  Latency |  achieved |   target  | Count | Pipelined|
        +-------------------+---------+---------+----------+-----------+-----------+-------+----------+
        |- VITIS_LOOP_23_1  |        1|        7|         2|          2|          1|  0 ~ 3|       yes|
        +-------------------+---------+---------+----------+-----------+-----------+-------+----------+

============================================================
+ Verbose Summary: Synthesis Manager
============================================================
InlineROM: 1
ExposeGlobal: 0
============================================================
+ Verbose Summary: CDFG Model
============================================================
IsTopModel: 0
ResetActiveHigh: 1
IsCombinational: 0
IsDatapathOnly: 0
HasWiredReturn: 1
HasMFsm: 2
HasVarLatency: 1
IsPipeline: 0
IsRtlPipelined: 0
IsInstanceOverlapped: 0
IsDontTouch: 0
HasImplIP: 0
IsGatedGlobalClock: 0

+ Individual pipeline summary: 
  * Pipeline-0: initiation interval (II) = 2, depth = 2


============================================================
+ Verbose Summary: Schedule
============================================================
* Number of FSM states : 2
* Pipeline : 1
  Pipeline-0 : II = 2, D = 2, States = { 1 2 }
* Dataflow Pipeline: 0

* FSM state transitions: 
1 --> 2 
2 --> 

* FSM state operations: 

State 1 <SV = 0> <Delay = 5.56>
ST_1 : Operation 5 [1/1] (0.00ns)   --->   "%i = alloca i32 1" [/ecel/UFAD/mark.gross/fnn-gps/gps-parser/parser.cpp:23->/ecel/UFAD/mark.gross/fnn-gps/gps-parser/parser.cpp:127]   --->   Operation 5 'alloca' 'i' <Predicate = true> <Delay = 0.00>
ST_1 : Operation 6 [1/1] (1.58ns)   --->   "%store_ln23 = store i2 0, i2 %i" [/ecel/UFAD/mark.gross/fnn-gps/gps-parser/parser.cpp:23->/ecel/UFAD/mark.gross/fnn-gps/gps-parser/parser.cpp:127]   --->   Operation 6 'store' 'store_ln23' <Predicate = true> <Delay = 1.58>
ST_1 : Operation 7 [1/1] (0.00ns)   --->   "%br_ln0 = br void %for.body.i"   --->   Operation 7 'br' 'br_ln0' <Predicate = true> <Delay = 0.00>
ST_1 : Operation 8 [1/1] (0.00ns)   --->   "%i_4 = load i2 %i" [/ecel/UFAD/mark.gross/fnn-gps/gps-parser/parser.cpp:23->/ecel/UFAD/mark.gross/fnn-gps/gps-parser/parser.cpp:127]   --->   Operation 8 'load' 'i_4' <Predicate = true> <Delay = 0.00>
ST_1 : Operation 9 [1/1] (1.56ns)   --->   "%icmp_ln23 = icmp_eq  i2 %i_4, i2 3" [/ecel/UFAD/mark.gross/fnn-gps/gps-parser/parser.cpp:23->/ecel/UFAD/mark.gross/fnn-gps/gps-parser/parser.cpp:127]   --->   Operation 9 'icmp' 'icmp_ln23' <Predicate = true> <Delay = 1.56> <CoreInst = "Cmp">   --->   Core 9 'Cmp' <Latency = 0> <II = 1> <Delay = 1.56> <FuncUnit> <Opcode : 'icmp'> <InPorts = 2> <OutPorts = 1>
ST_1 : Operation 10 [1/1] (1.56ns)   --->   "%add_ln23 = add i2 %i_4, i2 1" [/ecel/UFAD/mark.gross/fnn-gps/gps-parser/parser.cpp:23->/ecel/UFAD/mark.gross/fnn-gps/gps-parser/parser.cpp:127]   --->   Operation 10 'add' 'add_ln23' <Predicate = true> <Delay = 1.56> <CoreInst = "Adder">   --->   Core 1 'Adder' <Latency = 0> <II = 1> <Delay = 1.56> <FuncUnit> <Opcode : 'add' 'sub'> <InPorts = 2> <OutPorts = 1>
ST_1 : Operation 11 [1/1] (1.58ns)   --->   "%br_ln23 = br i1 %icmp_ln23, void %for.body.i.split, void %land.end.exitStub" [/ecel/UFAD/mark.gross/fnn-gps/gps-parser/parser.cpp:23->/ecel/UFAD/mark.gross/fnn-gps/gps-parser/parser.cpp:127]   --->   Operation 11 'br' 'br_ln23' <Predicate = true> <Delay = 1.58>
ST_1 : Operation 12 [1/1] (0.00ns)   --->   "%zext_ln23 = zext i2 %i_4" [/ecel/UFAD/mark.gross/fnn-gps/gps-parser/parser.cpp:23->/ecel/UFAD/mark.gross/fnn-gps/gps-parser/parser.cpp:127]   --->   Operation 12 'zext' 'zext_ln23' <Predicate = (!icmp_ln23)> <Delay = 0.00>
ST_1 : Operation 13 [1/1] (0.00ns)   --->   "%zext_ln23_1 = zext i2 %i_4" [/ecel/UFAD/mark.gross/fnn-gps/gps-parser/parser.cpp:23->/ecel/UFAD/mark.gross/fnn-gps/gps-parser/parser.cpp:127]   --->   Operation 13 'zext' 'zext_ln23_1' <Predicate = (!icmp_ln23)> <Delay = 0.00>
ST_1 : Operation 14 [1/1] (1.65ns)   --->   "%add_ln24 = add i3 %zext_ln23_1, i3 3" [/ecel/UFAD/mark.gross/fnn-gps/gps-parser/parser.cpp:24->/ecel/UFAD/mark.gross/fnn-gps/gps-parser/parser.cpp:127]   --->   Operation 14 'add' 'add_ln24' <Predicate = (!icmp_ln23)> <Delay = 1.65> <CoreInst = "Adder">   --->   Core 1 'Adder' <Latency = 0> <II = 1> <Delay = 1.65> <FuncUnit> <Opcode : 'add' 'sub'> <InPorts = 2> <OutPorts = 1>
ST_1 : Operation 15 [1/1] (0.00ns)   --->   "%zext_ln24 = zext i3 %add_ln24" [/ecel/UFAD/mark.gross/fnn-gps/gps-parser/parser.cpp:24->/ecel/UFAD/mark.gross/fnn-gps/gps-parser/parser.cpp:127]   --->   Operation 15 'zext' 'zext_ln24' <Predicate = (!icmp_ln23)> <Delay = 0.00>
ST_1 : Operation 16 [1/1] (0.00ns)   --->   "%msg_shift_addr = getelementptr i8 %msg_shift, i64 0, i64 %zext_ln24" [/ecel/UFAD/mark.gross/fnn-gps/gps-parser/parser.cpp:24->/ecel/UFAD/mark.gross/fnn-gps/gps-parser/parser.cpp:127]   --->   Operation 16 'getelementptr' 'msg_shift_addr' <Predicate = (!icmp_ln23)> <Delay = 0.00>
ST_1 : Operation 17 [2/2] (2.32ns)   --->   "%msg_shift_load = load i7 %msg_shift_addr" [/ecel/UFAD/mark.gross/fnn-gps/gps-parser/parser.cpp:24->/ecel/UFAD/mark.gross/fnn-gps/gps-parser/parser.cpp:127]   --->   Operation 17 'load' 'msg_shift_load' <Predicate = (!icmp_ln23)> <Delay = 2.32> <CoreInst = "RAM">   --->   Core 82 'RAM' <Latency = 1> <II = 1> <Delay = 2.32> <Storage> <Opcode : 'load' 'store'> <Ports = 2> <Width = 8> <Depth = 82> <RAM>
ST_1 : Operation 18 [1/1] (0.00ns)   --->   "%p_str_addr = getelementptr i8 %p_str, i64 0, i64 %zext_ln23" [/ecel/UFAD/mark.gross/fnn-gps/gps-parser/parser.cpp:24->/ecel/UFAD/mark.gross/fnn-gps/gps-parser/parser.cpp:127]   --->   Operation 18 'getelementptr' 'p_str_addr' <Predicate = (!icmp_ln23)> <Delay = 0.00>
ST_1 : Operation 19 [2/2] (2.32ns)   --->   "%p_str_load = load i2 %p_str_addr" [/ecel/UFAD/mark.gross/fnn-gps/gps-parser/parser.cpp:24->/ecel/UFAD/mark.gross/fnn-gps/gps-parser/parser.cpp:127]   --->   Operation 19 'load' 'p_str_load' <Predicate = (!icmp_ln23)> <Delay = 2.32> <CoreInst = "ROM">   --->   Core 95 'ROM' <Latency = 1> <II = 1> <Delay = 2.32> <Storage> <Opcode : 'load'> <Ports = 0> <Width = 8> <Depth = 4> <ROM>

State 2 <SV = 1> <Delay = 5.82>
ST_2 : Operation 20 [1/1] (0.00ns)   --->   "%specpipeline_ln23 = specpipeline void @_ssdm_op_SpecPipeline, i32 4294967295, i32 0, i32 0, i32 0, void @empty_1" [/ecel/UFAD/mark.gross/fnn-gps/gps-parser/parser.cpp:23->/ecel/UFAD/mark.gross/fnn-gps/gps-parser/parser.cpp:127]   --->   Operation 20 'specpipeline' 'specpipeline_ln23' <Predicate = (!icmp_ln23)> <Delay = 0.00>
ST_2 : Operation 21 [1/1] (0.00ns)   --->   "%speclooptripcount_ln23 = speclooptripcount void @_ssdm_op_SpecLoopTripCount, i64 0, i64 3, i64 1" [/ecel/UFAD/mark.gross/fnn-gps/gps-parser/parser.cpp:23->/ecel/UFAD/mark.gross/fnn-gps/gps-parser/parser.cpp:127]   --->   Operation 21 'speclooptripcount' 'speclooptripcount_ln23' <Predicate = (!icmp_ln23)> <Delay = 0.00>
ST_2 : Operation 22 [1/1] (0.00ns)   --->   "%specloopname_ln23 = specloopname void @_ssdm_op_SpecLoopName, void @empty_5" [/ecel/UFAD/mark.gross/fnn-gps/gps-parser/parser.cpp:23->/ecel/UFAD/mark.gross/fnn-gps/gps-parser/parser.cpp:127]   --->   Operation 22 'specloopname' 'specloopname_ln23' <Predicate = (!icmp_ln23)> <Delay = 0.00>
ST_2 : Operation 23 [1/2] (2.32ns)   --->   "%msg_shift_load = load i7 %msg_shift_addr" [/ecel/UFAD/mark.gross/fnn-gps/gps-parser/parser.cpp:24->/ecel/UFAD/mark.gross/fnn-gps/gps-parser/parser.cpp:127]   --->   Operation 23 'load' 'msg_shift_load' <Predicate = (!icmp_ln23)> <Delay = 2.32> <CoreInst = "RAM">   --->   Core 82 'RAM' <Latency = 1> <II = 1> <Delay = 2.32> <Storage> <Opcode : 'load' 'store'> <Ports = 2> <Width = 8> <Depth = 82> <RAM>
ST_2 : Operation 24 [1/2] (2.32ns)   --->   "%p_str_load = load i2 %p_str_addr" [/ecel/UFAD/mark.gross/fnn-gps/gps-parser/parser.cpp:24->/ecel/UFAD/mark.gross/fnn-gps/gps-parser/parser.cpp:127]   --->   Operation 24 'load' 'p_str_load' <Predicate = (!icmp_ln23)> <Delay = 2.32> <CoreInst = "ROM">   --->   Core 95 'ROM' <Latency = 1> <II = 1> <Delay = 2.32> <Storage> <Opcode : 'load'> <Ports = 0> <Width = 8> <Depth = 4> <ROM>
ST_2 : Operation 25 [1/1] (1.91ns)   --->   "%icmp_ln24 = icmp_eq  i8 %msg_shift_load, i8 %p_str_load" [/ecel/UFAD/mark.gross/fnn-gps/gps-parser/parser.cpp:24->/ecel/UFAD/mark.gross/fnn-gps/gps-parser/parser.cpp:127]   --->   Operation 25 'icmp' 'icmp_ln24' <Predicate = (!icmp_ln23)> <Delay = 1.91> <CoreInst = "Cmp">   --->   Core 9 'Cmp' <Latency = 0> <II = 1> <Delay = 1.91> <FuncUnit> <Opcode : 'icmp'> <InPorts = 2> <OutPorts = 1>
ST_2 : Operation 26 [1/1] (1.58ns)   --->   "%br_ln24 = br i1 %icmp_ln24, void %land.end.exitStub, void %for.inc.i" [/ecel/UFAD/mark.gross/fnn-gps/gps-parser/parser.cpp:24->/ecel/UFAD/mark.gross/fnn-gps/gps-parser/parser.cpp:127]   --->   Operation 26 'br' 'br_ln24' <Predicate = (!icmp_ln23)> <Delay = 1.58>
ST_2 : Operation 27 [1/1] (1.58ns)   --->   "%store_ln23 = store i2 %add_ln23, i2 %i" [/ecel/UFAD/mark.gross/fnn-gps/gps-parser/parser.cpp:23->/ecel/UFAD/mark.gross/fnn-gps/gps-parser/parser.cpp:127]   --->   Operation 27 'store' 'store_ln23' <Predicate = (!icmp_ln23 & icmp_ln24)> <Delay = 1.58>
ST_2 : Operation 28 [1/1] (0.00ns)   --->   "%br_ln23 = br void %for.body.i" [/ecel/UFAD/mark.gross/fnn-gps/gps-parser/parser.cpp:23->/ecel/UFAD/mark.gross/fnn-gps/gps-parser/parser.cpp:127]   --->   Operation 28 'br' 'br_ln23' <Predicate = (!icmp_ln23 & icmp_ln24)> <Delay = 0.00>
ST_2 : Operation 29 [1/1] (0.00ns)   --->   "%merge = phi i1 1, void %for.body.i, i1 0, void %for.body.i.split"   --->   Operation 29 'phi' 'merge' <Predicate = (!icmp_ln24) | (icmp_ln23)> <Delay = 0.00>
ST_2 : Operation 30 [1/1] (0.00ns)   --->   "%ret_ln0 = ret i1 %merge"   --->   Operation 30 'ret' 'ret_ln0' <Predicate = (!icmp_ln24) | (icmp_ln23)> <Delay = 0.00>


============================================================
+ Verbose Summary: Timing violations
============================================================
Target clock period: 100.000ns, clock uncertainty: 27.000ns.

 <State 1>: 5.560ns
The critical path consists of the following:
	'store' operation 0 bit ('store_ln23', /ecel/UFAD/mark.gross/fnn-gps/gps-parser/parser.cpp:23->/ecel/UFAD/mark.gross/fnn-gps/gps-parser/parser.cpp:127) of constant 0 on local variable 'i', /ecel/UFAD/mark.gross/fnn-gps/gps-parser/parser.cpp:23->/ecel/UFAD/mark.gross/fnn-gps/gps-parser/parser.cpp:127 [4]  (1.588 ns)
	'load' operation 2 bit ('i', /ecel/UFAD/mark.gross/fnn-gps/gps-parser/parser.cpp:23->/ecel/UFAD/mark.gross/fnn-gps/gps-parser/parser.cpp:127) on local variable 'i', /ecel/UFAD/mark.gross/fnn-gps/gps-parser/parser.cpp:23->/ecel/UFAD/mark.gross/fnn-gps/gps-parser/parser.cpp:127 [7]  (0.000 ns)
	'add' operation 3 bit ('add_ln24', /ecel/UFAD/mark.gross/fnn-gps/gps-parser/parser.cpp:24->/ecel/UFAD/mark.gross/fnn-gps/gps-parser/parser.cpp:127) [17]  (1.650 ns)
	'getelementptr' operation 7 bit ('msg_shift_addr', /ecel/UFAD/mark.gross/fnn-gps/gps-parser/parser.cpp:24->/ecel/UFAD/mark.gross/fnn-gps/gps-parser/parser.cpp:127) [19]  (0.000 ns)
	'load' operation 8 bit ('msg_shift_load', /ecel/UFAD/mark.gross/fnn-gps/gps-parser/parser.cpp:24->/ecel/UFAD/mark.gross/fnn-gps/gps-parser/parser.cpp:127) on array 'msg_shift' [20]  (2.322 ns)

 <State 2>: 5.825ns
The critical path consists of the following:
	'load' operation 8 bit ('msg_shift_load', /ecel/UFAD/mark.gross/fnn-gps/gps-parser/parser.cpp:24->/ecel/UFAD/mark.gross/fnn-gps/gps-parser/parser.cpp:127) on array 'msg_shift' [20]  (2.322 ns)
	'icmp' operation 1 bit ('icmp_ln24', /ecel/UFAD/mark.gross/fnn-gps/gps-parser/parser.cpp:24->/ecel/UFAD/mark.gross/fnn-gps/gps-parser/parser.cpp:127) [23]  (1.915 ns)
	multiplexor before 'phi' operation 1 bit ('merge') [29]  (1.588 ns)


============================================================
+ Verbose Summary: Binding
============================================================
N/A
* FSMD analyzer results:
  - Output states:
 - Input state : 
  - Chain level:
	State 1
	State 2


============================================================
+ Verbose Summary: Datapath Resource usage 
============================================================
N/A
