

================================================================
== Vitis HLS Report for 'gps_translation_Pipeline_VITIS_LOOP_132_1'
================================================================
* Date:           Sat Nov 16 22:45:36 2024

* Version:        2023.2.1 (Build 4070103 on Dec 13 2023)
* Project:        gps-parser
* Solution:       hls (Vivado IP Flow Target)
* Product family: zynq
* Target device:  xc7z020-clg400-1


================================================================
== Performance Estimates
================================================================
+ Timing: 
    * Summary: 
    +--------+---------+----------+------------+
    |  Clock |  Target | Estimated| Uncertainty|
    +--------+---------+----------+------------+
    |ap_clk  |  0.10 us|  5.046 ns|    27.00 ns|
    +--------+---------+----------+------------+

+ Latency: 
    * Summary: 
    +---------+---------+----------+----------+-----+-----+---------+
    |  Latency (cycles) |  Latency (absolute) |  Interval | Pipeline|
    |   min   |   max   |    min   |    max   | min | max |   Type  |
    +---------+---------+----------+----------+-----+-----+---------+
    |       84|       84|  8.400 us|  8.400 us|   84|   84|       no|
    +---------+---------+----------+----------+-----+-----+---------+

    + Detail: 
        * Instance: 
        N/A

        * Loop: 
        +--------------------+---------+---------+----------+-----------+-----------+------+----------+
        |                    |  Latency (cycles) | Iteration|  Initiation Interval  | Trip |          |
        |      Loop Name     |   min   |   max   |  Latency |  achieved |   target  | Count| Pipelined|
        +--------------------+---------+---------+----------+-----------+-----------+------+----------+
        |- VITIS_LOOP_132_1  |       82|       82|         2|          1|          1|    82|       yes|
        +--------------------+---------+---------+----------+-----------+-----------+------+----------+



================================================================
== Utilization Estimates
================================================================
* Summary: 
+-----------------+---------+-----+--------+-------+-----+
|       Name      | BRAM_18K| DSP |   FF   |  LUT  | URAM|
+-----------------+---------+-----+--------+-------+-----+
|DSP              |        -|    -|       -|      -|    -|
|Expression       |        -|    -|       0|     30|    -|
|FIFO             |        -|    -|       -|      -|    -|
|Instance         |        -|    -|       -|      -|    -|
|Memory           |        -|    -|       -|      -|    -|
|Multiplexer      |        -|    -|       -|     36|    -|
|Register         |        -|    -|      17|      -|    -|
+-----------------+---------+-----+--------+-------+-----+
|Total            |        0|    0|      17|     66|    0|
+-----------------+---------+-----+--------+-------+-----+
|Available        |      280|  220|  106400|  53200|    0|
+-----------------+---------+-----+--------+-------+-----+
|Utilization (%)  |        0|    0|      ~0|     ~0|    0|
+-----------------+---------+-----+--------+-------+-----+

+ Detail: 
    * Instance: 
    N/A

    * DSP: 
    N/A

    * Memory: 
    N/A

    * FIFO: 
    N/A

    * Expression: 
    +---------------------+----------+----+---+----+------------+------------+
    |    Variable Name    | Operation| DSP| FF| LUT| Bitwidth P0| Bitwidth P1|
    +---------------------+----------+----+---+----+------------+------------+
    |add_ln132_fu_75_p2   |         +|   0|  0|  14|           7|           1|
    |icmp_ln132_fu_69_p2  |      icmp|   0|  0|  14|           7|           7|
    |ap_enable_pp0        |       xor|   0|  0|   2|           1|           2|
    +---------------------+----------+----+---+----+------------+------------+
    |Total                |          |   0|  0|  30|          15|          10|
    +---------------------+----------+----+---+----+------------+------------+

    * Multiplexer: 
    +-------------------------+----+-----------+-----+-----------+
    |           Name          | LUT| Input Size| Bits| Total Bits|
    +-------------------------+----+-----------+-----+-----------+
    |ap_done_int              |   9|          2|    1|          2|
    |ap_enable_reg_pp0_iter1  |   9|          2|    1|          2|
    |ap_sig_allocacmp_i       |   9|          2|    7|         14|
    |i_2_fu_30                |   9|          2|    7|         14|
    +-------------------------+----+-----------+-----+-----------+
    |Total                    |  36|          8|   16|         32|
    +-------------------------+----+-----------+-----+-----------+

    * Register: 
    +-------------------------+---+----+-----+-----------+
    |           Name          | FF| LUT| Bits| Const Bits|
    +-------------------------+---+----+-----+-----------+
    |ap_CS_fsm                |  1|   0|    1|          0|
    |ap_done_reg              |  1|   0|    1|          0|
    |ap_enable_reg_pp0_iter1  |  1|   0|    1|          0|
    |i_2_fu_30                |  7|   0|    7|          0|
    |zext_ln132_reg_101       |  7|   0|   64|         57|
    +-------------------------+---+----+-----+-----------+
    |Total                    | 17|   0|   74|         57|
    +-------------------------+---+----+-----+-----------+



================================================================
== Interface
================================================================
* Summary: 
+---------------------+-----+-----+------------+-------------------------------------------+--------------+
|      RTL Ports      | Dir | Bits|  Protocol  |               Source Object               |    C Type    |
+---------------------+-----+-----+------------+-------------------------------------------+--------------+
|ap_clk               |   in|    1|  ap_ctrl_hs|  gps_translation_Pipeline_VITIS_LOOP_132_1|  return value|
|ap_rst               |   in|    1|  ap_ctrl_hs|  gps_translation_Pipeline_VITIS_LOOP_132_1|  return value|
|ap_start             |   in|    1|  ap_ctrl_hs|  gps_translation_Pipeline_VITIS_LOOP_132_1|  return value|
|ap_done              |  out|    1|  ap_ctrl_hs|  gps_translation_Pipeline_VITIS_LOOP_132_1|  return value|
|ap_idle              |  out|    1|  ap_ctrl_hs|  gps_translation_Pipeline_VITIS_LOOP_132_1|  return value|
|ap_ready             |  out|    1|  ap_ctrl_hs|  gps_translation_Pipeline_VITIS_LOOP_132_1|  return value|
|msg_shift_address0   |  out|    7|   ap_memory|                                  msg_shift|         array|
|msg_shift_ce0        |  out|    1|   ap_memory|                                  msg_shift|         array|
|msg_shift_q0         |   in|    8|   ap_memory|                                  msg_shift|         array|
|stored_msg_address0  |  out|    7|   ap_memory|                                 stored_msg|         array|
|stored_msg_ce0       |  out|    1|   ap_memory|                                 stored_msg|         array|
|stored_msg_we0       |  out|    1|   ap_memory|                                 stored_msg|         array|
|stored_msg_d0        |  out|    8|   ap_memory|                                 stored_msg|         array|
+---------------------+-----+-----+------------+-------------------------------------------+--------------+

============================================================
+ Verbose Summary: Synthesis Manager
============================================================
InlineROM: 1
ExposeGlobal: 0
============================================================
+ Verbose Summary: CDFG Model
============================================================
IsTopModel: 0
ResetActiveHigh: 1
IsCombinational: 2
IsDatapathOnly: 2
HasWiredReturn: 1
HasMFsm: 2
HasVarLatency: 1
IsPipeline: 0
IsRtlPipelined: 0
IsInstanceOverlapped: 0
IsDontTouch: 0
HasImplIP: 0
IsGatedGlobalClock: 0

+ Individual pipeline summary: 
  * Pipeline-0: initiation interval (II) = 1, depth = 2


============================================================
+ Verbose Summary: Schedule
============================================================
* Number of FSM states : 2
* Pipeline : 1
  Pipeline-0 : II = 1, D = 2, States = { 1 2 }
* Dataflow Pipeline: 0

* FSM state transitions: 
1 --> 2 
2 --> 

* FSM state operations: 

State 1 <SV = 0> <Delay = 5.04>
ST_1 : Operation 5 [1/1] (0.00ns)   --->   "%i_2 = alloca i32 1" [/ecel/UFAD/mark.gross/fnn-gps/gps-parser/parser.cpp:132]   --->   Operation 5 'alloca' 'i_2' <Predicate = true> <Delay = 0.00>
ST_1 : Operation 6 [1/1] (1.58ns)   --->   "%store_ln132 = store i7 0, i7 %i_2" [/ecel/UFAD/mark.gross/fnn-gps/gps-parser/parser.cpp:132]   --->   Operation 6 'store' 'store_ln132' <Predicate = true> <Delay = 1.58>
ST_1 : Operation 7 [1/1] (0.00ns)   --->   "%br_ln0 = br void %for.inc22"   --->   Operation 7 'br' 'br_ln0' <Predicate = true> <Delay = 0.00>
ST_1 : Operation 8 [1/1] (0.00ns)   --->   "%i = load i7 %i_2" [/ecel/UFAD/mark.gross/fnn-gps/gps-parser/parser.cpp:132]   --->   Operation 8 'load' 'i' <Predicate = true> <Delay = 0.00>
ST_1 : Operation 9 [1/1] (1.87ns)   --->   "%icmp_ln132 = icmp_eq  i7 %i, i7 82" [/ecel/UFAD/mark.gross/fnn-gps/gps-parser/parser.cpp:132]   --->   Operation 9 'icmp' 'icmp_ln132' <Predicate = true> <Delay = 1.87> <CoreInst = "Cmp">   --->   Core 9 'Cmp' <Latency = 0> <II = 1> <Delay = 1.87> <FuncUnit> <Opcode : 'icmp'> <InPorts = 2> <OutPorts = 1>
ST_1 : Operation 10 [1/1] (1.87ns)   --->   "%add_ln132 = add i7 %i, i7 1" [/ecel/UFAD/mark.gross/fnn-gps/gps-parser/parser.cpp:132]   --->   Operation 10 'add' 'add_ln132' <Predicate = true> <Delay = 1.87> <CoreInst = "Adder">   --->   Core 1 'Adder' <Latency = 0> <II = 1> <Delay = 1.87> <FuncUnit> <Opcode : 'add' 'sub'> <InPorts = 2> <OutPorts = 1>
ST_1 : Operation 11 [1/1] (0.00ns)   --->   "%br_ln132 = br i1 %icmp_ln132, void %for.inc22.split, void %for.end23.exitStub" [/ecel/UFAD/mark.gross/fnn-gps/gps-parser/parser.cpp:132]   --->   Operation 11 'br' 'br_ln132' <Predicate = true> <Delay = 0.00>
ST_1 : Operation 12 [1/1] (0.00ns)   --->   "%zext_ln132 = zext i7 %i" [/ecel/UFAD/mark.gross/fnn-gps/gps-parser/parser.cpp:132]   --->   Operation 12 'zext' 'zext_ln132' <Predicate = (!icmp_ln132)> <Delay = 0.00>
ST_1 : Operation 13 [1/1] (0.00ns)   --->   "%msg_shift_addr = getelementptr i8 %msg_shift, i64 0, i64 %zext_ln132" [/ecel/UFAD/mark.gross/fnn-gps/gps-parser/parser.cpp:133]   --->   Operation 13 'getelementptr' 'msg_shift_addr' <Predicate = (!icmp_ln132)> <Delay = 0.00>
ST_1 : Operation 14 [2/2] (2.32ns)   --->   "%msg_shift_load = load i7 %msg_shift_addr" [/ecel/UFAD/mark.gross/fnn-gps/gps-parser/parser.cpp:133]   --->   Operation 14 'load' 'msg_shift_load' <Predicate = (!icmp_ln132)> <Delay = 2.32> <CoreInst = "RAM">   --->   Core 82 'RAM' <Latency = 1> <II = 1> <Delay = 2.32> <Storage> <Opcode : 'load' 'store'> <Ports = 2> <Width = 8> <Depth = 82> <RAM>
ST_1 : Operation 15 [1/1] (1.58ns)   --->   "%store_ln132 = store i7 %add_ln132, i7 %i_2" [/ecel/UFAD/mark.gross/fnn-gps/gps-parser/parser.cpp:132]   --->   Operation 15 'store' 'store_ln132' <Predicate = (!icmp_ln132)> <Delay = 1.58>
ST_1 : Operation 23 [1/1] (0.00ns)   --->   "%ret_ln0 = ret"   --->   Operation 23 'ret' 'ret_ln0' <Predicate = (icmp_ln132)> <Delay = 0.00>

State 2 <SV = 1> <Delay = 4.64>
ST_2 : Operation 16 [1/1] (0.00ns)   --->   "%specpipeline_ln132 = specpipeline void @_ssdm_op_SpecPipeline, i32 4294967295, i32 0, i32 0, i32 0, void @empty_1" [/ecel/UFAD/mark.gross/fnn-gps/gps-parser/parser.cpp:132]   --->   Operation 16 'specpipeline' 'specpipeline_ln132' <Predicate = true> <Delay = 0.00>
ST_2 : Operation 17 [1/1] (0.00ns)   --->   "%speclooptripcount_ln132 = speclooptripcount void @_ssdm_op_SpecLoopTripCount, i64 82, i64 82, i64 82" [/ecel/UFAD/mark.gross/fnn-gps/gps-parser/parser.cpp:132]   --->   Operation 17 'speclooptripcount' 'speclooptripcount_ln132' <Predicate = true> <Delay = 0.00>
ST_2 : Operation 18 [1/1] (0.00ns)   --->   "%specloopname_ln132 = specloopname void @_ssdm_op_SpecLoopName, void @empty_4" [/ecel/UFAD/mark.gross/fnn-gps/gps-parser/parser.cpp:132]   --->   Operation 18 'specloopname' 'specloopname_ln132' <Predicate = true> <Delay = 0.00>
ST_2 : Operation 19 [1/2] (2.32ns)   --->   "%msg_shift_load = load i7 %msg_shift_addr" [/ecel/UFAD/mark.gross/fnn-gps/gps-parser/parser.cpp:133]   --->   Operation 19 'load' 'msg_shift_load' <Predicate = true> <Delay = 2.32> <CoreInst = "RAM">   --->   Core 82 'RAM' <Latency = 1> <II = 1> <Delay = 2.32> <Storage> <Opcode : 'load' 'store'> <Ports = 2> <Width = 8> <Depth = 82> <RAM>
ST_2 : Operation 20 [1/1] (0.00ns)   --->   "%stored_msg_addr = getelementptr i8 %stored_msg, i64 0, i64 %zext_ln132" [/ecel/UFAD/mark.gross/fnn-gps/gps-parser/parser.cpp:133]   --->   Operation 20 'getelementptr' 'stored_msg_addr' <Predicate = true> <Delay = 0.00>
ST_2 : Operation 21 [1/1] (2.32ns)   --->   "%store_ln133 = store i8 %msg_shift_load, i7 %stored_msg_addr" [/ecel/UFAD/mark.gross/fnn-gps/gps-parser/parser.cpp:133]   --->   Operation 21 'store' 'store_ln133' <Predicate = true> <Delay = 2.32> <CoreInst = "RAM">   --->   Core 82 'RAM' <Latency = 1> <II = 1> <Delay = 2.32> <Storage> <Opcode : 'load' 'store'> <Ports = 2> <Width = 8> <Depth = 82> <RAM>
ST_2 : Operation 22 [1/1] (0.00ns)   --->   "%br_ln132 = br void %for.inc22" [/ecel/UFAD/mark.gross/fnn-gps/gps-parser/parser.cpp:132]   --->   Operation 22 'br' 'br_ln132' <Predicate = true> <Delay = 0.00>


============================================================
+ Verbose Summary: Binding
============================================================
STG Binding: 
---------------- STG Properties BEGIN ----------------
- Is combinational: 0
- Is one-state seq: 0
- Is datapath-only: 0
- Is pipelined: 0
- Is top level: 0
Port [ Return ] is wired: 1; IO mode=ap_ctrl_hs:ce=0
Port [ msg_shift]:  wired=1; compound=1; hidden=0; nouse=0; global=1; static=1; extern=0; dir=0; type=1; pingpong=0; private_global=0; MemPort=[13]; IO mode=ap_memory:ce=0
Port [ stored_msg]:  wired=1; compound=1; hidden=0; nouse=0; global=1; static=1; extern=0; dir=1; type=1; pingpong=0; private_global=0; MemPort=[03]; IO mode=ap_memory:ce=0
---------------- STG Properties END ------------------

---------------- Datapath Model BEGIN ----------------

<LifeTime>
<method=bitvector/>
i_2                     (alloca           ) [ 010]
store_ln132             (store            ) [ 000]
br_ln0                  (br               ) [ 000]
i                       (load             ) [ 000]
icmp_ln132              (icmp             ) [ 010]
add_ln132               (add              ) [ 000]
br_ln132                (br               ) [ 000]
zext_ln132              (zext             ) [ 011]
msg_shift_addr          (getelementptr    ) [ 011]
store_ln132             (store            ) [ 000]
specpipeline_ln132      (specpipeline     ) [ 000]
speclooptripcount_ln132 (speclooptripcount) [ 000]
specloopname_ln132      (specloopname     ) [ 000]
msg_shift_load          (load             ) [ 000]
stored_msg_addr         (getelementptr    ) [ 000]
store_ln133             (store            ) [ 000]
br_ln132                (br               ) [ 000]
ret_ln0                 (ret              ) [ 000]
</LifeTime>

<model>

<comp_list>
<comp id="0" class="1000" name="msg_shift">
<pin_list>
<pin id="1" dir="1" index="0" bw="1" slack="0"/>
</pin_list>
<bind>
<StgValue><ssdm name="msg_shift"/><MemPortTyVec>1 3 </MemPortTyVec>
</StgValue>
</bind>
</comp>

<comp id="2" class="1000" name="stored_msg">
<pin_list>
<pin id="3" dir="1" index="0" bw="1" slack="0"/>
</pin_list>
<bind>
<StgValue><ssdm name="stored_msg"/><MemPortTyVec>0 3 </MemPortTyVec>
</StgValue>
</bind>
</comp>

<comp id="4" class="1001" name="const_4">
<pin_list>
<pin id="5" dir="1" index="0" bw="1" slack="0"/>
</pin_list>
<bind>
<StgValue><ssdm name=""/></StgValue>
</bind>
</comp>

<comp id="6" class="1001" name="const_6">
<pin_list>
<pin id="7" dir="1" index="0" bw="1" slack="0"/>
</pin_list>
<bind>
<StgValue><ssdm name=""/></StgValue>
</bind>
</comp>

<comp id="8" class="1001" name="const_8">
<pin_list>
<pin id="9" dir="1" index="0" bw="1" slack="0"/>
</pin_list>
<bind>
<StgValue><ssdm name=""/></StgValue>
</bind>
</comp>

<comp id="10" class="1001" name="const_10">
<pin_list>
<pin id="11" dir="1" index="0" bw="1" slack="0"/>
</pin_list>
<bind>
<StgValue><ssdm name=""/></StgValue>
</bind>
</comp>

<comp id="12" class="1001" name="const_12">
<pin_list>
<pin id="13" dir="1" index="0" bw="1" slack="0"/>
</pin_list>
<bind>
<StgValue><ssdm name=""/></StgValue>
</bind>
</comp>

<comp id="14" class="1001" name="const_14">
<pin_list>
<pin id="15" dir="1" index="0" bw="1" slack="2147483647"/>
</pin_list>
<bind>
<StgValue><ssdm name="_ssdm_op_SpecPipeline"/></StgValue>
</bind>
</comp>

<comp id="16" class="1001" name="const_16">
<pin_list>
<pin id="17" dir="1" index="0" bw="1" slack="2147483647"/>
</pin_list>
<bind>
<StgValue><ssdm name=""/></StgValue>
</bind>
</comp>

<comp id="18" class="1001" name="const_18">
<pin_list>
<pin id="19" dir="1" index="0" bw="1" slack="2147483647"/>
</pin_list>
<bind>
<StgValue><ssdm name=""/></StgValue>
</bind>
</comp>

<comp id="20" class="1001" name="const_20">
<pin_list>
<pin id="21" dir="1" index="0" bw="1" slack="2147483647"/>
</pin_list>
<bind>
<StgValue><ssdm name="empty_1"/></StgValue>
</bind>
</comp>

<comp id="22" class="1001" name="const_22">
<pin_list>
<pin id="23" dir="1" index="0" bw="1" slack="2147483647"/>
</pin_list>
<bind>
<StgValue><ssdm name="_ssdm_op_SpecLoopTripCount"/></StgValue>
</bind>
</comp>

<comp id="24" class="1001" name="const_24">
<pin_list>
<pin id="25" dir="1" index="0" bw="1" slack="2147483647"/>
</pin_list>
<bind>
<StgValue><ssdm name=""/></StgValue>
</bind>
</comp>

<comp id="26" class="1001" name="const_26">
<pin_list>
<pin id="27" dir="1" index="0" bw="1" slack="2147483647"/>
</pin_list>
<bind>
<StgValue><ssdm name="_ssdm_op_SpecLoopName"/></StgValue>
</bind>
</comp>

<comp id="28" class="1001" name="const_28">
<pin_list>
<pin id="29" dir="1" index="0" bw="1" slack="2147483647"/>
</pin_list>
<bind>
<StgValue><ssdm name="empty_4"/></StgValue>
</bind>
</comp>

<comp id="30" class="1004" name="i_2_fu_30">
<pin_list>
<pin id="31" dir="0" index="0" bw="1" slack="0"/>
<pin id="32" dir="1" index="1" bw="7" slack="0"/>
</pin_list>
<bind>
<opcode="alloca(26) " fcode="alloca"/>
<opset="i_2/1 "/>
</bind>
</comp>

<comp id="34" class="1004" name="msg_shift_addr_gep_fu_34">
<pin_list>
<pin id="35" dir="0" index="0" bw="8" slack="0"/>
<pin id="36" dir="0" index="1" bw="1" slack="0"/>
<pin id="37" dir="0" index="2" bw="7" slack="0"/>
<pin id="38" dir="1" index="3" bw="7" slack="0"/>
</pin_list>
<bind>
<opcode="getelementptr(29) " fcode="getelementptr"/>
<opset="msg_shift_addr/1 "/>
</bind>
</comp>

<comp id="41" class="1004" name="grp_access_fu_41">
<pin_list>
<pin id="42" dir="0" index="0" bw="7" slack="0"/>
<pin id="43" dir="0" index="1" bw="8" slack="2147483647"/>
<pin id="44" dir="0" index="2" bw="0" slack="2147483647"/>
<pin id="45" dir="1" index="3" bw="8" slack="0"/>
</pin_list>
<bind>
<opcode="load(27) " fcode="load"/>
<opset="msg_shift_load/1 "/>
</bind>
</comp>

<comp id="47" class="1004" name="stored_msg_addr_gep_fu_47">
<pin_list>
<pin id="48" dir="0" index="0" bw="8" slack="0"/>
<pin id="49" dir="0" index="1" bw="1" slack="0"/>
<pin id="50" dir="0" index="2" bw="7" slack="1"/>
<pin id="51" dir="1" index="3" bw="7" slack="0"/>
</pin_list>
<bind>
<opcode="getelementptr(29) " fcode="getelementptr"/>
<opset="stored_msg_addr/2 "/>
</bind>
</comp>

<comp id="54" class="1004" name="store_ln133_access_fu_54">
<pin_list>
<pin id="55" dir="0" index="0" bw="7" slack="0"/>
<pin id="56" dir="0" index="1" bw="8" slack="0"/>
<pin id="57" dir="0" index="2" bw="0" slack="2147483647"/>
<pin id="58" dir="1" index="3" bw="8" slack="2147483647"/>
</pin_list>
<bind>
<opcode="store(28) " fcode="store"/>
<opset="store_ln133/2 "/>
</bind>
</comp>

<comp id="61" class="1004" name="store_ln132_store_fu_61">
<pin_list>
<pin id="62" dir="0" index="0" bw="1" slack="0"/>
<pin id="63" dir="0" index="1" bw="7" slack="0"/>
<pin id="64" dir="1" index="2" bw="0" slack="2147483647"/>
</pin_list>
<bind>
<opcode="store(28) " fcode="store"/>
<opset="store_ln132/1 "/>
</bind>
</comp>

<comp id="66" class="1004" name="i_load_fu_66">
<pin_list>
<pin id="67" dir="0" index="0" bw="7" slack="0"/>
<pin id="68" dir="1" index="1" bw="7" slack="0"/>
</pin_list>
<bind>
<opcode="load(27) " fcode="load"/>
<opset="i/1 "/>
</bind>
</comp>

<comp id="69" class="1004" name="icmp_ln132_fu_69">
<pin_list>
<pin id="70" dir="0" index="0" bw="7" slack="0"/>
<pin id="71" dir="0" index="1" bw="7" slack="0"/>
<pin id="72" dir="1" index="2" bw="1" slack="2147483647"/>
</pin_list>
<bind>
<opcode="icmp(45) " fcode="icmp"/>
<opset="icmp_ln132/1 "/>
</bind>
</comp>

<comp id="75" class="1004" name="add_ln132_fu_75">
<pin_list>
<pin id="76" dir="0" index="0" bw="7" slack="0"/>
<pin id="77" dir="0" index="1" bw="1" slack="0"/>
<pin id="78" dir="1" index="2" bw="7" slack="0"/>
</pin_list>
<bind>
<opcode="add(8) " fcode="add"/>
<opset="add_ln132/1 "/>
</bind>
</comp>

<comp id="81" class="1004" name="zext_ln132_fu_81">
<pin_list>
<pin id="82" dir="0" index="0" bw="7" slack="0"/>
<pin id="83" dir="1" index="1" bw="64" slack="0"/>
</pin_list>
<bind>
<opcode="zext(34) " fcode="zext"/>
<opset="zext_ln132/1 "/>
</bind>
</comp>

<comp id="86" class="1004" name="store_ln132_store_fu_86">
<pin_list>
<pin id="87" dir="0" index="0" bw="7" slack="0"/>
<pin id="88" dir="0" index="1" bw="7" slack="0"/>
<pin id="89" dir="1" index="2" bw="0" slack="2147483647"/>
</pin_list>
<bind>
<opcode="store(28) " fcode="store"/>
<opset="store_ln132/1 "/>
</bind>
</comp>

<comp id="91" class="1005" name="i_2_reg_91">
<pin_list>
<pin id="92" dir="0" index="0" bw="7" slack="0"/>
<pin id="93" dir="1" index="1" bw="7" slack="0"/>
</pin_list>
<bind>
<opset="i_2 "/>
</bind>
</comp>

<comp id="101" class="1005" name="zext_ln132_reg_101">
<pin_list>
<pin id="102" dir="0" index="0" bw="64" slack="1"/>
<pin id="103" dir="1" index="1" bw="64" slack="1"/>
</pin_list>
<bind>
<opset="zext_ln132 "/>
</bind>
</comp>

<comp id="106" class="1005" name="msg_shift_addr_reg_106">
<pin_list>
<pin id="107" dir="0" index="0" bw="7" slack="1"/>
<pin id="108" dir="1" index="1" bw="7" slack="1"/>
</pin_list>
<bind>
<opset="msg_shift_addr "/>
</bind>
</comp>

</comp_list>

<net_list>
<net id="33"><net_src comp="4" pin="0"/><net_sink comp="30" pin=0"/></net>

<net id="39"><net_src comp="0" pin="0"/><net_sink comp="34" pin=0"/></net>

<net id="40"><net_src comp="12" pin="0"/><net_sink comp="34" pin=1"/></net>

<net id="46"><net_src comp="34" pin="3"/><net_sink comp="41" pin=0"/></net>

<net id="52"><net_src comp="2" pin="0"/><net_sink comp="47" pin=0"/></net>

<net id="53"><net_src comp="12" pin="0"/><net_sink comp="47" pin=1"/></net>

<net id="59"><net_src comp="41" pin="3"/><net_sink comp="54" pin=1"/></net>

<net id="60"><net_src comp="47" pin="3"/><net_sink comp="54" pin=0"/></net>

<net id="65"><net_src comp="6" pin="0"/><net_sink comp="61" pin=0"/></net>

<net id="73"><net_src comp="66" pin="1"/><net_sink comp="69" pin=0"/></net>

<net id="74"><net_src comp="8" pin="0"/><net_sink comp="69" pin=1"/></net>

<net id="79"><net_src comp="66" pin="1"/><net_sink comp="75" pin=0"/></net>

<net id="80"><net_src comp="10" pin="0"/><net_sink comp="75" pin=1"/></net>

<net id="84"><net_src comp="66" pin="1"/><net_sink comp="81" pin=0"/></net>

<net id="85"><net_src comp="81" pin="1"/><net_sink comp="34" pin=2"/></net>

<net id="90"><net_src comp="75" pin="2"/><net_sink comp="86" pin=0"/></net>

<net id="94"><net_src comp="30" pin="1"/><net_sink comp="91" pin=0"/></net>

<net id="95"><net_src comp="91" pin="1"/><net_sink comp="61" pin=1"/></net>

<net id="96"><net_src comp="91" pin="1"/><net_sink comp="66" pin=0"/></net>

<net id="97"><net_src comp="91" pin="1"/><net_sink comp="86" pin=1"/></net>

<net id="104"><net_src comp="81" pin="1"/><net_sink comp="101" pin=0"/></net>

<net id="105"><net_src comp="101" pin="1"/><net_sink comp="47" pin=2"/></net>

<net id="109"><net_src comp="34" pin="3"/><net_sink comp="106" pin=0"/></net>

<net id="110"><net_src comp="106" pin="1"/><net_sink comp="41" pin=0"/></net>

</net_list>

</model> 
---------------- Datapath Model END ------------------

* FSMD analyzer results:
  - Output states:
	Port: msg_shift | {}
	Port: stored_msg | {2 }
 - Input state : 
	Port: gps_translation_Pipeline_VITIS_LOOP_132_1 : msg_shift | {1 2 }
	Port: gps_translation_Pipeline_VITIS_LOOP_132_1 : stored_msg | {}
  - Chain level:
	State 1
		store_ln132 : 1
		i : 1
		icmp_ln132 : 2
		add_ln132 : 2
		br_ln132 : 3
		zext_ln132 : 2
		msg_shift_addr : 3
		msg_shift_load : 4
		store_ln132 : 3
	State 2
		store_ln133 : 1


============================================================
+ Verbose Summary: Datapath Resource usage 
============================================================

* Functional unit list:
|----------|------------------|---------|---------|
| Operation|  Functional Unit |    FF   |   LUT   |
|----------|------------------|---------|---------|
|   icmp   | icmp_ln132_fu_69 |    0    |    14   |
|----------|------------------|---------|---------|
|    add   |  add_ln132_fu_75 |    0    |    14   |
|----------|------------------|---------|---------|
|   zext   | zext_ln132_fu_81 |    0    |    0    |
|----------|------------------|---------|---------|
|   Total  |                  |    0    |    28   |
|----------|------------------|---------|---------|

Memories:
N/A

* Register list:
+----------------------+--------+
|                      |   FF   |
+----------------------+--------+
|      i_2_reg_91      |    7   |
|msg_shift_addr_reg_106|    7   |
|  zext_ln132_reg_101  |   64   |
+----------------------+--------+
|         Total        |   78   |
+----------------------+--------+

* Multiplexer (MUX) list: 
|------------------|------|------|------|--------||---------||---------|
|       Comp       |  Pin | Size |  BW  | S x BW ||  Delay  ||   LUT   |
|------------------|------|------|------|--------||---------||---------|
| grp_access_fu_41 |  p0  |   2  |   7  |   14   ||    9    |
|------------------|------|------|------|--------||---------||---------|
|       Total      |      |      |      |   14   ||  1.588  ||    9    |
|------------------|------|------|------|--------||---------||---------|



* Summary:
+-----------+--------+--------+--------+
|           |  Delay |   FF   |   LUT  |
+-----------+--------+--------+--------+
|  Function |    -   |    0   |   28   |
|   Memory  |    -   |    -   |    -   |
|Multiplexer|    1   |    -   |    9   |
|  Register |    -   |   78   |    -   |
+-----------+--------+--------+--------+
|   Total   |    1   |   78   |   37   |
+-----------+--------+--------+--------+
