

================================================================
== Vitis HLS Report for 'gps_translation'
================================================================
* Date:           Sat Nov 16 22:45:35 2024

* Version:        2023.2.1 (Build 4070103 on Dec 13 2023)
* Project:        gps-parser
* Solution:       hls (Vivado IP Flow Target)
* Product family: zynq
* Target device:  xc7z020-clg400-1


================================================================
== Performance Estimates
================================================================
+ Timing: 
    * Summary: 
    +--------+---------+-----------+------------+
    |  Clock |  Target | Estimated | Uncertainty|
    +--------+---------+-----------+------------+
    |ap_clk  |  0.10 us|  69.927 ns|    27.00 ns|
    +--------+---------+-----------+------------+

+ Latency: 
    * Summary: 
    +---------+---------+----------+----------+-----+-----+---------+
    |  Latency (cycles) |  Latency (absolute) |  Interval | Pipeline|
    |   min   |   max   |    min   |    max   | min | max |   Type  |
    +---------+---------+----------+----------+-----+-----+---------+
    |        ?|        ?|         ?|         ?|    ?|    ?|       no|
    +---------+---------+----------+----------+-----+-----+---------+

    + Detail: 
        * Instance: 
        N/A

        * Loop: 
        N/A

============================================================
+ Verbose Summary: Synthesis Manager
============================================================
InlineROM: 1
ExposeGlobal: 0
============================================================
+ Verbose Summary: CDFG Model
============================================================
IsTopModel: 1
ResetActiveHigh: 1
IsCombinational: 0
IsDatapathOnly: 0
HasWiredReturn: 1
HasMFsm: 0
HasVarLatency: 1
IsPipeline: 0
IsRtlPipelined: 0
IsInstanceOverlapped: 0
IsDontTouch: 0
HasImplIP: 0
IsGatedGlobalClock: 0


============================================================
+ Verbose Summary: Schedule
============================================================
* Number of FSM states : 29
* Pipeline : 0
* Dataflow Pipeline: 0

* FSM state transitions: 
1 --> 2 
2 --> 3 5 
3 --> 4 
4 --> 6 29 
5 --> 4 
6 --> 7 
7 --> 29 8 
8 --> 9 
9 --> 10 
10 --> 11 
11 --> 12 
12 --> 13 
13 --> 14 
14 --> 15 
15 --> 16 
16 --> 17 
17 --> 18 
18 --> 19 
19 --> 20 
20 --> 21 
21 --> 22 
22 --> 23 
23 --> 24 
24 --> 25 
25 --> 26 
26 --> 27 
27 --> 28 
28 --> 29 
29 --> 

* FSM state operations: 

State 1 <SV = 0> <Delay = 0.00>
ST_1 : Operation 30 [2/2] (0.00ns)   --->   "%call_ln0 = call void @gps_translation_Pipeline_shift_loop, i8 %msg_shift"   --->   Operation 30 'call' 'call_ln0' <Predicate = true> <Delay = 0.00> <CoreType = "Generic">   --->   Core 0 '' <Latency = 0> <II = 1> <Delay = 1.00> <Generic> <Opcode : >

State 2 <SV = 1> <Delay = 0.00>
ST_2 : Operation 31 [1/1] (0.00ns)   --->   "%spectopmodule_ln113 = spectopmodule void @_ssdm_op_SpecTopModule, void @empty_3" [/ecel/UFAD/mark.gross/fnn-gps/gps-parser/parser.cpp:113]   --->   Operation 31 'spectopmodule' 'spectopmodule_ln113' <Predicate = true> <Delay = 0.00>
ST_2 : Operation 32 [1/1] (0.00ns)   --->   "%pps_read = read i1 @_ssdm_op_Read.ap_auto.i1, i1 %pps"   --->   Operation 32 'read' 'pps_read' <Predicate = true> <Delay = 0.00>
ST_2 : Operation 33 [1/1] (0.00ns)   --->   "%specinterface_ln0 = specinterface void @_ssdm_op_SpecInterface, i8 %msg, void @empty, i32 1, i32 1, void @empty_0, i32 0, i32 0, void @empty_1, void @empty_1, void @empty_1, i32 0, i32 0, i32 0, i32 0, void @empty_1, void @empty_1, i32 4294967295, i32 0"   --->   Operation 33 'specinterface' 'specinterface_ln0' <Predicate = true> <Delay = 0.00>
ST_2 : Operation 34 [1/1] (0.00ns)   --->   "%specbitsmap_ln0 = specbitsmap void @_ssdm_op_SpecBitsMap, i8 %msg"   --->   Operation 34 'specbitsmap' 'specbitsmap_ln0' <Predicate = true> <Delay = 0.00>
ST_2 : Operation 35 [1/1] (0.00ns)   --->   "%specbitsmap_ln0 = specbitsmap void @_ssdm_op_SpecBitsMap, i1 %pps"   --->   Operation 35 'specbitsmap' 'specbitsmap_ln0' <Predicate = true> <Delay = 0.00>
ST_2 : Operation 36 [1/1] (0.00ns)   --->   "%specinterface_ln0 = specinterface void @_ssdm_op_SpecInterface, i1 %pps, void @empty_2, i32 0, i32 0, void @empty_1, i32 0, i32 0, void @empty_1, void @empty_1, void @empty_1, i32 0, i32 0, i32 0, i32 0, void @empty_1, void @empty_1, i32 4294967295, i32 0"   --->   Operation 36 'specinterface' 'specinterface_ln0' <Predicate = true> <Delay = 0.00>
ST_2 : Operation 37 [1/1] (0.00ns)   --->   "%specbitsmap_ln0 = specbitsmap void @_ssdm_op_SpecBitsMap, i320 %gd"   --->   Operation 37 'specbitsmap' 'specbitsmap_ln0' <Predicate = true> <Delay = 0.00>
ST_2 : Operation 38 [1/1] (0.00ns)   --->   "%specinterface_ln0 = specinterface void @_ssdm_op_SpecInterface, i320 %gd, void @empty_2, i32 0, i32 0, void @empty_1, i32 0, i32 0, void @empty_1, void @empty_1, void @empty_1, i32 0, i32 0, i32 0, i32 0, void @empty_1, void @empty_1, i32 4294967295, i32 0"   --->   Operation 38 'specinterface' 'specinterface_ln0' <Predicate = true> <Delay = 0.00>
ST_2 : Operation 39 [1/1] (0.00ns)   --->   "%specbitsmap_ln0 = specbitsmap void @_ssdm_op_SpecBitsMap, i1 %data_valid"   --->   Operation 39 'specbitsmap' 'specbitsmap_ln0' <Predicate = true> <Delay = 0.00>
ST_2 : Operation 40 [1/1] (0.00ns)   --->   "%specinterface_ln0 = specinterface void @_ssdm_op_SpecInterface, i1 %data_valid, void @empty_2, i32 0, i32 0, void @empty_1, i32 0, i32 0, void @empty_1, void @empty_1, void @empty_1, i32 0, i32 0, i32 0, i32 0, void @empty_1, void @empty_1, i32 4294967295, i32 0"   --->   Operation 40 'specinterface' 'specinterface_ln0' <Predicate = true> <Delay = 0.00>
ST_2 : Operation 41 [1/2] (0.00ns)   --->   "%call_ln0 = call void @gps_translation_Pipeline_shift_loop, i8 %msg_shift"   --->   Operation 41 'call' 'call_ln0' <Predicate = true> <Delay = 0.00> <CoreType = "Generic">   --->   Core 0 '' <Latency = 0> <II = 1> <Delay = 1.00> <Generic> <Opcode : >
ST_2 : Operation 42 [1/1] (0.00ns)   --->   "%tmp = nbreadreq i1 @_ssdm_op_NbReadReq.axis.i8P128A, i8 %msg, i32 1" [/ecel/UFAD/mark.gross/fnn-gps/gps-parser/parser.cpp:124]   --->   Operation 42 'nbreadreq' 'tmp' <Predicate = true> <Delay = 0.00> <CoreInst = "axis">   --->   Core 115 'axis' <Latency = 0> <II = 1> <Delay = 1.00> <Adapter> <Opcode : >
ST_2 : Operation 43 [1/1] (0.00ns)   --->   "%br_ln124 = br i1 %tmp, void %if.endthread-pre-split, void %if.then" [/ecel/UFAD/mark.gross/fnn-gps/gps-parser/parser.cpp:124]   --->   Operation 43 'br' 'br_ln124' <Predicate = true> <Delay = 0.00>

State 3 <SV = 2> <Delay = 2.32>
ST_3 : Operation 44 [2/2] (2.32ns)   --->   "%msg_shift_load = load i8 0" [/ecel/UFAD/mark.gross/fnn-gps/gps-parser/parser.cpp:127]   --->   Operation 44 'load' 'msg_shift_load' <Predicate = true> <Delay = 2.32> <CoreInst = "RAM">   --->   Core 82 'RAM' <Latency = 1> <II = 1> <Delay = 2.32> <Storage> <Opcode : 'load' 'store'> <Ports = 2> <Width = 8> <Depth = 82> <RAM>

State 4 <SV = 3> <Delay = 7.41>
ST_4 : Operation 45 [1/2] (2.32ns)   --->   "%msg_shift_load = load i8 0" [/ecel/UFAD/mark.gross/fnn-gps/gps-parser/parser.cpp:127]   --->   Operation 45 'load' 'msg_shift_load' <Predicate = (!tmp)> <Delay = 2.32> <CoreInst = "RAM">   --->   Core 82 'RAM' <Latency = 1> <II = 1> <Delay = 2.32> <Storage> <Opcode : 'load' 'store'> <Ports = 2> <Width = 8> <Depth = 82> <RAM>
ST_4 : Operation 46 [1/1] (1.58ns)   --->   "%br_ln127 = br void %if.end" [/ecel/UFAD/mark.gross/fnn-gps/gps-parser/parser.cpp:127]   --->   Operation 46 'br' 'br_ln127' <Predicate = (!tmp)> <Delay = 1.58>
ST_4 : Operation 47 [1/1] (0.00ns) (grouped into LUT with out node icmp_ln127)   --->   "%empty = phi i8 %msg_shift_load, void %if.endthread-pre-split, i8 %msg_read, void %if.then" [/ecel/UFAD/mark.gross/fnn-gps/gps-parser/parser.cpp:127]   --->   Operation 47 'phi' 'empty' <Predicate = true> <Delay = 0.00>
ST_4 : Operation 48 [1/1] (1.91ns) (out node of the LUT)   --->   "%icmp_ln127 = icmp_eq  i8 %empty, i8 36" [/ecel/UFAD/mark.gross/fnn-gps/gps-parser/parser.cpp:127]   --->   Operation 48 'icmp' 'icmp_ln127' <Predicate = true> <Delay = 1.91> <CoreInst = "Cmp">   --->   Core 9 'Cmp' <Latency = 0> <II = 1> <Delay = 1.91> <FuncUnit> <Opcode : 'icmp'> <InPorts = 2> <OutPorts = 1>
ST_4 : Operation 49 [1/1] (1.58ns)   --->   "%br_ln127 = br i1 %icmp_ln127, void %mergeST, void %for.body.i.preheader" [/ecel/UFAD/mark.gross/fnn-gps/gps-parser/parser.cpp:127]   --->   Operation 49 'br' 'br_ln127' <Predicate = true> <Delay = 1.58>

State 5 <SV = 2> <Delay = 2.32>
ST_5 : Operation 50 [1/1] (0.00ns)   --->   "%msg_read = read i8 @_ssdm_op_Read.axis.volatile.i8P128A, i8 %msg" [/ecel/UFAD/mark.gross/fnn-gps/gps-parser/parser.cpp:124]   --->   Operation 50 'read' 'msg_read' <Predicate = true> <Delay = 0.00> <CoreInst = "axis">   --->   Core 115 'axis' <Latency = 0> <II = 1> <Delay = 1.00> <Adapter> <Opcode : >
ST_5 : Operation 51 [1/1] (2.32ns)   --->   "%store_ln124 = store i8 %msg_read, i8 0" [/ecel/UFAD/mark.gross/fnn-gps/gps-parser/parser.cpp:124]   --->   Operation 51 'store' 'store_ln124' <Predicate = true> <Delay = 2.32> <CoreInst = "RAM">   --->   Core 82 'RAM' <Latency = 1> <II = 1> <Delay = 2.32> <Storage> <Opcode : 'load' 'store'> <Ports = 2> <Width = 8> <Depth = 82> <RAM>
ST_5 : Operation 52 [1/1] (1.58ns)   --->   "%br_ln124 = br void %if.end" [/ecel/UFAD/mark.gross/fnn-gps/gps-parser/parser.cpp:124]   --->   Operation 52 'br' 'br_ln124' <Predicate = true> <Delay = 1.58>

State 6 <SV = 4> <Delay = 0.00>
ST_6 : Operation 53 [2/2] (0.00ns)   --->   "%targetBlock = call i1 @gps_translation_Pipeline_VITIS_LOOP_23_1, i8 %msg_shift, i8 %p_str"   --->   Operation 53 'call' 'targetBlock' <Predicate = true> <Delay = 0.00> <CoreType = "Generic">   --->   Core 0 '' <Latency = 0> <II = 1> <Delay = 1.00> <Generic> <Opcode : >

State 7 <SV = 5> <Delay = 7.41>
ST_7 : Operation 54 [1/2] (5.82ns)   --->   "%targetBlock = call i1 @gps_translation_Pipeline_VITIS_LOOP_23_1, i8 %msg_shift, i8 %p_str"   --->   Operation 54 'call' 'targetBlock' <Predicate = true> <Delay = 5.82> <CoreType = "Generic">   --->   Core 0 '' <Latency = 0> <II = 1> <Delay = 1.00> <Generic> <Opcode : >
ST_7 : Operation 55 [1/1] (1.58ns)   --->   "%br_ln0 = br i1 %targetBlock, void %mergeST, void %land.end"   --->   Operation 55 'br' 'br_ln0' <Predicate = true> <Delay = 1.58>
ST_7 : Operation 56 [1/1] (1.58ns)   --->   "%br_ln130 = br i1 %pps_read, void %mergeST, void %for.inc22.preheader" [/ecel/UFAD/mark.gross/fnn-gps/gps-parser/parser.cpp:130]   --->   Operation 56 'br' 'br_ln130' <Predicate = (targetBlock)> <Delay = 1.58>

State 8 <SV = 6> <Delay = 0.00>
ST_8 : Operation 57 [2/2] (0.00ns)   --->   "%call_ln0 = call void @gps_translation_Pipeline_VITIS_LOOP_132_1, i8 %msg_shift, i8 %stored_msg"   --->   Operation 57 'call' 'call_ln0' <Predicate = true> <Delay = 0.00> <CoreType = "Generic">   --->   Core 0 '' <Latency = 0> <II = 1> <Delay = 1.00> <Generic> <Opcode : >

State 9 <SV = 7> <Delay = 0.00>
ST_9 : Operation 58 [1/2] (0.00ns)   --->   "%call_ln0 = call void @gps_translation_Pipeline_VITIS_LOOP_132_1, i8 %msg_shift, i8 %stored_msg"   --->   Operation 58 'call' 'call_ln0' <Predicate = true> <Delay = 0.00> <CoreType = "Generic">   --->   Core 0 '' <Latency = 0> <II = 1> <Delay = 1.00> <Generic> <Opcode : >

State 10 <SV = 8> <Delay = 2.75>
ST_10 : Operation 59 [2/2] (2.75ns)   --->   "%ts_str = call i7 @hls_get_field_from_nmea, i4 1, i8 %stored_msg" [/ecel/UFAD/mark.gross/fnn-gps/gps-parser/parser.cpp:137]   --->   Operation 59 'call' 'ts_str' <Predicate = true> <Delay = 2.75> <CoreType = "Generic">   --->   Core 0 '' <Latency = 0> <II = 1> <Delay = 1.00> <Generic> <Opcode : >

State 11 <SV = 9> <Delay = 0.00>
ST_11 : Operation 60 [1/2] (0.00ns)   --->   "%ts_str = call i7 @hls_get_field_from_nmea, i4 1, i8 %stored_msg" [/ecel/UFAD/mark.gross/fnn-gps/gps-parser/parser.cpp:137]   --->   Operation 60 'call' 'ts_str' <Predicate = true> <Delay = 0.00> <CoreType = "Generic">   --->   Core 0 '' <Latency = 0> <II = 1> <Delay = 1.00> <Generic> <Opcode : >

State 12 <SV = 10> <Delay = 2.75>
ST_12 : Operation 61 [2/2] (2.75ns)   --->   "%date_str = call i7 @hls_get_field_from_nmea, i4 9, i8 %stored_msg" [/ecel/UFAD/mark.gross/fnn-gps/gps-parser/parser.cpp:138]   --->   Operation 61 'call' 'date_str' <Predicate = true> <Delay = 2.75> <CoreType = "Generic">   --->   Core 0 '' <Latency = 0> <II = 1> <Delay = 1.00> <Generic> <Opcode : >

State 13 <SV = 11> <Delay = 0.00>
ST_13 : Operation 62 [1/2] (0.00ns)   --->   "%date_str = call i7 @hls_get_field_from_nmea, i4 9, i8 %stored_msg" [/ecel/UFAD/mark.gross/fnn-gps/gps-parser/parser.cpp:138]   --->   Operation 62 'call' 'date_str' <Predicate = true> <Delay = 0.00> <CoreType = "Generic">   --->   Core 0 '' <Latency = 0> <II = 1> <Delay = 1.00> <Generic> <Opcode : >

State 14 <SV = 12> <Delay = 4.19>
ST_14 : Operation 63 [2/2] (4.19ns)   --->   "%tmp_9 = call i32 @hls_atoi_w_len, i7 %ts_str, i3 2, i8 %stored_msg" [/ecel/UFAD/mark.gross/fnn-gps/gps-parser/parser.cpp:140]   --->   Operation 63 'call' 'tmp_9' <Predicate = true> <Delay = 4.19> <CoreType = "Generic">   --->   Core 0 '' <Latency = 0> <II = 1> <Delay = 1.00> <Generic> <Opcode : >

State 15 <SV = 13> <Delay = 3.25>
ST_15 : Operation 64 [1/2] (3.25ns)   --->   "%tmp_9 = call i32 @hls_atoi_w_len, i7 %ts_str, i3 2, i8 %stored_msg" [/ecel/UFAD/mark.gross/fnn-gps/gps-parser/parser.cpp:140]   --->   Operation 64 'call' 'tmp_9' <Predicate = true> <Delay = 3.25> <CoreType = "Generic">   --->   Core 0 '' <Latency = 0> <II = 1> <Delay = 1.00> <Generic> <Opcode : >
ST_15 : Operation 65 [1/1] (0.00ns)   --->   "%trunc_ln146 = trunc i32 %tmp_9" [/ecel/UFAD/mark.gross/fnn-gps/gps-parser/parser.cpp:146]   --->   Operation 65 'trunc' 'trunc_ln146' <Predicate = true> <Delay = 0.00>
ST_15 : Operation 66 [1/1] (0.00ns)   --->   "%trunc_ln146_1 = trunc i32 %tmp_9" [/ecel/UFAD/mark.gross/fnn-gps/gps-parser/parser.cpp:146]   --->   Operation 66 'trunc' 'trunc_ln146_1' <Predicate = true> <Delay = 0.00>

State 16 <SV = 14> <Delay = 6.06>
ST_16 : Operation 67 [1/1] (1.87ns)   --->   "%add_ln141 = add i7 %ts_str, i7 2" [/ecel/UFAD/mark.gross/fnn-gps/gps-parser/parser.cpp:141]   --->   Operation 67 'add' 'add_ln141' <Predicate = true> <Delay = 1.87> <CoreInst = "Adder">   --->   Core 1 'Adder' <Latency = 0> <II = 1> <Delay = 1.87> <FuncUnit> <Opcode : 'add' 'sub'> <InPorts = 2> <OutPorts = 1>
ST_16 : Operation 68 [2/2] (4.19ns)   --->   "%tmp_s = call i32 @hls_atoi_w_len, i7 %add_ln141, i3 2, i8 %stored_msg" [/ecel/UFAD/mark.gross/fnn-gps/gps-parser/parser.cpp:141]   --->   Operation 68 'call' 'tmp_s' <Predicate = true> <Delay = 4.19> <CoreType = "Generic">   --->   Core 0 '' <Latency = 0> <II = 1> <Delay = 1.00> <Generic> <Opcode : >

State 17 <SV = 15> <Delay = 7.56>
ST_17 : Operation 69 [1/2] (3.25ns)   --->   "%tmp_s = call i32 @hls_atoi_w_len, i7 %add_ln141, i3 2, i8 %stored_msg" [/ecel/UFAD/mark.gross/fnn-gps/gps-parser/parser.cpp:141]   --->   Operation 69 'call' 'tmp_s' <Predicate = true> <Delay = 3.25> <CoreType = "Generic">   --->   Core 0 '' <Latency = 0> <II = 1> <Delay = 1.00> <Generic> <Opcode : >
ST_17 : Operation 70 [1/1] (0.00ns)   --->   "%trunc_ln142 = trunc i32 %tmp_s" [/ecel/UFAD/mark.gross/fnn-gps/gps-parser/parser.cpp:142]   --->   Operation 70 'trunc' 'trunc_ln142' <Predicate = true> <Delay = 0.00>
ST_17 : Operation 71 [1/1] (0.00ns)   --->   "%shl_ln = bitconcatenate i30 @_ssdm_op_BitConcatenate.i30.i24.i6, i24 %trunc_ln146, i6 0" [/ecel/UFAD/mark.gross/fnn-gps/gps-parser/parser.cpp:146]   --->   Operation 71 'bitconcatenate' 'shl_ln' <Predicate = true> <Delay = 0.00>
ST_17 : Operation 72 [1/1] (0.00ns)   --->   "%shl_ln146_1 = bitconcatenate i30 @_ssdm_op_BitConcatenate.i30.i28.i2, i28 %trunc_ln146_1, i2 0" [/ecel/UFAD/mark.gross/fnn-gps/gps-parser/parser.cpp:146]   --->   Operation 72 'bitconcatenate' 'shl_ln146_1' <Predicate = true> <Delay = 0.00>
ST_17 : Operation 73 [1/1] (0.00ns) (grouped into TernaryAdder)   --->   "%sub_ln146 = sub i30 %shl_ln, i30 %shl_ln146_1" [/ecel/UFAD/mark.gross/fnn-gps/gps-parser/parser.cpp:146]   --->   Operation 73 'sub' 'sub_ln146' <Predicate = true> <Delay = 0.00> <CoreInst = "TAddSub">   --->   Core 10 'TAddSub' <Latency = 0> <II = 1> <Delay = 2.18> <IPBlock> <Opcode : '' 'add' 'sub'> <InPorts = 3> <OutPorts = 1> <Sync> <CReg>
ST_17 : Operation 74 [1/1] (4.31ns) (root node of TernaryAdder)   --->   "%add_ln146 = add i30 %sub_ln146, i30 %trunc_ln142" [/ecel/UFAD/mark.gross/fnn-gps/gps-parser/parser.cpp:146]   --->   Operation 74 'add' 'add_ln146' <Predicate = true> <Delay = 4.31> <CoreInst = "TAddSub">   --->   Core 10 'TAddSub' <Latency = 0> <II = 1> <Delay = 2.18> <IPBlock> <Opcode : '' 'add' 'sub'> <InPorts = 3> <OutPorts = 1> <Sync> <CReg>
ST_17 : Operation 75 [1/1] (0.00ns)   --->   "%trunc_ln146_2 = trunc i30 %add_ln146" [/ecel/UFAD/mark.gross/fnn-gps/gps-parser/parser.cpp:146]   --->   Operation 75 'trunc' 'trunc_ln146_2' <Predicate = true> <Delay = 0.00>

State 18 <SV = 16> <Delay = 6.06>
ST_18 : Operation 76 [1/1] (1.87ns)   --->   "%add_ln142 = add i7 %ts_str, i7 4" [/ecel/UFAD/mark.gross/fnn-gps/gps-parser/parser.cpp:142]   --->   Operation 76 'add' 'add_ln142' <Predicate = true> <Delay = 1.87> <CoreInst = "Adder">   --->   Core 1 'Adder' <Latency = 0> <II = 1> <Delay = 1.87> <FuncUnit> <Opcode : 'add' 'sub'> <InPorts = 2> <OutPorts = 1>
ST_18 : Operation 77 [2/2] (4.19ns)   --->   "%tmp_1 = call i32 @hls_atoi_w_len, i7 %add_ln142, i3 2, i8 %stored_msg" [/ecel/UFAD/mark.gross/fnn-gps/gps-parser/parser.cpp:142]   --->   Operation 77 'call' 'tmp_1' <Predicate = true> <Delay = 4.19> <CoreType = "Generic">   --->   Core 0 '' <Latency = 0> <II = 1> <Delay = 1.00> <Generic> <Opcode : >

State 19 <SV = 17> <Delay = 7.62>
ST_19 : Operation 78 [1/2] (3.25ns)   --->   "%tmp_1 = call i32 @hls_atoi_w_len, i7 %add_ln142, i3 2, i8 %stored_msg" [/ecel/UFAD/mark.gross/fnn-gps/gps-parser/parser.cpp:142]   --->   Operation 78 'call' 'tmp_1' <Predicate = true> <Delay = 3.25> <CoreType = "Generic">   --->   Core 0 '' <Latency = 0> <II = 1> <Delay = 1.00> <Generic> <Opcode : >
ST_19 : Operation 79 [1/1] (0.00ns)   --->   "%shl_ln146_2 = bitconcatenate i32 @_ssdm_op_BitConcatenate.i32.i26.i6, i26 %trunc_ln146_2, i6 0" [/ecel/UFAD/mark.gross/fnn-gps/gps-parser/parser.cpp:146]   --->   Operation 79 'bitconcatenate' 'shl_ln146_2' <Predicate = true> <Delay = 0.00>
ST_19 : Operation 80 [1/1] (0.00ns)   --->   "%shl_ln146_3 = bitconcatenate i32 @_ssdm_op_BitConcatenate.i32.i30.i2, i30 %add_ln146, i2 0" [/ecel/UFAD/mark.gross/fnn-gps/gps-parser/parser.cpp:146]   --->   Operation 80 'bitconcatenate' 'shl_ln146_3' <Predicate = true> <Delay = 0.00>
ST_19 : Operation 81 [1/1] (0.00ns) (grouped into TernaryAdder)   --->   "%sub_ln146_1 = sub i32 %shl_ln146_2, i32 %shl_ln146_3" [/ecel/UFAD/mark.gross/fnn-gps/gps-parser/parser.cpp:146]   --->   Operation 81 'sub' 'sub_ln146_1' <Predicate = true> <Delay = 0.00> <CoreInst = "TAddSub">   --->   Core 10 'TAddSub' <Latency = 0> <II = 1> <Delay = 2.18> <IPBlock> <Opcode : '' 'add' 'sub'> <InPorts = 3> <OutPorts = 1> <Sync> <CReg>
ST_19 : Operation 82 [1/1] (4.37ns) (root node of TernaryAdder)   --->   "%add_ln146_1 = add i32 %sub_ln146_1, i32 %tmp_1" [/ecel/UFAD/mark.gross/fnn-gps/gps-parser/parser.cpp:146]   --->   Operation 82 'add' 'add_ln146_1' <Predicate = true> <Delay = 4.37> <CoreInst = "TAddSub">   --->   Core 10 'TAddSub' <Latency = 0> <II = 1> <Delay = 2.18> <IPBlock> <Opcode : '' 'add' 'sub'> <InPorts = 3> <OutPorts = 1> <Sync> <CReg>

State 20 <SV = 18> <Delay = 4.19>
ST_20 : Operation 83 [2/2] (4.19ns)   --->   "%d = call i32 @hls_atoi_w_len, i7 %date_str, i3 2, i8 %stored_msg" [/ecel/UFAD/mark.gross/fnn-gps/gps-parser/parser.cpp:143]   --->   Operation 83 'call' 'd' <Predicate = true> <Delay = 4.19> <CoreType = "Generic">   --->   Core 0 '' <Latency = 0> <II = 1> <Delay = 1.00> <Generic> <Opcode : >

State 21 <SV = 19> <Delay = 3.25>
ST_21 : Operation 84 [1/2] (3.25ns)   --->   "%d = call i32 @hls_atoi_w_len, i7 %date_str, i3 2, i8 %stored_msg" [/ecel/UFAD/mark.gross/fnn-gps/gps-parser/parser.cpp:143]   --->   Operation 84 'call' 'd' <Predicate = true> <Delay = 3.25> <CoreType = "Generic">   --->   Core 0 '' <Latency = 0> <II = 1> <Delay = 1.00> <Generic> <Opcode : >

State 22 <SV = 20> <Delay = 6.06>
ST_22 : Operation 85 [1/1] (1.87ns)   --->   "%add_ln144 = add i7 %date_str, i7 2" [/ecel/UFAD/mark.gross/fnn-gps/gps-parser/parser.cpp:144]   --->   Operation 85 'add' 'add_ln144' <Predicate = true> <Delay = 1.87> <CoreInst = "Adder">   --->   Core 1 'Adder' <Latency = 0> <II = 1> <Delay = 1.87> <FuncUnit> <Opcode : 'add' 'sub'> <InPorts = 2> <OutPorts = 1>
ST_22 : Operation 86 [2/2] (4.19ns)   --->   "%m = call i32 @hls_atoi_w_len, i7 %add_ln144, i3 2, i8 %stored_msg" [/ecel/UFAD/mark.gross/fnn-gps/gps-parser/parser.cpp:144]   --->   Operation 86 'call' 'm' <Predicate = true> <Delay = 4.19> <CoreType = "Generic">   --->   Core 0 '' <Latency = 0> <II = 1> <Delay = 1.00> <Generic> <Opcode : >

State 23 <SV = 21> <Delay = 3.25>
ST_23 : Operation 87 [1/2] (3.25ns)   --->   "%m = call i32 @hls_atoi_w_len, i7 %add_ln144, i3 2, i8 %stored_msg" [/ecel/UFAD/mark.gross/fnn-gps/gps-parser/parser.cpp:144]   --->   Operation 87 'call' 'm' <Predicate = true> <Delay = 3.25> <CoreType = "Generic">   --->   Core 0 '' <Latency = 0> <II = 1> <Delay = 1.00> <Generic> <Opcode : >

State 24 <SV = 22> <Delay = 6.06>
ST_24 : Operation 88 [1/1] (1.87ns)   --->   "%add_ln145 = add i7 %date_str, i7 4" [/ecel/UFAD/mark.gross/fnn-gps/gps-parser/parser.cpp:145]   --->   Operation 88 'add' 'add_ln145' <Predicate = true> <Delay = 1.87> <CoreInst = "Adder">   --->   Core 1 'Adder' <Latency = 0> <II = 1> <Delay = 1.87> <FuncUnit> <Opcode : 'add' 'sub'> <InPorts = 2> <OutPorts = 1>
ST_24 : Operation 89 [2/2] (4.19ns)   --->   "%tmp_2 = call i32 @hls_atoi_w_len, i7 %add_ln145, i3 2, i8 %stored_msg" [/ecel/UFAD/mark.gross/fnn-gps/gps-parser/parser.cpp:145]   --->   Operation 89 'call' 'tmp_2' <Predicate = true> <Delay = 4.19> <CoreType = "Generic">   --->   Core 0 '' <Latency = 0> <II = 1> <Delay = 1.00> <Generic> <Opcode : >

State 25 <SV = 23> <Delay = 3.25>
ST_25 : Operation 90 [1/2] (3.25ns)   --->   "%tmp_2 = call i32 @hls_atoi_w_len, i7 %add_ln145, i3 2, i8 %stored_msg" [/ecel/UFAD/mark.gross/fnn-gps/gps-parser/parser.cpp:145]   --->   Operation 90 'call' 'tmp_2' <Predicate = true> <Delay = 3.25> <CoreType = "Generic">   --->   Core 0 '' <Latency = 0> <II = 1> <Delay = 1.00> <Generic> <Opcode : >

State 26 <SV = 24> <Delay = 0.00>
ST_26 : Operation 91 [2/2] (0.00ns)   --->   "%tmp_3 = call i32 @hls_get_coordinate, i8 %stored_msg" [/ecel/UFAD/mark.gross/fnn-gps/gps-parser/parser.cpp:148]   --->   Operation 91 'call' 'tmp_3' <Predicate = true> <Delay = 0.00> <CoreType = "Generic">   --->   Core 0 '' <Latency = 0> <II = 1> <Delay = 1.00> <Generic> <Opcode : >

State 27 <SV = 25> <Delay = 56.5>
ST_27 : Operation 92 [1/2] (56.5ns)   --->   "%tmp_3 = call i32 @hls_get_coordinate, i8 %stored_msg" [/ecel/UFAD/mark.gross/fnn-gps/gps-parser/parser.cpp:148]   --->   Operation 92 'call' 'tmp_3' <Predicate = true> <Delay = 56.5> <CoreType = "Generic">   --->   Core 0 '' <Latency = 0> <II = 1> <Delay = 1.00> <Generic> <Opcode : >

State 28 <SV = 26> <Delay = 0.00>
ST_28 : Operation 93 [2/2] (0.00ns)   --->   "%tmp_4 = call i32 @hls_get_coordinate.1, i8 %stored_msg" [/ecel/UFAD/mark.gross/fnn-gps/gps-parser/parser.cpp:149]   --->   Operation 93 'call' 'tmp_4' <Predicate = true> <Delay = 0.00> <CoreType = "Generic">   --->   Core 0 '' <Latency = 0> <II = 1> <Delay = 1.00> <Generic> <Opcode : >

State 29 <SV = 27> <Delay = 64.6>
ST_29 : Operation 94 [1/1] (2.55ns)   --->   "%y = add i32 %tmp_2, i32 2000" [/ecel/UFAD/mark.gross/fnn-gps/gps-parser/parser.cpp:145]   --->   Operation 94 'add' 'y' <Predicate = (icmp_ln127 & targetBlock & pps_read)> <Delay = 2.55> <CoreInst = "Adder">   --->   Core 1 'Adder' <Latency = 0> <II = 1> <Delay = 2.55> <FuncUnit> <Opcode : 'add' 'sub'> <InPorts = 2> <OutPorts = 1>
ST_29 : Operation 95 [1/1] (0.00ns)   --->   "%bitcast_ln148 = bitcast i32 %tmp_3" [/ecel/UFAD/mark.gross/fnn-gps/gps-parser/parser.cpp:148]   --->   Operation 95 'bitcast' 'bitcast_ln148' <Predicate = (icmp_ln127 & targetBlock & pps_read)> <Delay = 0.00>
ST_29 : Operation 96 [1/2] (56.5ns)   --->   "%tmp_4 = call i32 @hls_get_coordinate.1, i8 %stored_msg" [/ecel/UFAD/mark.gross/fnn-gps/gps-parser/parser.cpp:149]   --->   Operation 96 'call' 'tmp_4' <Predicate = (icmp_ln127 & targetBlock & pps_read)> <Delay = 56.5> <CoreType = "Generic">   --->   Core 0 '' <Latency = 0> <II = 1> <Delay = 1.00> <Generic> <Opcode : >
ST_29 : Operation 97 [1/1] (0.00ns)   --->   "%bitcast_ln149 = bitcast i32 %tmp_4" [/ecel/UFAD/mark.gross/fnn-gps/gps-parser/parser.cpp:149]   --->   Operation 97 'bitcast' 'bitcast_ln149' <Predicate = (icmp_ln127 & targetBlock & pps_read)> <Delay = 0.00>
ST_29 : Operation 98 [1/1] (2.55ns)   --->   "%icmp_ln35 = icmp_ult  i32 %m, i32 3" [/ecel/UFAD/mark.gross/fnn-gps/gps-parser/parser.cpp:35->/ecel/UFAD/mark.gross/fnn-gps/gps-parser/parser.cpp:151]   --->   Operation 98 'icmp' 'icmp_ln35' <Predicate = (icmp_ln127 & targetBlock & pps_read)> <Delay = 2.55> <CoreInst = "Cmp">   --->   Core 9 'Cmp' <Latency = 0> <II = 1> <Delay = 2.55> <FuncUnit> <Opcode : 'icmp'> <InPorts = 2> <OutPorts = 1>
ST_29 : Operation 99 [1/1] (0.00ns)   --->   "%zext_ln35 = zext i1 %icmp_ln35" [/ecel/UFAD/mark.gross/fnn-gps/gps-parser/parser.cpp:35->/ecel/UFAD/mark.gross/fnn-gps/gps-parser/parser.cpp:151]   --->   Operation 99 'zext' 'zext_ln35' <Predicate = (icmp_ln127 & targetBlock & pps_read)> <Delay = 0.00>
ST_29 : Operation 100 [1/1] (2.55ns)   --->   "%sub_ln35 = sub i32 %y, i32 %zext_ln35" [/ecel/UFAD/mark.gross/fnn-gps/gps-parser/parser.cpp:35->/ecel/UFAD/mark.gross/fnn-gps/gps-parser/parser.cpp:151]   --->   Operation 100 'sub' 'sub_ln35' <Predicate = (icmp_ln127 & targetBlock & pps_read)> <Delay = 2.55> <CoreInst = "Adder">   --->   Core 1 'Adder' <Latency = 0> <II = 1> <Delay = 2.55> <FuncUnit> <Opcode : 'add' 'sub'> <InPorts = 2> <OutPorts = 1>
ST_29 : Operation 101 [1/1] (0.00ns)   --->   "%tmp_5 = bitselect i1 @_ssdm_op_BitSelect.i1.i32.i32, i32 %sub_ln35, i32 31" [/ecel/UFAD/mark.gross/fnn-gps/gps-parser/parser.cpp:36->/ecel/UFAD/mark.gross/fnn-gps/gps-parser/parser.cpp:151]   --->   Operation 101 'bitselect' 'tmp_5' <Predicate = (icmp_ln127 & targetBlock & pps_read)> <Delay = 0.00>
ST_29 : Operation 102 [1/1] (2.55ns)   --->   "%add_ln36 = add i32 %sub_ln35, i32 4294966897" [/ecel/UFAD/mark.gross/fnn-gps/gps-parser/parser.cpp:36->/ecel/UFAD/mark.gross/fnn-gps/gps-parser/parser.cpp:151]   --->   Operation 102 'add' 'add_ln36' <Predicate = (icmp_ln127 & targetBlock & pps_read)> <Delay = 2.55> <CoreInst = "Adder">   --->   Core 1 'Adder' <Latency = 0> <II = 1> <Delay = 2.55> <FuncUnit> <Opcode : 'add' 'sub'> <InPorts = 2> <OutPorts = 1>
ST_29 : Operation 103 [1/1] (0.69ns)   --->   "%select_ln36 = select i1 %tmp_5, i32 %add_ln36, i32 %sub_ln35" [/ecel/UFAD/mark.gross/fnn-gps/gps-parser/parser.cpp:36->/ecel/UFAD/mark.gross/fnn-gps/gps-parser/parser.cpp:151]   --->   Operation 103 'select' 'select_ln36' <Predicate = (icmp_ln127 & targetBlock & pps_read)> <Delay = 0.69> <CoreInst = "Sel">   --->   Core 73 'Sel' <Latency = 0> <II = 1> <Delay = 0.69> <FuncUnit> <Opcode : 'select'> <InPorts = 3> <OutPorts = 1>
ST_29 : Operation 104 [1/1] (0.00ns)   --->   "%sext_ln36 = sext i32 %select_ln36" [/ecel/UFAD/mark.gross/fnn-gps/gps-parser/parser.cpp:36->/ecel/UFAD/mark.gross/fnn-gps/gps-parser/parser.cpp:151]   --->   Operation 104 'sext' 'sext_ln36' <Predicate = (icmp_ln127 & targetBlock & pps_read)> <Delay = 0.00>
ST_29 : Operation 105 [1/1] (8.49ns)   --->   "%mul_ln36 = mul i65 %sext_ln36, i65 5497558139" [/ecel/UFAD/mark.gross/fnn-gps/gps-parser/parser.cpp:36->/ecel/UFAD/mark.gross/fnn-gps/gps-parser/parser.cpp:151]   --->   Operation 105 'mul' 'mul_ln36' <Predicate = (icmp_ln127 & targetBlock & pps_read)> <Delay = 8.49> <CoreInst = "Multiplier">   --->   Core 3 'Multiplier' <Latency = 0> <II = 1> <Delay = 8.49> <FuncUnit> <Opcode : 'mul'> <InPorts = 2> <OutPorts = 1>
ST_29 : Operation 106 [1/1] (3.54ns)   --->   "%sub_ln36 = sub i65 0, i65 %mul_ln36" [/ecel/UFAD/mark.gross/fnn-gps/gps-parser/parser.cpp:36->/ecel/UFAD/mark.gross/fnn-gps/gps-parser/parser.cpp:151]   --->   Operation 106 'sub' 'sub_ln36' <Predicate = (icmp_ln127 & targetBlock & pps_read)> <Delay = 3.54> <CoreInst = "Adder">   --->   Core 1 'Adder' <Latency = 0> <II = 1> <Delay = 3.54> <FuncUnit> <Opcode : 'add' 'sub'> <InPorts = 2> <OutPorts = 1>
ST_29 : Operation 107 [1/1] (0.00ns)   --->   "%tmp_6 = bitselect i1 @_ssdm_op_BitSelect.i1.i32.i32, i32 %select_ln36, i32 31" [/ecel/UFAD/mark.gross/fnn-gps/gps-parser/parser.cpp:36->/ecel/UFAD/mark.gross/fnn-gps/gps-parser/parser.cpp:151]   --->   Operation 107 'bitselect' 'tmp_6' <Predicate = (icmp_ln127 & targetBlock & pps_read)> <Delay = 0.00>
ST_29 : Operation 108 [1/1] (0.00ns) (grouped into LUT with out node sub_ln36_1)   --->   "%tmp_7 = partselect i24 @_ssdm_op_PartSelect.i24.i65.i32.i32, i65 %sub_ln36, i32 41, i32 64" [/ecel/UFAD/mark.gross/fnn-gps/gps-parser/parser.cpp:36->/ecel/UFAD/mark.gross/fnn-gps/gps-parser/parser.cpp:151]   --->   Operation 108 'partselect' 'tmp_7' <Predicate = (icmp_ln127 & targetBlock & pps_read)> <Delay = 0.00>
ST_29 : Operation 109 [1/1] (0.00ns)   --->   "%tmp_8 = partselect i24 @_ssdm_op_PartSelect.i24.i65.i32.i32, i65 %mul_ln36, i32 41, i32 64" [/ecel/UFAD/mark.gross/fnn-gps/gps-parser/parser.cpp:36->/ecel/UFAD/mark.gross/fnn-gps/gps-parser/parser.cpp:151]   --->   Operation 109 'partselect' 'tmp_8' <Predicate = (icmp_ln127 & targetBlock & pps_read)> <Delay = 0.00>
ST_29 : Operation 110 [1/1] (0.00ns)   --->   "%sext_ln36_1 = sext i24 %tmp_8" [/ecel/UFAD/mark.gross/fnn-gps/gps-parser/parser.cpp:36->/ecel/UFAD/mark.gross/fnn-gps/gps-parser/parser.cpp:151]   --->   Operation 110 'sext' 'sext_ln36_1' <Predicate = (icmp_ln127 & targetBlock & pps_read)> <Delay = 0.00>
ST_29 : Operation 111 [1/1] (0.00ns) (grouped into LUT with out node sub_ln36_1)   --->   "%select_ln36_2 = select i1 %tmp_6, i24 %tmp_7, i24 %tmp_8" [/ecel/UFAD/mark.gross/fnn-gps/gps-parser/parser.cpp:36->/ecel/UFAD/mark.gross/fnn-gps/gps-parser/parser.cpp:151]   --->   Operation 111 'select' 'select_ln36_2' <Predicate = (icmp_ln127 & targetBlock & pps_read)> <Delay = 0.00> <CoreInst = "Sel">   --->   Core 73 'Sel' <Latency = 0> <II = 1> <Delay = 0.69> <FuncUnit> <Opcode : 'select'> <InPorts = 3> <OutPorts = 1>
ST_29 : Operation 112 [1/1] (0.00ns) (grouped into LUT with out node sub_ln36_1)   --->   "%sext_ln36_2 = sext i24 %select_ln36_2" [/ecel/UFAD/mark.gross/fnn-gps/gps-parser/parser.cpp:36->/ecel/UFAD/mark.gross/fnn-gps/gps-parser/parser.cpp:151]   --->   Operation 112 'sext' 'sext_ln36_2' <Predicate = (icmp_ln127 & targetBlock & pps_read)> <Delay = 0.00>
ST_29 : Operation 113 [1/1] (2.31ns) (out node of the LUT)   --->   "%sub_ln36_1 = sub i32 0, i32 %sext_ln36_2" [/ecel/UFAD/mark.gross/fnn-gps/gps-parser/parser.cpp:36->/ecel/UFAD/mark.gross/fnn-gps/gps-parser/parser.cpp:151]   --->   Operation 113 'sub' 'sub_ln36_1' <Predicate = (icmp_ln127 & targetBlock & pps_read)> <Delay = 2.31> <CoreInst = "Adder">   --->   Core 1 'Adder' <Latency = 0> <II = 1> <Delay = 2.31> <FuncUnit> <Opcode : 'add' 'sub'> <InPorts = 2> <OutPorts = 1>
ST_29 : Operation 114 [1/1] (0.76ns)   --->   "%era = select i1 %tmp_6, i32 %sub_ln36_1, i32 %sext_ln36_1" [/ecel/UFAD/mark.gross/fnn-gps/gps-parser/parser.cpp:36->/ecel/UFAD/mark.gross/fnn-gps/gps-parser/parser.cpp:151]   --->   Operation 114 'select' 'era' <Predicate = (icmp_ln127 & targetBlock & pps_read)> <Delay = 0.76> <CoreInst = "Sel">   --->   Core 73 'Sel' <Latency = 0> <II = 1> <Delay = 0.76> <FuncUnit> <Opcode : 'select'> <InPorts = 3> <OutPorts = 1>
ST_29 : Operation 115 [1/1] (6.91ns)   --->   "%mul_ln37 = mul i32 %era, i32 4294966896" [/ecel/UFAD/mark.gross/fnn-gps/gps-parser/parser.cpp:37->/ecel/UFAD/mark.gross/fnn-gps/gps-parser/parser.cpp:151]   --->   Operation 115 'mul' 'mul_ln37' <Predicate = (icmp_ln127 & targetBlock & pps_read)> <Delay = 6.91> <CoreInst = "Multiplier">   --->   Core 3 'Multiplier' <Latency = 0> <II = 1> <Delay = 6.91> <FuncUnit> <Opcode : 'mul'> <InPorts = 2> <OutPorts = 1>
ST_29 : Operation 116 [1/1] (2.55ns)   --->   "%yoe = add i32 %mul_ln37, i32 %sub_ln35" [/ecel/UFAD/mark.gross/fnn-gps/gps-parser/parser.cpp:37->/ecel/UFAD/mark.gross/fnn-gps/gps-parser/parser.cpp:151]   --->   Operation 116 'add' 'yoe' <Predicate = (icmp_ln127 & targetBlock & pps_read)> <Delay = 2.55> <CoreInst = "Adder">   --->   Core 1 'Adder' <Latency = 0> <II = 1> <Delay = 2.55> <FuncUnit> <Opcode : 'add' 'sub'> <InPorts = 2> <OutPorts = 1>
ST_29 : Operation 117 [1/1] (2.55ns)   --->   "%icmp_ln38 = icmp_ugt  i32 %m, i32 2" [/ecel/UFAD/mark.gross/fnn-gps/gps-parser/parser.cpp:38->/ecel/UFAD/mark.gross/fnn-gps/gps-parser/parser.cpp:151]   --->   Operation 117 'icmp' 'icmp_ln38' <Predicate = (icmp_ln127 & targetBlock & pps_read)> <Delay = 2.55> <CoreInst = "Cmp">   --->   Core 9 'Cmp' <Latency = 0> <II = 1> <Delay = 2.55> <FuncUnit> <Opcode : 'icmp'> <InPorts = 2> <OutPorts = 1>
ST_29 : Operation 118 [1/1] (0.00ns) (grouped into LUT with out node add_ln38)   --->   "%select_ln38 = select i1 %icmp_ln38, i32 4294967293, i32 9" [/ecel/UFAD/mark.gross/fnn-gps/gps-parser/parser.cpp:38->/ecel/UFAD/mark.gross/fnn-gps/gps-parser/parser.cpp:151]   --->   Operation 118 'select' 'select_ln38' <Predicate = (icmp_ln127 & targetBlock & pps_read)> <Delay = 0.00> <CoreInst = "Sel">   --->   Core 73 'Sel' <Latency = 0> <II = 1> <Delay = 1.21> <FuncUnit> <Opcode : 'select'> <InPorts = 3> <OutPorts = 1>
ST_29 : Operation 119 [1/1] (2.55ns) (out node of the LUT)   --->   "%add_ln38 = add i32 %select_ln38, i32 %m" [/ecel/UFAD/mark.gross/fnn-gps/gps-parser/parser.cpp:38->/ecel/UFAD/mark.gross/fnn-gps/gps-parser/parser.cpp:151]   --->   Operation 119 'add' 'add_ln38' <Predicate = (icmp_ln127 & targetBlock & pps_read)> <Delay = 2.55> <CoreInst = "Adder">   --->   Core 1 'Adder' <Latency = 0> <II = 1> <Delay = 2.55> <FuncUnit> <Opcode : 'add' 'sub'> <InPorts = 2> <OutPorts = 1>
ST_29 : Operation 120 [1/1] (8.51ns)   --->   "%mul_ln38 = mul i32 %add_ln38, i32 153" [/ecel/UFAD/mark.gross/fnn-gps/gps-parser/parser.cpp:38->/ecel/UFAD/mark.gross/fnn-gps/gps-parser/parser.cpp:151]   --->   Operation 120 'mul' 'mul_ln38' <Predicate = (icmp_ln127 & targetBlock & pps_read)> <Delay = 8.51> <CoreInst = "Multiplier">   --->   Core 3 'Multiplier' <Latency = 0> <II = 1> <Delay = 8.51> <FuncUnit> <Opcode : 'mul'> <InPorts = 2> <OutPorts = 1>
ST_29 : Operation 121 [1/1] (2.55ns)   --->   "%add_ln38_1 = add i32 %mul_ln38, i32 2" [/ecel/UFAD/mark.gross/fnn-gps/gps-parser/parser.cpp:38->/ecel/UFAD/mark.gross/fnn-gps/gps-parser/parser.cpp:151]   --->   Operation 121 'add' 'add_ln38_1' <Predicate = (icmp_ln127 & targetBlock & pps_read)> <Delay = 2.55> <CoreInst = "Adder">   --->   Core 1 'Adder' <Latency = 0> <II = 1> <Delay = 2.55> <FuncUnit> <Opcode : 'add' 'sub'> <InPorts = 2> <OutPorts = 1>
ST_29 : Operation 122 [1/1] (0.00ns)   --->   "%zext_ln38 = zext i32 %add_ln38_1" [/ecel/UFAD/mark.gross/fnn-gps/gps-parser/parser.cpp:38->/ecel/UFAD/mark.gross/fnn-gps/gps-parser/parser.cpp:151]   --->   Operation 122 'zext' 'zext_ln38' <Predicate = (icmp_ln127 & targetBlock & pps_read)> <Delay = 0.00>
ST_29 : Operation 123 [1/1] (8.49ns)   --->   "%mul_ln38_1 = mul i65 %zext_ln38, i65 6871947674" [/ecel/UFAD/mark.gross/fnn-gps/gps-parser/parser.cpp:38->/ecel/UFAD/mark.gross/fnn-gps/gps-parser/parser.cpp:151]   --->   Operation 123 'mul' 'mul_ln38_1' <Predicate = (icmp_ln127 & targetBlock & pps_read)> <Delay = 8.49> <CoreInst = "Multiplier">   --->   Core 3 'Multiplier' <Latency = 0> <II = 1> <Delay = 8.49> <FuncUnit> <Opcode : 'mul'> <InPorts = 2> <OutPorts = 1>
ST_29 : Operation 124 [1/1] (0.00ns)   --->   "%tmp_10 = partselect i30 @_ssdm_op_PartSelect.i30.i65.i32.i32, i65 %mul_ln38_1, i32 35, i32 64" [/ecel/UFAD/mark.gross/fnn-gps/gps-parser/parser.cpp:38->/ecel/UFAD/mark.gross/fnn-gps/gps-parser/parser.cpp:151]   --->   Operation 124 'partselect' 'tmp_10' <Predicate = (icmp_ln127 & targetBlock & pps_read)> <Delay = 0.00>
ST_29 : Operation 125 [1/1] (0.00ns)   --->   "%zext_ln38_1 = zext i30 %tmp_10" [/ecel/UFAD/mark.gross/fnn-gps/gps-parser/parser.cpp:38->/ecel/UFAD/mark.gross/fnn-gps/gps-parser/parser.cpp:151]   --->   Operation 125 'zext' 'zext_ln38_1' <Predicate = (icmp_ln127 & targetBlock & pps_read)> <Delay = 0.00>
ST_29 : Operation 126 [1/1] (8.51ns)   --->   "%mul_ln39 = mul i32 %yoe, i32 365" [/ecel/UFAD/mark.gross/fnn-gps/gps-parser/parser.cpp:39->/ecel/UFAD/mark.gross/fnn-gps/gps-parser/parser.cpp:151]   --->   Operation 126 'mul' 'mul_ln39' <Predicate = (icmp_ln127 & targetBlock & pps_read)> <Delay = 8.51> <CoreInst = "Multiplier">   --->   Core 3 'Multiplier' <Latency = 0> <II = 1> <Delay = 8.51> <FuncUnit> <Opcode : 'mul'> <InPorts = 2> <OutPorts = 1>
ST_29 : Operation 127 [1/1] (0.00ns)   --->   "%lshr_ln = partselect i30 @_ssdm_op_PartSelect.i30.i32.i32.i32, i32 %yoe, i32 2, i32 31" [/ecel/UFAD/mark.gross/fnn-gps/gps-parser/parser.cpp:39->/ecel/UFAD/mark.gross/fnn-gps/gps-parser/parser.cpp:151]   --->   Operation 127 'partselect' 'lshr_ln' <Predicate = (icmp_ln127 & targetBlock & pps_read)> <Delay = 0.00>
ST_29 : Operation 128 [1/1] (0.00ns)   --->   "%zext_ln39 = zext i30 %lshr_ln" [/ecel/UFAD/mark.gross/fnn-gps/gps-parser/parser.cpp:39->/ecel/UFAD/mark.gross/fnn-gps/gps-parser/parser.cpp:151]   --->   Operation 128 'zext' 'zext_ln39' <Predicate = (icmp_ln127 & targetBlock & pps_read)> <Delay = 0.00>
ST_29 : Operation 129 [1/1] (0.00ns)   --->   "%zext_ln39_1 = zext i32 %yoe" [/ecel/UFAD/mark.gross/fnn-gps/gps-parser/parser.cpp:39->/ecel/UFAD/mark.gross/fnn-gps/gps-parser/parser.cpp:151]   --->   Operation 129 'zext' 'zext_ln39_1' <Predicate = (icmp_ln127 & targetBlock & pps_read)> <Delay = 0.00>
ST_29 : Operation 130 [1/1] (8.49ns)   --->   "%mul_ln39_1 = mul i65 %zext_ln39_1, i65 5497558139" [/ecel/UFAD/mark.gross/fnn-gps/gps-parser/parser.cpp:39->/ecel/UFAD/mark.gross/fnn-gps/gps-parser/parser.cpp:151]   --->   Operation 130 'mul' 'mul_ln39_1' <Predicate = (icmp_ln127 & targetBlock & pps_read)> <Delay = 8.49> <CoreInst = "Multiplier">   --->   Core 3 'Multiplier' <Latency = 0> <II = 1> <Delay = 8.49> <FuncUnit> <Opcode : 'mul'> <InPorts = 2> <OutPorts = 1>
ST_29 : Operation 131 [1/1] (0.00ns)   --->   "%tmp_11 = partselect i26 @_ssdm_op_PartSelect.i26.i65.i32.i32, i65 %mul_ln39_1, i32 39, i32 64" [/ecel/UFAD/mark.gross/fnn-gps/gps-parser/parser.cpp:39->/ecel/UFAD/mark.gross/fnn-gps/gps-parser/parser.cpp:151]   --->   Operation 131 'partselect' 'tmp_11' <Predicate = (icmp_ln127 & targetBlock & pps_read)> <Delay = 0.00>
ST_29 : Operation 132 [1/1] (0.00ns)   --->   "%zext_ln39_2 = zext i26 %tmp_11" [/ecel/UFAD/mark.gross/fnn-gps/gps-parser/parser.cpp:39->/ecel/UFAD/mark.gross/fnn-gps/gps-parser/parser.cpp:151]   --->   Operation 132 'zext' 'zext_ln39_2' <Predicate = (icmp_ln127 & targetBlock & pps_read)> <Delay = 0.00>
ST_29 : Operation 133 [1/1] (6.91ns)   --->   "%mul_ln40 = mul i32 %era, i32 146097" [/ecel/UFAD/mark.gross/fnn-gps/gps-parser/parser.cpp:40->/ecel/UFAD/mark.gross/fnn-gps/gps-parser/parser.cpp:151]   --->   Operation 133 'mul' 'mul_ln40' <Predicate = (icmp_ln127 & targetBlock & pps_read)> <Delay = 6.91> <CoreInst = "Multiplier">   --->   Core 3 'Multiplier' <Latency = 0> <II = 1> <Delay = 6.91> <FuncUnit> <Opcode : 'mul'> <InPorts = 2> <OutPorts = 1>
ST_29 : Operation 134 [1/1] (2.55ns)   --->   "%add_ln39_1 = add i32 %d, i32 %zext_ln38_1" [/ecel/UFAD/mark.gross/fnn-gps/gps-parser/parser.cpp:39->/ecel/UFAD/mark.gross/fnn-gps/gps-parser/parser.cpp:151]   --->   Operation 134 'add' 'add_ln39_1' <Predicate = (icmp_ln127 & targetBlock & pps_read)> <Delay = 2.55> <CoreInst = "Adder">   --->   Core 1 'Adder' <Latency = 0> <II = 1> <Delay = 2.55> <FuncUnit> <Opcode : 'add' 'sub'> <InPorts = 2> <OutPorts = 1>
ST_29 : Operation 135 [1/1] (2.55ns)   --->   "%add_ln39_2 = add i32 %mul_ln40, i32 4294967295" [/ecel/UFAD/mark.gross/fnn-gps/gps-parser/parser.cpp:39->/ecel/UFAD/mark.gross/fnn-gps/gps-parser/parser.cpp:151]   --->   Operation 135 'add' 'add_ln39_2' <Predicate = (icmp_ln127 & targetBlock & pps_read)> <Delay = 2.55> <CoreInst = "Adder">   --->   Core 1 'Adder' <Latency = 0> <II = 1> <Delay = 2.55> <FuncUnit> <Opcode : 'add' 'sub'> <InPorts = 2> <OutPorts = 1>
ST_29 : Operation 136 [1/1] (0.00ns) (grouped into TernaryAdder)   --->   "%add_ln39 = add i32 %add_ln39_2, i32 %add_ln39_1" [/ecel/UFAD/mark.gross/fnn-gps/gps-parser/parser.cpp:39->/ecel/UFAD/mark.gross/fnn-gps/gps-parser/parser.cpp:151]   --->   Operation 136 'add' 'add_ln39' <Predicate = (icmp_ln127 & targetBlock & pps_read)> <Delay = 0.00> <CoreInst = "TAddSub">   --->   Core 10 'TAddSub' <Latency = 0> <II = 1> <Delay = 2.18> <IPBlock> <Opcode : '' 'add' 'sub'> <InPorts = 3> <OutPorts = 1> <Sync> <CReg>
ST_29 : Operation 137 [1/1] (4.37ns) (root node of TernaryAdder)   --->   "%sub_ln39 = sub i32 %add_ln39, i32 %zext_ln39_2" [/ecel/UFAD/mark.gross/fnn-gps/gps-parser/parser.cpp:39->/ecel/UFAD/mark.gross/fnn-gps/gps-parser/parser.cpp:151]   --->   Operation 137 'sub' 'sub_ln39' <Predicate = (icmp_ln127 & targetBlock & pps_read)> <Delay = 4.37> <CoreInst = "TAddSub">   --->   Core 10 'TAddSub' <Latency = 0> <II = 1> <Delay = 2.18> <IPBlock> <Opcode : '' 'add' 'sub'> <InPorts = 3> <OutPorts = 1> <Sync> <CReg>
ST_29 : Operation 138 [1/1] (0.00ns) (grouped into TernaryAdder)   --->   "%add_ln40_1 = add i32 %zext_ln39, i32 %mul_ln39" [/ecel/UFAD/mark.gross/fnn-gps/gps-parser/parser.cpp:40->/ecel/UFAD/mark.gross/fnn-gps/gps-parser/parser.cpp:151]   --->   Operation 138 'add' 'add_ln40_1' <Predicate = (icmp_ln127 & targetBlock & pps_read)> <Delay = 0.00> <CoreInst = "TAddSub">   --->   Core 10 'TAddSub' <Latency = 0> <II = 1> <Delay = 2.18> <IPBlock> <Opcode : '' 'add' 'sub'> <InPorts = 3> <OutPorts = 1> <Sync> <CReg>
ST_29 : Operation 139 [1/1] (4.37ns) (root node of TernaryAdder)   --->   "%add_ln40 = add i32 %add_ln40_1, i32 %sub_ln39" [/ecel/UFAD/mark.gross/fnn-gps/gps-parser/parser.cpp:40->/ecel/UFAD/mark.gross/fnn-gps/gps-parser/parser.cpp:151]   --->   Operation 139 'add' 'add_ln40' <Predicate = (icmp_ln127 & targetBlock & pps_read)> <Delay = 4.37> <CoreInst = "TAddSub">   --->   Core 10 'TAddSub' <Latency = 0> <II = 1> <Delay = 2.18> <IPBlock> <Opcode : '' 'add' 'sub'> <InPorts = 3> <OutPorts = 1> <Sync> <CReg>
ST_29 : Operation 140 [1/1] (8.51ns)   --->   "%mul_ln151 = mul i32 %add_ln40, i32 86400" [/ecel/UFAD/mark.gross/fnn-gps/gps-parser/parser.cpp:151]   --->   Operation 140 'mul' 'mul_ln151' <Predicate = (icmp_ln127 & targetBlock & pps_read)> <Delay = 8.51> <CoreInst = "Multiplier">   --->   Core 3 'Multiplier' <Latency = 0> <II = 1> <Delay = 8.51> <FuncUnit> <Opcode : 'mul'> <InPorts = 2> <OutPorts = 1>
ST_29 : Operation 141 [1/1] (0.00ns) (grouped into TernaryAdder)   --->   "%add_ln151 = add i32 %mul_ln151, i32 2262474240" [/ecel/UFAD/mark.gross/fnn-gps/gps-parser/parser.cpp:151]   --->   Operation 141 'add' 'add_ln151' <Predicate = (icmp_ln127 & targetBlock & pps_read)> <Delay = 0.00> <CoreInst = "TAddSub">   --->   Core 10 'TAddSub' <Latency = 0> <II = 1> <Delay = 2.18> <IPBlock> <Opcode : '' 'add' 'sub'> <InPorts = 3> <OutPorts = 1> <Sync> <CReg>
ST_29 : Operation 142 [1/1] (4.37ns) (root node of TernaryAdder)   --->   "%add_ln151_1 = add i32 %add_ln151, i32 %add_ln146_1" [/ecel/UFAD/mark.gross/fnn-gps/gps-parser/parser.cpp:151]   --->   Operation 142 'add' 'add_ln151_1' <Predicate = (icmp_ln127 & targetBlock & pps_read)> <Delay = 4.37> <CoreInst = "TAddSub">   --->   Core 10 'TAddSub' <Latency = 0> <II = 1> <Delay = 2.18> <IPBlock> <Opcode : '' 'add' 'sub'> <InPorts = 3> <OutPorts = 1> <Sync> <CReg>
ST_29 : Operation 143 [1/1] (0.00ns)   --->   "%or_ln = bitconcatenate i320 @_ssdm_op_BitConcatenate.i320.i32.i32.i32.i32.i32.i32.i32.i32.i32.i32, i32 %add_ln151_1, i32 %add_ln146_1, i32 %bitcast_ln149, i32 %bitcast_ln148, i32 %y, i32 %m, i32 %d, i32 %tmp_1, i32 %tmp_s, i32 %tmp_9" [/ecel/UFAD/mark.gross/fnn-gps/gps-parser/parser.cpp:151]   --->   Operation 143 'bitconcatenate' 'or_ln' <Predicate = (icmp_ln127 & targetBlock & pps_read)> <Delay = 0.00>
ST_29 : Operation 144 [1/1] (0.00ns)   --->   "%write_ln152 = write void @_ssdm_op_Write.ap_auto.i1P0A, i1 %data_valid, i1 1" [/ecel/UFAD/mark.gross/fnn-gps/gps-parser/parser.cpp:152]   --->   Operation 144 'write' 'write_ln152' <Predicate = (icmp_ln127 & targetBlock & pps_read)> <Delay = 0.00>
ST_29 : Operation 145 [1/1] (1.58ns)   --->   "%br_ln153 = br void %mergeST" [/ecel/UFAD/mark.gross/fnn-gps/gps-parser/parser.cpp:153]   --->   Operation 145 'br' 'br_ln153' <Predicate = (icmp_ln127 & targetBlock & pps_read)> <Delay = 1.58>
ST_29 : Operation 146 [1/1] (0.00ns)   --->   "%gd_new_0 = phi i320 %or_ln, void %for.inc22.preheader, i320 0, void %if.end, i320 0, void %land.end, i320 0, void %for.body.i.preheader" [/ecel/UFAD/mark.gross/fnn-gps/gps-parser/parser.cpp:151]   --->   Operation 146 'phi' 'gd_new_0' <Predicate = true> <Delay = 0.00>
ST_29 : Operation 147 [1/1] (0.00ns)   --->   "%write_ln128 = write void @_ssdm_op_Write.ap_auto.i320P0A, i320 %gd, i320 %gd_new_0" [/ecel/UFAD/mark.gross/fnn-gps/gps-parser/parser.cpp:128]   --->   Operation 147 'write' 'write_ln128' <Predicate = true> <Delay = 0.00>
ST_29 : Operation 148 [1/1] (0.00ns)   --->   "%ret_ln153 = ret" [/ecel/UFAD/mark.gross/fnn-gps/gps-parser/parser.cpp:153]   --->   Operation 148 'ret' 'ret_ln153' <Predicate = true> <Delay = 0.00>


============================================================
+ Verbose Summary: Timing violations
============================================================
Target clock period: 100.000ns, clock uncertainty: 27.000ns.

 <State 1>: 0.000ns
The critical path consists of the following:

 <State 2>: 0.000ns
The critical path consists of the following:

 <State 3>: 2.322ns
The critical path consists of the following:
	'load' operation 8 bit ('msg_shift_load', /ecel/UFAD/mark.gross/fnn-gps/gps-parser/parser.cpp:127) on array 'msg_shift' [22]  (2.322 ns)

 <State 4>: 7.413ns
The critical path consists of the following:
	'load' operation 8 bit ('msg_shift_load', /ecel/UFAD/mark.gross/fnn-gps/gps-parser/parser.cpp:127) on array 'msg_shift' [22]  (2.322 ns)
	multiplexor before 'phi' operation 8 bit ('empty', /ecel/UFAD/mark.gross/fnn-gps/gps-parser/parser.cpp:127) with incoming values : ('msg_shift_load', /ecel/UFAD/mark.gross/fnn-gps/gps-parser/parser.cpp:127) ('msg_read', /ecel/UFAD/mark.gross/fnn-gps/gps-parser/parser.cpp:124) [29]  (1.588 ns)
	'phi' operation 8 bit ('empty', /ecel/UFAD/mark.gross/fnn-gps/gps-parser/parser.cpp:127) with incoming values : ('msg_shift_load', /ecel/UFAD/mark.gross/fnn-gps/gps-parser/parser.cpp:127) ('msg_read', /ecel/UFAD/mark.gross/fnn-gps/gps-parser/parser.cpp:124) [29]  (0.000 ns)
	'icmp' operation 1 bit ('icmp_ln127', /ecel/UFAD/mark.gross/fnn-gps/gps-parser/parser.cpp:127) [30]  (1.915 ns)
	multiplexor before 'phi' operation 320 bit ('gd_new_0', /ecel/UFAD/mark.gross/fnn-gps/gps-parser/parser.cpp:151) with incoming values : ('or_ln', /ecel/UFAD/mark.gross/fnn-gps/gps-parser/parser.cpp:151) [117]  (1.588 ns)

 <State 5>: 2.322ns
The critical path consists of the following:
	axis read operation ('msg_read', /ecel/UFAD/mark.gross/fnn-gps/gps-parser/parser.cpp:124) on port 'msg' (/ecel/UFAD/mark.gross/fnn-gps/gps-parser/parser.cpp:124) [25]  (0.000 ns)
	'store' operation 0 bit ('store_ln124', /ecel/UFAD/mark.gross/fnn-gps/gps-parser/parser.cpp:124) of variable 'msg_read', /ecel/UFAD/mark.gross/fnn-gps/gps-parser/parser.cpp:124 on array 'msg_shift' [26]  (2.322 ns)

 <State 6>: 0.000ns
The critical path consists of the following:

 <State 7>: 7.413ns
The critical path consists of the following:
	'call' operation 1 bit ('targetBlock') to 'gps_translation_Pipeline_VITIS_LOOP_23_1' [33]  (5.825 ns)
	multiplexor before 'phi' operation 320 bit ('gd_new_0', /ecel/UFAD/mark.gross/fnn-gps/gps-parser/parser.cpp:151) with incoming values : ('or_ln', /ecel/UFAD/mark.gross/fnn-gps/gps-parser/parser.cpp:151) [117]  (1.588 ns)

 <State 8>: 0.000ns
The critical path consists of the following:

 <State 9>: 0.000ns
The critical path consists of the following:

 <State 10>: 2.759ns
The critical path consists of the following:
	'call' operation 7 bit ('ts_str', /ecel/UFAD/mark.gross/fnn-gps/gps-parser/parser.cpp:137) to 'hls_get_field_from_nmea' [39]  (2.759 ns)

 <State 11>: 0.000ns
The critical path consists of the following:

 <State 12>: 2.759ns
The critical path consists of the following:
	'call' operation 7 bit ('date_str', /ecel/UFAD/mark.gross/fnn-gps/gps-parser/parser.cpp:138) to 'hls_get_field_from_nmea' [40]  (2.759 ns)

 <State 13>: 0.000ns
The critical path consists of the following:

 <State 14>: 4.192ns
The critical path consists of the following:
	'call' operation 32 bit ('tmp_9', /ecel/UFAD/mark.gross/fnn-gps/gps-parser/parser.cpp:140) to 'hls_atoi_w_len' [41]  (4.192 ns)

 <State 15>: 3.250ns
The critical path consists of the following:
	'call' operation 32 bit ('tmp_9', /ecel/UFAD/mark.gross/fnn-gps/gps-parser/parser.cpp:140) to 'hls_atoi_w_len' [41]  (3.250 ns)

 <State 16>: 6.062ns
The critical path consists of the following:
	'add' operation 7 bit ('add_ln141', /ecel/UFAD/mark.gross/fnn-gps/gps-parser/parser.cpp:141) [42]  (1.870 ns)
	'call' operation 32 bit ('tmp_s', /ecel/UFAD/mark.gross/fnn-gps/gps-parser/parser.cpp:141) to 'hls_atoi_w_len' [43]  (4.192 ns)

 <State 17>: 7.562ns
The critical path consists of the following:
	'call' operation 32 bit ('tmp_s', /ecel/UFAD/mark.gross/fnn-gps/gps-parser/parser.cpp:141) to 'hls_atoi_w_len' [43]  (3.250 ns)
	'add' operation 30 bit ('add_ln146', /ecel/UFAD/mark.gross/fnn-gps/gps-parser/parser.cpp:146) [58]  (4.312 ns)

 <State 18>: 6.062ns
The critical path consists of the following:
	'add' operation 7 bit ('add_ln142', /ecel/UFAD/mark.gross/fnn-gps/gps-parser/parser.cpp:142) [45]  (1.870 ns)
	'call' operation 32 bit ('tmp_1', /ecel/UFAD/mark.gross/fnn-gps/gps-parser/parser.cpp:142) to 'hls_atoi_w_len' [46]  (4.192 ns)

 <State 19>: 7.621ns
The critical path consists of the following:
	'call' operation 32 bit ('tmp_1', /ecel/UFAD/mark.gross/fnn-gps/gps-parser/parser.cpp:142) to 'hls_atoi_w_len' [46]  (3.250 ns)
	'add' operation 32 bit ('add_ln146_1', /ecel/UFAD/mark.gross/fnn-gps/gps-parser/parser.cpp:146) [63]  (4.371 ns)

 <State 20>: 4.192ns
The critical path consists of the following:
	'call' operation 32 bit ('d', /ecel/UFAD/mark.gross/fnn-gps/gps-parser/parser.cpp:143) to 'hls_atoi_w_len' [47]  (4.192 ns)

 <State 21>: 3.250ns
The critical path consists of the following:
	'call' operation 32 bit ('d', /ecel/UFAD/mark.gross/fnn-gps/gps-parser/parser.cpp:143) to 'hls_atoi_w_len' [47]  (3.250 ns)

 <State 22>: 6.062ns
The critical path consists of the following:
	'add' operation 7 bit ('add_ln144', /ecel/UFAD/mark.gross/fnn-gps/gps-parser/parser.cpp:144) [48]  (1.870 ns)
	'call' operation 32 bit ('m', /ecel/UFAD/mark.gross/fnn-gps/gps-parser/parser.cpp:144) to 'hls_atoi_w_len' [49]  (4.192 ns)

 <State 23>: 3.250ns
The critical path consists of the following:
	'call' operation 32 bit ('m', /ecel/UFAD/mark.gross/fnn-gps/gps-parser/parser.cpp:144) to 'hls_atoi_w_len' [49]  (3.250 ns)

 <State 24>: 6.062ns
The critical path consists of the following:
	'add' operation 7 bit ('add_ln145', /ecel/UFAD/mark.gross/fnn-gps/gps-parser/parser.cpp:145) [50]  (1.870 ns)
	'call' operation 32 bit ('tmp_2', /ecel/UFAD/mark.gross/fnn-gps/gps-parser/parser.cpp:145) to 'hls_atoi_w_len' [51]  (4.192 ns)

 <State 25>: 3.250ns
The critical path consists of the following:
	'call' operation 32 bit ('tmp_2', /ecel/UFAD/mark.gross/fnn-gps/gps-parser/parser.cpp:145) to 'hls_atoi_w_len' [51]  (3.250 ns)

 <State 26>: 0.000ns
The critical path consists of the following:

 <State 27>: 56.530ns
The critical path consists of the following:
	'call' operation 32 bit ('tmp_3', /ecel/UFAD/mark.gross/fnn-gps/gps-parser/parser.cpp:148) to 'hls_get_coordinate' [64]  (56.530 ns)

 <State 28>: 0.000ns
The critical path consists of the following:

 <State 29>: 64.652ns
The critical path consists of the following:
	'add' operation 32 bit ('y', /ecel/UFAD/mark.gross/fnn-gps/gps-parser/parser.cpp:145) [52]  (2.552 ns)
	'sub' operation 32 bit ('sub_ln35', /ecel/UFAD/mark.gross/fnn-gps/gps-parser/parser.cpp:35->/ecel/UFAD/mark.gross/fnn-gps/gps-parser/parser.cpp:151) [70]  (2.552 ns)
	'add' operation 32 bit ('add_ln36', /ecel/UFAD/mark.gross/fnn-gps/gps-parser/parser.cpp:36->/ecel/UFAD/mark.gross/fnn-gps/gps-parser/parser.cpp:151) [72]  (2.552 ns)
	'select' operation 32 bit ('select_ln36', /ecel/UFAD/mark.gross/fnn-gps/gps-parser/parser.cpp:36->/ecel/UFAD/mark.gross/fnn-gps/gps-parser/parser.cpp:151) [73]  (0.698 ns)
	'mul' operation 65 bit ('mul_ln36', /ecel/UFAD/mark.gross/fnn-gps/gps-parser/parser.cpp:36->/ecel/UFAD/mark.gross/fnn-gps/gps-parser/parser.cpp:151) [75]  (8.495 ns)
	'sub' operation 65 bit ('sub_ln36', /ecel/UFAD/mark.gross/fnn-gps/gps-parser/parser.cpp:36->/ecel/UFAD/mark.gross/fnn-gps/gps-parser/parser.cpp:151) [76]  (3.549 ns)
	'select' operation 24 bit ('select_ln36_2', /ecel/UFAD/mark.gross/fnn-gps/gps-parser/parser.cpp:36->/ecel/UFAD/mark.gross/fnn-gps/gps-parser/parser.cpp:151) [81]  (0.000 ns)
	'sub' operation 32 bit ('sub_ln36_1', /ecel/UFAD/mark.gross/fnn-gps/gps-parser/parser.cpp:36->/ecel/UFAD/mark.gross/fnn-gps/gps-parser/parser.cpp:151) [83]  (2.314 ns)
	'select' operation 32 bit ('era', /ecel/UFAD/mark.gross/fnn-gps/gps-parser/parser.cpp:36->/ecel/UFAD/mark.gross/fnn-gps/gps-parser/parser.cpp:151) [84]  (0.766 ns)
	'mul' operation 32 bit ('mul_ln37', /ecel/UFAD/mark.gross/fnn-gps/gps-parser/parser.cpp:37->/ecel/UFAD/mark.gross/fnn-gps/gps-parser/parser.cpp:151) [85]  (6.915 ns)
	'add' operation 32 bit ('yoe', /ecel/UFAD/mark.gross/fnn-gps/gps-parser/parser.cpp:37->/ecel/UFAD/mark.gross/fnn-gps/gps-parser/parser.cpp:151) [86]  (2.552 ns)
	'mul' operation 65 bit ('mul_ln39_1', /ecel/UFAD/mark.gross/fnn-gps/gps-parser/parser.cpp:39->/ecel/UFAD/mark.gross/fnn-gps/gps-parser/parser.cpp:151) [100]  (8.495 ns)
	'sub' operation 32 bit ('sub_ln39', /ecel/UFAD/mark.gross/fnn-gps/gps-parser/parser.cpp:39->/ecel/UFAD/mark.gross/fnn-gps/gps-parser/parser.cpp:151) [107]  (4.371 ns)
	'add' operation 32 bit ('add_ln40', /ecel/UFAD/mark.gross/fnn-gps/gps-parser/parser.cpp:40->/ecel/UFAD/mark.gross/fnn-gps/gps-parser/parser.cpp:151) [109]  (4.371 ns)
	'mul' operation 32 bit ('mul_ln151', /ecel/UFAD/mark.gross/fnn-gps/gps-parser/parser.cpp:151) [110]  (8.510 ns)
	'add' operation 32 bit ('add_ln151', /ecel/UFAD/mark.gross/fnn-gps/gps-parser/parser.cpp:151) [111]  (0.000 ns)
	'add' operation 32 bit ('add_ln151_1', /ecel/UFAD/mark.gross/fnn-gps/gps-parser/parser.cpp:151) [112]  (4.371 ns)
	multiplexor before 'phi' operation 320 bit ('gd_new_0', /ecel/UFAD/mark.gross/fnn-gps/gps-parser/parser.cpp:151) with incoming values : ('or_ln', /ecel/UFAD/mark.gross/fnn-gps/gps-parser/parser.cpp:151) [117]  (1.588 ns)
	'phi' operation 320 bit ('gd_new_0', /ecel/UFAD/mark.gross/fnn-gps/gps-parser/parser.cpp:151) with incoming values : ('or_ln', /ecel/UFAD/mark.gross/fnn-gps/gps-parser/parser.cpp:151) [117]  (0.000 ns)


============================================================
+ Verbose Summary: Binding
============================================================
N/A
* FSMD analyzer results:
  - Output states:
 - Input state : 
  - Chain level:
	State 1
	State 2
	State 3
	State 4
	State 5
	State 6
	State 7
	State 8
	State 9
	State 10
	State 11
	State 12
	State 13
	State 14
	State 15
	State 16
	State 17
	State 18
	State 19
	State 20
	State 21
	State 22
	State 23
	State 24
	State 25
	State 26
	State 27
	State 28
	State 29


============================================================
+ Verbose Summary: Datapath Resource usage 
============================================================
N/A
