

================================================================
== Vitis HLS Report for 'gps_translation_Pipeline_shift_loop'
================================================================
* Date:           Sat Nov 16 22:45:34 2024

* Version:        2023.2.1 (Build 4070103 on Dec 13 2023)
* Project:        gps-parser
* Solution:       hls (Vivado IP Flow Target)
* Product family: zynq
* Target device:  xc7z020-clg400-1


================================================================
== Performance Estimates
================================================================
+ Timing: 
    * Summary: 
    +--------+---------+----------+------------+
    |  Clock |  Target | Estimated| Uncertainty|
    +--------+---------+----------+------------+
    |ap_clk  |  0.10 us|  5.780 ns|    27.00 ns|
    +--------+---------+----------+------------+

+ Latency: 
    * Summary: 
    +---------+---------+----------+----------+-----+-----+---------+
    |  Latency (cycles) |  Latency (absolute) |  Interval | Pipeline|
    |   min   |   max   |    min   |    max   | min | max |   Type  |
    +---------+---------+----------+----------+-----+-----+---------+
    |       83|       83|  8.300 us|  8.300 us|   83|   83|       no|
    +---------+---------+----------+----------+-----+-----+---------+

    + Detail: 
        * Instance: 
        N/A

        * Loop: 
        +--------------+---------+---------+----------+-----------+-----------+------+----------+
        |              |  Latency (cycles) | Iteration|  Initiation Interval  | Trip |          |
        |   Loop Name  |   min   |   max   |  Latency |  achieved |   target  | Count| Pipelined|
        +--------------+---------+---------+----------+-----------+-----------+------+----------+
        |- shift_loop  |       81|       81|         2|          1|          1|    81|       yes|
        +--------------+---------+---------+----------+-----------+-----------+------+----------+

============================================================
+ Verbose Summary: Synthesis Manager
============================================================
InlineROM: 1
ExposeGlobal: 0
============================================================
+ Verbose Summary: CDFG Model
============================================================
IsTopModel: 0
ResetActiveHigh: 1
IsCombinational: 0
IsDatapathOnly: 0
HasWiredReturn: 1
HasMFsm: 2
HasVarLatency: 1
IsPipeline: 0
IsRtlPipelined: 0
IsInstanceOverlapped: 0
IsDontTouch: 0
HasImplIP: 0
IsGatedGlobalClock: 0

+ Individual pipeline summary: 
  * Pipeline-0: initiation interval (II) = 1, depth = 2


============================================================
+ Verbose Summary: Schedule
============================================================
* Number of FSM states : 2
* Pipeline : 1
  Pipeline-0 : II = 1, D = 2, States = { 1 2 }
* Dataflow Pipeline: 0

* FSM state transitions: 
1 --> 2 
2 --> 

* FSM state operations: 

State 1 <SV = 0> <Delay = 5.78>
ST_1 : Operation 5 [1/1] (0.00ns)   --->   "%j = alloca i32 1" [/ecel/UFAD/mark.gross/fnn-gps/gps-parser/parser.cpp:121]   --->   Operation 5 'alloca' 'j' <Predicate = true> <Delay = 0.00>
ST_1 : Operation 6 [1/1] (1.58ns)   --->   "%store_ln121 = store i7 81, i7 %j" [/ecel/UFAD/mark.gross/fnn-gps/gps-parser/parser.cpp:121]   --->   Operation 6 'store' 'store_ln121' <Predicate = true> <Delay = 1.58>
ST_1 : Operation 7 [1/1] (0.00ns)   --->   "%br_ln0 = br void %for.inc"   --->   Operation 7 'br' 'br_ln0' <Predicate = true> <Delay = 0.00>
ST_1 : Operation 8 [1/1] (0.00ns)   --->   "%j_1 = load i7 %j" [/ecel/UFAD/mark.gross/fnn-gps/gps-parser/parser.cpp:122]   --->   Operation 8 'load' 'j_1' <Predicate = true> <Delay = 0.00>
ST_1 : Operation 9 [1/1] (1.87ns)   --->   "%icmp_ln121 = icmp_eq  i7 %j_1, i7 0" [/ecel/UFAD/mark.gross/fnn-gps/gps-parser/parser.cpp:121]   --->   Operation 9 'icmp' 'icmp_ln121' <Predicate = true> <Delay = 1.87> <CoreInst = "Cmp">   --->   Core 9 'Cmp' <Latency = 0> <II = 1> <Delay = 1.87> <FuncUnit> <Opcode : 'icmp'> <InPorts = 2> <OutPorts = 1>
ST_1 : Operation 10 [1/1] (0.00ns)   --->   "%br_ln121 = br i1 %icmp_ln121, void %for.inc.split, void %for.end.exitStub" [/ecel/UFAD/mark.gross/fnn-gps/gps-parser/parser.cpp:121]   --->   Operation 10 'br' 'br_ln121' <Predicate = true> <Delay = 0.00>
ST_1 : Operation 11 [1/1] (1.87ns)   --->   "%add_ln122 = add i7 %j_1, i7 127" [/ecel/UFAD/mark.gross/fnn-gps/gps-parser/parser.cpp:122]   --->   Operation 11 'add' 'add_ln122' <Predicate = (!icmp_ln121)> <Delay = 1.87> <CoreInst = "Adder">   --->   Core 1 'Adder' <Latency = 0> <II = 1> <Delay = 1.87> <FuncUnit> <Opcode : 'add' 'sub'> <InPorts = 2> <OutPorts = 1>
ST_1 : Operation 12 [1/1] (0.00ns)   --->   "%zext_ln122 = zext i7 %add_ln122" [/ecel/UFAD/mark.gross/fnn-gps/gps-parser/parser.cpp:122]   --->   Operation 12 'zext' 'zext_ln122' <Predicate = (!icmp_ln121)> <Delay = 0.00>
ST_1 : Operation 13 [1/1] (0.00ns)   --->   "%msg_shift_addr = getelementptr i8 %msg_shift, i64 0, i64 %zext_ln122" [/ecel/UFAD/mark.gross/fnn-gps/gps-parser/parser.cpp:122]   --->   Operation 13 'getelementptr' 'msg_shift_addr' <Predicate = (!icmp_ln121)> <Delay = 0.00>
ST_1 : Operation 14 [2/2] (2.32ns)   --->   "%msg_shift_load = load i7 %msg_shift_addr" [/ecel/UFAD/mark.gross/fnn-gps/gps-parser/parser.cpp:122]   --->   Operation 14 'load' 'msg_shift_load' <Predicate = (!icmp_ln121)> <Delay = 2.32> <CoreInst = "RAM">   --->   Core 82 'RAM' <Latency = 1> <II = 1> <Delay = 2.32> <Storage> <Opcode : 'load' 'store'> <Ports = 2> <Width = 8> <Depth = 82> <RAM>
ST_1 : Operation 15 [1/1] (1.58ns)   --->   "%store_ln121 = store i7 %add_ln122, i7 %j" [/ecel/UFAD/mark.gross/fnn-gps/gps-parser/parser.cpp:121]   --->   Operation 15 'store' 'store_ln121' <Predicate = (!icmp_ln121)> <Delay = 1.58>
ST_1 : Operation 24 [1/1] (0.00ns)   --->   "%ret_ln0 = ret"   --->   Operation 24 'ret' 'ret_ln0' <Predicate = (icmp_ln121)> <Delay = 0.00>

State 2 <SV = 1> <Delay = 4.64>
ST_2 : Operation 16 [1/1] (0.00ns)   --->   "%zext_ln121 = zext i7 %j_1" [/ecel/UFAD/mark.gross/fnn-gps/gps-parser/parser.cpp:121]   --->   Operation 16 'zext' 'zext_ln121' <Predicate = true> <Delay = 0.00>
ST_2 : Operation 17 [1/1] (0.00ns)   --->   "%specpipeline_ln121 = specpipeline void @_ssdm_op_SpecPipeline, i32 4294967295, i32 0, i32 0, i32 0, void @empty_1" [/ecel/UFAD/mark.gross/fnn-gps/gps-parser/parser.cpp:121]   --->   Operation 17 'specpipeline' 'specpipeline_ln121' <Predicate = true> <Delay = 0.00>
ST_2 : Operation 18 [1/1] (0.00ns)   --->   "%speclooptripcount_ln121 = speclooptripcount void @_ssdm_op_SpecLoopTripCount, i64 81, i64 81, i64 81" [/ecel/UFAD/mark.gross/fnn-gps/gps-parser/parser.cpp:121]   --->   Operation 18 'speclooptripcount' 'speclooptripcount_ln121' <Predicate = true> <Delay = 0.00>
ST_2 : Operation 19 [1/1] (0.00ns)   --->   "%specloopname_ln121 = specloopname void @_ssdm_op_SpecLoopName, void @empty_6" [/ecel/UFAD/mark.gross/fnn-gps/gps-parser/parser.cpp:121]   --->   Operation 19 'specloopname' 'specloopname_ln121' <Predicate = true> <Delay = 0.00>
ST_2 : Operation 20 [1/2] (2.32ns)   --->   "%msg_shift_load = load i7 %msg_shift_addr" [/ecel/UFAD/mark.gross/fnn-gps/gps-parser/parser.cpp:122]   --->   Operation 20 'load' 'msg_shift_load' <Predicate = true> <Delay = 2.32> <CoreInst = "RAM">   --->   Core 82 'RAM' <Latency = 1> <II = 1> <Delay = 2.32> <Storage> <Opcode : 'load' 'store'> <Ports = 2> <Width = 8> <Depth = 82> <RAM>
ST_2 : Operation 21 [1/1] (0.00ns)   --->   "%msg_shift_addr_1 = getelementptr i8 %msg_shift, i64 0, i64 %zext_ln121" [/ecel/UFAD/mark.gross/fnn-gps/gps-parser/parser.cpp:122]   --->   Operation 21 'getelementptr' 'msg_shift_addr_1' <Predicate = true> <Delay = 0.00>
ST_2 : Operation 22 [1/1] (2.32ns)   --->   "%store_ln122 = store i8 %msg_shift_load, i7 %msg_shift_addr_1" [/ecel/UFAD/mark.gross/fnn-gps/gps-parser/parser.cpp:122]   --->   Operation 22 'store' 'store_ln122' <Predicate = true> <Delay = 2.32> <CoreInst = "RAM">   --->   Core 82 'RAM' <Latency = 1> <II = 1> <Delay = 2.32> <Storage> <Opcode : 'load' 'store'> <Ports = 2> <Width = 8> <Depth = 82> <RAM>
ST_2 : Operation 23 [1/1] (0.00ns)   --->   "%br_ln121 = br void %for.inc" [/ecel/UFAD/mark.gross/fnn-gps/gps-parser/parser.cpp:121]   --->   Operation 23 'br' 'br_ln121' <Predicate = true> <Delay = 0.00>


============================================================
+ Verbose Summary: Timing violations
============================================================
Target clock period: 100.000ns, clock uncertainty: 27.000ns.

 <State 1>: 5.780ns
The critical path consists of the following:
	'store' operation 0 bit ('store_ln121', /ecel/UFAD/mark.gross/fnn-gps/gps-parser/parser.cpp:121) of constant 81 on local variable 'j', /ecel/UFAD/mark.gross/fnn-gps/gps-parser/parser.cpp:121 [3]  (1.588 ns)
	'load' operation 7 bit ('j', /ecel/UFAD/mark.gross/fnn-gps/gps-parser/parser.cpp:122) on local variable 'j', /ecel/UFAD/mark.gross/fnn-gps/gps-parser/parser.cpp:121 [6]  (0.000 ns)
	'add' operation 7 bit ('add_ln122', /ecel/UFAD/mark.gross/fnn-gps/gps-parser/parser.cpp:122) [14]  (1.870 ns)
	'getelementptr' operation 7 bit ('msg_shift_addr', /ecel/UFAD/mark.gross/fnn-gps/gps-parser/parser.cpp:122) [16]  (0.000 ns)
	'load' operation 8 bit ('msg_shift_load', /ecel/UFAD/mark.gross/fnn-gps/gps-parser/parser.cpp:122) on array 'msg_shift' [17]  (2.322 ns)

 <State 2>: 4.644ns
The critical path consists of the following:
	'load' operation 8 bit ('msg_shift_load', /ecel/UFAD/mark.gross/fnn-gps/gps-parser/parser.cpp:122) on array 'msg_shift' [17]  (2.322 ns)
	'store' operation 0 bit ('store_ln122', /ecel/UFAD/mark.gross/fnn-gps/gps-parser/parser.cpp:122) of variable 'msg_shift_load', /ecel/UFAD/mark.gross/fnn-gps/gps-parser/parser.cpp:122 on array 'msg_shift' [19]  (2.322 ns)


============================================================
+ Verbose Summary: Binding
============================================================
N/A
* FSMD analyzer results:
  - Output states:
 - Input state : 
  - Chain level:
	State 1
	State 2


============================================================
+ Verbose Summary: Datapath Resource usage 
============================================================
N/A
