

================================================================
== Vitis HLS Report for 'hls_get_coordinate_1'
================================================================
* Date:           Sat Nov 16 22:45:37 2024

* Version:        2023.2.1 (Build 4070103 on Dec 13 2023)
* Project:        gps-parser
* Solution:       hls (Vivado IP Flow Target)
* Product family: zynq
* Target device:  xc7z020-clg400-1


================================================================
== Performance Estimates
================================================================
+ Timing: 
    * Summary: 
    +--------+---------+-----------+------------+
    |  Clock |  Target | Estimated | Uncertainty|
    +--------+---------+-----------+------------+
    |ap_clk  |  0.10 us|  69.927 ns|    27.00 ns|
    +--------+---------+-----------+------------+

+ Latency: 
    * Summary: 
    +---------+---------+----------+----------+-----+-----+---------+
    |  Latency (cycles) |  Latency (absolute) |  Interval | Pipeline|
    |   min   |   max   |    min   |    max   | min | max |   Type  |
    +---------+---------+----------+----------+-----+-----+---------+
    |        ?|        ?|         ?|         ?|    ?|    ?|       no|
    +---------+---------+----------+----------+-----+-----+---------+

    + Detail: 
        * Instance: 
        +-----------------------------------+-------------------------+---------+---------+----------+----------+-----+-----+---------+
        |                                   |                         |  Latency (cycles) |  Latency (absolute) |  Interval | Pipeline|
        |              Instance             |          Module         |   min   |   max   |    min   |    max   | min | max |   Type  |
        +-----------------------------------+-------------------------+---------+---------+----------+----------+-----+-----+---------+
        |grp_hls_get_field_from_nmea_fu_45  |hls_get_field_from_nmea  |        ?|        ?|         ?|         ?|    ?|    ?|       no|
        |grp_hls_atoi_w_len_fu_54           |hls_atoi_w_len           |        ?|        ?|         ?|         ?|    ?|    ?|       no|
        +-----------------------------------+-------------------------+---------+---------+----------+----------+-----+-----+---------+

        * Loop: 
        N/A



================================================================
== Utilization Estimates
================================================================
* Summary: 
+-----------------+---------+-----+--------+-------+-----+
|       Name      | BRAM_18K| DSP |   FF   |  LUT  | URAM|
+-----------------+---------+-----+--------+-------+-----+
|DSP              |        -|    -|       -|      -|    -|
|Expression       |        -|    -|       0|     75|    -|
|FIFO             |        -|    -|       -|      -|    -|
|Instance         |        -|    3|     328|    985|    -|
|Memory           |        -|    -|       -|      -|    -|
|Multiplexer      |        -|    -|       -|    257|    -|
|Register         |        -|    -|     235|      -|    -|
+-----------------+---------+-----+--------+-------+-----+
|Total            |        0|    3|     563|   1317|    0|
+-----------------+---------+-----+--------+-------+-----+
|Available        |      280|  220|  106400|  53200|    0|
+-----------------+---------+-----+--------+-------+-----+
|Utilization (%)  |        0|    1|      ~0|      2|    0|
+-----------------+---------+-----+--------+-------+-----+

+ Detail: 
    * Instance: 
    +-----------------------------------+-------------------------------+---------+----+-----+-----+-----+
    |              Instance             |             Module            | BRAM_18K| DSP|  FF | LUT | URAM|
    +-----------------------------------+-------------------------------+---------+----+-----+-----+-----+
    |fmul_32ns_32ns_32_1_max_dsp_1_U26  |fmul_32ns_32ns_32_1_max_dsp_1  |        0|   3|    0|  320|    0|
    |grp_hls_atoi_w_len_fu_54           |hls_atoi_w_len                 |        0|   0|   47|  330|    0|
    |grp_hls_get_field_from_nmea_fu_45  |hls_get_field_from_nmea        |        0|   0|  281|  335|    0|
    +-----------------------------------+-------------------------------+---------+----+-----+-----+-----+
    |Total                              |                               |        0|   3|  328|  985|    0|
    +-----------------------------------+-------------------------------+---------+----+-----+-----+-----+

    * DSP: 
    N/A

    * Memory: 
    N/A

    * FIFO: 
    N/A

    * Expression: 
    +---------------------+----------+----+---+----+------------+------------+
    |    Variable Name    | Operation| DSP| FF| LUT| Bitwidth P0| Bitwidth P1|
    +---------------------+----------+----+---+----+------------+------------+
    |add_ln94_fu_106_p2   |         +|   0|  0|  14|           7|           2|
    |add_ln95_fu_113_p2   |         +|   0|  0|  14|           7|           3|
    |icmp_ln99_fu_125_p2  |      icmp|   0|  0|  15|           8|           7|
    |deg_2_fu_69_p1       |    select|   0|  0|  32|           1|          30|
    +---------------------+----------+----+---+----+------------+------------+
    |Total                |          |   0|  0|  75|          23|          42|
    +---------------------+----------+----+---+----+------------+------------+

    * Multiplexer: 
    +--------------------------------------------+-----+-----------+-----+-----------+
    |                    Name                    | LUT | Input Size| Bits| Total Bits|
    +--------------------------------------------+-----+-----------+-----+-----------+
    |ap_NS_fsm                                   |  106|         21|    1|         21|
    |ap_return                                   |    9|          2|   32|         64|
    |grp_fu_73_p0                                |   14|          3|   32|         96|
    |grp_fu_73_p1                                |   14|          3|   32|         96|
    |grp_fu_79_p0                                |   20|          4|   32|        128|
    |grp_hls_atoi_w_len_fu_54_n                  |   20|          4|    3|         12|
    |grp_hls_atoi_w_len_fu_54_s                  |   20|          4|    7|         28|
    |grp_hls_get_field_from_nmea_fu_45_fieldnum  |   14|          3|    4|         12|
    |stored_msg_address0                         |   20|          4|    7|         28|
    |stored_msg_ce0                              |   20|          4|    1|          4|
    +--------------------------------------------+-----+-----------+-----+-----------+
    |Total                                       |  257|         52|  151|        489|
    +--------------------------------------------+-----+-----------+-----+-----------+

    * Register: 
    +------------------------------------------------+----+----+-----+-----------+
    |                      Name                      | FF | LUT| Bits| Const Bits|
    +------------------------------------------------+----+----+-----+-----------+
    |add_ln94_reg_145                                |   7|   0|    7|          0|
    |add_ln95_reg_155                                |   7|   0|    7|          0|
    |ap_CS_fsm                                       |  20|   0|   20|          0|
    |ap_return_preg                                  |  32|   0|   32|          0|
    |grp_hls_atoi_w_len_fu_54_ap_start_reg           |   1|   0|    1|          0|
    |grp_hls_get_field_from_nmea_fu_45_ap_start_reg  |   1|   0|    1|          0|
    |reg_100                                         |  32|   0|   32|          0|
    |reg_84                                          |   7|   0|    7|          0|
    |reg_89                                          |  32|   0|   32|          0|
    |reg_95                                          |  32|   0|   32|          0|
    |tmp_1_reg_150                                   |  32|   0|   32|          0|
    |tmp_reg_140                                     |  32|   0|   32|          0|
    +------------------------------------------------+----+----+-----+-----------+
    |Total                                           | 235|   0|  235|          0|
    +------------------------------------------------+----+----+-----+-----------+



================================================================
== Interface
================================================================
* Summary: 
+---------------------+-----+-----+------------+----------------------+--------------+
|      RTL Ports      | Dir | Bits|  Protocol  |     Source Object    |    C Type    |
+---------------------+-----+-----+------------+----------------------+--------------+
|ap_clk               |   in|    1|  ap_ctrl_hs|  hls_get_coordinate.1|  return value|
|ap_rst               |   in|    1|  ap_ctrl_hs|  hls_get_coordinate.1|  return value|
|ap_start             |   in|    1|  ap_ctrl_hs|  hls_get_coordinate.1|  return value|
|ap_done              |  out|    1|  ap_ctrl_hs|  hls_get_coordinate.1|  return value|
|ap_idle              |  out|    1|  ap_ctrl_hs|  hls_get_coordinate.1|  return value|
|ap_ready             |  out|    1|  ap_ctrl_hs|  hls_get_coordinate.1|  return value|
|ap_return            |  out|   32|  ap_ctrl_hs|  hls_get_coordinate.1|  return value|
|grp_fu_792_p_din0    |  out|   32|  ap_ctrl_hs|  hls_get_coordinate.1|  return value|
|grp_fu_792_p_din1    |  out|   32|  ap_ctrl_hs|  hls_get_coordinate.1|  return value|
|grp_fu_792_p_opcode  |  out|    2|  ap_ctrl_hs|  hls_get_coordinate.1|  return value|
|grp_fu_792_p_dout0   |   in|   32|  ap_ctrl_hs|  hls_get_coordinate.1|  return value|
|grp_fu_792_p_ce      |  out|    1|  ap_ctrl_hs|  hls_get_coordinate.1|  return value|
|grp_fu_796_p_din0    |  out|   32|  ap_ctrl_hs|  hls_get_coordinate.1|  return value|
|grp_fu_796_p_din1    |  out|   32|  ap_ctrl_hs|  hls_get_coordinate.1|  return value|
|grp_fu_796_p_dout0   |   in|   32|  ap_ctrl_hs|  hls_get_coordinate.1|  return value|
|grp_fu_796_p_ce      |  out|    1|  ap_ctrl_hs|  hls_get_coordinate.1|  return value|
|grp_fu_800_p_din0    |  out|   32|  ap_ctrl_hs|  hls_get_coordinate.1|  return value|
|grp_fu_800_p_dout0   |   in|   32|  ap_ctrl_hs|  hls_get_coordinate.1|  return value|
|grp_fu_800_p_ce      |  out|    1|  ap_ctrl_hs|  hls_get_coordinate.1|  return value|
|stored_msg_address0  |  out|    7|   ap_memory|            stored_msg|         array|
|stored_msg_ce0       |  out|    1|   ap_memory|            stored_msg|         array|
|stored_msg_q0        |   in|    8|   ap_memory|            stored_msg|         array|
+---------------------+-----+-----+------------+----------------------+--------------+

============================================================
+ Verbose Summary: Synthesis Manager
============================================================
InlineROM: 1
ExposeGlobal: 0
============================================================
+ Verbose Summary: CDFG Model
============================================================
IsTopModel: 0
ResetActiveHigh: 1
IsCombinational: 2
IsDatapathOnly: 2
HasWiredReturn: 1
HasMFsm: 0
HasVarLatency: 1
IsPipeline: 0
IsRtlPipelined: 0
IsInstanceOverlapped: 0
IsDontTouch: 0
HasImplIP: 0
IsGatedGlobalClock: 0


============================================================
+ Verbose Summary: Schedule
============================================================
* Number of FSM states : 20
* Pipeline : 0
* Dataflow Pipeline: 0

* FSM state transitions: 
1 --> 2 
2 --> 3 
3 --> 4 
4 --> 5 
5 --> 6 
6 --> 7 
7 --> 8 
8 --> 9 
9 --> 10 
10 --> 11 
11 --> 12 
12 --> 13 
13 --> 14 
14 --> 15 
15 --> 16 
16 --> 17 
17 --> 18 
18 --> 19 
19 --> 20 
20 --> 

* FSM state operations: 

State 1 <SV = 0> <Delay = 2.75>
ST_1 : Operation 21 [2/2] (2.75ns)   --->   "%coord = call i7 @hls_get_field_from_nmea, i4 5, i8 %stored_msg" [/ecel/UFAD/mark.gross/fnn-gps/gps-parser/parser.cpp:92]   --->   Operation 21 'call' 'coord' <Predicate = true> <Delay = 2.75> <CoreType = "Generic">   --->   Core 0 '' <Latency = 0> <II = 1> <Delay = 1.00> <Generic> <Opcode : >

State 2 <SV = 1> <Delay = 0.00>
ST_2 : Operation 22 [1/2] (0.00ns)   --->   "%coord = call i7 @hls_get_field_from_nmea, i4 5, i8 %stored_msg" [/ecel/UFAD/mark.gross/fnn-gps/gps-parser/parser.cpp:92]   --->   Operation 22 'call' 'coord' <Predicate = true> <Delay = 0.00> <CoreType = "Generic">   --->   Core 0 '' <Latency = 0> <II = 1> <Delay = 1.00> <Generic> <Opcode : >

State 3 <SV = 2> <Delay = 4.19>
ST_3 : Operation 23 [2/2] (4.19ns)   --->   "%tmp = call i32 @hls_atoi_w_len, i7 %coord, i3 3, i8 %stored_msg" [/ecel/UFAD/mark.gross/fnn-gps/gps-parser/parser.cpp:93]   --->   Operation 23 'call' 'tmp' <Predicate = true> <Delay = 4.19> <CoreType = "Generic">   --->   Core 0 '' <Latency = 0> <II = 1> <Delay = 1.00> <Generic> <Opcode : >

State 4 <SV = 3> <Delay = 3.25>
ST_4 : Operation 24 [1/2] (3.25ns)   --->   "%tmp = call i32 @hls_atoi_w_len, i7 %coord, i3 3, i8 %stored_msg" [/ecel/UFAD/mark.gross/fnn-gps/gps-parser/parser.cpp:93]   --->   Operation 24 'call' 'tmp' <Predicate = true> <Delay = 3.25> <CoreType = "Generic">   --->   Core 0 '' <Latency = 0> <II = 1> <Delay = 1.00> <Generic> <Opcode : >

State 5 <SV = 4> <Delay = 6.06>
ST_5 : Operation 25 [1/1] (1.87ns)   --->   "%add_ln94 = add i7 %coord, i7 3" [/ecel/UFAD/mark.gross/fnn-gps/gps-parser/parser.cpp:94]   --->   Operation 25 'add' 'add_ln94' <Predicate = true> <Delay = 1.87> <CoreInst = "Adder">   --->   Core 1 'Adder' <Latency = 0> <II = 1> <Delay = 1.87> <FuncUnit> <Opcode : 'add' 'sub'> <InPorts = 2> <OutPorts = 1>
ST_5 : Operation 26 [2/2] (4.19ns)   --->   "%tmp_1 = call i32 @hls_atoi_w_len, i7 %add_ln94, i3 2, i8 %stored_msg" [/ecel/UFAD/mark.gross/fnn-gps/gps-parser/parser.cpp:94]   --->   Operation 26 'call' 'tmp_1' <Predicate = true> <Delay = 4.19> <CoreType = "Generic">   --->   Core 0 '' <Latency = 0> <II = 1> <Delay = 1.00> <Generic> <Opcode : >

State 6 <SV = 5> <Delay = 3.25>
ST_6 : Operation 27 [1/2] (3.25ns)   --->   "%tmp_1 = call i32 @hls_atoi_w_len, i7 %add_ln94, i3 2, i8 %stored_msg" [/ecel/UFAD/mark.gross/fnn-gps/gps-parser/parser.cpp:94]   --->   Operation 27 'call' 'tmp_1' <Predicate = true> <Delay = 3.25> <CoreType = "Generic">   --->   Core 0 '' <Latency = 0> <II = 1> <Delay = 1.00> <Generic> <Opcode : >

State 7 <SV = 6> <Delay = 6.06>
ST_7 : Operation 28 [1/1] (1.87ns)   --->   "%add_ln95 = add i7 %coord, i7 6" [/ecel/UFAD/mark.gross/fnn-gps/gps-parser/parser.cpp:95]   --->   Operation 28 'add' 'add_ln95' <Predicate = true> <Delay = 1.87> <CoreInst = "Adder">   --->   Core 1 'Adder' <Latency = 0> <II = 1> <Delay = 1.87> <FuncUnit> <Opcode : 'add' 'sub'> <InPorts = 2> <OutPorts = 1>
ST_7 : Operation 29 [2/2] (4.19ns)   --->   "%tmp_2 = call i32 @hls_atoi_w_len, i7 %add_ln95, i3 5, i8 %stored_msg" [/ecel/UFAD/mark.gross/fnn-gps/gps-parser/parser.cpp:95]   --->   Operation 29 'call' 'tmp_2' <Predicate = true> <Delay = 4.19> <CoreType = "Generic">   --->   Core 0 '' <Latency = 0> <II = 1> <Delay = 1.00> <Generic> <Opcode : >

State 8 <SV = 7> <Delay = 21.2>
ST_8 : Operation 30 [1/2] (3.25ns)   --->   "%tmp_2 = call i32 @hls_atoi_w_len, i7 %add_ln95, i3 5, i8 %stored_msg" [/ecel/UFAD/mark.gross/fnn-gps/gps-parser/parser.cpp:95]   --->   Operation 30 'call' 'tmp_2' <Predicate = true> <Delay = 3.25> <CoreType = "Generic">   --->   Core 0 '' <Latency = 0> <II = 1> <Delay = 1.00> <Generic> <Opcode : >
ST_8 : Operation 31 [2/2] (17.9ns)   --->   "%min_frac = sitofp i32 %tmp_2" [/ecel/UFAD/mark.gross/fnn-gps/gps-parser/parser.cpp:95]   --->   Operation 31 'sitofp' 'min_frac' <Predicate = true> <Delay = 17.9> <CoreInst = "Int2Float">   --->   Core 62 'Int2Float' <Latency = 1> <II = 1> <Delay = 17.9> <FuncUnit> <Opcode : 'uitofp' 'sitofp'> <InPorts = 1> <OutPorts = 1>

State 9 <SV = 8> <Delay = 17.9>
ST_9 : Operation 32 [1/2] (17.9ns)   --->   "%min_frac = sitofp i32 %tmp_2" [/ecel/UFAD/mark.gross/fnn-gps/gps-parser/parser.cpp:95]   --->   Operation 32 'sitofp' 'min_frac' <Predicate = true> <Delay = 17.9> <CoreInst = "Int2Float">   --->   Core 62 'Int2Float' <Latency = 1> <II = 1> <Delay = 17.9> <FuncUnit> <Opcode : 'uitofp' 'sitofp'> <InPorts = 1> <OutPorts = 1>

State 10 <SV = 9> <Delay = 69.9>
ST_10 : Operation 33 [3/3] (69.9ns)   --->   "%div = fdiv i32 %min_frac, i32 100000" [/ecel/UFAD/mark.gross/fnn-gps/gps-parser/parser.cpp:96]   --->   Operation 33 'fdiv' 'div' <Predicate = true> <Delay = 69.9> <CoreInst = "FDiv">   --->   Core 20 'FDiv' <Latency = 2> <II = 1> <Delay = 69.9> <FuncUnit> <Opcode : 'fdiv' 'frem'> <InPorts = 2> <OutPorts = 1>

State 11 <SV = 10> <Delay = 69.9>
ST_11 : Operation 34 [2/3] (69.9ns)   --->   "%div = fdiv i32 %min_frac, i32 100000" [/ecel/UFAD/mark.gross/fnn-gps/gps-parser/parser.cpp:96]   --->   Operation 34 'fdiv' 'div' <Predicate = true> <Delay = 69.9> <CoreInst = "FDiv">   --->   Core 20 'FDiv' <Latency = 2> <II = 1> <Delay = 69.9> <FuncUnit> <Opcode : 'fdiv' 'frem'> <InPorts = 2> <OutPorts = 1>

State 12 <SV = 11> <Delay = 69.9>
ST_12 : Operation 35 [2/2] (17.9ns)   --->   "%min_int = sitofp i32 %tmp_1" [/ecel/UFAD/mark.gross/fnn-gps/gps-parser/parser.cpp:94]   --->   Operation 35 'sitofp' 'min_int' <Predicate = true> <Delay = 17.9> <CoreInst = "Int2Float">   --->   Core 62 'Int2Float' <Latency = 1> <II = 1> <Delay = 17.9> <FuncUnit> <Opcode : 'uitofp' 'sitofp'> <InPorts = 1> <OutPorts = 1>
ST_12 : Operation 36 [1/3] (69.9ns)   --->   "%div = fdiv i32 %min_frac, i32 100000" [/ecel/UFAD/mark.gross/fnn-gps/gps-parser/parser.cpp:96]   --->   Operation 36 'fdiv' 'div' <Predicate = true> <Delay = 69.9> <CoreInst = "FDiv">   --->   Core 20 'FDiv' <Latency = 2> <II = 1> <Delay = 69.9> <FuncUnit> <Opcode : 'fdiv' 'frem'> <InPorts = 2> <OutPorts = 1>

State 13 <SV = 12> <Delay = 40.5>
ST_13 : Operation 37 [1/2] (17.9ns)   --->   "%min_int = sitofp i32 %tmp_1" [/ecel/UFAD/mark.gross/fnn-gps/gps-parser/parser.cpp:94]   --->   Operation 37 'sitofp' 'min_int' <Predicate = true> <Delay = 17.9> <CoreInst = "Int2Float">   --->   Core 62 'Int2Float' <Latency = 1> <II = 1> <Delay = 17.9> <FuncUnit> <Opcode : 'uitofp' 'sitofp'> <InPorts = 1> <OutPorts = 1>
ST_13 : Operation 38 [2/2] (22.5ns)   --->   "%min = fadd i32 %min_int, i32 %div" [/ecel/UFAD/mark.gross/fnn-gps/gps-parser/parser.cpp:96]   --->   Operation 38 'fadd' 'min' <Predicate = true> <Delay = 22.5> <CoreInst = "FAddSub_fulldsp">   --->   Core 18 'FAddSub_fulldsp' <Latency = 1> <II = 1> <Delay = 22.5> <FuncUnit> <Opcode : 'fadd' 'fsub'> <InPorts = 2> <OutPorts = 1>

State 14 <SV = 13> <Delay = 22.5>
ST_14 : Operation 39 [1/2] (22.5ns)   --->   "%min = fadd i32 %min_int, i32 %div" [/ecel/UFAD/mark.gross/fnn-gps/gps-parser/parser.cpp:96]   --->   Operation 39 'fadd' 'min' <Predicate = true> <Delay = 22.5> <CoreInst = "FAddSub_fulldsp">   --->   Core 18 'FAddSub_fulldsp' <Latency = 1> <II = 1> <Delay = 22.5> <FuncUnit> <Opcode : 'fadd' 'fsub'> <InPorts = 2> <OutPorts = 1>

State 15 <SV = 14> <Delay = 69.9>
ST_15 : Operation 40 [3/3] (69.9ns)   --->   "%div1 = fdiv i32 %min, i32 60" [/ecel/UFAD/mark.gross/fnn-gps/gps-parser/parser.cpp:101]   --->   Operation 40 'fdiv' 'div1' <Predicate = true> <Delay = 69.9> <CoreInst = "FDiv">   --->   Core 20 'FDiv' <Latency = 2> <II = 1> <Delay = 69.9> <FuncUnit> <Opcode : 'fdiv' 'frem'> <InPorts = 2> <OutPorts = 1>

State 16 <SV = 15> <Delay = 69.9>
ST_16 : Operation 41 [2/3] (69.9ns)   --->   "%div1 = fdiv i32 %min, i32 60" [/ecel/UFAD/mark.gross/fnn-gps/gps-parser/parser.cpp:101]   --->   Operation 41 'fdiv' 'div1' <Predicate = true> <Delay = 69.9> <CoreInst = "FDiv">   --->   Core 20 'FDiv' <Latency = 2> <II = 1> <Delay = 69.9> <FuncUnit> <Opcode : 'fdiv' 'frem'> <InPorts = 2> <OutPorts = 1>

State 17 <SV = 16> <Delay = 69.9>
ST_17 : Operation 42 [2/2] (17.9ns)   --->   "%deg = sitofp i32 %tmp" [/ecel/UFAD/mark.gross/fnn-gps/gps-parser/parser.cpp:93]   --->   Operation 42 'sitofp' 'deg' <Predicate = true> <Delay = 17.9> <CoreInst = "Int2Float">   --->   Core 62 'Int2Float' <Latency = 1> <II = 1> <Delay = 17.9> <FuncUnit> <Opcode : 'uitofp' 'sitofp'> <InPorts = 1> <OutPorts = 1>
ST_17 : Operation 43 [2/2] (2.75ns)   --->   "%hemi = call i7 @hls_get_field_from_nmea, i4 6, i8 %stored_msg" [/ecel/UFAD/mark.gross/fnn-gps/gps-parser/parser.cpp:98]   --->   Operation 43 'call' 'hemi' <Predicate = true> <Delay = 2.75> <CoreType = "Generic">   --->   Core 0 '' <Latency = 0> <II = 1> <Delay = 1.00> <Generic> <Opcode : >
ST_17 : Operation 44 [1/3] (69.9ns)   --->   "%div1 = fdiv i32 %min, i32 60" [/ecel/UFAD/mark.gross/fnn-gps/gps-parser/parser.cpp:101]   --->   Operation 44 'fdiv' 'div1' <Predicate = true> <Delay = 69.9> <CoreInst = "FDiv">   --->   Core 20 'FDiv' <Latency = 2> <II = 1> <Delay = 69.9> <FuncUnit> <Opcode : 'fdiv' 'frem'> <InPorts = 2> <OutPorts = 1>

State 18 <SV = 17> <Delay = 40.5>
ST_18 : Operation 45 [1/2] (17.9ns)   --->   "%deg = sitofp i32 %tmp" [/ecel/UFAD/mark.gross/fnn-gps/gps-parser/parser.cpp:93]   --->   Operation 45 'sitofp' 'deg' <Predicate = true> <Delay = 17.9> <CoreInst = "Int2Float">   --->   Core 62 'Int2Float' <Latency = 1> <II = 1> <Delay = 17.9> <FuncUnit> <Opcode : 'uitofp' 'sitofp'> <InPorts = 1> <OutPorts = 1>
ST_18 : Operation 46 [1/2] (0.00ns)   --->   "%hemi = call i7 @hls_get_field_from_nmea, i4 6, i8 %stored_msg" [/ecel/UFAD/mark.gross/fnn-gps/gps-parser/parser.cpp:98]   --->   Operation 46 'call' 'hemi' <Predicate = true> <Delay = 0.00> <CoreType = "Generic">   --->   Core 0 '' <Latency = 0> <II = 1> <Delay = 1.00> <Generic> <Opcode : >
ST_18 : Operation 47 [2/2] (22.5ns)   --->   "%deg_1 = fadd i32 %deg, i32 %div1" [/ecel/UFAD/mark.gross/fnn-gps/gps-parser/parser.cpp:101]   --->   Operation 47 'fadd' 'deg_1' <Predicate = true> <Delay = 22.5> <CoreInst = "FAddSub_fulldsp">   --->   Core 18 'FAddSub_fulldsp' <Latency = 1> <II = 1> <Delay = 22.5> <FuncUnit> <Opcode : 'fadd' 'fsub'> <InPorts = 2> <OutPorts = 1>

State 19 <SV = 18> <Delay = 22.5>
ST_19 : Operation 48 [1/1] (0.00ns)   --->   "%zext_ln69 = zext i7 %hemi" [/ecel/UFAD/mark.gross/fnn-gps/gps-parser/parser.cpp:69]   --->   Operation 48 'zext' 'zext_ln69' <Predicate = true> <Delay = 0.00>
ST_19 : Operation 49 [1/1] (0.00ns)   --->   "%stored_msg_addr = getelementptr i8 %stored_msg, i64 0, i64 %zext_ln69" [/ecel/UFAD/mark.gross/fnn-gps/gps-parser/parser.cpp:99]   --->   Operation 49 'getelementptr' 'stored_msg_addr' <Predicate = true> <Delay = 0.00>
ST_19 : Operation 50 [2/2] (2.32ns)   --->   "%stored_msg_load = load i7 %stored_msg_addr" [/ecel/UFAD/mark.gross/fnn-gps/gps-parser/parser.cpp:99]   --->   Operation 50 'load' 'stored_msg_load' <Predicate = true> <Delay = 2.32> <CoreInst = "RAM">   --->   Core 82 'RAM' <Latency = 1> <II = 1> <Delay = 2.32> <Storage> <Opcode : 'load' 'store'> <Ports = 2> <Width = 8> <Depth = 82> <RAM>
ST_19 : Operation 51 [1/2] (22.5ns)   --->   "%deg_1 = fadd i32 %deg, i32 %div1" [/ecel/UFAD/mark.gross/fnn-gps/gps-parser/parser.cpp:101]   --->   Operation 51 'fadd' 'deg_1' <Predicate = true> <Delay = 22.5> <CoreInst = "FAddSub_fulldsp">   --->   Core 18 'FAddSub_fulldsp' <Latency = 1> <II = 1> <Delay = 22.5> <FuncUnit> <Opcode : 'fadd' 'fsub'> <InPorts = 2> <OutPorts = 1>

State 20 <SV = 19> <Delay = 56.5>
ST_20 : Operation 52 [1/2] (2.32ns)   --->   "%stored_msg_load = load i7 %stored_msg_addr" [/ecel/UFAD/mark.gross/fnn-gps/gps-parser/parser.cpp:99]   --->   Operation 52 'load' 'stored_msg_load' <Predicate = true> <Delay = 2.32> <CoreInst = "RAM">   --->   Core 82 'RAM' <Latency = 1> <II = 1> <Delay = 2.32> <Storage> <Opcode : 'load' 'store'> <Ports = 2> <Width = 8> <Depth = 82> <RAM>
ST_20 : Operation 53 [1/1] (1.91ns)   --->   "%icmp_ln99 = icmp_eq  i8 %stored_msg_load, i8 69" [/ecel/UFAD/mark.gross/fnn-gps/gps-parser/parser.cpp:99]   --->   Operation 53 'icmp' 'icmp_ln99' <Predicate = true> <Delay = 1.91> <CoreInst = "Cmp">   --->   Core 9 'Cmp' <Latency = 0> <II = 1> <Delay = 1.91> <FuncUnit> <Opcode : 'icmp'> <InPorts = 2> <OutPorts = 1>
ST_20 : Operation 54 [1/1] (0.69ns)   --->   "%multi = select i1 %icmp_ln99, i32 1, i32 -1" [/ecel/UFAD/mark.gross/fnn-gps/gps-parser/parser.cpp:99]   --->   Operation 54 'select' 'multi' <Predicate = true> <Delay = 0.69> <CoreInst = "Sel">   --->   Core 73 'Sel' <Latency = 0> <II = 1> <Delay = 0.69> <FuncUnit> <Opcode : 'select'> <InPorts = 3> <OutPorts = 1>
ST_20 : Operation 55 [1/1] (51.5ns)   --->   "%deg_2 = fmul i32 %deg_1, i32 %multi" [/ecel/UFAD/mark.gross/fnn-gps/gps-parser/parser.cpp:102]   --->   Operation 55 'fmul' 'deg_2' <Predicate = true> <Delay = 51.5> <CoreInst = "FMul_maxdsp">   --->   Core 30 'FMul_maxdsp' <Latency = 0> <II = 1> <Delay = 51.5> <FuncUnit> <Opcode : 'fmul'> <InPorts = 2> <OutPorts = 1>
ST_20 : Operation 56 [1/1] (0.00ns)   --->   "%ret_ln108 = ret i32 %deg_2" [/ecel/UFAD/mark.gross/fnn-gps/gps-parser/parser.cpp:108]   --->   Operation 56 'ret' 'ret_ln108' <Predicate = true> <Delay = 0.00>


============================================================
+ Verbose Summary: Binding
============================================================
STG Binding: 
---------------- STG Properties BEGIN ----------------
- Is combinational: 0
- Is one-state seq: 0
- Is datapath-only: 0
- Is pipelined: 0
- Is top level: 0
Port [ Return ] is wired: 1; IO mode=ap_ctrl_hs:ce=0
Port [ stored_msg]:  wired=1; compound=1; hidden=0; nouse=0; global=1; static=1; extern=0; dir=0; type=1; pingpong=0; private_global=0; MemPort=[13]; IO mode=ap_memory:ce=0
---------------- STG Properties END ------------------

---------------- Datapath Model BEGIN ----------------

<LifeTime>
<method=bitvector/>
coord           (call         ) [ 000111110000000000000]
tmp             (call         ) [ 000001111111111111100]
add_ln94        (add          ) [ 000000100000000000000]
tmp_1           (call         ) [ 000000011111110000000]
add_ln95        (add          ) [ 000000001000000000000]
tmp_2           (call         ) [ 000000000100000000000]
min_frac        (sitofp       ) [ 000000000011100000000]
div             (fdiv         ) [ 000000000000011000000]
min_int         (sitofp       ) [ 000000000000001000000]
min             (fadd         ) [ 000000000000000111000]
div1            (fdiv         ) [ 000000000000000000110]
deg             (sitofp       ) [ 000000000000000000010]
hemi            (call         ) [ 000000000000000000010]
zext_ln69       (zext         ) [ 000000000000000000000]
stored_msg_addr (getelementptr) [ 000000000000000000001]
deg_1           (fadd         ) [ 000000000000000000001]
stored_msg_load (load         ) [ 000000000000000000000]
icmp_ln99       (icmp         ) [ 000000000000000000000]
multi           (select       ) [ 000000000000000000000]
deg_2           (fmul         ) [ 000000000000000000000]
ret_ln108       (ret          ) [ 000000000000000000000]
</LifeTime>

<model>

<comp_list>
<comp id="0" class="1000" name="stored_msg">
<pin_list>
<pin id="1" dir="1" index="0" bw="1" slack="0"/>
</pin_list>
<bind>
<StgValue><ssdm name="stored_msg"/><MemPortTyVec>1 3 </MemPortTyVec>
</StgValue>
</bind>
</comp>

<comp id="2" class="1001" name="const_2">
<pin_list>
<pin id="3" dir="1" index="0" bw="1" slack="0"/>
</pin_list>
<bind>
<StgValue><ssdm name="hls_get_field_from_nmea"/></StgValue>
</bind>
</comp>

<comp id="4" class="1001" name="const_4">
<pin_list>
<pin id="5" dir="1" index="0" bw="1" slack="0"/>
</pin_list>
<bind>
<StgValue><ssdm name=""/></StgValue>
</bind>
</comp>

<comp id="6" class="1001" name="const_6">
<pin_list>
<pin id="7" dir="1" index="0" bw="1" slack="0"/>
</pin_list>
<bind>
<StgValue><ssdm name="hls_atoi_w_len"/></StgValue>
</bind>
</comp>

<comp id="8" class="1001" name="const_8">
<pin_list>
<pin id="9" dir="1" index="0" bw="1" slack="0"/>
</pin_list>
<bind>
<StgValue><ssdm name=""/></StgValue>
</bind>
</comp>

<comp id="10" class="1001" name="const_10">
<pin_list>
<pin id="11" dir="1" index="0" bw="1" slack="0"/>
</pin_list>
<bind>
<StgValue><ssdm name=""/></StgValue>
</bind>
</comp>

<comp id="12" class="1001" name="const_12">
<pin_list>
<pin id="13" dir="1" index="0" bw="1" slack="0"/>
</pin_list>
<bind>
<StgValue><ssdm name=""/></StgValue>
</bind>
</comp>

<comp id="14" class="1001" name="const_14">
<pin_list>
<pin id="15" dir="1" index="0" bw="1" slack="0"/>
</pin_list>
<bind>
<StgValue><ssdm name=""/></StgValue>
</bind>
</comp>

<comp id="16" class="1001" name="const_16">
<pin_list>
<pin id="17" dir="1" index="0" bw="1" slack="0"/>
</pin_list>
<bind>
<StgValue><ssdm name=""/></StgValue>
</bind>
</comp>

<comp id="18" class="1001" name="const_18">
<pin_list>
<pin id="19" dir="1" index="0" bw="1" slack="0"/>
</pin_list>
<bind>
<StgValue><ssdm name=""/></StgValue>
</bind>
</comp>

<comp id="20" class="1001" name="const_20">
<pin_list>
<pin id="21" dir="1" index="0" bw="1" slack="0"/>
</pin_list>
<bind>
<StgValue><ssdm name=""/></StgValue>
</bind>
</comp>

<comp id="22" class="1001" name="const_22">
<pin_list>
<pin id="23" dir="1" index="0" bw="1" slack="0"/>
</pin_list>
<bind>
<StgValue><ssdm name=""/></StgValue>
</bind>
</comp>

<comp id="24" class="1001" name="const_24">
<pin_list>
<pin id="25" dir="1" index="0" bw="1" slack="0"/>
</pin_list>
<bind>
<StgValue><ssdm name=""/></StgValue>
</bind>
</comp>

<comp id="26" class="1001" name="const_26">
<pin_list>
<pin id="27" dir="1" index="0" bw="1" slack="0"/>
</pin_list>
<bind>
<StgValue><ssdm name=""/></StgValue>
</bind>
</comp>

<comp id="28" class="1001" name="const_28">
<pin_list>
<pin id="29" dir="1" index="0" bw="1" slack="0"/>
</pin_list>
<bind>
<StgValue><ssdm name=""/></StgValue>
</bind>
</comp>

<comp id="30" class="1001" name="const_30">
<pin_list>
<pin id="31" dir="1" index="0" bw="1" slack="0"/>
</pin_list>
<bind>
<StgValue><ssdm name=""/></StgValue>
</bind>
</comp>

<comp id="32" class="1004" name="stored_msg_addr_gep_fu_32">
<pin_list>
<pin id="33" dir="0" index="0" bw="8" slack="0"/>
<pin id="34" dir="0" index="1" bw="1" slack="0"/>
<pin id="35" dir="0" index="2" bw="7" slack="0"/>
<pin id="36" dir="1" index="3" bw="7" slack="0"/>
</pin_list>
<bind>
<opcode="getelementptr(29) " fcode="getelementptr"/>
<opset="stored_msg_addr/19 "/>
</bind>
</comp>

<comp id="39" class="1004" name="grp_access_fu_39">
<pin_list>
<pin id="40" dir="0" index="0" bw="7" slack="0"/>
<pin id="41" dir="0" index="1" bw="8" slack="2147483647"/>
<pin id="42" dir="0" index="2" bw="0" slack="2147483647"/>
<pin id="43" dir="1" index="3" bw="8" slack="0"/>
</pin_list>
<bind>
<opcode="load(27) " fcode="load"/>
<opset="stored_msg_load/19 "/>
</bind>
</comp>

<comp id="45" class="1004" name="grp_hls_get_field_from_nmea_fu_45">
<pin_list>
<pin id="46" dir="0" index="0" bw="7" slack="0"/>
<pin id="47" dir="0" index="1" bw="4" slack="0"/>
<pin id="48" dir="0" index="2" bw="8" slack="0"/>
<pin id="49" dir="1" index="3" bw="7" slack="1"/>
</pin_list>
<bind>
<opcode="call(48) " fcode="call"/>
<opset="coord/1 hemi/17 "/>
</bind>
</comp>

<comp id="54" class="1004" name="grp_hls_atoi_w_len_fu_54">
<pin_list>
<pin id="55" dir="0" index="0" bw="32" slack="0"/>
<pin id="56" dir="0" index="1" bw="7" slack="0"/>
<pin id="57" dir="0" index="2" bw="3" slack="0"/>
<pin id="58" dir="0" index="3" bw="8" slack="0"/>
<pin id="59" dir="1" index="4" bw="32" slack="0"/>
</pin_list>
<bind>
<opcode="call(48) " fcode="call"/>
<opset="tmp/3 tmp_1/5 tmp_2/7 "/>
</bind>
</comp>

<comp id="65" class="1004" name="grp_fu_65">
<pin_list>
<pin id="66" dir="0" index="0" bw="32" slack="0"/>
<pin id="67" dir="0" index="1" bw="32" slack="1"/>
<pin id="68" dir="1" index="2" bw="32" slack="1"/>
</pin_list>
<bind>
<opcode="fadd(9) " fcode="fadd"/>
<opset="min/13 deg_1/18 "/>
</bind>
</comp>

<comp id="69" class="1004" name="deg_2_fu_69">
<pin_list>
<pin id="70" dir="0" index="0" bw="32" slack="1"/>
<pin id="71" dir="0" index="1" bw="32" slack="0"/>
<pin id="72" dir="1" index="2" bw="32" slack="2147483647"/>
</pin_list>
<bind>
<opcode="fmul(13) " fcode="fmul"/>
<opset="deg_2/20 "/>
</bind>
</comp>

<comp id="73" class="1004" name="grp_fu_73">
<pin_list>
<pin id="74" dir="0" index="0" bw="32" slack="1"/>
<pin id="75" dir="0" index="1" bw="32" slack="0"/>
<pin id="76" dir="1" index="2" bw="32" slack="1"/>
</pin_list>
<bind>
<opcode="fdiv(16) " fcode="fdiv"/>
<opset="div/10 div1/15 "/>
</bind>
</comp>

<comp id="79" class="1004" name="grp_fu_79">
<pin_list>
<pin id="80" dir="0" index="0" bw="32" slack="0"/>
<pin id="81" dir="1" index="1" bw="32" slack="0"/>
</pin_list>
<bind>
<opcode="sitofp(39) " fcode="sitofp"/>
<opset="min_frac/8 min_int/12 deg/17 "/>
</bind>
</comp>

<comp id="84" class="1005" name="reg_84">
<pin_list>
<pin id="85" dir="0" index="0" bw="7" slack="1"/>
<pin id="86" dir="1" index="1" bw="7" slack="1"/>
</pin_list>
<bind>
<opset="coord hemi "/>
</bind>
</comp>

<comp id="89" class="1005" name="reg_89">
<pin_list>
<pin id="90" dir="0" index="0" bw="32" slack="1"/>
<pin id="91" dir="1" index="1" bw="32" slack="1"/>
</pin_list>
<bind>
<opset="min_frac min_int deg "/>
</bind>
</comp>

<comp id="95" class="1005" name="reg_95">
<pin_list>
<pin id="96" dir="0" index="0" bw="32" slack="1"/>
<pin id="97" dir="1" index="1" bw="32" slack="1"/>
</pin_list>
<bind>
<opset="div div1 "/>
</bind>
</comp>

<comp id="100" class="1005" name="reg_100">
<pin_list>
<pin id="101" dir="0" index="0" bw="32" slack="1"/>
<pin id="102" dir="1" index="1" bw="32" slack="1"/>
</pin_list>
<bind>
<opset="min deg_1 "/>
</bind>
</comp>

<comp id="106" class="1004" name="add_ln94_fu_106">
<pin_list>
<pin id="107" dir="0" index="0" bw="7" slack="3"/>
<pin id="108" dir="0" index="1" bw="3" slack="0"/>
<pin id="109" dir="1" index="2" bw="7" slack="0"/>
</pin_list>
<bind>
<opcode="add(8) " fcode="add"/>
<opset="add_ln94/5 "/>
</bind>
</comp>

<comp id="113" class="1004" name="add_ln95_fu_113">
<pin_list>
<pin id="114" dir="0" index="0" bw="7" slack="5"/>
<pin id="115" dir="0" index="1" bw="4" slack="0"/>
<pin id="116" dir="1" index="2" bw="7" slack="0"/>
</pin_list>
<bind>
<opcode="add(8) " fcode="add"/>
<opset="add_ln95/7 "/>
</bind>
</comp>

<comp id="120" class="1004" name="zext_ln69_fu_120">
<pin_list>
<pin id="121" dir="0" index="0" bw="7" slack="1"/>
<pin id="122" dir="1" index="1" bw="64" slack="0"/>
</pin_list>
<bind>
<opcode="zext(34) " fcode="zext"/>
<opset="zext_ln69/19 "/>
</bind>
</comp>

<comp id="125" class="1004" name="icmp_ln99_fu_125">
<pin_list>
<pin id="126" dir="0" index="0" bw="8" slack="0"/>
<pin id="127" dir="0" index="1" bw="8" slack="0"/>
<pin id="128" dir="1" index="2" bw="1" slack="0"/>
</pin_list>
<bind>
<opcode="icmp(45) " fcode="icmp"/>
<opset="icmp_ln99/20 "/>
</bind>
</comp>

<comp id="131" class="1004" name="multi_fu_131">
<pin_list>
<pin id="132" dir="0" index="0" bw="1" slack="0"/>
<pin id="133" dir="0" index="1" bw="32" slack="0"/>
<pin id="134" dir="0" index="2" bw="32" slack="0"/>
<pin id="135" dir="1" index="3" bw="32" slack="0"/>
</pin_list>
<bind>
<opcode="select(49) " fcode="select"/>
<opset="multi/20 "/>
</bind>
</comp>

<comp id="140" class="1005" name="tmp_reg_140">
<pin_list>
<pin id="141" dir="0" index="0" bw="32" slack="13"/>
<pin id="142" dir="1" index="1" bw="32" slack="13"/>
</pin_list>
<bind>
<opset="tmp "/>
</bind>
</comp>

<comp id="145" class="1005" name="add_ln94_reg_145">
<pin_list>
<pin id="146" dir="0" index="0" bw="7" slack="1"/>
<pin id="147" dir="1" index="1" bw="7" slack="1"/>
</pin_list>
<bind>
<opset="add_ln94 "/>
</bind>
</comp>

<comp id="150" class="1005" name="tmp_1_reg_150">
<pin_list>
<pin id="151" dir="0" index="0" bw="32" slack="6"/>
<pin id="152" dir="1" index="1" bw="32" slack="6"/>
</pin_list>
<bind>
<opset="tmp_1 "/>
</bind>
</comp>

<comp id="155" class="1005" name="add_ln95_reg_155">
<pin_list>
<pin id="156" dir="0" index="0" bw="7" slack="1"/>
<pin id="157" dir="1" index="1" bw="7" slack="1"/>
</pin_list>
<bind>
<opset="add_ln95 "/>
</bind>
</comp>

<comp id="160" class="1005" name="tmp_2_reg_160">
<pin_list>
<pin id="161" dir="0" index="0" bw="32" slack="1"/>
<pin id="162" dir="1" index="1" bw="32" slack="1"/>
</pin_list>
<bind>
<opset="tmp_2 "/>
</bind>
</comp>

<comp id="165" class="1005" name="stored_msg_addr_reg_165">
<pin_list>
<pin id="166" dir="0" index="0" bw="7" slack="1"/>
<pin id="167" dir="1" index="1" bw="7" slack="1"/>
</pin_list>
<bind>
<opset="stored_msg_addr "/>
</bind>
</comp>

</comp_list>

<net_list>
<net id="37"><net_src comp="0" pin="0"/><net_sink comp="32" pin=0"/></net>

<net id="38"><net_src comp="24" pin="0"/><net_sink comp="32" pin=1"/></net>

<net id="44"><net_src comp="32" pin="3"/><net_sink comp="39" pin=0"/></net>

<net id="50"><net_src comp="2" pin="0"/><net_sink comp="45" pin=0"/></net>

<net id="51"><net_src comp="4" pin="0"/><net_sink comp="45" pin=1"/></net>

<net id="52"><net_src comp="0" pin="0"/><net_sink comp="45" pin=2"/></net>

<net id="53"><net_src comp="22" pin="0"/><net_sink comp="45" pin=1"/></net>

<net id="60"><net_src comp="6" pin="0"/><net_sink comp="54" pin=0"/></net>

<net id="61"><net_src comp="8" pin="0"/><net_sink comp="54" pin=2"/></net>

<net id="62"><net_src comp="0" pin="0"/><net_sink comp="54" pin=3"/></net>

<net id="63"><net_src comp="12" pin="0"/><net_sink comp="54" pin=2"/></net>

<net id="64"><net_src comp="16" pin="0"/><net_sink comp="54" pin=2"/></net>

<net id="77"><net_src comp="18" pin="0"/><net_sink comp="73" pin=1"/></net>

<net id="78"><net_src comp="20" pin="0"/><net_sink comp="73" pin=1"/></net>

<net id="82"><net_src comp="54" pin="4"/><net_sink comp="79" pin=0"/></net>

<net id="83"><net_src comp="79" pin="1"/><net_sink comp="65" pin=0"/></net>

<net id="87"><net_src comp="45" pin="3"/><net_sink comp="84" pin=0"/></net>

<net id="88"><net_src comp="84" pin="1"/><net_sink comp="54" pin=1"/></net>

<net id="92"><net_src comp="79" pin="1"/><net_sink comp="89" pin=0"/></net>

<net id="93"><net_src comp="89" pin="1"/><net_sink comp="73" pin=0"/></net>

<net id="94"><net_src comp="89" pin="1"/><net_sink comp="65" pin=0"/></net>

<net id="98"><net_src comp="73" pin="2"/><net_sink comp="95" pin=0"/></net>

<net id="99"><net_src comp="95" pin="1"/><net_sink comp="65" pin=1"/></net>

<net id="103"><net_src comp="65" pin="2"/><net_sink comp="100" pin=0"/></net>

<net id="104"><net_src comp="100" pin="1"/><net_sink comp="73" pin=0"/></net>

<net id="105"><net_src comp="100" pin="1"/><net_sink comp="69" pin=0"/></net>

<net id="110"><net_src comp="84" pin="1"/><net_sink comp="106" pin=0"/></net>

<net id="111"><net_src comp="10" pin="0"/><net_sink comp="106" pin=1"/></net>

<net id="112"><net_src comp="106" pin="2"/><net_sink comp="54" pin=1"/></net>

<net id="117"><net_src comp="84" pin="1"/><net_sink comp="113" pin=0"/></net>

<net id="118"><net_src comp="14" pin="0"/><net_sink comp="113" pin=1"/></net>

<net id="119"><net_src comp="113" pin="2"/><net_sink comp="54" pin=1"/></net>

<net id="123"><net_src comp="84" pin="1"/><net_sink comp="120" pin=0"/></net>

<net id="124"><net_src comp="120" pin="1"/><net_sink comp="32" pin=2"/></net>

<net id="129"><net_src comp="39" pin="3"/><net_sink comp="125" pin=0"/></net>

<net id="130"><net_src comp="26" pin="0"/><net_sink comp="125" pin=1"/></net>

<net id="136"><net_src comp="125" pin="2"/><net_sink comp="131" pin=0"/></net>

<net id="137"><net_src comp="28" pin="0"/><net_sink comp="131" pin=1"/></net>

<net id="138"><net_src comp="30" pin="0"/><net_sink comp="131" pin=2"/></net>

<net id="139"><net_src comp="131" pin="3"/><net_sink comp="69" pin=1"/></net>

<net id="143"><net_src comp="54" pin="4"/><net_sink comp="140" pin=0"/></net>

<net id="144"><net_src comp="140" pin="1"/><net_sink comp="79" pin=0"/></net>

<net id="148"><net_src comp="106" pin="2"/><net_sink comp="145" pin=0"/></net>

<net id="149"><net_src comp="145" pin="1"/><net_sink comp="54" pin=1"/></net>

<net id="153"><net_src comp="54" pin="4"/><net_sink comp="150" pin=0"/></net>

<net id="154"><net_src comp="150" pin="1"/><net_sink comp="79" pin=0"/></net>

<net id="158"><net_src comp="113" pin="2"/><net_sink comp="155" pin=0"/></net>

<net id="159"><net_src comp="155" pin="1"/><net_sink comp="54" pin=1"/></net>

<net id="163"><net_src comp="54" pin="4"/><net_sink comp="160" pin=0"/></net>

<net id="164"><net_src comp="160" pin="1"/><net_sink comp="79" pin=0"/></net>

<net id="168"><net_src comp="32" pin="3"/><net_sink comp="165" pin=0"/></net>

<net id="169"><net_src comp="165" pin="1"/><net_sink comp="39" pin=0"/></net>

</net_list>

</model> 
---------------- Datapath Model END ------------------

* FSMD analyzer results:
  - Output states:
	Port: stored_msg | {}
 - Input state : 
	Port: hls_get_coordinate.1 : stored_msg | {1 2 3 4 5 6 7 8 17 18 19 20 }
  - Chain level:
	State 1
	State 2
	State 3
	State 4
	State 5
		tmp_1 : 1
	State 6
	State 7
		tmp_2 : 1
	State 8
		min_frac : 1
	State 9
	State 10
	State 11
	State 12
	State 13
		min : 1
	State 14
	State 15
	State 16
	State 17
	State 18
		deg_1 : 1
	State 19
		stored_msg_addr : 1
		stored_msg_load : 2
	State 20
		icmp_ln99 : 1
		multi : 2
		deg_2 : 3
		ret_ln108 : 4


============================================================
+ Verbose Summary: Datapath Resource usage 
============================================================

* Functional unit list:
|----------|-----------------------------------|---------|---------|---------|---------|
| Operation|          Functional Unit          |   DSP   |  Delay  |    FF   |   LUT   |
|----------|-----------------------------------|---------|---------|---------|---------|
|   call   | grp_hls_get_field_from_nmea_fu_45 |    0    |  3.176  |   285   |   249   |
|          |      grp_hls_atoi_w_len_fu_54     |    0    |  4.764  |    91   |   279   |
|----------|-----------------------------------|---------|---------|---------|---------|
|   fadd   |             grp_fu_65             |    2    |    0    |   177   |   385   |
|----------|-----------------------------------|---------|---------|---------|---------|
|   fmul   |            deg_2_fu_69            |    3    |    0    |    0    |   320   |
|----------|-----------------------------------|---------|---------|---------|---------|
|  select  |            multi_fu_131           |    0    |    0    |    0    |    32   |
|----------|-----------------------------------|---------|---------|---------|---------|
|    add   |          add_ln94_fu_106          |    0    |    0    |    0    |    14   |
|          |          add_ln95_fu_113          |    0    |    0    |    0    |    14   |
|----------|-----------------------------------|---------|---------|---------|---------|
|   icmp   |          icmp_ln99_fu_125         |    0    |    0    |    0    |    15   |
|----------|-----------------------------------|---------|---------|---------|---------|
|   fdiv   |             grp_fu_73             |    0    |    0    |    0    |    0    |
|----------|-----------------------------------|---------|---------|---------|---------|
|  sitofp  |             grp_fu_79             |    0    |    0    |    0    |    0    |
|----------|-----------------------------------|---------|---------|---------|---------|
|   zext   |          zext_ln69_fu_120         |    0    |    0    |    0    |    0    |
|----------|-----------------------------------|---------|---------|---------|---------|
|   Total  |                                   |    5    |   7.94  |   553   |   1308  |
|----------|-----------------------------------|---------|---------|---------|---------|

Memories:
N/A

* Register list:
+-----------------------+--------+
|                       |   FF   |
+-----------------------+--------+
|    add_ln94_reg_145   |    7   |
|    add_ln95_reg_155   |    7   |
|        reg_100        |   32   |
|         reg_84        |    7   |
|         reg_89        |   32   |
|         reg_95        |   32   |
|stored_msg_addr_reg_165|    7   |
|     tmp_1_reg_150     |   32   |
|     tmp_2_reg_160     |   32   |
|      tmp_reg_140      |   32   |
+-----------------------+--------+
|         Total         |   220  |
+-----------------------+--------+

* Multiplexer (MUX) list: 
|-----------------------------------|------|------|------|--------||---------||---------|
|                Comp               |  Pin | Size |  BW  | S x BW ||  Delay  ||   LUT   |
|-----------------------------------|------|------|------|--------||---------||---------|
|          grp_access_fu_39         |  p0  |   2  |   7  |   14   ||    9    |
| grp_hls_get_field_from_nmea_fu_45 |  p1  |   2  |   4  |    8   |
|      grp_hls_atoi_w_len_fu_54     |  p1  |   5  |   7  |   35   ||    25   |
|      grp_hls_atoi_w_len_fu_54     |  p2  |   3  |   3  |    9   |
|             grp_fu_65             |  p0  |   2  |  32  |   64   ||    9    |
|             grp_fu_73             |  p0  |   2  |  32  |   64   ||    9    |
|             grp_fu_73             |  p1  |   2  |  32  |   64   |
|             grp_fu_79             |  p0  |   4  |  32  |   128  ||    20   |
|-----------------------------------|------|------|------|--------||---------||---------|
|               Total               |      |      |      |   386  || 13.4198 ||    72   |
|-----------------------------------|------|------|------|--------||---------||---------|



* Summary:
+-----------+--------+--------+--------+--------+
|           |   DSP  |  Delay |   FF   |   LUT  |
+-----------+--------+--------+--------+--------+
|  Function |    5   |    7   |   553  |  1308  |
|   Memory  |    -   |    -   |    -   |    -   |
|Multiplexer|    -   |   13   |    -   |   72   |
|  Register |    -   |    -   |   220  |    -   |
+-----------+--------+--------+--------+--------+
|   Total   |    5   |   21   |   773  |  1380  |
+-----------+--------+--------+--------+--------+
