

================================================================
== Vitis HLS Report for 'hls_get_coordinate_1'
================================================================
* Date:           Sat Nov 16 22:45:35 2024

* Version:        2023.2.1 (Build 4070103 on Dec 13 2023)
* Project:        gps-parser
* Solution:       hls (Vivado IP Flow Target)
* Product family: zynq
* Target device:  xc7z020-clg400-1


================================================================
== Performance Estimates
================================================================
+ Timing: 
    * Summary: 
    +--------+---------+-----------+------------+
    |  Clock |  Target | Estimated | Uncertainty|
    +--------+---------+-----------+------------+
    |ap_clk  |  0.10 us|  69.927 ns|    27.00 ns|
    +--------+---------+-----------+------------+

+ Latency: 
    * Summary: 
    +---------+---------+----------+----------+-----+-----+---------+
    |  Latency (cycles) |  Latency (absolute) |  Interval | Pipeline|
    |   min   |   max   |    min   |    max   | min | max |   Type  |
    +---------+---------+----------+----------+-----+-----+---------+
    |        ?|        ?|         ?|         ?|    ?|    ?|       no|
    +---------+---------+----------+----------+-----+-----+---------+

    + Detail: 
        * Instance: 
        N/A

        * Loop: 
        N/A

============================================================
+ Verbose Summary: Synthesis Manager
============================================================
InlineROM: 1
ExposeGlobal: 0
============================================================
+ Verbose Summary: CDFG Model
============================================================
IsTopModel: 0
ResetActiveHigh: 1
IsCombinational: 0
IsDatapathOnly: 0
HasWiredReturn: 1
HasMFsm: 0
HasVarLatency: 1
IsPipeline: 0
IsRtlPipelined: 0
IsInstanceOverlapped: 0
IsDontTouch: 0
HasImplIP: 0
IsGatedGlobalClock: 0


============================================================
+ Verbose Summary: Schedule
============================================================
* Number of FSM states : 20
* Pipeline : 0
* Dataflow Pipeline: 0

* FSM state transitions: 
1 --> 2 
2 --> 3 
3 --> 4 
4 --> 5 
5 --> 6 
6 --> 7 
7 --> 8 
8 --> 9 
9 --> 10 
10 --> 11 
11 --> 12 
12 --> 13 
13 --> 14 
14 --> 15 
15 --> 16 
16 --> 17 
17 --> 18 
18 --> 19 
19 --> 20 
20 --> 

* FSM state operations: 

State 1 <SV = 0> <Delay = 2.75>
ST_1 : Operation 21 [2/2] (2.75ns)   --->   "%coord = call i7 @hls_get_field_from_nmea, i4 5, i8 %stored_msg" [/ecel/UFAD/mark.gross/fnn-gps/gps-parser/parser.cpp:92]   --->   Operation 21 'call' 'coord' <Predicate = true> <Delay = 2.75> <CoreType = "Generic">   --->   Core 0 '' <Latency = 0> <II = 1> <Delay = 1.00> <Generic> <Opcode : >

State 2 <SV = 1> <Delay = 0.00>
ST_2 : Operation 22 [1/2] (0.00ns)   --->   "%coord = call i7 @hls_get_field_from_nmea, i4 5, i8 %stored_msg" [/ecel/UFAD/mark.gross/fnn-gps/gps-parser/parser.cpp:92]   --->   Operation 22 'call' 'coord' <Predicate = true> <Delay = 0.00> <CoreType = "Generic">   --->   Core 0 '' <Latency = 0> <II = 1> <Delay = 1.00> <Generic> <Opcode : >

State 3 <SV = 2> <Delay = 4.19>
ST_3 : Operation 23 [2/2] (4.19ns)   --->   "%tmp = call i32 @hls_atoi_w_len, i7 %coord, i3 3, i8 %stored_msg" [/ecel/UFAD/mark.gross/fnn-gps/gps-parser/parser.cpp:93]   --->   Operation 23 'call' 'tmp' <Predicate = true> <Delay = 4.19> <CoreType = "Generic">   --->   Core 0 '' <Latency = 0> <II = 1> <Delay = 1.00> <Generic> <Opcode : >

State 4 <SV = 3> <Delay = 3.25>
ST_4 : Operation 24 [1/2] (3.25ns)   --->   "%tmp = call i32 @hls_atoi_w_len, i7 %coord, i3 3, i8 %stored_msg" [/ecel/UFAD/mark.gross/fnn-gps/gps-parser/parser.cpp:93]   --->   Operation 24 'call' 'tmp' <Predicate = true> <Delay = 3.25> <CoreType = "Generic">   --->   Core 0 '' <Latency = 0> <II = 1> <Delay = 1.00> <Generic> <Opcode : >

State 5 <SV = 4> <Delay = 6.06>
ST_5 : Operation 25 [1/1] (1.87ns)   --->   "%add_ln94 = add i7 %coord, i7 3" [/ecel/UFAD/mark.gross/fnn-gps/gps-parser/parser.cpp:94]   --->   Operation 25 'add' 'add_ln94' <Predicate = true> <Delay = 1.87> <CoreInst = "Adder">   --->   Core 1 'Adder' <Latency = 0> <II = 1> <Delay = 1.87> <FuncUnit> <Opcode : 'add' 'sub'> <InPorts = 2> <OutPorts = 1>
ST_5 : Operation 26 [2/2] (4.19ns)   --->   "%tmp_1 = call i32 @hls_atoi_w_len, i7 %add_ln94, i3 2, i8 %stored_msg" [/ecel/UFAD/mark.gross/fnn-gps/gps-parser/parser.cpp:94]   --->   Operation 26 'call' 'tmp_1' <Predicate = true> <Delay = 4.19> <CoreType = "Generic">   --->   Core 0 '' <Latency = 0> <II = 1> <Delay = 1.00> <Generic> <Opcode : >

State 6 <SV = 5> <Delay = 3.25>
ST_6 : Operation 27 [1/2] (3.25ns)   --->   "%tmp_1 = call i32 @hls_atoi_w_len, i7 %add_ln94, i3 2, i8 %stored_msg" [/ecel/UFAD/mark.gross/fnn-gps/gps-parser/parser.cpp:94]   --->   Operation 27 'call' 'tmp_1' <Predicate = true> <Delay = 3.25> <CoreType = "Generic">   --->   Core 0 '' <Latency = 0> <II = 1> <Delay = 1.00> <Generic> <Opcode : >

State 7 <SV = 6> <Delay = 6.06>
ST_7 : Operation 28 [1/1] (1.87ns)   --->   "%add_ln95 = add i7 %coord, i7 6" [/ecel/UFAD/mark.gross/fnn-gps/gps-parser/parser.cpp:95]   --->   Operation 28 'add' 'add_ln95' <Predicate = true> <Delay = 1.87> <CoreInst = "Adder">   --->   Core 1 'Adder' <Latency = 0> <II = 1> <Delay = 1.87> <FuncUnit> <Opcode : 'add' 'sub'> <InPorts = 2> <OutPorts = 1>
ST_7 : Operation 29 [2/2] (4.19ns)   --->   "%tmp_2 = call i32 @hls_atoi_w_len, i7 %add_ln95, i3 5, i8 %stored_msg" [/ecel/UFAD/mark.gross/fnn-gps/gps-parser/parser.cpp:95]   --->   Operation 29 'call' 'tmp_2' <Predicate = true> <Delay = 4.19> <CoreType = "Generic">   --->   Core 0 '' <Latency = 0> <II = 1> <Delay = 1.00> <Generic> <Opcode : >

State 8 <SV = 7> <Delay = 21.2>
ST_8 : Operation 30 [1/2] (3.25ns)   --->   "%tmp_2 = call i32 @hls_atoi_w_len, i7 %add_ln95, i3 5, i8 %stored_msg" [/ecel/UFAD/mark.gross/fnn-gps/gps-parser/parser.cpp:95]   --->   Operation 30 'call' 'tmp_2' <Predicate = true> <Delay = 3.25> <CoreType = "Generic">   --->   Core 0 '' <Latency = 0> <II = 1> <Delay = 1.00> <Generic> <Opcode : >
ST_8 : Operation 31 [2/2] (17.9ns)   --->   "%min_frac = sitofp i32 %tmp_2" [/ecel/UFAD/mark.gross/fnn-gps/gps-parser/parser.cpp:95]   --->   Operation 31 'sitofp' 'min_frac' <Predicate = true> <Delay = 17.9> <CoreInst = "Int2Float">   --->   Core 62 'Int2Float' <Latency = 1> <II = 1> <Delay = 17.9> <FuncUnit> <Opcode : 'uitofp' 'sitofp'> <InPorts = 1> <OutPorts = 1>

State 9 <SV = 8> <Delay = 17.9>
ST_9 : Operation 32 [1/2] (17.9ns)   --->   "%min_frac = sitofp i32 %tmp_2" [/ecel/UFAD/mark.gross/fnn-gps/gps-parser/parser.cpp:95]   --->   Operation 32 'sitofp' 'min_frac' <Predicate = true> <Delay = 17.9> <CoreInst = "Int2Float">   --->   Core 62 'Int2Float' <Latency = 1> <II = 1> <Delay = 17.9> <FuncUnit> <Opcode : 'uitofp' 'sitofp'> <InPorts = 1> <OutPorts = 1>

State 10 <SV = 9> <Delay = 69.9>
ST_10 : Operation 33 [3/3] (69.9ns)   --->   "%div = fdiv i32 %min_frac, i32 100000" [/ecel/UFAD/mark.gross/fnn-gps/gps-parser/parser.cpp:96]   --->   Operation 33 'fdiv' 'div' <Predicate = true> <Delay = 69.9> <CoreInst = "FDiv">   --->   Core 20 'FDiv' <Latency = 2> <II = 1> <Delay = 69.9> <FuncUnit> <Opcode : 'fdiv' 'frem'> <InPorts = 2> <OutPorts = 1>

State 11 <SV = 10> <Delay = 69.9>
ST_11 : Operation 34 [2/3] (69.9ns)   --->   "%div = fdiv i32 %min_frac, i32 100000" [/ecel/UFAD/mark.gross/fnn-gps/gps-parser/parser.cpp:96]   --->   Operation 34 'fdiv' 'div' <Predicate = true> <Delay = 69.9> <CoreInst = "FDiv">   --->   Core 20 'FDiv' <Latency = 2> <II = 1> <Delay = 69.9> <FuncUnit> <Opcode : 'fdiv' 'frem'> <InPorts = 2> <OutPorts = 1>

State 12 <SV = 11> <Delay = 69.9>
ST_12 : Operation 35 [2/2] (17.9ns)   --->   "%min_int = sitofp i32 %tmp_1" [/ecel/UFAD/mark.gross/fnn-gps/gps-parser/parser.cpp:94]   --->   Operation 35 'sitofp' 'min_int' <Predicate = true> <Delay = 17.9> <CoreInst = "Int2Float">   --->   Core 62 'Int2Float' <Latency = 1> <II = 1> <Delay = 17.9> <FuncUnit> <Opcode : 'uitofp' 'sitofp'> <InPorts = 1> <OutPorts = 1>
ST_12 : Operation 36 [1/3] (69.9ns)   --->   "%div = fdiv i32 %min_frac, i32 100000" [/ecel/UFAD/mark.gross/fnn-gps/gps-parser/parser.cpp:96]   --->   Operation 36 'fdiv' 'div' <Predicate = true> <Delay = 69.9> <CoreInst = "FDiv">   --->   Core 20 'FDiv' <Latency = 2> <II = 1> <Delay = 69.9> <FuncUnit> <Opcode : 'fdiv' 'frem'> <InPorts = 2> <OutPorts = 1>

State 13 <SV = 12> <Delay = 40.5>
ST_13 : Operation 37 [1/2] (17.9ns)   --->   "%min_int = sitofp i32 %tmp_1" [/ecel/UFAD/mark.gross/fnn-gps/gps-parser/parser.cpp:94]   --->   Operation 37 'sitofp' 'min_int' <Predicate = true> <Delay = 17.9> <CoreInst = "Int2Float">   --->   Core 62 'Int2Float' <Latency = 1> <II = 1> <Delay = 17.9> <FuncUnit> <Opcode : 'uitofp' 'sitofp'> <InPorts = 1> <OutPorts = 1>
ST_13 : Operation 38 [2/2] (22.5ns)   --->   "%min = fadd i32 %min_int, i32 %div" [/ecel/UFAD/mark.gross/fnn-gps/gps-parser/parser.cpp:96]   --->   Operation 38 'fadd' 'min' <Predicate = true> <Delay = 22.5> <CoreInst = "FAddSub_fulldsp">   --->   Core 18 'FAddSub_fulldsp' <Latency = 1> <II = 1> <Delay = 22.5> <FuncUnit> <Opcode : 'fadd' 'fsub'> <InPorts = 2> <OutPorts = 1>

State 14 <SV = 13> <Delay = 22.5>
ST_14 : Operation 39 [1/2] (22.5ns)   --->   "%min = fadd i32 %min_int, i32 %div" [/ecel/UFAD/mark.gross/fnn-gps/gps-parser/parser.cpp:96]   --->   Operation 39 'fadd' 'min' <Predicate = true> <Delay = 22.5> <CoreInst = "FAddSub_fulldsp">   --->   Core 18 'FAddSub_fulldsp' <Latency = 1> <II = 1> <Delay = 22.5> <FuncUnit> <Opcode : 'fadd' 'fsub'> <InPorts = 2> <OutPorts = 1>

State 15 <SV = 14> <Delay = 69.9>
ST_15 : Operation 40 [3/3] (69.9ns)   --->   "%div1 = fdiv i32 %min, i32 60" [/ecel/UFAD/mark.gross/fnn-gps/gps-parser/parser.cpp:101]   --->   Operation 40 'fdiv' 'div1' <Predicate = true> <Delay = 69.9> <CoreInst = "FDiv">   --->   Core 20 'FDiv' <Latency = 2> <II = 1> <Delay = 69.9> <FuncUnit> <Opcode : 'fdiv' 'frem'> <InPorts = 2> <OutPorts = 1>

State 16 <SV = 15> <Delay = 69.9>
ST_16 : Operation 41 [2/3] (69.9ns)   --->   "%div1 = fdiv i32 %min, i32 60" [/ecel/UFAD/mark.gross/fnn-gps/gps-parser/parser.cpp:101]   --->   Operation 41 'fdiv' 'div1' <Predicate = true> <Delay = 69.9> <CoreInst = "FDiv">   --->   Core 20 'FDiv' <Latency = 2> <II = 1> <Delay = 69.9> <FuncUnit> <Opcode : 'fdiv' 'frem'> <InPorts = 2> <OutPorts = 1>

State 17 <SV = 16> <Delay = 69.9>
ST_17 : Operation 42 [2/2] (17.9ns)   --->   "%deg = sitofp i32 %tmp" [/ecel/UFAD/mark.gross/fnn-gps/gps-parser/parser.cpp:93]   --->   Operation 42 'sitofp' 'deg' <Predicate = true> <Delay = 17.9> <CoreInst = "Int2Float">   --->   Core 62 'Int2Float' <Latency = 1> <II = 1> <Delay = 17.9> <FuncUnit> <Opcode : 'uitofp' 'sitofp'> <InPorts = 1> <OutPorts = 1>
ST_17 : Operation 43 [2/2] (2.75ns)   --->   "%hemi = call i7 @hls_get_field_from_nmea, i4 6, i8 %stored_msg" [/ecel/UFAD/mark.gross/fnn-gps/gps-parser/parser.cpp:98]   --->   Operation 43 'call' 'hemi' <Predicate = true> <Delay = 2.75> <CoreType = "Generic">   --->   Core 0 '' <Latency = 0> <II = 1> <Delay = 1.00> <Generic> <Opcode : >
ST_17 : Operation 44 [1/3] (69.9ns)   --->   "%div1 = fdiv i32 %min, i32 60" [/ecel/UFAD/mark.gross/fnn-gps/gps-parser/parser.cpp:101]   --->   Operation 44 'fdiv' 'div1' <Predicate = true> <Delay = 69.9> <CoreInst = "FDiv">   --->   Core 20 'FDiv' <Latency = 2> <II = 1> <Delay = 69.9> <FuncUnit> <Opcode : 'fdiv' 'frem'> <InPorts = 2> <OutPorts = 1>

State 18 <SV = 17> <Delay = 40.5>
ST_18 : Operation 45 [1/2] (17.9ns)   --->   "%deg = sitofp i32 %tmp" [/ecel/UFAD/mark.gross/fnn-gps/gps-parser/parser.cpp:93]   --->   Operation 45 'sitofp' 'deg' <Predicate = true> <Delay = 17.9> <CoreInst = "Int2Float">   --->   Core 62 'Int2Float' <Latency = 1> <II = 1> <Delay = 17.9> <FuncUnit> <Opcode : 'uitofp' 'sitofp'> <InPorts = 1> <OutPorts = 1>
ST_18 : Operation 46 [1/2] (0.00ns)   --->   "%hemi = call i7 @hls_get_field_from_nmea, i4 6, i8 %stored_msg" [/ecel/UFAD/mark.gross/fnn-gps/gps-parser/parser.cpp:98]   --->   Operation 46 'call' 'hemi' <Predicate = true> <Delay = 0.00> <CoreType = "Generic">   --->   Core 0 '' <Latency = 0> <II = 1> <Delay = 1.00> <Generic> <Opcode : >
ST_18 : Operation 47 [2/2] (22.5ns)   --->   "%deg_1 = fadd i32 %deg, i32 %div1" [/ecel/UFAD/mark.gross/fnn-gps/gps-parser/parser.cpp:101]   --->   Operation 47 'fadd' 'deg_1' <Predicate = true> <Delay = 22.5> <CoreInst = "FAddSub_fulldsp">   --->   Core 18 'FAddSub_fulldsp' <Latency = 1> <II = 1> <Delay = 22.5> <FuncUnit> <Opcode : 'fadd' 'fsub'> <InPorts = 2> <OutPorts = 1>

State 19 <SV = 18> <Delay = 22.5>
ST_19 : Operation 48 [1/1] (0.00ns)   --->   "%zext_ln69 = zext i7 %hemi" [/ecel/UFAD/mark.gross/fnn-gps/gps-parser/parser.cpp:69]   --->   Operation 48 'zext' 'zext_ln69' <Predicate = true> <Delay = 0.00>
ST_19 : Operation 49 [1/1] (0.00ns)   --->   "%stored_msg_addr = getelementptr i8 %stored_msg, i64 0, i64 %zext_ln69" [/ecel/UFAD/mark.gross/fnn-gps/gps-parser/parser.cpp:99]   --->   Operation 49 'getelementptr' 'stored_msg_addr' <Predicate = true> <Delay = 0.00>
ST_19 : Operation 50 [2/2] (2.32ns)   --->   "%stored_msg_load = load i7 %stored_msg_addr" [/ecel/UFAD/mark.gross/fnn-gps/gps-parser/parser.cpp:99]   --->   Operation 50 'load' 'stored_msg_load' <Predicate = true> <Delay = 2.32> <CoreInst = "RAM">   --->   Core 82 'RAM' <Latency = 1> <II = 1> <Delay = 2.32> <Storage> <Opcode : 'load' 'store'> <Ports = 2> <Width = 8> <Depth = 82> <RAM>
ST_19 : Operation 51 [1/2] (22.5ns)   --->   "%deg_1 = fadd i32 %deg, i32 %div1" [/ecel/UFAD/mark.gross/fnn-gps/gps-parser/parser.cpp:101]   --->   Operation 51 'fadd' 'deg_1' <Predicate = true> <Delay = 22.5> <CoreInst = "FAddSub_fulldsp">   --->   Core 18 'FAddSub_fulldsp' <Latency = 1> <II = 1> <Delay = 22.5> <FuncUnit> <Opcode : 'fadd' 'fsub'> <InPorts = 2> <OutPorts = 1>

State 20 <SV = 19> <Delay = 56.5>
ST_20 : Operation 52 [1/2] (2.32ns)   --->   "%stored_msg_load = load i7 %stored_msg_addr" [/ecel/UFAD/mark.gross/fnn-gps/gps-parser/parser.cpp:99]   --->   Operation 52 'load' 'stored_msg_load' <Predicate = true> <Delay = 2.32> <CoreInst = "RAM">   --->   Core 82 'RAM' <Latency = 1> <II = 1> <Delay = 2.32> <Storage> <Opcode : 'load' 'store'> <Ports = 2> <Width = 8> <Depth = 82> <RAM>
ST_20 : Operation 53 [1/1] (1.91ns)   --->   "%icmp_ln99 = icmp_eq  i8 %stored_msg_load, i8 69" [/ecel/UFAD/mark.gross/fnn-gps/gps-parser/parser.cpp:99]   --->   Operation 53 'icmp' 'icmp_ln99' <Predicate = true> <Delay = 1.91> <CoreInst = "Cmp">   --->   Core 9 'Cmp' <Latency = 0> <II = 1> <Delay = 1.91> <FuncUnit> <Opcode : 'icmp'> <InPorts = 2> <OutPorts = 1>
ST_20 : Operation 54 [1/1] (0.69ns)   --->   "%multi = select i1 %icmp_ln99, i32 1, i32 -1" [/ecel/UFAD/mark.gross/fnn-gps/gps-parser/parser.cpp:99]   --->   Operation 54 'select' 'multi' <Predicate = true> <Delay = 0.69> <CoreInst = "Sel">   --->   Core 73 'Sel' <Latency = 0> <II = 1> <Delay = 0.69> <FuncUnit> <Opcode : 'select'> <InPorts = 3> <OutPorts = 1>
ST_20 : Operation 55 [1/1] (51.5ns)   --->   "%deg_2 = fmul i32 %deg_1, i32 %multi" [/ecel/UFAD/mark.gross/fnn-gps/gps-parser/parser.cpp:102]   --->   Operation 55 'fmul' 'deg_2' <Predicate = true> <Delay = 51.5> <CoreInst = "FMul_maxdsp">   --->   Core 30 'FMul_maxdsp' <Latency = 0> <II = 1> <Delay = 51.5> <FuncUnit> <Opcode : 'fmul'> <InPorts = 2> <OutPorts = 1>
ST_20 : Operation 56 [1/1] (0.00ns)   --->   "%ret_ln108 = ret i32 %deg_2" [/ecel/UFAD/mark.gross/fnn-gps/gps-parser/parser.cpp:108]   --->   Operation 56 'ret' 'ret_ln108' <Predicate = true> <Delay = 0.00>


============================================================
+ Verbose Summary: Timing violations
============================================================
Target clock period: 100.000ns, clock uncertainty: 27.000ns.

 <State 1>: 2.759ns
The critical path consists of the following:
	'call' operation 7 bit ('coord', /ecel/UFAD/mark.gross/fnn-gps/gps-parser/parser.cpp:92) to 'hls_get_field_from_nmea' [2]  (2.759 ns)

 <State 2>: 0.000ns
The critical path consists of the following:

 <State 3>: 4.192ns
The critical path consists of the following:
	'call' operation 32 bit ('tmp', /ecel/UFAD/mark.gross/fnn-gps/gps-parser/parser.cpp:93) to 'hls_atoi_w_len' [3]  (4.192 ns)

 <State 4>: 3.250ns
The critical path consists of the following:
	'call' operation 32 bit ('tmp', /ecel/UFAD/mark.gross/fnn-gps/gps-parser/parser.cpp:93) to 'hls_atoi_w_len' [3]  (3.250 ns)

 <State 5>: 6.062ns
The critical path consists of the following:
	'add' operation 7 bit ('add_ln94', /ecel/UFAD/mark.gross/fnn-gps/gps-parser/parser.cpp:94) [5]  (1.870 ns)
	'call' operation 32 bit ('tmp_1', /ecel/UFAD/mark.gross/fnn-gps/gps-parser/parser.cpp:94) to 'hls_atoi_w_len' [6]  (4.192 ns)

 <State 6>: 3.250ns
The critical path consists of the following:
	'call' operation 32 bit ('tmp_1', /ecel/UFAD/mark.gross/fnn-gps/gps-parser/parser.cpp:94) to 'hls_atoi_w_len' [6]  (3.250 ns)

 <State 7>: 6.062ns
The critical path consists of the following:
	'add' operation 7 bit ('add_ln95', /ecel/UFAD/mark.gross/fnn-gps/gps-parser/parser.cpp:95) [8]  (1.870 ns)
	'call' operation 32 bit ('tmp_2', /ecel/UFAD/mark.gross/fnn-gps/gps-parser/parser.cpp:95) to 'hls_atoi_w_len' [9]  (4.192 ns)

 <State 8>: 21.243ns
The critical path consists of the following:
	'call' operation 32 bit ('tmp_2', /ecel/UFAD/mark.gross/fnn-gps/gps-parser/parser.cpp:95) to 'hls_atoi_w_len' [9]  (3.250 ns)
	'sitofp' operation 32 bit ('min_frac', /ecel/UFAD/mark.gross/fnn-gps/gps-parser/parser.cpp:95) [10]  (17.993 ns)

 <State 9>: 17.993ns
The critical path consists of the following:
	'sitofp' operation 32 bit ('min_frac', /ecel/UFAD/mark.gross/fnn-gps/gps-parser/parser.cpp:95) [10]  (17.993 ns)

 <State 10>: 69.927ns
The critical path consists of the following:
	'fdiv' operation 32 bit ('div', /ecel/UFAD/mark.gross/fnn-gps/gps-parser/parser.cpp:96) [11]  (69.927 ns)

 <State 11>: 69.927ns
The critical path consists of the following:
	'fdiv' operation 32 bit ('div', /ecel/UFAD/mark.gross/fnn-gps/gps-parser/parser.cpp:96) [11]  (69.927 ns)

 <State 12>: 69.927ns
The critical path consists of the following:
	'fdiv' operation 32 bit ('div', /ecel/UFAD/mark.gross/fnn-gps/gps-parser/parser.cpp:96) [11]  (69.927 ns)

 <State 13>: 40.571ns
The critical path consists of the following:
	'sitofp' operation 32 bit ('min_int', /ecel/UFAD/mark.gross/fnn-gps/gps-parser/parser.cpp:94) [7]  (17.993 ns)
	'fadd' operation 32 bit ('min', /ecel/UFAD/mark.gross/fnn-gps/gps-parser/parser.cpp:96) [12]  (22.578 ns)

 <State 14>: 22.578ns
The critical path consists of the following:
	'fadd' operation 32 bit ('min', /ecel/UFAD/mark.gross/fnn-gps/gps-parser/parser.cpp:96) [12]  (22.578 ns)

 <State 15>: 69.927ns
The critical path consists of the following:
	'fdiv' operation 32 bit ('div1', /ecel/UFAD/mark.gross/fnn-gps/gps-parser/parser.cpp:101) [19]  (69.927 ns)

 <State 16>: 69.927ns
The critical path consists of the following:
	'fdiv' operation 32 bit ('div1', /ecel/UFAD/mark.gross/fnn-gps/gps-parser/parser.cpp:101) [19]  (69.927 ns)

 <State 17>: 69.927ns
The critical path consists of the following:
	'fdiv' operation 32 bit ('div1', /ecel/UFAD/mark.gross/fnn-gps/gps-parser/parser.cpp:101) [19]  (69.927 ns)

 <State 18>: 40.571ns
The critical path consists of the following:
	'sitofp' operation 32 bit ('deg', /ecel/UFAD/mark.gross/fnn-gps/gps-parser/parser.cpp:93) [4]  (17.993 ns)
	'fadd' operation 32 bit ('deg', /ecel/UFAD/mark.gross/fnn-gps/gps-parser/parser.cpp:101) [20]  (22.578 ns)

 <State 19>: 22.578ns
The critical path consists of the following:
	'fadd' operation 32 bit ('deg', /ecel/UFAD/mark.gross/fnn-gps/gps-parser/parser.cpp:101) [20]  (22.578 ns)

 <State 20>: 56.530ns
The critical path consists of the following:
	'load' operation 8 bit ('stored_msg_load', /ecel/UFAD/mark.gross/fnn-gps/gps-parser/parser.cpp:99) on array 'stored_msg' [16]  (2.322 ns)
	'icmp' operation 1 bit ('icmp_ln99', /ecel/UFAD/mark.gross/fnn-gps/gps-parser/parser.cpp:99) [17]  (1.915 ns)
	'select' operation 32 bit ('multi', /ecel/UFAD/mark.gross/fnn-gps/gps-parser/parser.cpp:99) [18]  (0.698 ns)
	'fmul' operation 32 bit ('deg', /ecel/UFAD/mark.gross/fnn-gps/gps-parser/parser.cpp:102) [21]  (51.595 ns)


============================================================
+ Verbose Summary: Binding
============================================================
N/A
* FSMD analyzer results:
  - Output states:
 - Input state : 
  - Chain level:
	State 1
	State 2
	State 3
	State 4
	State 5
	State 6
	State 7
	State 8
	State 9
	State 10
	State 11
	State 12
	State 13
	State 14
	State 15
	State 16
	State 17
	State 18
	State 19
	State 20


============================================================
+ Verbose Summary: Datapath Resource usage 
============================================================
N/A
