

================================================================
== Vitis HLS Report for 'hls_get_field_from_nmea'
================================================================
* Date:           Sat Nov 16 22:45:35 2024

* Version:        2023.2.1 (Build 4070103 on Dec 13 2023)
* Project:        gps-parser
* Solution:       hls (Vivado IP Flow Target)
* Product family: zynq
* Target device:  xc7z020-clg400-1


================================================================
== Performance Estimates
================================================================
+ Timing: 
    * Summary: 
    +--------+---------+----------+------------+
    |  Clock |  Target | Estimated| Uncertainty|
    +--------+---------+----------+------------+
    |ap_clk  |  0.10 us|  6.803 ns|    27.00 ns|
    +--------+---------+----------+------------+

+ Latency: 
    * Summary: 
    +---------+---------+----------+----------+-----+-----+---------+
    |  Latency (cycles) |  Latency (absolute) |  Interval | Pipeline|
    |   min   |   max   |    min   |    max   | min | max |   Type  |
    +---------+---------+----------+----------+-----+-----+---------+
    |        ?|        ?|         ?|         ?|    ?|    ?|       no|
    +---------+---------+----------+----------+-----+-----+---------+

    + Detail: 
        * Instance: 
        N/A

        * Loop: 
        +-------------------+---------+---------+----------+-----------+-----------+-------+----------+
        |                   |  Latency (cycles) | Iteration|  Initiation Interval  |  Trip |          |
        |     Loop Name     |   min   |   max   |  Latency |  achieved |   target  | Count | Pipelined|
        +-------------------+---------+---------+----------+-----------+-----------+-------+----------+
        |- VITIS_LOOP_51_1  |        ?|        ?|         ?|          -|          -|  1 ~ 9|        no|
        +-------------------+---------+---------+----------+-----------+-----------+-------+----------+

============================================================
+ Verbose Summary: Synthesis Manager
============================================================
InlineROM: 1
ExposeGlobal: 0
============================================================
+ Verbose Summary: CDFG Model
============================================================
IsTopModel: 0
ResetActiveHigh: 1
IsCombinational: 0
IsDatapathOnly: 0
HasWiredReturn: 1
HasMFsm: 0
HasVarLatency: 1
IsPipeline: 0
IsRtlPipelined: 0
IsInstanceOverlapped: 0
IsDontTouch: 0
HasImplIP: 0
IsGatedGlobalClock: 0


============================================================
+ Verbose Summary: Schedule
============================================================
* Number of FSM states : 4
* Pipeline : 0
* Dataflow Pipeline: 0

* FSM state transitions: 
1 --> 2 
2 --> 3 
3 --> 4 
4 --> 2 

* FSM state operations: 

State 1 <SV = 0> <Delay = 2.75>
ST_1 : Operation 5 [1/1] (0.00ns)   --->   "%idx2 = alloca i32 1"   --->   Operation 5 'alloca' 'idx2' <Predicate = true> <Delay = 0.00>
ST_1 : Operation 6 [1/1] (0.00ns)   --->   "%i = alloca i32 1" [/ecel/UFAD/mark.gross/fnn-gps/gps-parser/parser.cpp:50]   --->   Operation 6 'alloca' 'i' <Predicate = true> <Delay = 0.00>
ST_1 : Operation 7 [1/1] (0.00ns)   --->   "%fieldnum_read = read i4 @_ssdm_op_Read.ap_auto.i4, i4 %fieldnum"   --->   Operation 7 'read' 'fieldnum_read' <Predicate = true> <Delay = 0.00>
ST_1 : Operation 8 [1/1] (0.00ns)   --->   "%add_ln51_loc = alloca i64 1"   --->   Operation 8 'alloca' 'add_ln51_loc' <Predicate = true> <Delay = 0.00>
ST_1 : Operation 9 [1/1] (1.73ns)   --->   "%icmp_ln51 = icmp_ne  i4 %fieldnum_read, i4 0" [/ecel/UFAD/mark.gross/fnn-gps/gps-parser/parser.cpp:51]   --->   Operation 9 'icmp' 'icmp_ln51' <Predicate = true> <Delay = 1.73> <CoreInst = "Cmp">   --->   Core 9 'Cmp' <Latency = 0> <II = 1> <Delay = 1.73> <FuncUnit> <Opcode : 'icmp'> <InPorts = 2> <OutPorts = 1>
ST_1 : Operation 10 [1/1] (1.02ns)   --->   "%select_ln51 = select i1 %icmp_ln51, i4 %fieldnum_read, i4 1" [/ecel/UFAD/mark.gross/fnn-gps/gps-parser/parser.cpp:51]   --->   Operation 10 'select' 'select_ln51' <Predicate = true> <Delay = 1.02> <CoreInst = "Sel">   --->   Core 73 'Sel' <Latency = 0> <II = 1> <Delay = 1.02> <FuncUnit> <Opcode : 'select'> <InPorts = 3> <OutPorts = 1>
ST_1 : Operation 11 [1/1] (1.58ns)   --->   "%store_ln50 = store i4 0, i4 %i" [/ecel/UFAD/mark.gross/fnn-gps/gps-parser/parser.cpp:50]   --->   Operation 11 'store' 'store_ln50' <Predicate = true> <Delay = 1.58>
ST_1 : Operation 12 [1/1] (1.58ns)   --->   "%store_ln0 = store i64 0, i64 %idx2"   --->   Operation 12 'store' 'store_ln0' <Predicate = true> <Delay = 1.58>
ST_1 : Operation 13 [1/1] (0.00ns)   --->   "%br_ln51 = br void %VITIS_LOOP_53_2" [/ecel/UFAD/mark.gross/fnn-gps/gps-parser/parser.cpp:51]   --->   Operation 13 'br' 'br_ln51' <Predicate = true> <Delay = 0.00>

State 2 <SV = 1> <Delay = 3.32>
ST_2 : Operation 14 [1/1] (0.00ns)   --->   "%idx2_load = load i64 %idx2" [/ecel/UFAD/mark.gross/fnn-gps/gps-parser/parser.cpp:51]   --->   Operation 14 'load' 'idx2_load' <Predicate = true> <Delay = 0.00>
ST_2 : Operation 15 [1/1] (0.00ns)   --->   "%i_1 = load i4 %i" [/ecel/UFAD/mark.gross/fnn-gps/gps-parser/parser.cpp:51]   --->   Operation 15 'load' 'i_1' <Predicate = true> <Delay = 0.00>
ST_2 : Operation 16 [1/1] (0.00ns)   --->   "%trunc_ln51 = trunc i64 %idx2_load" [/ecel/UFAD/mark.gross/fnn-gps/gps-parser/parser.cpp:51]   --->   Operation 16 'trunc' 'trunc_ln51' <Predicate = true> <Delay = 0.00>
ST_2 : Operation 17 [1/1] (1.73ns)   --->   "%icmp_ln51_1 = icmp_eq  i4 %i_1, i4 %select_ln51" [/ecel/UFAD/mark.gross/fnn-gps/gps-parser/parser.cpp:51]   --->   Operation 17 'icmp' 'icmp_ln51_1' <Predicate = true> <Delay = 1.73> <CoreInst = "Cmp">   --->   Core 9 'Cmp' <Latency = 0> <II = 1> <Delay = 1.73> <FuncUnit> <Opcode : 'icmp'> <InPorts = 2> <OutPorts = 1>
ST_2 : Operation 18 [1/1] (0.00ns)   --->   "%speclooptripcount_ln0 = speclooptripcount void @_ssdm_op_SpecLoopTripCount, i64 1, i64 9, i64 0"   --->   Operation 18 'speclooptripcount' 'speclooptripcount_ln0' <Predicate = true> <Delay = 0.00>
ST_2 : Operation 19 [1/1] (1.73ns)   --->   "%i_2 = add i4 %i_1, i4 1" [/ecel/UFAD/mark.gross/fnn-gps/gps-parser/parser.cpp:51]   --->   Operation 19 'add' 'i_2' <Predicate = true> <Delay = 1.73> <CoreInst = "Adder">   --->   Core 1 'Adder' <Latency = 0> <II = 1> <Delay = 1.73> <FuncUnit> <Opcode : 'add' 'sub'> <InPorts = 2> <OutPorts = 1>
ST_2 : Operation 20 [1/1] (0.00ns)   --->   "%br_ln51 = br i1 %icmp_ln51_1, void %VITIS_LOOP_53_2.split, void %for.end13" [/ecel/UFAD/mark.gross/fnn-gps/gps-parser/parser.cpp:51]   --->   Operation 20 'br' 'br_ln51' <Predicate = true> <Delay = 0.00>
ST_2 : Operation 21 [2/2] (0.00ns)   --->   "%call_ln51 = call void @hls_get_field_from_nmea_Pipeline_VITIS_LOOP_53_2, i7 %trunc_ln51, i64 %add_ln51_loc, i8 %stored_msg" [/ecel/UFAD/mark.gross/fnn-gps/gps-parser/parser.cpp:51]   --->   Operation 21 'call' 'call_ln51' <Predicate = (!icmp_ln51_1)> <Delay = 0.00> <CoreType = "Generic">   --->   Core 0 '' <Latency = 0> <II = 1> <Delay = 1.00> <Generic> <Opcode : >
ST_2 : Operation 22 [1/1] (1.58ns)   --->   "%store_ln50 = store i4 %i_2, i4 %i" [/ecel/UFAD/mark.gross/fnn-gps/gps-parser/parser.cpp:50]   --->   Operation 22 'store' 'store_ln50' <Predicate = (!icmp_ln51_1)> <Delay = 1.58>
ST_2 : Operation 23 [1/1] (0.00ns)   --->   "%ret_ln59 = ret i7 %trunc_ln51" [/ecel/UFAD/mark.gross/fnn-gps/gps-parser/parser.cpp:59]   --->   Operation 23 'ret' 'ret_ln59' <Predicate = (icmp_ln51_1)> <Delay = 0.00>

State 3 <SV = 2> <Delay = 5.21>
ST_3 : Operation 24 [1/2] (5.21ns)   --->   "%call_ln51 = call void @hls_get_field_from_nmea_Pipeline_VITIS_LOOP_53_2, i7 %trunc_ln51, i64 %add_ln51_loc, i8 %stored_msg" [/ecel/UFAD/mark.gross/fnn-gps/gps-parser/parser.cpp:51]   --->   Operation 24 'call' 'call_ln51' <Predicate = true> <Delay = 5.21> <CoreType = "Generic">   --->   Core 0 '' <Latency = 0> <II = 1> <Delay = 1.00> <Generic> <Opcode : >

State 4 <SV = 3> <Delay = 5.10>
ST_4 : Operation 25 [1/1] (0.00ns)   --->   "%specloopname_ln51 = specloopname void @_ssdm_op_SpecLoopName, void @empty_8" [/ecel/UFAD/mark.gross/fnn-gps/gps-parser/parser.cpp:51]   --->   Operation 25 'specloopname' 'specloopname_ln51' <Predicate = true> <Delay = 0.00>
ST_4 : Operation 26 [1/1] (0.00ns)   --->   "%add_ln51_loc_load = load i64 %add_ln51_loc"   --->   Operation 26 'load' 'add_ln51_loc_load' <Predicate = true> <Delay = 0.00>
ST_4 : Operation 27 [1/1] (3.52ns)   --->   "%add_ln57 = add i64 %add_ln51_loc_load, i64 %idx2_load" [/ecel/UFAD/mark.gross/fnn-gps/gps-parser/parser.cpp:57]   --->   Operation 27 'add' 'add_ln57' <Predicate = true> <Delay = 3.52> <CoreInst = "Adder">   --->   Core 1 'Adder' <Latency = 0> <II = 1> <Delay = 3.52> <FuncUnit> <Opcode : 'add' 'sub'> <InPorts = 2> <OutPorts = 1>
ST_4 : Operation 28 [1/1] (1.58ns)   --->   "%store_ln57 = store i64 %add_ln57, i64 %idx2" [/ecel/UFAD/mark.gross/fnn-gps/gps-parser/parser.cpp:57]   --->   Operation 28 'store' 'store_ln57' <Predicate = true> <Delay = 1.58>
ST_4 : Operation 29 [1/1] (0.00ns)   --->   "%br_ln51 = br void %VITIS_LOOP_53_2" [/ecel/UFAD/mark.gross/fnn-gps/gps-parser/parser.cpp:51]   --->   Operation 29 'br' 'br_ln51' <Predicate = true> <Delay = 0.00>


============================================================
+ Verbose Summary: Timing violations
============================================================
Target clock period: 100.000ns, clock uncertainty: 27.000ns.

 <State 1>: 2.759ns
The critical path consists of the following:
	wire read operation ('fieldnum_read') on port 'fieldnum' [5]  (0.000 ns)
	'icmp' operation 1 bit ('icmp_ln51', /ecel/UFAD/mark.gross/fnn-gps/gps-parser/parser.cpp:51) [7]  (1.735 ns)
	'select' operation 4 bit ('select_ln51', /ecel/UFAD/mark.gross/fnn-gps/gps-parser/parser.cpp:51) [8]  (1.024 ns)

 <State 2>: 3.323ns
The critical path consists of the following:
	'load' operation 4 bit ('i', /ecel/UFAD/mark.gross/fnn-gps/gps-parser/parser.cpp:51) on local variable 'i', /ecel/UFAD/mark.gross/fnn-gps/gps-parser/parser.cpp:50 [14]  (0.000 ns)
	'add' operation 4 bit ('i', /ecel/UFAD/mark.gross/fnn-gps/gps-parser/parser.cpp:51) [18]  (1.735 ns)
	'store' operation 0 bit ('store_ln50', /ecel/UFAD/mark.gross/fnn-gps/gps-parser/parser.cpp:50) of variable 'i', /ecel/UFAD/mark.gross/fnn-gps/gps-parser/parser.cpp:51 on local variable 'i', /ecel/UFAD/mark.gross/fnn-gps/gps-parser/parser.cpp:50 [25]  (1.588 ns)

 <State 3>: 5.215ns
The critical path consists of the following:
	'call' operation 0 bit ('call_ln51', /ecel/UFAD/mark.gross/fnn-gps/gps-parser/parser.cpp:51) to 'hls_get_field_from_nmea_Pipeline_VITIS_LOOP_53_2' [22]  (5.215 ns)

 <State 4>: 5.108ns
The critical path consists of the following:
	'load' operation 64 bit ('add_ln51_loc_load') on local variable 'add_ln51_loc' [23]  (0.000 ns)
	'add' operation 64 bit ('add_ln57', /ecel/UFAD/mark.gross/fnn-gps/gps-parser/parser.cpp:57) [24]  (3.520 ns)
	'store' operation 0 bit ('store_ln57', /ecel/UFAD/mark.gross/fnn-gps/gps-parser/parser.cpp:57) of variable 'add_ln57', /ecel/UFAD/mark.gross/fnn-gps/gps-parser/parser.cpp:57 on local variable 'idx2' [26]  (1.588 ns)


============================================================
+ Verbose Summary: Binding
============================================================
N/A
* FSMD analyzer results:
  - Output states:
 - Input state : 
  - Chain level:
	State 1
	State 2
	State 3
	State 4


============================================================
+ Verbose Summary: Datapath Resource usage 
============================================================
N/A
