

================================================================
== Vitis HLS Report for 'hls_atoi_w_len_Pipeline_VITIS_LOOP_8_1'
================================================================
* Date:           Sat Nov 16 22:45:35 2024

* Version:        2023.2.1 (Build 4070103 on Dec 13 2023)
* Project:        gps-parser
* Solution:       hls (Vivado IP Flow Target)
* Product family: zynq
* Target device:  xc7z020-clg400-1


================================================================
== Performance Estimates
================================================================
+ Timing: 
    * Summary: 
    +--------+---------+-----------+------------+
    |  Clock |  Target | Estimated | Uncertainty|
    +--------+---------+-----------+------------+
    |ap_clk  |  0.10 us|  10.894 ns|    27.00 ns|
    +--------+---------+-----------+------------+

+ Latency: 
    * Summary: 
    +---------+---------+----------+----------+-----+-----+---------+
    |  Latency (cycles) |  Latency (absolute) |  Interval | Pipeline|
    |   min   |   max   |    min   |    max   | min | max |   Type  |
    +---------+---------+----------+----------+-----+-----+---------+
    |        ?|        ?|         ?|         ?|    ?|    ?|       no|
    +---------+---------+----------+----------+-----+-----+---------+

    + Detail: 
        * Instance: 
        N/A

        * Loop: 
        +------------------+---------+---------+----------+-----------+-----------+------+----------+
        |                  |  Latency (cycles) | Iteration|  Initiation Interval  | Trip |          |
        |     Loop Name    |   min   |   max   |  Latency |  achieved |   target  | Count| Pipelined|
        +------------------+---------+---------+----------+-----------+-----------+------+----------+
        |- VITIS_LOOP_8_1  |        ?|        ?|         2|          2|          1|     ?|       yes|
        +------------------+---------+---------+----------+-----------+-----------+------+----------+

============================================================
+ Verbose Summary: Synthesis Manager
============================================================
InlineROM: 1
ExposeGlobal: 0
============================================================
+ Verbose Summary: CDFG Model
============================================================
IsTopModel: 0
ResetActiveHigh: 1
IsCombinational: 0
IsDatapathOnly: 0
HasWiredReturn: 1
HasMFsm: 2
HasVarLatency: 1
IsPipeline: 0
IsRtlPipelined: 0
IsInstanceOverlapped: 0
IsDontTouch: 0
HasImplIP: 0
IsGatedGlobalClock: 0

+ Individual pipeline summary: 
  * Pipeline-0: initiation interval (II) = 2, depth = 2


============================================================
+ Verbose Summary: Schedule
============================================================
* Number of FSM states : 2
* Pipeline : 1
  Pipeline-0 : II = 2, D = 2, States = { 1 2 }
* Dataflow Pipeline: 0

* FSM state transitions: 
1 --> 2 
2 --> 

* FSM state operations: 

State 1 <SV = 0> <Delay = 5.78>
ST_1 : Operation 5 [1/1] (0.00ns)   --->   "%res = alloca i32 1" [/ecel/UFAD/mark.gross/fnn-gps/gps-parser/parser.cpp:6]   --->   Operation 5 'alloca' 'res' <Predicate = true> <Delay = 0.00>
ST_1 : Operation 6 [1/1] (0.00ns)   --->   "%i = alloca i32 1" [/ecel/UFAD/mark.gross/fnn-gps/gps-parser/parser.cpp:8]   --->   Operation 6 'alloca' 'i' <Predicate = true> <Delay = 0.00>
ST_1 : Operation 7 [1/1] (0.00ns)   --->   "%n_read = read i3 @_ssdm_op_Read.ap_auto.i3, i3 %n"   --->   Operation 7 'read' 'n_read' <Predicate = true> <Delay = 0.00>
ST_1 : Operation 8 [1/1] (0.00ns)   --->   "%s_read = read i7 @_ssdm_op_Read.ap_auto.i7, i7 %s"   --->   Operation 8 'read' 's_read' <Predicate = true> <Delay = 0.00>
ST_1 : Operation 9 [1/1] (1.58ns)   --->   "%store_ln8 = store i3 0, i3 %i" [/ecel/UFAD/mark.gross/fnn-gps/gps-parser/parser.cpp:8]   --->   Operation 9 'store' 'store_ln8' <Predicate = true> <Delay = 1.58>
ST_1 : Operation 10 [1/1] (1.58ns)   --->   "%store_ln6 = store i32 0, i32 %res" [/ecel/UFAD/mark.gross/fnn-gps/gps-parser/parser.cpp:6]   --->   Operation 10 'store' 'store_ln6' <Predicate = true> <Delay = 1.58>
ST_1 : Operation 11 [1/1] (1.58ns)   --->   "%br_ln0 = br void %for.cond"   --->   Operation 11 'br' 'br_ln0' <Predicate = true> <Delay = 1.58>
ST_1 : Operation 12 [1/1] (0.00ns)   --->   "%i_3 = load i3 %i" [/ecel/UFAD/mark.gross/fnn-gps/gps-parser/parser.cpp:8]   --->   Operation 12 'load' 'i_3' <Predicate = true> <Delay = 0.00>
ST_1 : Operation 13 [1/1] (0.00ns)   --->   "%zext_ln8 = zext i3 %i_3" [/ecel/UFAD/mark.gross/fnn-gps/gps-parser/parser.cpp:8]   --->   Operation 13 'zext' 'zext_ln8' <Predicate = true> <Delay = 0.00>
ST_1 : Operation 14 [1/1] (1.87ns)   --->   "%add_ln8 = add i7 %zext_ln8, i7 %s_read" [/ecel/UFAD/mark.gross/fnn-gps/gps-parser/parser.cpp:8]   --->   Operation 14 'add' 'add_ln8' <Predicate = true> <Delay = 1.87> <CoreInst = "Adder">   --->   Core 1 'Adder' <Latency = 0> <II = 1> <Delay = 1.87> <FuncUnit> <Opcode : 'add' 'sub'> <InPorts = 2> <OutPorts = 1>
ST_1 : Operation 15 [1/1] (0.00ns)   --->   "%zext_ln8_1 = zext i7 %add_ln8" [/ecel/UFAD/mark.gross/fnn-gps/gps-parser/parser.cpp:8]   --->   Operation 15 'zext' 'zext_ln8_1' <Predicate = true> <Delay = 0.00>
ST_1 : Operation 16 [1/1] (0.00ns)   --->   "%stored_msg_addr = getelementptr i8 %stored_msg, i64 0, i64 %zext_ln8_1" [/ecel/UFAD/mark.gross/fnn-gps/gps-parser/parser.cpp:8]   --->   Operation 16 'getelementptr' 'stored_msg_addr' <Predicate = true> <Delay = 0.00>
ST_1 : Operation 17 [2/2] (2.32ns)   --->   "%stored_msg_load = load i7 %stored_msg_addr" [/ecel/UFAD/mark.gross/fnn-gps/gps-parser/parser.cpp:8]   --->   Operation 17 'load' 'stored_msg_load' <Predicate = true> <Delay = 2.32> <CoreInst = "RAM">   --->   Core 82 'RAM' <Latency = 1> <II = 1> <Delay = 2.32> <Storage> <Opcode : 'load' 'store'> <Ports = 2> <Width = 8> <Depth = 82> <RAM>
ST_1 : Operation 18 [1/1] (1.65ns)   --->   "%icmp_ln8_1 = icmp_ult  i3 %i_3, i3 %n_read" [/ecel/UFAD/mark.gross/fnn-gps/gps-parser/parser.cpp:8]   --->   Operation 18 'icmp' 'icmp_ln8_1' <Predicate = true> <Delay = 1.65> <CoreInst = "Cmp">   --->   Core 9 'Cmp' <Latency = 0> <II = 1> <Delay = 1.65> <FuncUnit> <Opcode : 'icmp'> <InPorts = 2> <OutPorts = 1>

State 2 <SV = 1> <Delay = 10.8>
ST_2 : Operation 19 [1/1] (0.00ns)   --->   "%is_neg = phi i1 %is_neg_1, void %for.body_ifconv, i1 0, void %newFuncRoot"   --->   Operation 19 'phi' 'is_neg' <Predicate = true> <Delay = 0.00>
ST_2 : Operation 20 [1/2] (2.32ns)   --->   "%stored_msg_load = load i7 %stored_msg_addr" [/ecel/UFAD/mark.gross/fnn-gps/gps-parser/parser.cpp:8]   --->   Operation 20 'load' 'stored_msg_load' <Predicate = true> <Delay = 2.32> <CoreInst = "RAM">   --->   Core 82 'RAM' <Latency = 1> <II = 1> <Delay = 2.32> <Storage> <Opcode : 'load' 'store'> <Ports = 2> <Width = 8> <Depth = 82> <RAM>
ST_2 : Operation 21 [1/1] (1.91ns)   --->   "%icmp_ln8 = icmp_ne  i8 %stored_msg_load, i8 0" [/ecel/UFAD/mark.gross/fnn-gps/gps-parser/parser.cpp:8]   --->   Operation 21 'icmp' 'icmp_ln8' <Predicate = true> <Delay = 1.91> <CoreInst = "Cmp">   --->   Core 9 'Cmp' <Latency = 0> <II = 1> <Delay = 1.91> <FuncUnit> <Opcode : 'icmp'> <InPorts = 2> <OutPorts = 1>
ST_2 : Operation 22 [1/1] (0.97ns)   --->   "%and_ln8 = and i1 %icmp_ln8, i1 %icmp_ln8_1" [/ecel/UFAD/mark.gross/fnn-gps/gps-parser/parser.cpp:8]   --->   Operation 22 'and' 'and_ln8' <Predicate = true> <Delay = 0.97> <CoreInst = "LogicGate">   --->   Core 74 'LogicGate' <Latency = 0> <II = 1> <Delay = 0.97> <FuncUnit> <Opcode : 'and' 'or' 'xor'> <InPorts = 2> <OutPorts = 1>
ST_2 : Operation 23 [1/1] (1.65ns)   --->   "%add_ln8_1 = add i3 %i_3, i3 1" [/ecel/UFAD/mark.gross/fnn-gps/gps-parser/parser.cpp:8]   --->   Operation 23 'add' 'add_ln8_1' <Predicate = true> <Delay = 1.65> <CoreInst = "Adder">   --->   Core 1 'Adder' <Latency = 0> <II = 1> <Delay = 1.65> <FuncUnit> <Opcode : 'add' 'sub'> <InPorts = 2> <OutPorts = 1>
ST_2 : Operation 24 [1/1] (0.00ns)   --->   "%br_ln8 = br i1 %and_ln8, void %for.end.exitStub, void %for.body_ifconv" [/ecel/UFAD/mark.gross/fnn-gps/gps-parser/parser.cpp:8]   --->   Operation 24 'br' 'br_ln8' <Predicate = true> <Delay = 0.00>
ST_2 : Operation 25 [1/1] (0.00ns)   --->   "%res_load = load i32 %res" [/ecel/UFAD/mark.gross/fnn-gps/gps-parser/parser.cpp:13]   --->   Operation 25 'load' 'res_load' <Predicate = (and_ln8)> <Delay = 0.00>
ST_2 : Operation 26 [1/1] (0.00ns)   --->   "%specpipeline_ln9 = specpipeline void @_ssdm_op_SpecPipeline, i32 4294967295, i32 0, i32 0, i32 0, void @empty_1" [/ecel/UFAD/mark.gross/fnn-gps/gps-parser/parser.cpp:9]   --->   Operation 26 'specpipeline' 'specpipeline_ln9' <Predicate = (and_ln8)> <Delay = 0.00>
ST_2 : Operation 27 [1/1] (0.00ns)   --->   "%specloopname_ln8 = specloopname void @_ssdm_op_SpecLoopName, void @empty_9" [/ecel/UFAD/mark.gross/fnn-gps/gps-parser/parser.cpp:8]   --->   Operation 27 'specloopname' 'specloopname_ln8' <Predicate = (and_ln8)> <Delay = 0.00>
ST_2 : Operation 28 [1/1] (1.91ns)   --->   "%icmp_ln9 = icmp_eq  i8 %stored_msg_load, i8 45" [/ecel/UFAD/mark.gross/fnn-gps/gps-parser/parser.cpp:9]   --->   Operation 28 'icmp' 'icmp_ln9' <Predicate = (and_ln8)> <Delay = 1.91> <CoreInst = "Cmp">   --->   Core 9 'Cmp' <Latency = 0> <II = 1> <Delay = 1.91> <FuncUnit> <Opcode : 'icmp'> <InPorts = 2> <OutPorts = 1>
ST_2 : Operation 29 [1/1] (0.00ns)   --->   "%shl_ln13 = shl i32 %res_load, i32 3" [/ecel/UFAD/mark.gross/fnn-gps/gps-parser/parser.cpp:13]   --->   Operation 29 'shl' 'shl_ln13' <Predicate = (and_ln8)> <Delay = 0.00>
ST_2 : Operation 30 [1/1] (0.00ns)   --->   "%shl_ln13_1 = shl i32 %res_load, i32 1" [/ecel/UFAD/mark.gross/fnn-gps/gps-parser/parser.cpp:13]   --->   Operation 30 'shl' 'shl_ln13_1' <Predicate = (and_ln8)> <Delay = 0.00>
ST_2 : Operation 31 [1/1] (0.00ns)   --->   "%sext_ln13 = sext i8 %stored_msg_load" [/ecel/UFAD/mark.gross/fnn-gps/gps-parser/parser.cpp:13]   --->   Operation 31 'sext' 'sext_ln13' <Predicate = (and_ln8)> <Delay = 0.00>
ST_2 : Operation 32 [1/1] (1.91ns)   --->   "%add_ln13_1 = add i9 %sext_ln13, i9 464" [/ecel/UFAD/mark.gross/fnn-gps/gps-parser/parser.cpp:13]   --->   Operation 32 'add' 'add_ln13_1' <Predicate = (and_ln8)> <Delay = 1.91> <CoreInst = "Adder">   --->   Core 1 'Adder' <Latency = 0> <II = 1> <Delay = 1.91> <FuncUnit> <Opcode : 'add' 'sub'> <InPorts = 2> <OutPorts = 1>
ST_2 : Operation 33 [1/1] (0.00ns)   --->   "%sext_ln13_1 = sext i9 %add_ln13_1" [/ecel/UFAD/mark.gross/fnn-gps/gps-parser/parser.cpp:13]   --->   Operation 33 'sext' 'sext_ln13_1' <Predicate = (and_ln8)> <Delay = 0.00>
ST_2 : Operation 34 [1/1] (0.00ns) (grouped into TernaryAdder)   --->   "%add_ln13 = add i32 %shl_ln13, i32 %sext_ln13_1" [/ecel/UFAD/mark.gross/fnn-gps/gps-parser/parser.cpp:13]   --->   Operation 34 'add' 'add_ln13' <Predicate = (and_ln8)> <Delay = 0.00> <CoreInst = "TAddSub">   --->   Core 10 'TAddSub' <Latency = 0> <II = 1> <Delay = 2.18> <IPBlock> <Opcode : '' 'add' 'sub'> <InPorts = 3> <OutPorts = 1> <Sync> <CReg>
ST_2 : Operation 35 [1/1] (4.37ns) (root node of TernaryAdder)   --->   "%res_1 = add i32 %add_ln13, i32 %shl_ln13_1" [/ecel/UFAD/mark.gross/fnn-gps/gps-parser/parser.cpp:13]   --->   Operation 35 'add' 'res_1' <Predicate = (and_ln8)> <Delay = 4.37> <CoreInst = "TAddSub">   --->   Core 10 'TAddSub' <Latency = 0> <II = 1> <Delay = 2.18> <IPBlock> <Opcode : '' 'add' 'sub'> <InPorts = 3> <OutPorts = 1> <Sync> <CReg>
ST_2 : Operation 36 [1/1] (0.69ns)   --->   "%res_2 = select i1 %icmp_ln9, i32 %res_load, i32 %res_1" [/ecel/UFAD/mark.gross/fnn-gps/gps-parser/parser.cpp:9]   --->   Operation 36 'select' 'res_2' <Predicate = (and_ln8)> <Delay = 0.69> <CoreInst = "Sel">   --->   Core 73 'Sel' <Latency = 0> <II = 1> <Delay = 0.69> <FuncUnit> <Opcode : 'select'> <InPorts = 3> <OutPorts = 1>
ST_2 : Operation 37 [1/1] (0.97ns)   --->   "%is_neg_1 = or i1 %icmp_ln9, i1 %is_neg" [/ecel/UFAD/mark.gross/fnn-gps/gps-parser/parser.cpp:9]   --->   Operation 37 'or' 'is_neg_1' <Predicate = (and_ln8)> <Delay = 0.97> <CoreInst = "LogicGate">   --->   Core 74 'LogicGate' <Latency = 0> <II = 1> <Delay = 0.97> <FuncUnit> <Opcode : 'and' 'or' 'xor'> <InPorts = 2> <OutPorts = 1>
ST_2 : Operation 38 [1/1] (1.58ns)   --->   "%store_ln8 = store i3 %add_ln8_1, i3 %i" [/ecel/UFAD/mark.gross/fnn-gps/gps-parser/parser.cpp:8]   --->   Operation 38 'store' 'store_ln8' <Predicate = (and_ln8)> <Delay = 1.58>
ST_2 : Operation 39 [1/1] (1.58ns)   --->   "%store_ln6 = store i32 %res_2, i32 %res" [/ecel/UFAD/mark.gross/fnn-gps/gps-parser/parser.cpp:6]   --->   Operation 39 'store' 'store_ln6' <Predicate = (and_ln8)> <Delay = 1.58>
ST_2 : Operation 40 [1/1] (0.00ns)   --->   "%br_ln8 = br void %for.cond" [/ecel/UFAD/mark.gross/fnn-gps/gps-parser/parser.cpp:8]   --->   Operation 40 'br' 'br_ln8' <Predicate = (and_ln8)> <Delay = 0.00>
ST_2 : Operation 41 [1/1] (0.00ns)   --->   "%res_load_1 = load i32 %res"   --->   Operation 41 'load' 'res_load_1' <Predicate = (!and_ln8)> <Delay = 0.00>
ST_2 : Operation 42 [1/1] (0.00ns)   --->   "%write_ln0 = write void @_ssdm_op_Write.ap_auto.i32P0A, i32 %res_out, i32 %res_load_1"   --->   Operation 42 'write' 'write_ln0' <Predicate = (!and_ln8)> <Delay = 0.00>
ST_2 : Operation 43 [1/1] (0.00ns)   --->   "%write_ln9 = write void @_ssdm_op_Write.ap_auto.i1P0A, i1 %is_neg_out, i1 %is_neg" [/ecel/UFAD/mark.gross/fnn-gps/gps-parser/parser.cpp:9]   --->   Operation 43 'write' 'write_ln9' <Predicate = (!and_ln8)> <Delay = 0.00>
ST_2 : Operation 44 [1/1] (0.00ns)   --->   "%ret_ln0 = ret"   --->   Operation 44 'ret' 'ret_ln0' <Predicate = (!and_ln8)> <Delay = 0.00>


============================================================
+ Verbose Summary: Binding
============================================================
STG Binding: 
---------------- STG Properties BEGIN ----------------
- Is combinational: 0
- Is one-state seq: 0
- Is datapath-only: 0
- Is pipelined: 0
- Is top level: 0
Port [ Return ] is wired: 1; IO mode=ap_ctrl_hs:ce=0
Port [ s]:  wired=1; compound=0; hidden=0; nouse=0; global=0; static=0; extern=0; dir=0; type=0; pingpong=0; private_global=0; IO mode=ap_none:ce=0
Port [ n]:  wired=1; compound=0; hidden=0; nouse=0; global=0; static=0; extern=0; dir=0; type=0; pingpong=0; private_global=0; IO mode=ap_none:ce=0
Port [ res_out]:  wired=1; compound=0; hidden=0; nouse=0; global=0; static=0; extern=0; dir=1; type=0; pingpong=0; private_global=0; IO mode=ap_vld:ce=0
Port [ is_neg_out]:  wired=1; compound=0; hidden=0; nouse=0; global=0; static=0; extern=0; dir=1; type=0; pingpong=0; private_global=0; IO mode=ap_vld:ce=0
Port [ stored_msg]:  wired=1; compound=1; hidden=0; nouse=0; global=1; static=1; extern=0; dir=0; type=1; pingpong=0; private_global=0; MemPort=[13]; IO mode=ap_memory:ce=0
---------------- STG Properties END ------------------

---------------- Datapath Model BEGIN ----------------

<LifeTime>
<method=bitvector/>
res              (alloca       ) [ 011]
i                (alloca       ) [ 011]
n_read           (read         ) [ 000]
s_read           (read         ) [ 000]
store_ln8        (store        ) [ 000]
store_ln6        (store        ) [ 000]
br_ln0           (br           ) [ 011]
i_3              (load         ) [ 001]
zext_ln8         (zext         ) [ 000]
add_ln8          (add          ) [ 000]
zext_ln8_1       (zext         ) [ 000]
stored_msg_addr  (getelementptr) [ 001]
icmp_ln8_1       (icmp         ) [ 001]
is_neg           (phi          ) [ 001]
stored_msg_load  (load         ) [ 000]
icmp_ln8         (icmp         ) [ 000]
and_ln8          (and          ) [ 001]
add_ln8_1        (add          ) [ 000]
br_ln8           (br           ) [ 000]
res_load         (load         ) [ 000]
specpipeline_ln9 (specpipeline ) [ 000]
specloopname_ln8 (specloopname ) [ 000]
icmp_ln9         (icmp         ) [ 000]
shl_ln13         (shl          ) [ 000]
shl_ln13_1       (shl          ) [ 000]
sext_ln13        (sext         ) [ 000]
add_ln13_1       (add          ) [ 000]
sext_ln13_1      (sext         ) [ 000]
add_ln13         (add          ) [ 000]
res_1            (add          ) [ 000]
res_2            (select       ) [ 000]
is_neg_1         (or           ) [ 011]
store_ln8        (store        ) [ 000]
store_ln6        (store        ) [ 000]
br_ln8           (br           ) [ 011]
res_load_1       (load         ) [ 000]
write_ln0        (write        ) [ 000]
write_ln9        (write        ) [ 000]
ret_ln0          (ret          ) [ 000]
</LifeTime>

<model>

<comp_list>
<comp id="0" class="1000" name="s">
<pin_list>
<pin id="1" dir="1" index="0" bw="1" slack="0"/>
</pin_list>
<bind>
<StgValue><ssdm name="s"/></StgValue>
</bind>
</comp>

<comp id="2" class="1000" name="n">
<pin_list>
<pin id="3" dir="1" index="0" bw="1" slack="0"/>
</pin_list>
<bind>
<StgValue><ssdm name="n"/></StgValue>
</bind>
</comp>

<comp id="4" class="1000" name="res_out">
<pin_list>
<pin id="5" dir="1" index="0" bw="1" slack="0"/>
</pin_list>
<bind>
<StgValue><ssdm name="res_out"/></StgValue>
</bind>
</comp>

<comp id="6" class="1000" name="is_neg_out">
<pin_list>
<pin id="7" dir="1" index="0" bw="1" slack="0"/>
</pin_list>
<bind>
<StgValue><ssdm name="is_neg_out"/></StgValue>
</bind>
</comp>

<comp id="8" class="1000" name="stored_msg">
<pin_list>
<pin id="9" dir="1" index="0" bw="1" slack="0"/>
</pin_list>
<bind>
<StgValue><ssdm name="stored_msg"/><MemPortTyVec>1 3 </MemPortTyVec>
</StgValue>
</bind>
</comp>

<comp id="10" class="1001" name="const_10">
<pin_list>
<pin id="11" dir="1" index="0" bw="1" slack="0"/>
</pin_list>
<bind>
<StgValue><ssdm name=""/></StgValue>
</bind>
</comp>

<comp id="12" class="1001" name="const_12">
<pin_list>
<pin id="13" dir="1" index="0" bw="1" slack="0"/>
</pin_list>
<bind>
<StgValue><ssdm name="_ssdm_op_Read.ap_auto.i3"/></StgValue>
</bind>
</comp>

<comp id="14" class="1001" name="const_14">
<pin_list>
<pin id="15" dir="1" index="0" bw="1" slack="0"/>
</pin_list>
<bind>
<StgValue><ssdm name="_ssdm_op_Read.ap_auto.i7"/></StgValue>
</bind>
</comp>

<comp id="16" class="1001" name="const_16">
<pin_list>
<pin id="17" dir="1" index="0" bw="1" slack="0"/>
</pin_list>
<bind>
<StgValue><ssdm name=""/></StgValue>
</bind>
</comp>

<comp id="18" class="1001" name="const_18">
<pin_list>
<pin id="19" dir="1" index="0" bw="1" slack="0"/>
</pin_list>
<bind>
<StgValue><ssdm name=""/></StgValue>
</bind>
</comp>

<comp id="20" class="1001" name="const_20">
<pin_list>
<pin id="21" dir="1" index="0" bw="1" slack="0"/>
</pin_list>
<bind>
<StgValue><ssdm name=""/></StgValue>
</bind>
</comp>

<comp id="22" class="1001" name="const_22">
<pin_list>
<pin id="23" dir="1" index="0" bw="1" slack="1"/>
</pin_list>
<bind>
<StgValue><ssdm name=""/></StgValue>
</bind>
</comp>

<comp id="24" class="1001" name="const_24">
<pin_list>
<pin id="25" dir="1" index="0" bw="1" slack="0"/>
</pin_list>
<bind>
<StgValue><ssdm name=""/></StgValue>
</bind>
</comp>

<comp id="26" class="1001" name="const_26">
<pin_list>
<pin id="27" dir="1" index="0" bw="1" slack="0"/>
</pin_list>
<bind>
<StgValue><ssdm name=""/></StgValue>
</bind>
</comp>

<comp id="28" class="1001" name="const_28">
<pin_list>
<pin id="29" dir="1" index="0" bw="1" slack="2147483647"/>
</pin_list>
<bind>
<StgValue><ssdm name="_ssdm_op_SpecPipeline"/></StgValue>
</bind>
</comp>

<comp id="30" class="1001" name="const_30">
<pin_list>
<pin id="31" dir="1" index="0" bw="1" slack="2147483647"/>
</pin_list>
<bind>
<StgValue><ssdm name=""/></StgValue>
</bind>
</comp>

<comp id="32" class="1001" name="const_32">
<pin_list>
<pin id="33" dir="1" index="0" bw="1" slack="2147483647"/>
</pin_list>
<bind>
<StgValue><ssdm name="empty_1"/></StgValue>
</bind>
</comp>

<comp id="34" class="1001" name="const_34">
<pin_list>
<pin id="35" dir="1" index="0" bw="1" slack="2147483647"/>
</pin_list>
<bind>
<StgValue><ssdm name="_ssdm_op_SpecLoopName"/></StgValue>
</bind>
</comp>

<comp id="36" class="1001" name="const_36">
<pin_list>
<pin id="37" dir="1" index="0" bw="1" slack="2147483647"/>
</pin_list>
<bind>
<StgValue><ssdm name="empty_9"/></StgValue>
</bind>
</comp>

<comp id="38" class="1001" name="const_38">
<pin_list>
<pin id="39" dir="1" index="0" bw="1" slack="0"/>
</pin_list>
<bind>
<StgValue><ssdm name=""/></StgValue>
</bind>
</comp>

<comp id="40" class="1001" name="const_40">
<pin_list>
<pin id="41" dir="1" index="0" bw="1" slack="0"/>
</pin_list>
<bind>
<StgValue><ssdm name=""/></StgValue>
</bind>
</comp>

<comp id="42" class="1001" name="const_42">
<pin_list>
<pin id="43" dir="1" index="0" bw="1" slack="0"/>
</pin_list>
<bind>
<StgValue><ssdm name=""/></StgValue>
</bind>
</comp>

<comp id="44" class="1001" name="const_44">
<pin_list>
<pin id="45" dir="1" index="0" bw="1" slack="0"/>
</pin_list>
<bind>
<StgValue><ssdm name="_ssdm_op_Write.ap_auto.i32P0A"/></StgValue>
</bind>
</comp>

<comp id="46" class="1001" name="const_46">
<pin_list>
<pin id="47" dir="1" index="0" bw="1" slack="0"/>
</pin_list>
<bind>
<StgValue><ssdm name="_ssdm_op_Write.ap_auto.i1P0A"/></StgValue>
</bind>
</comp>

<comp id="48" class="1004" name="res_fu_48">
<pin_list>
<pin id="49" dir="0" index="0" bw="1" slack="0"/>
<pin id="50" dir="1" index="1" bw="32" slack="0"/>
</pin_list>
<bind>
<opcode="alloca(26) " fcode="alloca"/>
<opset="res/1 "/>
</bind>
</comp>

<comp id="52" class="1004" name="i_fu_52">
<pin_list>
<pin id="53" dir="0" index="0" bw="1" slack="0"/>
<pin id="54" dir="1" index="1" bw="3" slack="0"/>
</pin_list>
<bind>
<opcode="alloca(26) " fcode="alloca"/>
<opset="i/1 "/>
</bind>
</comp>

<comp id="56" class="1004" name="n_read_read_fu_56">
<pin_list>
<pin id="57" dir="0" index="0" bw="3" slack="0"/>
<pin id="58" dir="0" index="1" bw="3" slack="0"/>
<pin id="59" dir="1" index="2" bw="3" slack="0"/>
</pin_list>
<bind>
<opcode="read(1150) " fcode="read"/>
<opset="n_read/1 "/>
</bind>
</comp>

<comp id="62" class="1004" name="s_read_read_fu_62">
<pin_list>
<pin id="63" dir="0" index="0" bw="7" slack="0"/>
<pin id="64" dir="0" index="1" bw="7" slack="0"/>
<pin id="65" dir="1" index="2" bw="7" slack="0"/>
</pin_list>
<bind>
<opcode="read(1150) " fcode="read"/>
<opset="s_read/1 "/>
</bind>
</comp>

<comp id="68" class="1004" name="write_ln0_write_fu_68">
<pin_list>
<pin id="69" dir="0" index="0" bw="0" slack="0"/>
<pin id="70" dir="0" index="1" bw="32" slack="0"/>
<pin id="71" dir="0" index="2" bw="32" slack="0"/>
<pin id="72" dir="1" index="3" bw="0" slack="2147483647"/>
</pin_list>
<bind>
<opcode="write(1151) " fcode="write"/>
<opset="write_ln0/2 "/>
</bind>
</comp>

<comp id="75" class="1004" name="write_ln9_write_fu_75">
<pin_list>
<pin id="76" dir="0" index="0" bw="0" slack="0"/>
<pin id="77" dir="0" index="1" bw="1" slack="0"/>
<pin id="78" dir="0" index="2" bw="1" slack="0"/>
<pin id="79" dir="1" index="3" bw="0" slack="2147483647"/>
</pin_list>
<bind>
<opcode="write(1151) " fcode="write"/>
<opset="write_ln9/2 "/>
</bind>
</comp>

<comp id="82" class="1004" name="stored_msg_addr_gep_fu_82">
<pin_list>
<pin id="83" dir="0" index="0" bw="8" slack="0"/>
<pin id="84" dir="0" index="1" bw="1" slack="0"/>
<pin id="85" dir="0" index="2" bw="7" slack="0"/>
<pin id="86" dir="1" index="3" bw="7" slack="0"/>
</pin_list>
<bind>
<opcode="getelementptr(29) " fcode="getelementptr"/>
<opset="stored_msg_addr/1 "/>
</bind>
</comp>

<comp id="89" class="1004" name="grp_access_fu_89">
<pin_list>
<pin id="90" dir="0" index="0" bw="7" slack="0"/>
<pin id="91" dir="0" index="1" bw="8" slack="2147483647"/>
<pin id="92" dir="0" index="2" bw="0" slack="2147483647"/>
<pin id="93" dir="1" index="3" bw="8" slack="0"/>
</pin_list>
<bind>
<opcode="load(27) " fcode="load"/>
<opset="stored_msg_load/1 "/>
</bind>
</comp>

<comp id="95" class="1005" name="is_neg_reg_95">
<pin_list>
<pin id="96" dir="0" index="0" bw="1" slack="1"/>
<pin id="97" dir="1" index="1" bw="1" slack="1"/>
</pin_list>
<bind>
<opset="is_neg (phireg) "/>
</bind>
</comp>

<comp id="99" class="1004" name="is_neg_phi_fu_99">
<pin_list>
<pin id="100" dir="0" index="0" bw="1" slack="0"/>
<pin id="101" dir="0" index="1" bw="0" slack="2147483647"/>
<pin id="102" dir="0" index="2" bw="1" slack="1"/>
<pin id="103" dir="0" index="3" bw="0" slack="2147483647"/>
<pin id="104" dir="1" index="4" bw="1" slack="0"/>
</pin_list>
<bind>
<opcode="phi(47) " fcode="phi"/>
<opset="is_neg/2 "/>
</bind>
</comp>

<comp id="107" class="1004" name="store_ln8_store_fu_107">
<pin_list>
<pin id="108" dir="0" index="0" bw="1" slack="0"/>
<pin id="109" dir="0" index="1" bw="3" slack="0"/>
<pin id="110" dir="1" index="2" bw="0" slack="2147483647"/>
</pin_list>
<bind>
<opcode="store(28) " fcode="store"/>
<opset="store_ln8/1 "/>
</bind>
</comp>

<comp id="112" class="1004" name="store_ln6_store_fu_112">
<pin_list>
<pin id="113" dir="0" index="0" bw="1" slack="0"/>
<pin id="114" dir="0" index="1" bw="32" slack="0"/>
<pin id="115" dir="1" index="2" bw="0" slack="2147483647"/>
</pin_list>
<bind>
<opcode="store(28) " fcode="store"/>
<opset="store_ln6/1 "/>
</bind>
</comp>

<comp id="117" class="1004" name="i_3_load_fu_117">
<pin_list>
<pin id="118" dir="0" index="0" bw="3" slack="0"/>
<pin id="119" dir="1" index="1" bw="3" slack="0"/>
</pin_list>
<bind>
<opcode="load(27) " fcode="load"/>
<opset="i_3/1 "/>
</bind>
</comp>

<comp id="120" class="1004" name="zext_ln8_fu_120">
<pin_list>
<pin id="121" dir="0" index="0" bw="3" slack="0"/>
<pin id="122" dir="1" index="1" bw="7" slack="0"/>
</pin_list>
<bind>
<opcode="zext(34) " fcode="zext"/>
<opset="zext_ln8/1 "/>
</bind>
</comp>

<comp id="124" class="1004" name="add_ln8_fu_124">
<pin_list>
<pin id="125" dir="0" index="0" bw="3" slack="0"/>
<pin id="126" dir="0" index="1" bw="7" slack="0"/>
<pin id="127" dir="1" index="2" bw="7" slack="0"/>
</pin_list>
<bind>
<opcode="add(8) " fcode="add"/>
<opset="add_ln8/1 "/>
</bind>
</comp>

<comp id="130" class="1004" name="zext_ln8_1_fu_130">
<pin_list>
<pin id="131" dir="0" index="0" bw="7" slack="0"/>
<pin id="132" dir="1" index="1" bw="64" slack="0"/>
</pin_list>
<bind>
<opcode="zext(34) " fcode="zext"/>
<opset="zext_ln8_1/1 "/>
</bind>
</comp>

<comp id="135" class="1004" name="icmp_ln8_1_fu_135">
<pin_list>
<pin id="136" dir="0" index="0" bw="3" slack="0"/>
<pin id="137" dir="0" index="1" bw="3" slack="0"/>
<pin id="138" dir="1" index="2" bw="1" slack="1"/>
</pin_list>
<bind>
<opcode="icmp(45) " fcode="icmp"/>
<opset="icmp_ln8_1/1 "/>
</bind>
</comp>

<comp id="141" class="1004" name="icmp_ln8_fu_141">
<pin_list>
<pin id="142" dir="0" index="0" bw="8" slack="0"/>
<pin id="143" dir="0" index="1" bw="1" slack="0"/>
<pin id="144" dir="1" index="2" bw="1" slack="0"/>
</pin_list>
<bind>
<opcode="icmp(45) " fcode="icmp"/>
<opset="icmp_ln8/2 "/>
</bind>
</comp>

<comp id="147" class="1004" name="and_ln8_fu_147">
<pin_list>
<pin id="148" dir="0" index="0" bw="1" slack="0"/>
<pin id="149" dir="0" index="1" bw="1" slack="1"/>
<pin id="150" dir="1" index="2" bw="1" slack="2147483647"/>
</pin_list>
<bind>
<opcode="and(23) " fcode="and"/>
<opset="and_ln8/2 "/>
</bind>
</comp>

<comp id="152" class="1004" name="add_ln8_1_fu_152">
<pin_list>
<pin id="153" dir="0" index="0" bw="3" slack="1"/>
<pin id="154" dir="0" index="1" bw="1" slack="0"/>
<pin id="155" dir="1" index="2" bw="3" slack="0"/>
</pin_list>
<bind>
<opcode="add(8) " fcode="add"/>
<opset="add_ln8_1/2 "/>
</bind>
</comp>

<comp id="157" class="1004" name="res_load_load_fu_157">
<pin_list>
<pin id="158" dir="0" index="0" bw="32" slack="1"/>
<pin id="159" dir="1" index="1" bw="32" slack="0"/>
</pin_list>
<bind>
<opcode="load(27) " fcode="load"/>
<opset="res_load/2 "/>
</bind>
</comp>

<comp id="160" class="1004" name="icmp_ln9_fu_160">
<pin_list>
<pin id="161" dir="0" index="0" bw="8" slack="0"/>
<pin id="162" dir="0" index="1" bw="7" slack="0"/>
<pin id="163" dir="1" index="2" bw="1" slack="0"/>
</pin_list>
<bind>
<opcode="icmp(45) " fcode="icmp"/>
<opset="icmp_ln9/2 "/>
</bind>
</comp>

<comp id="166" class="1004" name="shl_ln13_fu_166">
<pin_list>
<pin id="167" dir="0" index="0" bw="32" slack="0"/>
<pin id="168" dir="0" index="1" bw="3" slack="0"/>
<pin id="169" dir="1" index="2" bw="32" slack="0"/>
</pin_list>
<bind>
<opcode="shl(20) " fcode="shl"/>
<opset="shl_ln13/2 "/>
</bind>
</comp>

<comp id="172" class="1004" name="shl_ln13_1_fu_172">
<pin_list>
<pin id="173" dir="0" index="0" bw="32" slack="0"/>
<pin id="174" dir="0" index="1" bw="1" slack="0"/>
<pin id="175" dir="1" index="2" bw="32" slack="0"/>
</pin_list>
<bind>
<opcode="shl(20) " fcode="shl"/>
<opset="shl_ln13_1/2 "/>
</bind>
</comp>

<comp id="178" class="1004" name="sext_ln13_fu_178">
<pin_list>
<pin id="179" dir="0" index="0" bw="8" slack="0"/>
<pin id="180" dir="1" index="1" bw="9" slack="0"/>
</pin_list>
<bind>
<opcode="sext(35) " fcode="sext"/>
<opset="sext_ln13/2 "/>
</bind>
</comp>

<comp id="182" class="1004" name="add_ln13_1_fu_182">
<pin_list>
<pin id="183" dir="0" index="0" bw="8" slack="0"/>
<pin id="184" dir="0" index="1" bw="7" slack="0"/>
<pin id="185" dir="1" index="2" bw="9" slack="0"/>
</pin_list>
<bind>
<opcode="add(8) " fcode="add"/>
<opset="add_ln13_1/2 "/>
</bind>
</comp>

<comp id="188" class="1004" name="sext_ln13_1_fu_188">
<pin_list>
<pin id="189" dir="0" index="0" bw="9" slack="0"/>
<pin id="190" dir="1" index="1" bw="32" slack="0"/>
</pin_list>
<bind>
<opcode="sext(35) " fcode="sext"/>
<opset="sext_ln13_1/2 "/>
</bind>
</comp>

<comp id="192" class="1004" name="add_ln13_fu_192">
<pin_list>
<pin id="193" dir="0" index="0" bw="32" slack="0"/>
<pin id="194" dir="0" index="1" bw="9" slack="0"/>
<pin id="195" dir="1" index="2" bw="32" slack="0"/>
</pin_list>
<bind>
<opcode="add(8) " fcode="add"/>
<opset="add_ln13/2 "/>
</bind>
</comp>

<comp id="198" class="1004" name="res_1_fu_198">
<pin_list>
<pin id="199" dir="0" index="0" bw="32" slack="0"/>
<pin id="200" dir="0" index="1" bw="32" slack="0"/>
<pin id="201" dir="1" index="2" bw="32" slack="0"/>
</pin_list>
<bind>
<opcode="add(8) " fcode="add"/>
<opset="res_1/2 "/>
</bind>
</comp>

<comp id="204" class="1004" name="res_2_fu_204">
<pin_list>
<pin id="205" dir="0" index="0" bw="1" slack="0"/>
<pin id="206" dir="0" index="1" bw="32" slack="0"/>
<pin id="207" dir="0" index="2" bw="32" slack="0"/>
<pin id="208" dir="1" index="3" bw="32" slack="0"/>
</pin_list>
<bind>
<opcode="select(49) " fcode="select"/>
<opset="res_2/2 "/>
</bind>
</comp>

<comp id="212" class="1004" name="is_neg_1_fu_212">
<pin_list>
<pin id="213" dir="0" index="0" bw="1" slack="0"/>
<pin id="214" dir="0" index="1" bw="1" slack="0"/>
<pin id="215" dir="1" index="2" bw="1" slack="0"/>
</pin_list>
<bind>
<opcode="or(24) " fcode="or"/>
<opset="is_neg_1/2 "/>
</bind>
</comp>

<comp id="218" class="1004" name="store_ln8_store_fu_218">
<pin_list>
<pin id="219" dir="0" index="0" bw="3" slack="0"/>
<pin id="220" dir="0" index="1" bw="3" slack="1"/>
<pin id="221" dir="1" index="2" bw="0" slack="2147483647"/>
</pin_list>
<bind>
<opcode="store(28) " fcode="store"/>
<opset="store_ln8/2 "/>
</bind>
</comp>

<comp id="223" class="1004" name="store_ln6_store_fu_223">
<pin_list>
<pin id="224" dir="0" index="0" bw="32" slack="0"/>
<pin id="225" dir="0" index="1" bw="32" slack="1"/>
<pin id="226" dir="1" index="2" bw="0" slack="2147483647"/>
</pin_list>
<bind>
<opcode="store(28) " fcode="store"/>
<opset="store_ln6/2 "/>
</bind>
</comp>

<comp id="228" class="1004" name="res_load_1_load_fu_228">
<pin_list>
<pin id="229" dir="0" index="0" bw="32" slack="1"/>
<pin id="230" dir="1" index="1" bw="32" slack="0"/>
</pin_list>
<bind>
<opcode="load(27) " fcode="load"/>
<opset="res_load_1/2 "/>
</bind>
</comp>

<comp id="232" class="1005" name="res_reg_232">
<pin_list>
<pin id="233" dir="0" index="0" bw="32" slack="0"/>
<pin id="234" dir="1" index="1" bw="32" slack="0"/>
</pin_list>
<bind>
<opset="res "/>
</bind>
</comp>

<comp id="240" class="1005" name="i_reg_240">
<pin_list>
<pin id="241" dir="0" index="0" bw="3" slack="0"/>
<pin id="242" dir="1" index="1" bw="3" slack="0"/>
</pin_list>
<bind>
<opset="i "/>
</bind>
</comp>

<comp id="247" class="1005" name="i_3_reg_247">
<pin_list>
<pin id="248" dir="0" index="0" bw="3" slack="1"/>
<pin id="249" dir="1" index="1" bw="3" slack="1"/>
</pin_list>
<bind>
<opset="i_3 "/>
</bind>
</comp>

<comp id="252" class="1005" name="stored_msg_addr_reg_252">
<pin_list>
<pin id="253" dir="0" index="0" bw="7" slack="1"/>
<pin id="254" dir="1" index="1" bw="7" slack="1"/>
</pin_list>
<bind>
<opset="stored_msg_addr "/>
</bind>
</comp>

<comp id="257" class="1005" name="icmp_ln8_1_reg_257">
<pin_list>
<pin id="258" dir="0" index="0" bw="1" slack="1"/>
<pin id="259" dir="1" index="1" bw="1" slack="1"/>
</pin_list>
<bind>
<opset="icmp_ln8_1 "/>
</bind>
</comp>

<comp id="265" class="1005" name="is_neg_1_reg_265">
<pin_list>
<pin id="266" dir="0" index="0" bw="1" slack="0"/>
<pin id="267" dir="1" index="1" bw="1" slack="0"/>
</pin_list>
<bind>
<opset="is_neg_1 "/>
</bind>
</comp>

</comp_list>

<net_list>
<net id="51"><net_src comp="10" pin="0"/><net_sink comp="48" pin=0"/></net>

<net id="55"><net_src comp="10" pin="0"/><net_sink comp="52" pin=0"/></net>

<net id="60"><net_src comp="12" pin="0"/><net_sink comp="56" pin=0"/></net>

<net id="61"><net_src comp="2" pin="0"/><net_sink comp="56" pin=1"/></net>

<net id="66"><net_src comp="14" pin="0"/><net_sink comp="62" pin=0"/></net>

<net id="67"><net_src comp="0" pin="0"/><net_sink comp="62" pin=1"/></net>

<net id="73"><net_src comp="44" pin="0"/><net_sink comp="68" pin=0"/></net>

<net id="74"><net_src comp="4" pin="0"/><net_sink comp="68" pin=1"/></net>

<net id="80"><net_src comp="46" pin="0"/><net_sink comp="75" pin=0"/></net>

<net id="81"><net_src comp="6" pin="0"/><net_sink comp="75" pin=1"/></net>

<net id="87"><net_src comp="8" pin="0"/><net_sink comp="82" pin=0"/></net>

<net id="88"><net_src comp="20" pin="0"/><net_sink comp="82" pin=1"/></net>

<net id="94"><net_src comp="82" pin="3"/><net_sink comp="89" pin=0"/></net>

<net id="98"><net_src comp="22" pin="0"/><net_sink comp="95" pin=0"/></net>

<net id="105"><net_src comp="95" pin="1"/><net_sink comp="99" pin=2"/></net>

<net id="106"><net_src comp="99" pin="4"/><net_sink comp="75" pin=2"/></net>

<net id="111"><net_src comp="16" pin="0"/><net_sink comp="107" pin=0"/></net>

<net id="116"><net_src comp="18" pin="0"/><net_sink comp="112" pin=0"/></net>

<net id="123"><net_src comp="117" pin="1"/><net_sink comp="120" pin=0"/></net>

<net id="128"><net_src comp="120" pin="1"/><net_sink comp="124" pin=0"/></net>

<net id="129"><net_src comp="62" pin="2"/><net_sink comp="124" pin=1"/></net>

<net id="133"><net_src comp="124" pin="2"/><net_sink comp="130" pin=0"/></net>

<net id="134"><net_src comp="130" pin="1"/><net_sink comp="82" pin=2"/></net>

<net id="139"><net_src comp="117" pin="1"/><net_sink comp="135" pin=0"/></net>

<net id="140"><net_src comp="56" pin="2"/><net_sink comp="135" pin=1"/></net>

<net id="145"><net_src comp="89" pin="3"/><net_sink comp="141" pin=0"/></net>

<net id="146"><net_src comp="24" pin="0"/><net_sink comp="141" pin=1"/></net>

<net id="151"><net_src comp="141" pin="2"/><net_sink comp="147" pin=0"/></net>

<net id="156"><net_src comp="26" pin="0"/><net_sink comp="152" pin=1"/></net>

<net id="164"><net_src comp="89" pin="3"/><net_sink comp="160" pin=0"/></net>

<net id="165"><net_src comp="38" pin="0"/><net_sink comp="160" pin=1"/></net>

<net id="170"><net_src comp="157" pin="1"/><net_sink comp="166" pin=0"/></net>

<net id="171"><net_src comp="40" pin="0"/><net_sink comp="166" pin=1"/></net>

<net id="176"><net_src comp="157" pin="1"/><net_sink comp="172" pin=0"/></net>

<net id="177"><net_src comp="10" pin="0"/><net_sink comp="172" pin=1"/></net>

<net id="181"><net_src comp="89" pin="3"/><net_sink comp="178" pin=0"/></net>

<net id="186"><net_src comp="178" pin="1"/><net_sink comp="182" pin=0"/></net>

<net id="187"><net_src comp="42" pin="0"/><net_sink comp="182" pin=1"/></net>

<net id="191"><net_src comp="182" pin="2"/><net_sink comp="188" pin=0"/></net>

<net id="196"><net_src comp="166" pin="2"/><net_sink comp="192" pin=0"/></net>

<net id="197"><net_src comp="188" pin="1"/><net_sink comp="192" pin=1"/></net>

<net id="202"><net_src comp="192" pin="2"/><net_sink comp="198" pin=0"/></net>

<net id="203"><net_src comp="172" pin="2"/><net_sink comp="198" pin=1"/></net>

<net id="209"><net_src comp="160" pin="2"/><net_sink comp="204" pin=0"/></net>

<net id="210"><net_src comp="157" pin="1"/><net_sink comp="204" pin=1"/></net>

<net id="211"><net_src comp="198" pin="2"/><net_sink comp="204" pin=2"/></net>

<net id="216"><net_src comp="160" pin="2"/><net_sink comp="212" pin=0"/></net>

<net id="217"><net_src comp="99" pin="4"/><net_sink comp="212" pin=1"/></net>

<net id="222"><net_src comp="152" pin="2"/><net_sink comp="218" pin=0"/></net>

<net id="227"><net_src comp="204" pin="3"/><net_sink comp="223" pin=0"/></net>

<net id="231"><net_src comp="228" pin="1"/><net_sink comp="68" pin=2"/></net>

<net id="235"><net_src comp="48" pin="1"/><net_sink comp="232" pin=0"/></net>

<net id="236"><net_src comp="232" pin="1"/><net_sink comp="112" pin=1"/></net>

<net id="237"><net_src comp="232" pin="1"/><net_sink comp="157" pin=0"/></net>

<net id="238"><net_src comp="232" pin="1"/><net_sink comp="223" pin=1"/></net>

<net id="239"><net_src comp="232" pin="1"/><net_sink comp="228" pin=0"/></net>

<net id="243"><net_src comp="52" pin="1"/><net_sink comp="240" pin=0"/></net>

<net id="244"><net_src comp="240" pin="1"/><net_sink comp="107" pin=1"/></net>

<net id="245"><net_src comp="240" pin="1"/><net_sink comp="117" pin=0"/></net>

<net id="246"><net_src comp="240" pin="1"/><net_sink comp="218" pin=1"/></net>

<net id="250"><net_src comp="117" pin="1"/><net_sink comp="247" pin=0"/></net>

<net id="251"><net_src comp="247" pin="1"/><net_sink comp="152" pin=0"/></net>

<net id="255"><net_src comp="82" pin="3"/><net_sink comp="252" pin=0"/></net>

<net id="256"><net_src comp="252" pin="1"/><net_sink comp="89" pin=0"/></net>

<net id="260"><net_src comp="135" pin="2"/><net_sink comp="257" pin=0"/></net>

<net id="261"><net_src comp="257" pin="1"/><net_sink comp="147" pin=1"/></net>

<net id="268"><net_src comp="212" pin="2"/><net_sink comp="265" pin=0"/></net>

<net id="269"><net_src comp="265" pin="1"/><net_sink comp="99" pin=0"/></net>

</net_list>

</model> 
---------------- Datapath Model END ------------------

* FSMD analyzer results:
  - Output states:
	Port: res_out | {2 }
	Port: is_neg_out | {2 }
 - Input state : 
	Port: hls_atoi_w_len_Pipeline_VITIS_LOOP_8_1 : s | {1 }
	Port: hls_atoi_w_len_Pipeline_VITIS_LOOP_8_1 : n | {1 }
	Port: hls_atoi_w_len_Pipeline_VITIS_LOOP_8_1 : stored_msg | {1 2 }
  - Chain level:
	State 1
		store_ln8 : 1
		store_ln6 : 1
		i_3 : 1
		zext_ln8 : 2
		add_ln8 : 3
		zext_ln8_1 : 4
		stored_msg_addr : 5
		stored_msg_load : 6
		icmp_ln8_1 : 2
	State 2
		icmp_ln8 : 1
		and_ln8 : 2
		br_ln8 : 2
		icmp_ln9 : 1
		shl_ln13 : 1
		shl_ln13_1 : 1
		sext_ln13 : 1
		add_ln13_1 : 2
		sext_ln13_1 : 3
		add_ln13 : 4
		res_1 : 5
		res_2 : 6
		is_neg_1 : 2
		store_ln8 : 1
		store_ln6 : 7
		write_ln0 : 1
		write_ln9 : 1


============================================================
+ Verbose Summary: Datapath Resource usage 
============================================================

* Functional unit list:
|----------|-----------------------|---------|---------|
| Operation|    Functional Unit    |    FF   |   LUT   |
|----------|-----------------------|---------|---------|
|          |     add_ln8_fu_124    |    0    |    14   |
|          |    add_ln8_1_fu_152   |    0    |    11   |
|    add   |   add_ln13_1_fu_182   |    0    |    15   |
|          |    add_ln13_fu_192    |    0    |    32   |
|          |      res_1_fu_198     |    0    |    32   |
|----------|-----------------------|---------|---------|
|          |   icmp_ln8_1_fu_135   |    0    |    11   |
|   icmp   |    icmp_ln8_fu_141    |    0    |    15   |
|          |    icmp_ln9_fu_160    |    0    |    15   |
|----------|-----------------------|---------|---------|
|  select  |      res_2_fu_204     |    0    |    32   |
|----------|-----------------------|---------|---------|
|    and   |     and_ln8_fu_147    |    0    |    2    |
|----------|-----------------------|---------|---------|
|    or    |    is_neg_1_fu_212    |    0    |    2    |
|----------|-----------------------|---------|---------|
|   read   |   n_read_read_fu_56   |    0    |    0    |
|          |   s_read_read_fu_62   |    0    |    0    |
|----------|-----------------------|---------|---------|
|   write  | write_ln0_write_fu_68 |    0    |    0    |
|          | write_ln9_write_fu_75 |    0    |    0    |
|----------|-----------------------|---------|---------|
|   zext   |    zext_ln8_fu_120    |    0    |    0    |
|          |   zext_ln8_1_fu_130   |    0    |    0    |
|----------|-----------------------|---------|---------|
|    shl   |    shl_ln13_fu_166    |    0    |    0    |
|          |   shl_ln13_1_fu_172   |    0    |    0    |
|----------|-----------------------|---------|---------|
|   sext   |    sext_ln13_fu_178   |    0    |    0    |
|          |   sext_ln13_1_fu_188  |    0    |    0    |
|----------|-----------------------|---------|---------|
|   Total  |                       |    0    |   181   |
|----------|-----------------------|---------|---------|

Memories:
N/A

* Register list:
+-----------------------+--------+
|                       |   FF   |
+-----------------------+--------+
|      i_3_reg_247      |    3   |
|       i_reg_240       |    3   |
|   icmp_ln8_1_reg_257  |    1   |
|    is_neg_1_reg_265   |    1   |
|     is_neg_reg_95     |    1   |
|      res_reg_232      |   32   |
|stored_msg_addr_reg_252|    7   |
+-----------------------+--------+
|         Total         |   48   |
+-----------------------+--------+

* Multiplexer (MUX) list: 
|------------------|------|------|------|--------||---------||---------|
|       Comp       |  Pin | Size |  BW  | S x BW ||  Delay  ||   LUT   |
|------------------|------|------|------|--------||---------||---------|
| grp_access_fu_89 |  p0  |   2  |   7  |   14   ||    9    |
|------------------|------|------|------|--------||---------||---------|
|       Total      |      |      |      |   14   ||  1.588  ||    9    |
|------------------|------|------|------|--------||---------||---------|



* Summary:
+-----------+--------+--------+--------+
|           |  Delay |   FF   |   LUT  |
+-----------+--------+--------+--------+
|  Function |    -   |    0   |   181  |
|   Memory  |    -   |    -   |    -   |
|Multiplexer|    1   |    -   |    9   |
|  Register |    -   |   48   |    -   |
+-----------+--------+--------+--------+
|   Total   |    1   |   48   |   190  |
+-----------+--------+--------+--------+
