

================================================================
== Vitis HLS Report for 'hls_get_coordinate'
================================================================
* Date:           Sat Nov 16 22:45:36 2024

* Version:        2023.2.1 (Build 4070103 on Dec 13 2023)
* Project:        gps-parser
* Solution:       hls (Vivado IP Flow Target)
* Product family: zynq
* Target device:  xc7z020-clg400-1


================================================================
== Performance Estimates
================================================================
+ Timing: 
    * Summary: 
    +--------+---------+-----------+------------+
    |  Clock |  Target | Estimated | Uncertainty|
    +--------+---------+-----------+------------+
    |ap_clk  |  0.10 us|  69.927 ns|    27.00 ns|
    +--------+---------+-----------+------------+

+ Latency: 
    * Summary: 
    +---------+---------+----------+----------+-----+-----+---------+
    |  Latency (cycles) |  Latency (absolute) |  Interval | Pipeline|
    |   min   |   max   |    min   |    max   | min | max |   Type  |
    +---------+---------+----------+----------+-----+-----+---------+
    |        ?|        ?|         ?|         ?|    ?|    ?|       no|
    +---------+---------+----------+----------+-----+-----+---------+

    + Detail: 
        * Instance: 
        +-----------------------------------+-------------------------+---------+---------+----------+----------+-----+-----+---------+
        |                                   |                         |  Latency (cycles) |  Latency (absolute) |  Interval | Pipeline|
        |              Instance             |          Module         |   min   |   max   |    min   |    max   | min | max |   Type  |
        +-----------------------------------+-------------------------+---------+---------+----------+----------+-----+-----+---------+
        |grp_hls_get_field_from_nmea_fu_43  |hls_get_field_from_nmea  |        ?|        ?|         ?|         ?|    ?|    ?|       no|
        |grp_hls_atoi_w_len_fu_52           |hls_atoi_w_len           |        ?|        ?|         ?|         ?|    ?|    ?|       no|
        +-----------------------------------+-------------------------+---------+---------+----------+----------+-----+-----+---------+

        * Loop: 
        N/A



================================================================
== Utilization Estimates
================================================================
* Summary: 
+-----------------+---------+-----+--------+-------+-----+
|       Name      | BRAM_18K| DSP |   FF   |  LUT  | URAM|
+-----------------+---------+-----+--------+-------+-----+
|DSP              |        -|    -|       -|      -|    -|
|Expression       |        -|    -|       0|     75|    -|
|FIFO             |        -|    -|       -|      -|    -|
|Instance         |        -|    3|     328|    985|    -|
|Memory           |        -|    -|       -|      -|    -|
|Multiplexer      |        -|    -|       -|    251|    -|
|Register         |        -|    -|     235|      -|    -|
+-----------------+---------+-----+--------+-------+-----+
|Total            |        0|    3|     563|   1311|    0|
+-----------------+---------+-----+--------+-------+-----+
|Available        |      280|  220|  106400|  53200|    0|
+-----------------+---------+-----+--------+-------+-----+
|Utilization (%)  |        0|    1|      ~0|      2|    0|
+-----------------+---------+-----+--------+-------+-----+

+ Detail: 
    * Instance: 
    +-----------------------------------+-------------------------------+---------+----+-----+-----+-----+
    |              Instance             |             Module            | BRAM_18K| DSP|  FF | LUT | URAM|
    +-----------------------------------+-------------------------------+---------+----+-----+-----+-----+
    |fmul_32ns_32ns_32_1_max_dsp_1_U20  |fmul_32ns_32ns_32_1_max_dsp_1  |        0|   3|    0|  320|    0|
    |grp_hls_atoi_w_len_fu_52           |hls_atoi_w_len                 |        0|   0|   47|  330|    0|
    |grp_hls_get_field_from_nmea_fu_43  |hls_get_field_from_nmea        |        0|   0|  281|  335|    0|
    +-----------------------------------+-------------------------------+---------+----+-----+-----+-----+
    |Total                              |                               |        0|   3|  328|  985|    0|
    +-----------------------------------+-------------------------------+---------+----+-----+-----+-----+

    * DSP: 
    N/A

    * Memory: 
    N/A

    * FIFO: 
    N/A

    * Expression: 
    +---------------------+----------+----+---+----+------------+------------+
    |    Variable Name    | Operation| DSP| FF| LUT| Bitwidth P0| Bitwidth P1|
    +---------------------+----------+----+---+----+------------+------------+
    |add_ln77_fu_103_p2   |         +|   0|  0|  14|           7|           2|
    |add_ln78_fu_110_p2   |         +|   0|  0|  14|           7|           3|
    |icmp_ln82_fu_122_p2  |      icmp|   0|  0|  15|           8|           7|
    |deg_4_fu_66_p1       |    select|   0|  0|  32|           1|          30|
    +---------------------+----------+----+---+----+------------+------------+
    |Total                |          |   0|  0|  75|          23|          42|
    +---------------------+----------+----+---+----+------------+------------+

    * Multiplexer: 
    +--------------------------------------------+-----+-----------+-----+-----------+
    |                    Name                    | LUT | Input Size| Bits| Total Bits|
    +--------------------------------------------+-----+-----------+-----+-----------+
    |ap_NS_fsm                                   |  106|         21|    1|         21|
    |ap_return                                   |    9|          2|   32|         64|
    |grp_fu_70_p0                                |   14|          3|   32|         96|
    |grp_fu_70_p1                                |   14|          3|   32|         96|
    |grp_fu_76_p0                                |   20|          4|   32|        128|
    |grp_hls_atoi_w_len_fu_52_n                  |   14|          3|    3|          9|
    |grp_hls_atoi_w_len_fu_52_s                  |   20|          4|    7|         28|
    |grp_hls_get_field_from_nmea_fu_43_fieldnum  |   14|          3|    4|         12|
    |stored_msg_address0                         |   20|          4|    7|         28|
    |stored_msg_ce0                              |   20|          4|    1|          4|
    +--------------------------------------------+-----+-----------+-----+-----------+
    |Total                                       |  251|         51|  151|        486|
    +--------------------------------------------+-----+-----------+-----+-----------+

    * Register: 
    +------------------------------------------------+----+----+-----+-----------+
    |                      Name                      | FF | LUT| Bits| Const Bits|
    +------------------------------------------------+----+----+-----+-----------+
    |add_ln77_reg_142                                |   7|   0|    7|          0|
    |add_ln78_reg_152                                |   7|   0|    7|          0|
    |ap_CS_fsm                                       |  20|   0|   20|          0|
    |ap_return_preg                                  |  32|   0|   32|          0|
    |grp_hls_atoi_w_len_fu_52_ap_start_reg           |   1|   0|    1|          0|
    |grp_hls_get_field_from_nmea_fu_43_ap_start_reg  |   1|   0|    1|          0|
    |reg_81                                          |   7|   0|    7|          0|
    |reg_86                                          |  32|   0|   32|          0|
    |reg_92                                          |  32|   0|   32|          0|
    |reg_97                                          |  32|   0|   32|          0|
    |tmp_4_reg_147                                   |  32|   0|   32|          0|
    |tmp_reg_137                                     |  32|   0|   32|          0|
    +------------------------------------------------+----+----+-----+-----------+
    |Total                                           | 235|   0|  235|          0|
    +------------------------------------------------+----+----+-----+-----------+



================================================================
== Interface
================================================================
* Summary: 
+---------------------+-----+-----+------------+--------------------+--------------+
|      RTL Ports      | Dir | Bits|  Protocol  |    Source Object   |    C Type    |
+---------------------+-----+-----+------------+--------------------+--------------+
|ap_clk               |   in|    1|  ap_ctrl_hs|  hls_get_coordinate|  return value|
|ap_rst               |   in|    1|  ap_ctrl_hs|  hls_get_coordinate|  return value|
|ap_start             |   in|    1|  ap_ctrl_hs|  hls_get_coordinate|  return value|
|ap_done              |  out|    1|  ap_ctrl_hs|  hls_get_coordinate|  return value|
|ap_idle              |  out|    1|  ap_ctrl_hs|  hls_get_coordinate|  return value|
|ap_ready             |  out|    1|  ap_ctrl_hs|  hls_get_coordinate|  return value|
|ap_return            |  out|   32|  ap_ctrl_hs|  hls_get_coordinate|  return value|
|grp_fu_792_p_din0    |  out|   32|  ap_ctrl_hs|  hls_get_coordinate|  return value|
|grp_fu_792_p_din1    |  out|   32|  ap_ctrl_hs|  hls_get_coordinate|  return value|
|grp_fu_792_p_opcode  |  out|    2|  ap_ctrl_hs|  hls_get_coordinate|  return value|
|grp_fu_792_p_dout0   |   in|   32|  ap_ctrl_hs|  hls_get_coordinate|  return value|
|grp_fu_792_p_ce      |  out|    1|  ap_ctrl_hs|  hls_get_coordinate|  return value|
|grp_fu_796_p_din0    |  out|   32|  ap_ctrl_hs|  hls_get_coordinate|  return value|
|grp_fu_796_p_din1    |  out|   32|  ap_ctrl_hs|  hls_get_coordinate|  return value|
|grp_fu_796_p_dout0   |   in|   32|  ap_ctrl_hs|  hls_get_coordinate|  return value|
|grp_fu_796_p_ce      |  out|    1|  ap_ctrl_hs|  hls_get_coordinate|  return value|
|grp_fu_800_p_din0    |  out|   32|  ap_ctrl_hs|  hls_get_coordinate|  return value|
|grp_fu_800_p_dout0   |   in|   32|  ap_ctrl_hs|  hls_get_coordinate|  return value|
|grp_fu_800_p_ce      |  out|    1|  ap_ctrl_hs|  hls_get_coordinate|  return value|
|stored_msg_address0  |  out|    7|   ap_memory|          stored_msg|         array|
|stored_msg_ce0       |  out|    1|   ap_memory|          stored_msg|         array|
|stored_msg_q0        |   in|    8|   ap_memory|          stored_msg|         array|
+---------------------+-----+-----+------------+--------------------+--------------+

============================================================
+ Verbose Summary: Synthesis Manager
============================================================
InlineROM: 1
ExposeGlobal: 0
============================================================
+ Verbose Summary: CDFG Model
============================================================
IsTopModel: 0
ResetActiveHigh: 1
IsCombinational: 2
IsDatapathOnly: 2
HasWiredReturn: 1
HasMFsm: 0
HasVarLatency: 1
IsPipeline: 0
IsRtlPipelined: 0
IsInstanceOverlapped: 0
IsDontTouch: 0
HasImplIP: 0
IsGatedGlobalClock: 0


============================================================
+ Verbose Summary: Schedule
============================================================
* Number of FSM states : 20
* Pipeline : 0
* Dataflow Pipeline: 0

* FSM state transitions: 
1 --> 2 
2 --> 3 
3 --> 4 
4 --> 5 
5 --> 6 
6 --> 7 
7 --> 8 
8 --> 9 
9 --> 10 
10 --> 11 
11 --> 12 
12 --> 13 
13 --> 14 
14 --> 15 
15 --> 16 
16 --> 17 
17 --> 18 
18 --> 19 
19 --> 20 
20 --> 

* FSM state operations: 

State 1 <SV = 0> <Delay = 2.75>
ST_1 : Operation 21 [2/2] (2.75ns)   --->   "%coord = call i7 @hls_get_field_from_nmea, i4 3, i8 %stored_msg" [/ecel/UFAD/mark.gross/fnn-gps/gps-parser/parser.cpp:75]   --->   Operation 21 'call' 'coord' <Predicate = true> <Delay = 2.75> <CoreType = "Generic">   --->   Core 0 '' <Latency = 0> <II = 1> <Delay = 1.00> <Generic> <Opcode : >

State 2 <SV = 1> <Delay = 0.00>
ST_2 : Operation 22 [1/2] (0.00ns)   --->   "%coord = call i7 @hls_get_field_from_nmea, i4 3, i8 %stored_msg" [/ecel/UFAD/mark.gross/fnn-gps/gps-parser/parser.cpp:75]   --->   Operation 22 'call' 'coord' <Predicate = true> <Delay = 0.00> <CoreType = "Generic">   --->   Core 0 '' <Latency = 0> <II = 1> <Delay = 1.00> <Generic> <Opcode : >

State 3 <SV = 2> <Delay = 4.19>
ST_3 : Operation 23 [2/2] (4.19ns)   --->   "%tmp = call i32 @hls_atoi_w_len, i7 %coord, i3 2, i8 %stored_msg" [/ecel/UFAD/mark.gross/fnn-gps/gps-parser/parser.cpp:76]   --->   Operation 23 'call' 'tmp' <Predicate = true> <Delay = 4.19> <CoreType = "Generic">   --->   Core 0 '' <Latency = 0> <II = 1> <Delay = 1.00> <Generic> <Opcode : >

State 4 <SV = 3> <Delay = 3.25>
ST_4 : Operation 24 [1/2] (3.25ns)   --->   "%tmp = call i32 @hls_atoi_w_len, i7 %coord, i3 2, i8 %stored_msg" [/ecel/UFAD/mark.gross/fnn-gps/gps-parser/parser.cpp:76]   --->   Operation 24 'call' 'tmp' <Predicate = true> <Delay = 3.25> <CoreType = "Generic">   --->   Core 0 '' <Latency = 0> <II = 1> <Delay = 1.00> <Generic> <Opcode : >

State 5 <SV = 4> <Delay = 6.06>
ST_5 : Operation 25 [1/1] (1.87ns)   --->   "%add_ln77 = add i7 %coord, i7 2" [/ecel/UFAD/mark.gross/fnn-gps/gps-parser/parser.cpp:77]   --->   Operation 25 'add' 'add_ln77' <Predicate = true> <Delay = 1.87> <CoreInst = "Adder">   --->   Core 1 'Adder' <Latency = 0> <II = 1> <Delay = 1.87> <FuncUnit> <Opcode : 'add' 'sub'> <InPorts = 2> <OutPorts = 1>
ST_5 : Operation 26 [2/2] (4.19ns)   --->   "%tmp_4 = call i32 @hls_atoi_w_len, i7 %add_ln77, i3 2, i8 %stored_msg" [/ecel/UFAD/mark.gross/fnn-gps/gps-parser/parser.cpp:77]   --->   Operation 26 'call' 'tmp_4' <Predicate = true> <Delay = 4.19> <CoreType = "Generic">   --->   Core 0 '' <Latency = 0> <II = 1> <Delay = 1.00> <Generic> <Opcode : >

State 6 <SV = 5> <Delay = 3.25>
ST_6 : Operation 27 [1/2] (3.25ns)   --->   "%tmp_4 = call i32 @hls_atoi_w_len, i7 %add_ln77, i3 2, i8 %stored_msg" [/ecel/UFAD/mark.gross/fnn-gps/gps-parser/parser.cpp:77]   --->   Operation 27 'call' 'tmp_4' <Predicate = true> <Delay = 3.25> <CoreType = "Generic">   --->   Core 0 '' <Latency = 0> <II = 1> <Delay = 1.00> <Generic> <Opcode : >

State 7 <SV = 6> <Delay = 6.06>
ST_7 : Operation 28 [1/1] (1.87ns)   --->   "%add_ln78 = add i7 %coord, i7 5" [/ecel/UFAD/mark.gross/fnn-gps/gps-parser/parser.cpp:78]   --->   Operation 28 'add' 'add_ln78' <Predicate = true> <Delay = 1.87> <CoreInst = "Adder">   --->   Core 1 'Adder' <Latency = 0> <II = 1> <Delay = 1.87> <FuncUnit> <Opcode : 'add' 'sub'> <InPorts = 2> <OutPorts = 1>
ST_7 : Operation 29 [2/2] (4.19ns)   --->   "%tmp_5 = call i32 @hls_atoi_w_len, i7 %add_ln78, i3 5, i8 %stored_msg" [/ecel/UFAD/mark.gross/fnn-gps/gps-parser/parser.cpp:78]   --->   Operation 29 'call' 'tmp_5' <Predicate = true> <Delay = 4.19> <CoreType = "Generic">   --->   Core 0 '' <Latency = 0> <II = 1> <Delay = 1.00> <Generic> <Opcode : >

State 8 <SV = 7> <Delay = 21.2>
ST_8 : Operation 30 [1/2] (3.25ns)   --->   "%tmp_5 = call i32 @hls_atoi_w_len, i7 %add_ln78, i3 5, i8 %stored_msg" [/ecel/UFAD/mark.gross/fnn-gps/gps-parser/parser.cpp:78]   --->   Operation 30 'call' 'tmp_5' <Predicate = true> <Delay = 3.25> <CoreType = "Generic">   --->   Core 0 '' <Latency = 0> <II = 1> <Delay = 1.00> <Generic> <Opcode : >
ST_8 : Operation 31 [2/2] (17.9ns)   --->   "%min_frac = sitofp i32 %tmp_5" [/ecel/UFAD/mark.gross/fnn-gps/gps-parser/parser.cpp:78]   --->   Operation 31 'sitofp' 'min_frac' <Predicate = true> <Delay = 17.9> <CoreInst = "Int2Float">   --->   Core 62 'Int2Float' <Latency = 1> <II = 1> <Delay = 17.9> <FuncUnit> <Opcode : 'uitofp' 'sitofp'> <InPorts = 1> <OutPorts = 1>

State 9 <SV = 8> <Delay = 17.9>
ST_9 : Operation 32 [1/2] (17.9ns)   --->   "%min_frac = sitofp i32 %tmp_5" [/ecel/UFAD/mark.gross/fnn-gps/gps-parser/parser.cpp:78]   --->   Operation 32 'sitofp' 'min_frac' <Predicate = true> <Delay = 17.9> <CoreInst = "Int2Float">   --->   Core 62 'Int2Float' <Latency = 1> <II = 1> <Delay = 17.9> <FuncUnit> <Opcode : 'uitofp' 'sitofp'> <InPorts = 1> <OutPorts = 1>

State 10 <SV = 9> <Delay = 69.9>
ST_10 : Operation 33 [3/3] (69.9ns)   --->   "%div = fdiv i32 %min_frac, i32 100000" [/ecel/UFAD/mark.gross/fnn-gps/gps-parser/parser.cpp:79]   --->   Operation 33 'fdiv' 'div' <Predicate = true> <Delay = 69.9> <CoreInst = "FDiv">   --->   Core 20 'FDiv' <Latency = 2> <II = 1> <Delay = 69.9> <FuncUnit> <Opcode : 'fdiv' 'frem'> <InPorts = 2> <OutPorts = 1>

State 11 <SV = 10> <Delay = 69.9>
ST_11 : Operation 34 [2/3] (69.9ns)   --->   "%div = fdiv i32 %min_frac, i32 100000" [/ecel/UFAD/mark.gross/fnn-gps/gps-parser/parser.cpp:79]   --->   Operation 34 'fdiv' 'div' <Predicate = true> <Delay = 69.9> <CoreInst = "FDiv">   --->   Core 20 'FDiv' <Latency = 2> <II = 1> <Delay = 69.9> <FuncUnit> <Opcode : 'fdiv' 'frem'> <InPorts = 2> <OutPorts = 1>

State 12 <SV = 11> <Delay = 69.9>
ST_12 : Operation 35 [2/2] (17.9ns)   --->   "%min_int = sitofp i32 %tmp_4" [/ecel/UFAD/mark.gross/fnn-gps/gps-parser/parser.cpp:77]   --->   Operation 35 'sitofp' 'min_int' <Predicate = true> <Delay = 17.9> <CoreInst = "Int2Float">   --->   Core 62 'Int2Float' <Latency = 1> <II = 1> <Delay = 17.9> <FuncUnit> <Opcode : 'uitofp' 'sitofp'> <InPorts = 1> <OutPorts = 1>
ST_12 : Operation 36 [1/3] (69.9ns)   --->   "%div = fdiv i32 %min_frac, i32 100000" [/ecel/UFAD/mark.gross/fnn-gps/gps-parser/parser.cpp:79]   --->   Operation 36 'fdiv' 'div' <Predicate = true> <Delay = 69.9> <CoreInst = "FDiv">   --->   Core 20 'FDiv' <Latency = 2> <II = 1> <Delay = 69.9> <FuncUnit> <Opcode : 'fdiv' 'frem'> <InPorts = 2> <OutPorts = 1>

State 13 <SV = 12> <Delay = 40.5>
ST_13 : Operation 37 [1/2] (17.9ns)   --->   "%min_int = sitofp i32 %tmp_4" [/ecel/UFAD/mark.gross/fnn-gps/gps-parser/parser.cpp:77]   --->   Operation 37 'sitofp' 'min_int' <Predicate = true> <Delay = 17.9> <CoreInst = "Int2Float">   --->   Core 62 'Int2Float' <Latency = 1> <II = 1> <Delay = 17.9> <FuncUnit> <Opcode : 'uitofp' 'sitofp'> <InPorts = 1> <OutPorts = 1>
ST_13 : Operation 38 [2/2] (22.5ns)   --->   "%min = fadd i32 %min_int, i32 %div" [/ecel/UFAD/mark.gross/fnn-gps/gps-parser/parser.cpp:79]   --->   Operation 38 'fadd' 'min' <Predicate = true> <Delay = 22.5> <CoreInst = "FAddSub_fulldsp">   --->   Core 18 'FAddSub_fulldsp' <Latency = 1> <II = 1> <Delay = 22.5> <FuncUnit> <Opcode : 'fadd' 'fsub'> <InPorts = 2> <OutPorts = 1>

State 14 <SV = 13> <Delay = 22.5>
ST_14 : Operation 39 [1/2] (22.5ns)   --->   "%min = fadd i32 %min_int, i32 %div" [/ecel/UFAD/mark.gross/fnn-gps/gps-parser/parser.cpp:79]   --->   Operation 39 'fadd' 'min' <Predicate = true> <Delay = 22.5> <CoreInst = "FAddSub_fulldsp">   --->   Core 18 'FAddSub_fulldsp' <Latency = 1> <II = 1> <Delay = 22.5> <FuncUnit> <Opcode : 'fadd' 'fsub'> <InPorts = 2> <OutPorts = 1>

State 15 <SV = 14> <Delay = 69.9>
ST_15 : Operation 40 [3/3] (69.9ns)   --->   "%div2 = fdiv i32 %min, i32 60" [/ecel/UFAD/mark.gross/fnn-gps/gps-parser/parser.cpp:84]   --->   Operation 40 'fdiv' 'div2' <Predicate = true> <Delay = 69.9> <CoreInst = "FDiv">   --->   Core 20 'FDiv' <Latency = 2> <II = 1> <Delay = 69.9> <FuncUnit> <Opcode : 'fdiv' 'frem'> <InPorts = 2> <OutPorts = 1>

State 16 <SV = 15> <Delay = 69.9>
ST_16 : Operation 41 [2/3] (69.9ns)   --->   "%div2 = fdiv i32 %min, i32 60" [/ecel/UFAD/mark.gross/fnn-gps/gps-parser/parser.cpp:84]   --->   Operation 41 'fdiv' 'div2' <Predicate = true> <Delay = 69.9> <CoreInst = "FDiv">   --->   Core 20 'FDiv' <Latency = 2> <II = 1> <Delay = 69.9> <FuncUnit> <Opcode : 'fdiv' 'frem'> <InPorts = 2> <OutPorts = 1>

State 17 <SV = 16> <Delay = 69.9>
ST_17 : Operation 42 [2/2] (17.9ns)   --->   "%deg = sitofp i32 %tmp" [/ecel/UFAD/mark.gross/fnn-gps/gps-parser/parser.cpp:76]   --->   Operation 42 'sitofp' 'deg' <Predicate = true> <Delay = 17.9> <CoreInst = "Int2Float">   --->   Core 62 'Int2Float' <Latency = 1> <II = 1> <Delay = 17.9> <FuncUnit> <Opcode : 'uitofp' 'sitofp'> <InPorts = 1> <OutPorts = 1>
ST_17 : Operation 43 [2/2] (2.75ns)   --->   "%hemi = call i7 @hls_get_field_from_nmea, i4 4, i8 %stored_msg" [/ecel/UFAD/mark.gross/fnn-gps/gps-parser/parser.cpp:81]   --->   Operation 43 'call' 'hemi' <Predicate = true> <Delay = 2.75> <CoreType = "Generic">   --->   Core 0 '' <Latency = 0> <II = 1> <Delay = 1.00> <Generic> <Opcode : >
ST_17 : Operation 44 [1/3] (69.9ns)   --->   "%div2 = fdiv i32 %min, i32 60" [/ecel/UFAD/mark.gross/fnn-gps/gps-parser/parser.cpp:84]   --->   Operation 44 'fdiv' 'div2' <Predicate = true> <Delay = 69.9> <CoreInst = "FDiv">   --->   Core 20 'FDiv' <Latency = 2> <II = 1> <Delay = 69.9> <FuncUnit> <Opcode : 'fdiv' 'frem'> <InPorts = 2> <OutPorts = 1>

State 18 <SV = 17> <Delay = 40.5>
ST_18 : Operation 45 [1/2] (17.9ns)   --->   "%deg = sitofp i32 %tmp" [/ecel/UFAD/mark.gross/fnn-gps/gps-parser/parser.cpp:76]   --->   Operation 45 'sitofp' 'deg' <Predicate = true> <Delay = 17.9> <CoreInst = "Int2Float">   --->   Core 62 'Int2Float' <Latency = 1> <II = 1> <Delay = 17.9> <FuncUnit> <Opcode : 'uitofp' 'sitofp'> <InPorts = 1> <OutPorts = 1>
ST_18 : Operation 46 [1/2] (0.00ns)   --->   "%hemi = call i7 @hls_get_field_from_nmea, i4 4, i8 %stored_msg" [/ecel/UFAD/mark.gross/fnn-gps/gps-parser/parser.cpp:81]   --->   Operation 46 'call' 'hemi' <Predicate = true> <Delay = 0.00> <CoreType = "Generic">   --->   Core 0 '' <Latency = 0> <II = 1> <Delay = 1.00> <Generic> <Opcode : >
ST_18 : Operation 47 [2/2] (22.5ns)   --->   "%deg_3 = fadd i32 %deg, i32 %div2" [/ecel/UFAD/mark.gross/fnn-gps/gps-parser/parser.cpp:84]   --->   Operation 47 'fadd' 'deg_3' <Predicate = true> <Delay = 22.5> <CoreInst = "FAddSub_fulldsp">   --->   Core 18 'FAddSub_fulldsp' <Latency = 1> <II = 1> <Delay = 22.5> <FuncUnit> <Opcode : 'fadd' 'fsub'> <InPorts = 2> <OutPorts = 1>

State 19 <SV = 18> <Delay = 22.5>
ST_19 : Operation 48 [1/1] (0.00ns)   --->   "%zext_ln69 = zext i7 %hemi" [/ecel/UFAD/mark.gross/fnn-gps/gps-parser/parser.cpp:69]   --->   Operation 48 'zext' 'zext_ln69' <Predicate = true> <Delay = 0.00>
ST_19 : Operation 49 [1/1] (0.00ns)   --->   "%stored_msg_addr = getelementptr i8 %stored_msg, i64 0, i64 %zext_ln69" [/ecel/UFAD/mark.gross/fnn-gps/gps-parser/parser.cpp:82]   --->   Operation 49 'getelementptr' 'stored_msg_addr' <Predicate = true> <Delay = 0.00>
ST_19 : Operation 50 [2/2] (2.32ns)   --->   "%stored_msg_load = load i7 %stored_msg_addr" [/ecel/UFAD/mark.gross/fnn-gps/gps-parser/parser.cpp:82]   --->   Operation 50 'load' 'stored_msg_load' <Predicate = true> <Delay = 2.32> <CoreInst = "RAM">   --->   Core 82 'RAM' <Latency = 1> <II = 1> <Delay = 2.32> <Storage> <Opcode : 'load' 'store'> <Ports = 2> <Width = 8> <Depth = 82> <RAM>
ST_19 : Operation 51 [1/2] (22.5ns)   --->   "%deg_3 = fadd i32 %deg, i32 %div2" [/ecel/UFAD/mark.gross/fnn-gps/gps-parser/parser.cpp:84]   --->   Operation 51 'fadd' 'deg_3' <Predicate = true> <Delay = 22.5> <CoreInst = "FAddSub_fulldsp">   --->   Core 18 'FAddSub_fulldsp' <Latency = 1> <II = 1> <Delay = 22.5> <FuncUnit> <Opcode : 'fadd' 'fsub'> <InPorts = 2> <OutPorts = 1>

State 20 <SV = 19> <Delay = 56.5>
ST_20 : Operation 52 [1/2] (2.32ns)   --->   "%stored_msg_load = load i7 %stored_msg_addr" [/ecel/UFAD/mark.gross/fnn-gps/gps-parser/parser.cpp:82]   --->   Operation 52 'load' 'stored_msg_load' <Predicate = true> <Delay = 2.32> <CoreInst = "RAM">   --->   Core 82 'RAM' <Latency = 1> <II = 1> <Delay = 2.32> <Storage> <Opcode : 'load' 'store'> <Ports = 2> <Width = 8> <Depth = 82> <RAM>
ST_20 : Operation 53 [1/1] (1.91ns)   --->   "%icmp_ln82 = icmp_eq  i8 %stored_msg_load, i8 78" [/ecel/UFAD/mark.gross/fnn-gps/gps-parser/parser.cpp:82]   --->   Operation 53 'icmp' 'icmp_ln82' <Predicate = true> <Delay = 1.91> <CoreInst = "Cmp">   --->   Core 9 'Cmp' <Latency = 0> <II = 1> <Delay = 1.91> <FuncUnit> <Opcode : 'icmp'> <InPorts = 2> <OutPorts = 1>
ST_20 : Operation 54 [1/1] (0.69ns)   --->   "%multi = select i1 %icmp_ln82, i32 1, i32 -1" [/ecel/UFAD/mark.gross/fnn-gps/gps-parser/parser.cpp:82]   --->   Operation 54 'select' 'multi' <Predicate = true> <Delay = 0.69> <CoreInst = "Sel">   --->   Core 73 'Sel' <Latency = 0> <II = 1> <Delay = 0.69> <FuncUnit> <Opcode : 'select'> <InPorts = 3> <OutPorts = 1>
ST_20 : Operation 55 [1/1] (51.5ns)   --->   "%deg_4 = fmul i32 %deg_3, i32 %multi" [/ecel/UFAD/mark.gross/fnn-gps/gps-parser/parser.cpp:85]   --->   Operation 55 'fmul' 'deg_4' <Predicate = true> <Delay = 51.5> <CoreInst = "FMul_maxdsp">   --->   Core 30 'FMul_maxdsp' <Latency = 0> <II = 1> <Delay = 51.5> <FuncUnit> <Opcode : 'fmul'> <InPorts = 2> <OutPorts = 1>
ST_20 : Operation 56 [1/1] (0.00ns)   --->   "%ret_ln108 = ret i32 %deg_4" [/ecel/UFAD/mark.gross/fnn-gps/gps-parser/parser.cpp:108]   --->   Operation 56 'ret' 'ret_ln108' <Predicate = true> <Delay = 0.00>


============================================================
+ Verbose Summary: Binding
============================================================
STG Binding: 
---------------- STG Properties BEGIN ----------------
- Is combinational: 0
- Is one-state seq: 0
- Is datapath-only: 0
- Is pipelined: 0
- Is top level: 0
Port [ Return ] is wired: 1; IO mode=ap_ctrl_hs:ce=0
Port [ stored_msg]:  wired=1; compound=1; hidden=0; nouse=0; global=1; static=1; extern=0; dir=0; type=1; pingpong=0; private_global=0; MemPort=[13]; IO mode=ap_memory:ce=0
---------------- STG Properties END ------------------

---------------- Datapath Model BEGIN ----------------

<LifeTime>
<method=bitvector/>
coord           (call         ) [ 000111110000000000000]
tmp             (call         ) [ 000001111111111111100]
add_ln77        (add          ) [ 000000100000000000000]
tmp_4           (call         ) [ 000000011111110000000]
add_ln78        (add          ) [ 000000001000000000000]
tmp_5           (call         ) [ 000000000100000000000]
min_frac        (sitofp       ) [ 000000000011100000000]
div             (fdiv         ) [ 000000000000011000000]
min_int         (sitofp       ) [ 000000000000001000000]
min             (fadd         ) [ 000000000000000111000]
div2            (fdiv         ) [ 000000000000000000110]
deg             (sitofp       ) [ 000000000000000000010]
hemi            (call         ) [ 000000000000000000010]
zext_ln69       (zext         ) [ 000000000000000000000]
stored_msg_addr (getelementptr) [ 000000000000000000001]
deg_3           (fadd         ) [ 000000000000000000001]
stored_msg_load (load         ) [ 000000000000000000000]
icmp_ln82       (icmp         ) [ 000000000000000000000]
multi           (select       ) [ 000000000000000000000]
deg_4           (fmul         ) [ 000000000000000000000]
ret_ln108       (ret          ) [ 000000000000000000000]
</LifeTime>

<model>

<comp_list>
<comp id="0" class="1000" name="stored_msg">
<pin_list>
<pin id="1" dir="1" index="0" bw="1" slack="0"/>
</pin_list>
<bind>
<StgValue><ssdm name="stored_msg"/><MemPortTyVec>1 3 </MemPortTyVec>
</StgValue>
</bind>
</comp>

<comp id="2" class="1001" name="const_2">
<pin_list>
<pin id="3" dir="1" index="0" bw="1" slack="0"/>
</pin_list>
<bind>
<StgValue><ssdm name="hls_get_field_from_nmea"/></StgValue>
</bind>
</comp>

<comp id="4" class="1001" name="const_4">
<pin_list>
<pin id="5" dir="1" index="0" bw="1" slack="0"/>
</pin_list>
<bind>
<StgValue><ssdm name=""/></StgValue>
</bind>
</comp>

<comp id="6" class="1001" name="const_6">
<pin_list>
<pin id="7" dir="1" index="0" bw="1" slack="0"/>
</pin_list>
<bind>
<StgValue><ssdm name="hls_atoi_w_len"/></StgValue>
</bind>
</comp>

<comp id="8" class="1001" name="const_8">
<pin_list>
<pin id="9" dir="1" index="0" bw="1" slack="0"/>
</pin_list>
<bind>
<StgValue><ssdm name=""/></StgValue>
</bind>
</comp>

<comp id="10" class="1001" name="const_10">
<pin_list>
<pin id="11" dir="1" index="0" bw="1" slack="0"/>
</pin_list>
<bind>
<StgValue><ssdm name=""/></StgValue>
</bind>
</comp>

<comp id="12" class="1001" name="const_12">
<pin_list>
<pin id="13" dir="1" index="0" bw="1" slack="0"/>
</pin_list>
<bind>
<StgValue><ssdm name=""/></StgValue>
</bind>
</comp>

<comp id="14" class="1001" name="const_14">
<pin_list>
<pin id="15" dir="1" index="0" bw="1" slack="0"/>
</pin_list>
<bind>
<StgValue><ssdm name=""/></StgValue>
</bind>
</comp>

<comp id="16" class="1001" name="const_16">
<pin_list>
<pin id="17" dir="1" index="0" bw="1" slack="0"/>
</pin_list>
<bind>
<StgValue><ssdm name=""/></StgValue>
</bind>
</comp>

<comp id="18" class="1001" name="const_18">
<pin_list>
<pin id="19" dir="1" index="0" bw="1" slack="0"/>
</pin_list>
<bind>
<StgValue><ssdm name=""/></StgValue>
</bind>
</comp>

<comp id="20" class="1001" name="const_20">
<pin_list>
<pin id="21" dir="1" index="0" bw="1" slack="0"/>
</pin_list>
<bind>
<StgValue><ssdm name=""/></StgValue>
</bind>
</comp>

<comp id="22" class="1001" name="const_22">
<pin_list>
<pin id="23" dir="1" index="0" bw="1" slack="0"/>
</pin_list>
<bind>
<StgValue><ssdm name=""/></StgValue>
</bind>
</comp>

<comp id="24" class="1001" name="const_24">
<pin_list>
<pin id="25" dir="1" index="0" bw="1" slack="0"/>
</pin_list>
<bind>
<StgValue><ssdm name=""/></StgValue>
</bind>
</comp>

<comp id="26" class="1001" name="const_26">
<pin_list>
<pin id="27" dir="1" index="0" bw="1" slack="0"/>
</pin_list>
<bind>
<StgValue><ssdm name=""/></StgValue>
</bind>
</comp>

<comp id="28" class="1001" name="const_28">
<pin_list>
<pin id="29" dir="1" index="0" bw="1" slack="0"/>
</pin_list>
<bind>
<StgValue><ssdm name=""/></StgValue>
</bind>
</comp>

<comp id="30" class="1004" name="stored_msg_addr_gep_fu_30">
<pin_list>
<pin id="31" dir="0" index="0" bw="8" slack="0"/>
<pin id="32" dir="0" index="1" bw="1" slack="0"/>
<pin id="33" dir="0" index="2" bw="7" slack="0"/>
<pin id="34" dir="1" index="3" bw="7" slack="0"/>
</pin_list>
<bind>
<opcode="getelementptr(29) " fcode="getelementptr"/>
<opset="stored_msg_addr/19 "/>
</bind>
</comp>

<comp id="37" class="1004" name="grp_access_fu_37">
<pin_list>
<pin id="38" dir="0" index="0" bw="7" slack="0"/>
<pin id="39" dir="0" index="1" bw="8" slack="2147483647"/>
<pin id="40" dir="0" index="2" bw="0" slack="2147483647"/>
<pin id="41" dir="1" index="3" bw="8" slack="0"/>
</pin_list>
<bind>
<opcode="load(27) " fcode="load"/>
<opset="stored_msg_load/19 "/>
</bind>
</comp>

<comp id="43" class="1004" name="grp_hls_get_field_from_nmea_fu_43">
<pin_list>
<pin id="44" dir="0" index="0" bw="7" slack="0"/>
<pin id="45" dir="0" index="1" bw="4" slack="0"/>
<pin id="46" dir="0" index="2" bw="8" slack="0"/>
<pin id="47" dir="1" index="3" bw="7" slack="1"/>
</pin_list>
<bind>
<opcode="call(48) " fcode="call"/>
<opset="coord/1 hemi/17 "/>
</bind>
</comp>

<comp id="52" class="1004" name="grp_hls_atoi_w_len_fu_52">
<pin_list>
<pin id="53" dir="0" index="0" bw="32" slack="0"/>
<pin id="54" dir="0" index="1" bw="7" slack="0"/>
<pin id="55" dir="0" index="2" bw="3" slack="0"/>
<pin id="56" dir="0" index="3" bw="8" slack="0"/>
<pin id="57" dir="1" index="4" bw="32" slack="0"/>
</pin_list>
<bind>
<opcode="call(48) " fcode="call"/>
<opset="tmp/3 tmp_4/5 tmp_5/7 "/>
</bind>
</comp>

<comp id="62" class="1004" name="grp_fu_62">
<pin_list>
<pin id="63" dir="0" index="0" bw="32" slack="0"/>
<pin id="64" dir="0" index="1" bw="32" slack="1"/>
<pin id="65" dir="1" index="2" bw="32" slack="1"/>
</pin_list>
<bind>
<opcode="fadd(9) " fcode="fadd"/>
<opset="min/13 deg_3/18 "/>
</bind>
</comp>

<comp id="66" class="1004" name="deg_4_fu_66">
<pin_list>
<pin id="67" dir="0" index="0" bw="32" slack="1"/>
<pin id="68" dir="0" index="1" bw="32" slack="0"/>
<pin id="69" dir="1" index="2" bw="32" slack="2147483647"/>
</pin_list>
<bind>
<opcode="fmul(13) " fcode="fmul"/>
<opset="deg_4/20 "/>
</bind>
</comp>

<comp id="70" class="1004" name="grp_fu_70">
<pin_list>
<pin id="71" dir="0" index="0" bw="32" slack="1"/>
<pin id="72" dir="0" index="1" bw="32" slack="0"/>
<pin id="73" dir="1" index="2" bw="32" slack="1"/>
</pin_list>
<bind>
<opcode="fdiv(16) " fcode="fdiv"/>
<opset="div/10 div2/15 "/>
</bind>
</comp>

<comp id="76" class="1004" name="grp_fu_76">
<pin_list>
<pin id="77" dir="0" index="0" bw="32" slack="0"/>
<pin id="78" dir="1" index="1" bw="32" slack="0"/>
</pin_list>
<bind>
<opcode="sitofp(39) " fcode="sitofp"/>
<opset="min_frac/8 min_int/12 deg/17 "/>
</bind>
</comp>

<comp id="81" class="1005" name="reg_81">
<pin_list>
<pin id="82" dir="0" index="0" bw="7" slack="1"/>
<pin id="83" dir="1" index="1" bw="7" slack="1"/>
</pin_list>
<bind>
<opset="coord hemi "/>
</bind>
</comp>

<comp id="86" class="1005" name="reg_86">
<pin_list>
<pin id="87" dir="0" index="0" bw="32" slack="1"/>
<pin id="88" dir="1" index="1" bw="32" slack="1"/>
</pin_list>
<bind>
<opset="min_frac min_int deg "/>
</bind>
</comp>

<comp id="92" class="1005" name="reg_92">
<pin_list>
<pin id="93" dir="0" index="0" bw="32" slack="1"/>
<pin id="94" dir="1" index="1" bw="32" slack="1"/>
</pin_list>
<bind>
<opset="div div2 "/>
</bind>
</comp>

<comp id="97" class="1005" name="reg_97">
<pin_list>
<pin id="98" dir="0" index="0" bw="32" slack="1"/>
<pin id="99" dir="1" index="1" bw="32" slack="1"/>
</pin_list>
<bind>
<opset="min deg_3 "/>
</bind>
</comp>

<comp id="103" class="1004" name="add_ln77_fu_103">
<pin_list>
<pin id="104" dir="0" index="0" bw="7" slack="3"/>
<pin id="105" dir="0" index="1" bw="3" slack="0"/>
<pin id="106" dir="1" index="2" bw="7" slack="0"/>
</pin_list>
<bind>
<opcode="add(8) " fcode="add"/>
<opset="add_ln77/5 "/>
</bind>
</comp>

<comp id="110" class="1004" name="add_ln78_fu_110">
<pin_list>
<pin id="111" dir="0" index="0" bw="7" slack="5"/>
<pin id="112" dir="0" index="1" bw="4" slack="0"/>
<pin id="113" dir="1" index="2" bw="7" slack="0"/>
</pin_list>
<bind>
<opcode="add(8) " fcode="add"/>
<opset="add_ln78/7 "/>
</bind>
</comp>

<comp id="117" class="1004" name="zext_ln69_fu_117">
<pin_list>
<pin id="118" dir="0" index="0" bw="7" slack="1"/>
<pin id="119" dir="1" index="1" bw="64" slack="0"/>
</pin_list>
<bind>
<opcode="zext(34) " fcode="zext"/>
<opset="zext_ln69/19 "/>
</bind>
</comp>

<comp id="122" class="1004" name="icmp_ln82_fu_122">
<pin_list>
<pin id="123" dir="0" index="0" bw="8" slack="0"/>
<pin id="124" dir="0" index="1" bw="8" slack="0"/>
<pin id="125" dir="1" index="2" bw="1" slack="0"/>
</pin_list>
<bind>
<opcode="icmp(45) " fcode="icmp"/>
<opset="icmp_ln82/20 "/>
</bind>
</comp>

<comp id="128" class="1004" name="multi_fu_128">
<pin_list>
<pin id="129" dir="0" index="0" bw="1" slack="0"/>
<pin id="130" dir="0" index="1" bw="32" slack="0"/>
<pin id="131" dir="0" index="2" bw="32" slack="0"/>
<pin id="132" dir="1" index="3" bw="32" slack="0"/>
</pin_list>
<bind>
<opcode="select(49) " fcode="select"/>
<opset="multi/20 "/>
</bind>
</comp>

<comp id="137" class="1005" name="tmp_reg_137">
<pin_list>
<pin id="138" dir="0" index="0" bw="32" slack="13"/>
<pin id="139" dir="1" index="1" bw="32" slack="13"/>
</pin_list>
<bind>
<opset="tmp "/>
</bind>
</comp>

<comp id="142" class="1005" name="add_ln77_reg_142">
<pin_list>
<pin id="143" dir="0" index="0" bw="7" slack="1"/>
<pin id="144" dir="1" index="1" bw="7" slack="1"/>
</pin_list>
<bind>
<opset="add_ln77 "/>
</bind>
</comp>

<comp id="147" class="1005" name="tmp_4_reg_147">
<pin_list>
<pin id="148" dir="0" index="0" bw="32" slack="6"/>
<pin id="149" dir="1" index="1" bw="32" slack="6"/>
</pin_list>
<bind>
<opset="tmp_4 "/>
</bind>
</comp>

<comp id="152" class="1005" name="add_ln78_reg_152">
<pin_list>
<pin id="153" dir="0" index="0" bw="7" slack="1"/>
<pin id="154" dir="1" index="1" bw="7" slack="1"/>
</pin_list>
<bind>
<opset="add_ln78 "/>
</bind>
</comp>

<comp id="157" class="1005" name="tmp_5_reg_157">
<pin_list>
<pin id="158" dir="0" index="0" bw="32" slack="1"/>
<pin id="159" dir="1" index="1" bw="32" slack="1"/>
</pin_list>
<bind>
<opset="tmp_5 "/>
</bind>
</comp>

<comp id="162" class="1005" name="stored_msg_addr_reg_162">
<pin_list>
<pin id="163" dir="0" index="0" bw="7" slack="1"/>
<pin id="164" dir="1" index="1" bw="7" slack="1"/>
</pin_list>
<bind>
<opset="stored_msg_addr "/>
</bind>
</comp>

</comp_list>

<net_list>
<net id="35"><net_src comp="0" pin="0"/><net_sink comp="30" pin=0"/></net>

<net id="36"><net_src comp="22" pin="0"/><net_sink comp="30" pin=1"/></net>

<net id="42"><net_src comp="30" pin="3"/><net_sink comp="37" pin=0"/></net>

<net id="48"><net_src comp="2" pin="0"/><net_sink comp="43" pin=0"/></net>

<net id="49"><net_src comp="4" pin="0"/><net_sink comp="43" pin=1"/></net>

<net id="50"><net_src comp="0" pin="0"/><net_sink comp="43" pin=2"/></net>

<net id="51"><net_src comp="20" pin="0"/><net_sink comp="43" pin=1"/></net>

<net id="58"><net_src comp="6" pin="0"/><net_sink comp="52" pin=0"/></net>

<net id="59"><net_src comp="8" pin="0"/><net_sink comp="52" pin=2"/></net>

<net id="60"><net_src comp="0" pin="0"/><net_sink comp="52" pin=3"/></net>

<net id="61"><net_src comp="14" pin="0"/><net_sink comp="52" pin=2"/></net>

<net id="74"><net_src comp="16" pin="0"/><net_sink comp="70" pin=1"/></net>

<net id="75"><net_src comp="18" pin="0"/><net_sink comp="70" pin=1"/></net>

<net id="79"><net_src comp="52" pin="4"/><net_sink comp="76" pin=0"/></net>

<net id="80"><net_src comp="76" pin="1"/><net_sink comp="62" pin=0"/></net>

<net id="84"><net_src comp="43" pin="3"/><net_sink comp="81" pin=0"/></net>

<net id="85"><net_src comp="81" pin="1"/><net_sink comp="52" pin=1"/></net>

<net id="89"><net_src comp="76" pin="1"/><net_sink comp="86" pin=0"/></net>

<net id="90"><net_src comp="86" pin="1"/><net_sink comp="70" pin=0"/></net>

<net id="91"><net_src comp="86" pin="1"/><net_sink comp="62" pin=0"/></net>

<net id="95"><net_src comp="70" pin="2"/><net_sink comp="92" pin=0"/></net>

<net id="96"><net_src comp="92" pin="1"/><net_sink comp="62" pin=1"/></net>

<net id="100"><net_src comp="62" pin="2"/><net_sink comp="97" pin=0"/></net>

<net id="101"><net_src comp="97" pin="1"/><net_sink comp="70" pin=0"/></net>

<net id="102"><net_src comp="97" pin="1"/><net_sink comp="66" pin=0"/></net>

<net id="107"><net_src comp="81" pin="1"/><net_sink comp="103" pin=0"/></net>

<net id="108"><net_src comp="10" pin="0"/><net_sink comp="103" pin=1"/></net>

<net id="109"><net_src comp="103" pin="2"/><net_sink comp="52" pin=1"/></net>

<net id="114"><net_src comp="81" pin="1"/><net_sink comp="110" pin=0"/></net>

<net id="115"><net_src comp="12" pin="0"/><net_sink comp="110" pin=1"/></net>

<net id="116"><net_src comp="110" pin="2"/><net_sink comp="52" pin=1"/></net>

<net id="120"><net_src comp="81" pin="1"/><net_sink comp="117" pin=0"/></net>

<net id="121"><net_src comp="117" pin="1"/><net_sink comp="30" pin=2"/></net>

<net id="126"><net_src comp="37" pin="3"/><net_sink comp="122" pin=0"/></net>

<net id="127"><net_src comp="24" pin="0"/><net_sink comp="122" pin=1"/></net>

<net id="133"><net_src comp="122" pin="2"/><net_sink comp="128" pin=0"/></net>

<net id="134"><net_src comp="26" pin="0"/><net_sink comp="128" pin=1"/></net>

<net id="135"><net_src comp="28" pin="0"/><net_sink comp="128" pin=2"/></net>

<net id="136"><net_src comp="128" pin="3"/><net_sink comp="66" pin=1"/></net>

<net id="140"><net_src comp="52" pin="4"/><net_sink comp="137" pin=0"/></net>

<net id="141"><net_src comp="137" pin="1"/><net_sink comp="76" pin=0"/></net>

<net id="145"><net_src comp="103" pin="2"/><net_sink comp="142" pin=0"/></net>

<net id="146"><net_src comp="142" pin="1"/><net_sink comp="52" pin=1"/></net>

<net id="150"><net_src comp="52" pin="4"/><net_sink comp="147" pin=0"/></net>

<net id="151"><net_src comp="147" pin="1"/><net_sink comp="76" pin=0"/></net>

<net id="155"><net_src comp="110" pin="2"/><net_sink comp="152" pin=0"/></net>

<net id="156"><net_src comp="152" pin="1"/><net_sink comp="52" pin=1"/></net>

<net id="160"><net_src comp="52" pin="4"/><net_sink comp="157" pin=0"/></net>

<net id="161"><net_src comp="157" pin="1"/><net_sink comp="76" pin=0"/></net>

<net id="165"><net_src comp="30" pin="3"/><net_sink comp="162" pin=0"/></net>

<net id="166"><net_src comp="162" pin="1"/><net_sink comp="37" pin=0"/></net>

</net_list>

</model> 
---------------- Datapath Model END ------------------

* FSMD analyzer results:
  - Output states:
	Port: stored_msg | {}
 - Input state : 
	Port: hls_get_coordinate : stored_msg | {1 2 3 4 5 6 7 8 17 18 19 20 }
  - Chain level:
	State 1
	State 2
	State 3
	State 4
	State 5
		tmp_4 : 1
	State 6
	State 7
		tmp_5 : 1
	State 8
		min_frac : 1
	State 9
	State 10
	State 11
	State 12
	State 13
		min : 1
	State 14
	State 15
	State 16
	State 17
	State 18
		deg_3 : 1
	State 19
		stored_msg_addr : 1
		stored_msg_load : 2
	State 20
		icmp_ln82 : 1
		multi : 2
		deg_4 : 3
		ret_ln108 : 4


============================================================
+ Verbose Summary: Datapath Resource usage 
============================================================

* Functional unit list:
|----------|-----------------------------------|---------|---------|---------|---------|
| Operation|          Functional Unit          |   DSP   |  Delay  |    FF   |   LUT   |
|----------|-----------------------------------|---------|---------|---------|---------|
|   call   | grp_hls_get_field_from_nmea_fu_43 |    0    |  3.176  |   285   |   249   |
|          |      grp_hls_atoi_w_len_fu_52     |    0    |  4.764  |    91   |   279   |
|----------|-----------------------------------|---------|---------|---------|---------|
|   fadd   |             grp_fu_62             |    2    |    0    |   177   |   385   |
|----------|-----------------------------------|---------|---------|---------|---------|
|   fmul   |            deg_4_fu_66            |    3    |    0    |    0    |   320   |
|----------|-----------------------------------|---------|---------|---------|---------|
|  select  |            multi_fu_128           |    0    |    0    |    0    |    32   |
|----------|-----------------------------------|---------|---------|---------|---------|
|    add   |          add_ln77_fu_103          |    0    |    0    |    0    |    14   |
|          |          add_ln78_fu_110          |    0    |    0    |    0    |    14   |
|----------|-----------------------------------|---------|---------|---------|---------|
|   icmp   |          icmp_ln82_fu_122         |    0    |    0    |    0    |    15   |
|----------|-----------------------------------|---------|---------|---------|---------|
|   fdiv   |             grp_fu_70             |    0    |    0    |    0    |    0    |
|----------|-----------------------------------|---------|---------|---------|---------|
|  sitofp  |             grp_fu_76             |    0    |    0    |    0    |    0    |
|----------|-----------------------------------|---------|---------|---------|---------|
|   zext   |          zext_ln69_fu_117         |    0    |    0    |    0    |    0    |
|----------|-----------------------------------|---------|---------|---------|---------|
|   Total  |                                   |    5    |   7.94  |   553   |   1308  |
|----------|-----------------------------------|---------|---------|---------|---------|

Memories:
N/A

* Register list:
+-----------------------+--------+
|                       |   FF   |
+-----------------------+--------+
|    add_ln77_reg_142   |    7   |
|    add_ln78_reg_152   |    7   |
|         reg_81        |    7   |
|         reg_86        |   32   |
|         reg_92        |   32   |
|         reg_97        |   32   |
|stored_msg_addr_reg_162|    7   |
|     tmp_4_reg_147     |   32   |
|     tmp_5_reg_157     |   32   |
|      tmp_reg_137      |   32   |
+-----------------------+--------+
|         Total         |   220  |
+-----------------------+--------+

* Multiplexer (MUX) list: 
|-----------------------------------|------|------|------|--------||---------||---------|
|                Comp               |  Pin | Size |  BW  | S x BW ||  Delay  ||   LUT   |
|-----------------------------------|------|------|------|--------||---------||---------|
|          grp_access_fu_37         |  p0  |   2  |   7  |   14   ||    9    |
| grp_hls_get_field_from_nmea_fu_43 |  p1  |   2  |   4  |    8   |
|      grp_hls_atoi_w_len_fu_52     |  p1  |   5  |   7  |   35   ||    25   |
|      grp_hls_atoi_w_len_fu_52     |  p2  |   2  |   3  |    6   |
|             grp_fu_62             |  p0  |   2  |  32  |   64   ||    9    |
|             grp_fu_70             |  p0  |   2  |  32  |   64   ||    9    |
|             grp_fu_70             |  p1  |   2  |  32  |   64   |
|             grp_fu_76             |  p0  |   4  |  32  |   128  ||    20   |
|-----------------------------------|------|------|------|--------||---------||---------|
|               Total               |      |      |      |   383  || 13.3005 ||    72   |
|-----------------------------------|------|------|------|--------||---------||---------|



* Summary:
+-----------+--------+--------+--------+--------+
|           |   DSP  |  Delay |   FF   |   LUT  |
+-----------+--------+--------+--------+--------+
|  Function |    5   |    7   |   553  |  1308  |
|   Memory  |    -   |    -   |    -   |    -   |
|Multiplexer|    -   |   13   |    -   |   72   |
|  Register |    -   |    -   |   220  |    -   |
+-----------+--------+--------+--------+--------+
|   Total   |    5   |   21   |   773  |  1380  |
+-----------+--------+--------+--------+--------+
