/ecel/UFAD/mark.gross/fnn-gps/gps-parser/gps-parser/hls/.autopilot/db/parser.pp.0.cpp:1317:7: warning: Added loop label VITIS_LOOP_1207_1:   [xilinx-label-all-loops]
      for (i = 0; i < __N - 1; ++i) {
      ^~~
      VITIS_LOOP_1207_1: 
/ecel/UFAD/mark.gross/fnn-gps/gps-parser/gps-parser/hls/.autopilot/db/parser.pp.0.cpp:1317:7: note: FIX-IT applied suggested code changes
/ecel/UFAD/mark.gross/fnn-gps/gps-parser/gps-parser/hls/.autopilot/db/parser.pp.0.cpp:2291:5: warning: Added loop label VITIS_LOOP_676_1:   [xilinx-label-all-loops]
    for (unsigned i = low; i != high; ++i) {
    ^~~
    VITIS_LOOP_676_1: 
/ecel/UFAD/mark.gross/fnn-gps/gps-parser/gps-parser/hls/.autopilot/db/parser.pp.0.cpp:2291:5: note: FIX-IT applied suggested code changes
/ecel/UFAD/mark.gross/fnn-gps/gps-parser/gps-parser/hls/.autopilot/db/parser.pp.0.cpp:2305:5: warning: Added loop label VITIS_LOOP_690_1:   [xilinx-label-all-loops]
    for (unsigned i = low; i != high; ++i) {
    ^~~
    VITIS_LOOP_690_1: 
/ecel/UFAD/mark.gross/fnn-gps/gps-parser/gps-parser/hls/.autopilot/db/parser.pp.0.cpp:2305:5: note: FIX-IT applied suggested code changes
/ecel/UFAD/mark.gross/fnn-gps/gps-parser/gps-parser/hls/.autopilot/db/parser.pp.0.cpp:2319:5: warning: Added loop label VITIS_LOOP_704_1:   [xilinx-label-all-loops]
    for (unsigned i = low; i != high; ++i) {
    ^~~
    VITIS_LOOP_704_1: 
/ecel/UFAD/mark.gross/fnn-gps/gps-parser/gps-parser/hls/.autopilot/db/parser.pp.0.cpp:2319:5: note: FIX-IT applied suggested code changes
/ecel/UFAD/mark.gross/fnn-gps/gps-parser/gps-parser/hls/.autopilot/db/parser.pp.0.cpp:3948:7: warning: Added loop label VITIS_LOOP_1247_1:   [xilinx-label-all-loops]
      for (i = 0; i < __N - 1; ++i) {
      ^~~
      VITIS_LOOP_1247_1: 
/ecel/UFAD/mark.gross/fnn-gps/gps-parser/gps-parser/hls/.autopilot/db/parser.pp.0.cpp:3948:7: note: FIX-IT applied suggested code changes
/ecel/UFAD/mark.gross/fnn-gps/gps-parser/gps-parser/hls/.autopilot/db/parser.pp.0.cpp:8895:5: warning: Added loop label VITIS_LOOP_8_1:   [xilinx-label-all-loops]
    for(int i=0; s[i]!=(char)0 && i<n; i++) {
    ^~~
    VITIS_LOOP_8_1: 
/ecel/UFAD/mark.gross/fnn-gps/gps-parser/gps-parser/hls/.autopilot/db/parser.pp.0.cpp:8895:5: note: FIX-IT applied suggested code changes
/ecel/UFAD/mark.gross/fnn-gps/gps-parser/gps-parser/hls/.autopilot/db/parser.pp.0.cpp:8910:5: warning: Added loop label VITIS_LOOP_23_1:   [xilinx-label-all-loops]
    for(int i=0; i<len; i++) {
    ^~~
    VITIS_LOOP_23_1: 
/ecel/UFAD/mark.gross/fnn-gps/gps-parser/gps-parser/hls/.autopilot/db/parser.pp.0.cpp:8910:5: note: FIX-IT applied suggested code changes
/ecel/UFAD/mark.gross/fnn-gps/gps-parser/gps-parser/hls/.autopilot/db/parser.pp.0.cpp:8938:2: warning: Added loop label VITIS_LOOP_51_1:   [xilinx-label-all-loops]
 for(i=0; i<fieldnum; i++)
 ^~~
 VITIS_LOOP_51_1: 
/ecel/UFAD/mark.gross/fnn-gps/gps-parser/gps-parser/hls/.autopilot/db/parser.pp.0.cpp:8938:2: note: FIX-IT applied suggested code changes
/ecel/UFAD/mark.gross/fnn-gps/gps-parser/gps-parser/hls/.autopilot/db/parser.pp.0.cpp:8940:9: warning: Added loop label VITIS_LOOP_53_2:   [xilinx-label-all-loops]
        for(uint8_t j=0; ptr[0]!=sep && ptr[0]!=0; j++)
        ^~~
        VITIS_LOOP_53_2: 
/ecel/UFAD/mark.gross/fnn-gps/gps-parser/gps-parser/hls/.autopilot/db/parser.pp.0.cpp:8940:9: note: FIX-IT applied suggested code changes
/ecel/UFAD/mark.gross/fnn-gps/gps-parser/gps-parser/hls/.autopilot/db/parser.pp.0.cpp:9023:5: warning: Added loop label VITIS_LOOP_132_1:   [xilinx-label-all-loops]
    for(uint8_t i=0; i<82; i++) {
    ^~~
    VITIS_LOOP_132_1: 
/ecel/UFAD/mark.gross/fnn-gps/gps-parser/gps-parser/hls/.autopilot/db/parser.pp.0.cpp:9023:5: note: FIX-IT applied suggested code changes
