2024-11-16 14:36:18 [error] : [Config Editor] Error: 3 INVALID_ARGUMENT: Could not find platform at  
2024-11-16 20:08:24 [info] : [Debug Manager] Starting launch in 'debug' mode using configuration: {"name":"gps-parser","type":"gdb","request":"launch","target":"${workspaceFolder}/gps-parser/gps-parser/hls/csim/build/csim.exe","cwd":"${workspaceFolder}/gps-parser/gps-parser/hls/csim/build","gdbpath":"${env:XILINX_HLS}/tps/lnx64/gdb-9.2/bin/gdb","valuesFormatting":"prettyPrinters","__configUri":"file:///ecel/UFAD/mark.gross/fnn-gps/gps-parser/_ide/.theia/launch.json"} 
2024-11-16 20:08:25 [info] : [Debug Manager] Added breakpoint:main 
2024-11-16 20:08:25 [info] : [Debug Manager] Launch session has terminated on the configuration 'gps-parser' 
2024-11-16 20:34:26 [info] : [Debug Manager] Starting launch in 'debug' mode using configuration: {"name":"gps-parser","type":"gdb","request":"launch","target":"${workspaceFolder}/gps-parser/gps-parser/hls/csim/build/csim.exe","cwd":"${workspaceFolder}/gps-parser/gps-parser/hls/csim/build","gdbpath":"${env:XILINX_HLS}/tps/lnx64/gdb-9.2/bin/gdb","valuesFormatting":"prettyPrinters","__configUri":"file:///ecel/UFAD/mark.gross/fnn-gps/gps-parser/_ide/.theia/launch.json"} 
2024-11-16 20:34:26 [info] : [Debug Manager] Launch session has started on the configuration 'gps-parser' 
2024-11-16 20:35:16 [info] : [Debug Manager] Launch session has terminated on the configuration 'gps-parser' 
2024-11-16 21:15:30 [info] : [Debug Manager] Starting launch in 'debug' mode using configuration: {"name":"gps-parser","type":"gdb","request":"launch","target":"${workspaceFolder}/gps-parser/gps-parser/hls/csim/build/csim.exe","cwd":"${workspaceFolder}/gps-parser/gps-parser/hls/csim/build","gdbpath":"${env:XILINX_HLS}/tps/lnx64/gdb-9.2/bin/gdb","valuesFormatting":"prettyPrinters","__configUri":"file:///ecel/UFAD/mark.gross/fnn-gps/gps-parser/_ide/.theia/launch.json"} 
2024-11-16 21:15:31 [info] : [Debug Manager] Launch session has started on the configuration 'gps-parser' 
2024-11-16 21:15:52 [info] : [Debug Manager] Launch session has terminated on the configuration 'gps-parser' 
2024-11-16 21:16:40 [info] : [Debug Manager] Starting launch in 'debug' mode using configuration: {"name":"gps-parser","type":"gdb","request":"launch","target":"${workspaceFolder}/gps-parser/gps-parser/hls/csim/build/csim.exe","cwd":"${workspaceFolder}/gps-parser/gps-parser/hls/csim/build","gdbpath":"${env:XILINX_HLS}/tps/lnx64/gdb-9.2/bin/gdb","valuesFormatting":"prettyPrinters","__configUri":"file:///ecel/UFAD/mark.gross/fnn-gps/gps-parser/_ide/.theia/launch.json"} 
2024-11-16 21:16:41 [info] : [Debug Manager] Launch session has started on the configuration 'gps-parser' 
2024-11-16 21:17:00 [info] : [Debug Manager] Launch session has terminated on the configuration 'gps-parser' 
2024-11-16 21:17:39 [info] : [Debug Manager] Starting launch in 'debug' mode using configuration: {"name":"gps-parser","type":"gdb","request":"launch","target":"${workspaceFolder}/gps-parser/gps-parser/hls/csim/build/csim.exe","cwd":"${workspaceFolder}/gps-parser/gps-parser/hls/csim/build","gdbpath":"${env:XILINX_HLS}/tps/lnx64/gdb-9.2/bin/gdb","valuesFormatting":"prettyPrinters","__configUri":"file:///ecel/UFAD/mark.gross/fnn-gps/gps-parser/_ide/.theia/launch.json"} 
2024-11-16 21:17:39 [info] : [Debug Manager] Launch session has started on the configuration 'gps-parser' 
2024-11-16 21:19:41 [info] : [Debug Manager] Launch session has terminated on the configuration 'gps-parser' 
2024-11-16 21:20:48 [info] : [Debug Manager] Starting launch in 'debug' mode using configuration: {"name":"gps-parser","type":"gdb","request":"launch","target":"${workspaceFolder}/gps-parser/gps-parser/hls/csim/build/csim.exe","cwd":"${workspaceFolder}/gps-parser/gps-parser/hls/csim/build","gdbpath":"${env:XILINX_HLS}/tps/lnx64/gdb-9.2/bin/gdb","valuesFormatting":"prettyPrinters","__configUri":"file:///ecel/UFAD/mark.gross/fnn-gps/gps-parser/_ide/.theia/launch.json"} 
2024-11-16 21:20:48 [info] : [Debug Manager] Launch session has started on the configuration 'gps-parser' 
2024-11-16 21:23:10 [info] : [Debug Manager] Launch session has terminated on the configuration 'gps-parser' 
2024-11-16 21:23:26 [info] : [Debug Manager] Starting launch in 'debug' mode using configuration: {"name":"gps-parser","type":"gdb","request":"launch","target":"${workspaceFolder}/gps-parser/gps-parser/hls/csim/build/csim.exe","cwd":"${workspaceFolder}/gps-parser/gps-parser/hls/csim/build","gdbpath":"${env:XILINX_HLS}/tps/lnx64/gdb-9.2/bin/gdb","valuesFormatting":"prettyPrinters","__configUri":"file:///ecel/UFAD/mark.gross/fnn-gps/gps-parser/_ide/.theia/launch.json"} 
2024-11-16 21:23:27 [info] : [Debug Manager] Launch session has started on the configuration 'gps-parser' 
2024-11-16 21:49:52 [info] : [Debug Manager] Starting launch in 'debug' mode using configuration: {"name":"gps-parser","type":"gdb","request":"launch","target":"${workspaceFolder}/gps-parser/gps-parser/hls/csim/build/csim.exe","cwd":"${workspaceFolder}/gps-parser/gps-parser/hls/csim/build","gdbpath":"${env:XILINX_HLS}/tps/lnx64/gdb-9.2/bin/gdb","valuesFormatting":"prettyPrinters","__configUri":"file:///ecel/UFAD/mark.gross/fnn-gps/gps-parser/_ide/.theia/launch.json"} 
2024-11-16 21:50:12 [info] : [Debug Manager] Starting launch in 'debug' mode using configuration: {"name":"gps-parser","type":"gdb","request":"launch","target":"${workspaceFolder}/gps-parser/gps-parser/hls/csim/build/csim.exe","cwd":"${workspaceFolder}/gps-parser/gps-parser/hls/csim/build","gdbpath":"${env:XILINX_HLS}/tps/lnx64/gdb-9.2/bin/gdb","valuesFormatting":"prettyPrinters","__configUri":"file:///ecel/UFAD/mark.gross/fnn-gps/gps-parser/_ide/.theia/launch.json"} 
2024-11-16 21:50:16 [info] : [Debug Manager] Launch session has terminated on the configuration 'gps-parser' 
2024-11-16 21:50:31 [info] : [Debug Manager] Starting launch in 'debug' mode using configuration: {"name":"gps-parser","type":"gdb","request":"launch","target":"${workspaceFolder}/gps-parser/gps-parser/hls/csim/build/csim.exe","cwd":"${workspaceFolder}/gps-parser/gps-parser/hls/csim/build","gdbpath":"${env:XILINX_HLS}/tps/lnx64/gdb-9.2/bin/gdb","valuesFormatting":"prettyPrinters","__configUri":"file:///ecel/UFAD/mark.gross/fnn-gps/gps-parser/_ide/.theia/launch.json"} 
2024-11-16 21:50:31 [info] : [Debug Manager] Launch session has started on the configuration 'gps-parser' 
2024-11-16 21:51:18 [info] : [Debug Manager] Launch session has terminated on the configuration 'gps-parser' 
2024-11-16 21:52:04 [info] : [Debug Manager] Starting launch in 'debug' mode using configuration: {"name":"gps-parser","type":"gdb","request":"launch","target":"${workspaceFolder}/gps-parser/gps-parser/hls/csim/build/csim.exe","cwd":"${workspaceFolder}/gps-parser/gps-parser/hls/csim/build","gdbpath":"${env:XILINX_HLS}/tps/lnx64/gdb-9.2/bin/gdb","valuesFormatting":"prettyPrinters","__configUri":"file:///ecel/UFAD/mark.gross/fnn-gps/gps-parser/_ide/.theia/launch.json"} 
2024-11-16 21:52:05 [info] : [Debug Manager] Launch session has started on the configuration 'gps-parser' 
2024-11-16 21:52:09 [info] : [Debug Manager] Launch session has terminated on the configuration 'gps-parser' 
2024-11-16 21:52:49 [info] : [Debug Manager] Starting launch in 'debug' mode using configuration: {"name":"gps-parser","type":"gdb","request":"launch","target":"${workspaceFolder}/gps-parser/gps-parser/hls/csim/build/csim.exe","cwd":"${workspaceFolder}/gps-parser/gps-parser/hls/csim/build","gdbpath":"${env:XILINX_HLS}/tps/lnx64/gdb-9.2/bin/gdb","valuesFormatting":"prettyPrinters","__configUri":"file:///ecel/UFAD/mark.gross/fnn-gps/gps-parser/_ide/.theia/launch.json"} 
2024-11-16 21:52:49 [info] : [Debug Manager] Launch session has started on the configuration 'gps-parser' 
2024-11-16 21:53:32 [info] : [Debug Manager] Launch session has terminated on the configuration 'gps-parser' 
2024-11-16 21:53:57 [info] : [Debug Manager] Starting launch in 'debug' mode using configuration: {"name":"gps-parser","type":"gdb","request":"launch","target":"${workspaceFolder}/gps-parser/gps-parser/hls/csim/build/csim.exe","cwd":"${workspaceFolder}/gps-parser/gps-parser/hls/csim/build","gdbpath":"${env:XILINX_HLS}/tps/lnx64/gdb-9.2/bin/gdb","valuesFormatting":"prettyPrinters","__configUri":"file:///ecel/UFAD/mark.gross/fnn-gps/gps-parser/_ide/.theia/launch.json"} 
2024-11-16 21:53:57 [info] : [Debug Manager] Launch session has started on the configuration 'gps-parser' 
2024-11-16 21:55:11 [info] : [Debug Manager] Launch session has terminated on the configuration 'gps-parser' 
2024-11-16 21:55:29 [info] : [Debug Manager] Starting launch in 'debug' mode using configuration: {"name":"gps-parser","type":"gdb","request":"launch","target":"${workspaceFolder}/gps-parser/gps-parser/hls/csim/build/csim.exe","cwd":"${workspaceFolder}/gps-parser/gps-parser/hls/csim/build","gdbpath":"${env:XILINX_HLS}/tps/lnx64/gdb-9.2/bin/gdb","valuesFormatting":"prettyPrinters","__configUri":"file:///ecel/UFAD/mark.gross/fnn-gps/gps-parser/_ide/.theia/launch.json"} 
2024-11-16 21:55:29 [info] : [Debug Manager] Launch session has started on the configuration 'gps-parser' 
2024-11-16 21:56:45 [info] : [Debug Manager] Launch session has terminated on the configuration 'gps-parser' 
2024-11-16 21:57:01 [info] : [Debug Manager] Starting launch in 'debug' mode using configuration: {"name":"gps-parser","type":"gdb","request":"launch","target":"${workspaceFolder}/gps-parser/gps-parser/hls/csim/build/csim.exe","cwd":"${workspaceFolder}/gps-parser/gps-parser/hls/csim/build","gdbpath":"${env:XILINX_HLS}/tps/lnx64/gdb-9.2/bin/gdb","valuesFormatting":"prettyPrinters","__configUri":"file:///ecel/UFAD/mark.gross/fnn-gps/gps-parser/_ide/.theia/launch.json"} 
2024-11-16 21:57:01 [info] : [Debug Manager] Launch session has started on the configuration 'gps-parser' 
2024-11-16 21:57:17 [info] : [Debug Manager] Launch session has terminated on the configuration 'gps-parser' 
2024-11-16 21:57:45 [info] : [Debug Manager] Starting launch in 'debug' mode using configuration: {"name":"gps-parser","type":"gdb","request":"launch","target":"${workspaceFolder}/gps-parser/gps-parser/hls/csim/build/csim.exe","cwd":"${workspaceFolder}/gps-parser/gps-parser/hls/csim/build","gdbpath":"${env:XILINX_HLS}/tps/lnx64/gdb-9.2/bin/gdb","valuesFormatting":"prettyPrinters","__configUri":"file:///ecel/UFAD/mark.gross/fnn-gps/gps-parser/_ide/.theia/launch.json"} 
2024-11-16 21:57:46 [info] : [Debug Manager] Launch session has started on the configuration 'gps-parser' 
2024-11-16 21:58:40 [info] : [Debug Manager] Launch session has terminated on the configuration 'gps-parser' 
2024-11-16 21:59:03 [info] : [Debug Manager] Starting launch in 'debug' mode using configuration: {"name":"gps-parser","type":"gdb","request":"launch","target":"${workspaceFolder}/gps-parser/gps-parser/hls/csim/build/csim.exe","cwd":"${workspaceFolder}/gps-parser/gps-parser/hls/csim/build","gdbpath":"${env:XILINX_HLS}/tps/lnx64/gdb-9.2/bin/gdb","valuesFormatting":"prettyPrinters","__configUri":"file:///ecel/UFAD/mark.gross/fnn-gps/gps-parser/_ide/.theia/launch.json"} 
2024-11-16 21:59:03 [info] : [Debug Manager] Launch session has started on the configuration 'gps-parser' 
2024-11-16 22:00:34 [info] : [Debug Manager] Launch session has terminated on the configuration 'gps-parser' 
2024-11-16 22:00:51 [info] : [Debug Manager] Starting launch in 'debug' mode using configuration: {"name":"gps-parser","type":"gdb","request":"launch","target":"${workspaceFolder}/gps-parser/gps-parser/hls/csim/build/csim.exe","cwd":"${workspaceFolder}/gps-parser/gps-parser/hls/csim/build","gdbpath":"${env:XILINX_HLS}/tps/lnx64/gdb-9.2/bin/gdb","valuesFormatting":"prettyPrinters","__configUri":"file:///ecel/UFAD/mark.gross/fnn-gps/gps-parser/_ide/.theia/launch.json"} 
2024-11-16 22:00:51 [info] : [Debug Manager] Launch session has started on the configuration 'gps-parser' 
2024-11-16 22:01:35 [info] : [Debug Manager] Launch session has terminated on the configuration 'gps-parser' 
2024-11-16 22:01:51 [info] : [Debug Manager] Starting launch in 'debug' mode using configuration: {"name":"gps-parser","type":"gdb","request":"launch","target":"${workspaceFolder}/gps-parser/gps-parser/hls/csim/build/csim.exe","cwd":"${workspaceFolder}/gps-parser/gps-parser/hls/csim/build","gdbpath":"${env:XILINX_HLS}/tps/lnx64/gdb-9.2/bin/gdb","valuesFormatting":"prettyPrinters","__configUri":"file:///ecel/UFAD/mark.gross/fnn-gps/gps-parser/_ide/.theia/launch.json"} 
2024-11-16 22:01:52 [info] : [Debug Manager] Launch session has started on the configuration 'gps-parser' 
2024-11-16 22:03:04 [info] : [Debug Manager] Launch session has terminated on the configuration 'gps-parser' 
2024-11-16 22:03:20 [info] : [Debug Manager] Starting launch in 'debug' mode using configuration: {"name":"gps-parser","type":"gdb","request":"launch","target":"${workspaceFolder}/gps-parser/gps-parser/hls/csim/build/csim.exe","cwd":"${workspaceFolder}/gps-parser/gps-parser/hls/csim/build","gdbpath":"${env:XILINX_HLS}/tps/lnx64/gdb-9.2/bin/gdb","valuesFormatting":"prettyPrinters","__configUri":"file:///ecel/UFAD/mark.gross/fnn-gps/gps-parser/_ide/.theia/launch.json"} 
2024-11-16 22:03:21 [info] : [Debug Manager] Launch session has started on the configuration 'gps-parser' 
2024-11-16 22:04:30 [info] : [Debug Manager] Launch session has terminated on the configuration 'gps-parser' 
2024-11-16 22:04:47 [info] : [Debug Manager] Starting launch in 'debug' mode using configuration: {"name":"gps-parser","type":"gdb","request":"launch","target":"${workspaceFolder}/gps-parser/gps-parser/hls/csim/build/csim.exe","cwd":"${workspaceFolder}/gps-parser/gps-parser/hls/csim/build","gdbpath":"${env:XILINX_HLS}/tps/lnx64/gdb-9.2/bin/gdb","valuesFormatting":"prettyPrinters","__configUri":"file:///ecel/UFAD/mark.gross/fnn-gps/gps-parser/_ide/.theia/launch.json"} 
2024-11-16 22:04:48 [info] : [Debug Manager] Launch session has started on the configuration 'gps-parser' 
2024-11-16 22:06:44 [info] : [Debug Manager] Launch session has terminated on the configuration 'gps-parser' 
2024-11-16 22:06:59 [info] : [Debug Manager] Starting launch in 'debug' mode using configuration: {"name":"gps-parser","type":"gdb","request":"launch","target":"${workspaceFolder}/gps-parser/gps-parser/hls/csim/build/csim.exe","cwd":"${workspaceFolder}/gps-parser/gps-parser/hls/csim/build","gdbpath":"${env:XILINX_HLS}/tps/lnx64/gdb-9.2/bin/gdb","valuesFormatting":"prettyPrinters","__configUri":"file:///ecel/UFAD/mark.gross/fnn-gps/gps-parser/_ide/.theia/launch.json"} 
2024-11-16 22:07:00 [info] : [Debug Manager] Launch session has started on the configuration 'gps-parser' 
2024-11-16 22:08:36 [info] : [Debug Manager] Launch session has terminated on the configuration 'gps-parser' 
2024-11-16 22:08:53 [info] : [Debug Manager] Starting launch in 'debug' mode using configuration: {"name":"gps-parser","type":"gdb","request":"launch","target":"${workspaceFolder}/gps-parser/gps-parser/hls/csim/build/csim.exe","cwd":"${workspaceFolder}/gps-parser/gps-parser/hls/csim/build","gdbpath":"${env:XILINX_HLS}/tps/lnx64/gdb-9.2/bin/gdb","valuesFormatting":"prettyPrinters","__configUri":"file:///ecel/UFAD/mark.gross/fnn-gps/gps-parser/_ide/.theia/launch.json"} 
2024-11-16 22:08:53 [info] : [Debug Manager] Launch session has started on the configuration 'gps-parser' 
2024-11-16 22:10:09 [info] : [Debug Manager] Launch session has terminated on the configuration 'gps-parser' 
2024-11-16 22:14:58 [info] : [Debug Manager] Starting launch in 'debug' mode using configuration: {"name":"gps-parser","type":"gdb","request":"launch","target":"${workspaceFolder}/gps-parser/gps-parser/hls/csim/build/csim.exe","cwd":"${workspaceFolder}/gps-parser/gps-parser/hls/csim/build","gdbpath":"${env:XILINX_HLS}/tps/lnx64/gdb-9.2/bin/gdb","valuesFormatting":"prettyPrinters","__configUri":"file:///ecel/UFAD/mark.gross/fnn-gps/gps-parser/_ide/.theia/launch.json"} 
2024-11-16 22:14:58 [info] : [Debug Manager] Launch session has started on the configuration 'gps-parser' 
2024-11-16 22:17:30 [info] : [Debug Manager] Launch session has terminated on the configuration 'gps-parser' 
2024-11-16 22:17:47 [info] : [Debug Manager] Starting launch in 'debug' mode using configuration: {"name":"gps-parser","type":"gdb","request":"launch","target":"${workspaceFolder}/gps-parser/gps-parser/hls/csim/build/csim.exe","cwd":"${workspaceFolder}/gps-parser/gps-parser/hls/csim/build","gdbpath":"${env:XILINX_HLS}/tps/lnx64/gdb-9.2/bin/gdb","valuesFormatting":"prettyPrinters","__configUri":"file:///ecel/UFAD/mark.gross/fnn-gps/gps-parser/_ide/.theia/launch.json"} 
2024-11-16 22:17:47 [info] : [Debug Manager] Launch session has started on the configuration 'gps-parser' 
2024-11-16 22:18:33 [info] : [Debug Manager] Launch session has terminated on the configuration 'gps-parser' 
2024-11-16 22:20:08 [info] : [Debug Manager] Starting launch in 'debug' mode using configuration: {"name":"gps-parser","type":"gdb","request":"launch","target":"${workspaceFolder}/gps-parser/gps-parser/hls/csim/build/csim.exe","cwd":"${workspaceFolder}/gps-parser/gps-parser/hls/csim/build","gdbpath":"${env:XILINX_HLS}/tps/lnx64/gdb-9.2/bin/gdb","valuesFormatting":"prettyPrinters","__configUri":"file:///ecel/UFAD/mark.gross/fnn-gps/gps-parser/_ide/.theia/launch.json"} 
2024-11-16 22:20:08 [info] : [Debug Manager] Launch session has terminated on the configuration 'gps-parser' 
2024-11-16 22:20:40 [info] : [Debug Manager] Starting launch in 'debug' mode using configuration: {"name":"gps-parser","type":"gdb","request":"launch","target":"${workspaceFolder}/gps-parser/gps-parser/hls/csim/build/csim.exe","cwd":"${workspaceFolder}/gps-parser/gps-parser/hls/csim/build","gdbpath":"${env:XILINX_HLS}/tps/lnx64/gdb-9.2/bin/gdb","valuesFormatting":"prettyPrinters","__configUri":"file:///ecel/UFAD/mark.gross/fnn-gps/gps-parser/_ide/.theia/launch.json"} 
2024-11-16 22:20:40 [info] : [Debug Manager] Launch session has terminated on the configuration 'gps-parser' 
2024-11-16 22:21:03 [info] : [Debug Manager] Starting launch in 'debug' mode using configuration: {"name":"gps-parser","type":"gdb","request":"launch","target":"${workspaceFolder}/gps-parser/gps-parser/hls/csim/build/csim.exe","cwd":"${workspaceFolder}/gps-parser/gps-parser/hls/csim/build","gdbpath":"${env:XILINX_HLS}/tps/lnx64/gdb-9.2/bin/gdb","valuesFormatting":"prettyPrinters","__configUri":"file:///ecel/UFAD/mark.gross/fnn-gps/gps-parser/_ide/.theia/launch.json"} 
2024-11-16 22:21:04 [info] : [Debug Manager] Launch session has started on the configuration 'gps-parser' 
2024-11-16 22:22:07 [info] : [Debug Manager] Launch session has terminated on the configuration 'gps-parser' 
2024-11-16 22:22:23 [info] : [Debug Manager] Starting launch in 'debug' mode using configuration: {"name":"gps-parser","type":"gdb","request":"launch","target":"${workspaceFolder}/gps-parser/gps-parser/hls/csim/build/csim.exe","cwd":"${workspaceFolder}/gps-parser/gps-parser/hls/csim/build","gdbpath":"${env:XILINX_HLS}/tps/lnx64/gdb-9.2/bin/gdb","valuesFormatting":"prettyPrinters","__configUri":"file:///ecel/UFAD/mark.gross/fnn-gps/gps-parser/_ide/.theia/launch.json"} 
2024-11-16 22:22:23 [info] : [Debug Manager] Launch session has started on the configuration 'gps-parser' 
2024-11-16 22:22:59 [info] : [Debug Manager] Launch session has terminated on the configuration 'gps-parser' 
2024-11-16 22:23:23 [info] : [Debug Manager] Starting launch in 'debug' mode using configuration: {"name":"gps-parser","type":"gdb","request":"launch","target":"${workspaceFolder}/gps-parser/gps-parser/hls/csim/build/csim.exe","cwd":"${workspaceFolder}/gps-parser/gps-parser/hls/csim/build","gdbpath":"${env:XILINX_HLS}/tps/lnx64/gdb-9.2/bin/gdb","valuesFormatting":"prettyPrinters","__configUri":"file:///ecel/UFAD/mark.gross/fnn-gps/gps-parser/_ide/.theia/launch.json"} 
2024-11-16 22:23:23 [info] : [Debug Manager] Launch session has started on the configuration 'gps-parser' 
2024-11-16 22:23:56 [info] : [Debug Manager] Launch session has terminated on the configuration 'gps-parser' 
2024-11-16 22:24:29 [info] : [Debug Manager] Starting launch in 'debug' mode using configuration: {"name":"gps-parser","type":"gdb","request":"launch","target":"${workspaceFolder}/gps-parser/gps-parser/hls/csim/build/csim.exe","cwd":"${workspaceFolder}/gps-parser/gps-parser/hls/csim/build","gdbpath":"${env:XILINX_HLS}/tps/lnx64/gdb-9.2/bin/gdb","valuesFormatting":"prettyPrinters","__configUri":"file:///ecel/UFAD/mark.gross/fnn-gps/gps-parser/_ide/.theia/launch.json"} 
2024-11-16 22:24:30 [info] : [Debug Manager] Launch session has started on the configuration 'gps-parser' 
2024-11-16 22:26:59 [info] : [Debug Manager] Launch session has terminated on the configuration 'gps-parser' 
2024-11-16 22:27:58 [info] : [Debug Manager] Starting launch in 'debug' mode using configuration: {"name":"gps-parser","type":"gdb","request":"launch","target":"${workspaceFolder}/gps-parser/gps-parser/hls/csim/build/csim.exe","cwd":"${workspaceFolder}/gps-parser/gps-parser/hls/csim/build","gdbpath":"${env:XILINX_HLS}/tps/lnx64/gdb-9.2/bin/gdb","valuesFormatting":"prettyPrinters","__configUri":"file:///ecel/UFAD/mark.gross/fnn-gps/gps-parser/_ide/.theia/launch.json"} 
2024-11-16 22:27:58 [info] : [Debug Manager] Launch session has terminated on the configuration 'gps-parser' 
2024-11-16 22:28:25 [info] : [Debug Manager] Starting launch in 'debug' mode using configuration: {"name":"gps-parser","type":"gdb","request":"launch","target":"${workspaceFolder}/gps-parser/gps-parser/hls/csim/build/csim.exe","cwd":"${workspaceFolder}/gps-parser/gps-parser/hls/csim/build","gdbpath":"${env:XILINX_HLS}/tps/lnx64/gdb-9.2/bin/gdb","valuesFormatting":"prettyPrinters","__configUri":"file:///ecel/UFAD/mark.gross/fnn-gps/gps-parser/_ide/.theia/launch.json"} 
2024-11-16 22:28:25 [info] : [Debug Manager] Launch session has terminated on the configuration 'gps-parser' 
2024-11-16 22:28:39 [info] : [Debug Manager] Starting launch in 'debug' mode using configuration: {"name":"gps-parser","type":"gdb","request":"launch","target":"${workspaceFolder}/gps-parser/gps-parser/hls/csim/build/csim.exe","cwd":"${workspaceFolder}/gps-parser/gps-parser/hls/csim/build","gdbpath":"${env:XILINX_HLS}/tps/lnx64/gdb-9.2/bin/gdb","valuesFormatting":"prettyPrinters","__configUri":"file:///ecel/UFAD/mark.gross/fnn-gps/gps-parser/_ide/.theia/launch.json"} 
2024-11-16 22:28:40 [info] : [Debug Manager] Launch session has started on the configuration 'gps-parser' 
2024-11-16 22:29:12 [info] : [Debug Manager] Launch session has terminated on the configuration 'gps-parser' 
2024-11-16 22:29:54 [info] : [Debug Manager] Starting launch in 'debug' mode using configuration: {"name":"gps-parser","type":"gdb","request":"launch","target":"${workspaceFolder}/gps-parser/gps-parser/hls/csim/build/csim.exe","cwd":"${workspaceFolder}/gps-parser/gps-parser/hls/csim/build","gdbpath":"${env:XILINX_HLS}/tps/lnx64/gdb-9.2/bin/gdb","valuesFormatting":"prettyPrinters","__configUri":"file:///ecel/UFAD/mark.gross/fnn-gps/gps-parser/_ide/.theia/launch.json"} 
2024-11-16 22:29:55 [info] : [Debug Manager] Launch session has started on the configuration 'gps-parser' 
2024-11-16 22:30:36 [info] : [Debug Manager] Launch session has terminated on the configuration 'gps-parser' 
