

================================================================
== Vitis HLS Report for 'gps_translation'
================================================================
* Date:           Sat Nov 16 22:45:37 2024

* Version:        2023.2.1 (Build 4070103 on Dec 13 2023)
* Project:        gps-parser
* Solution:       hls (Vivado IP Flow Target)
* Product family: zynq
* Target device:  xc7z020-clg400-1


================================================================
== Performance Estimates
================================================================
+ Timing: 
    * Summary: 
    +--------+---------+-----------+------------+
    |  Clock |  Target | Estimated | Uncertainty|
    +--------+---------+-----------+------------+
    |ap_clk  |  0.10 us|  69.927 ns|    27.00 ns|
    +--------+---------+-----------+------------+

+ Latency: 
    * Summary: 
    +---------+---------+----------+----------+-----+-----+---------+
    |  Latency (cycles) |  Latency (absolute) |  Interval | Pipeline|
    |   min   |   max   |    min   |    max   | min | max |   Type  |
    +---------+---------+----------+----------+-----+-----+---------+
    |        ?|        ?|         ?|         ?|    ?|    ?|       no|
    +---------+---------+----------+----------+-----+-----+---------+

    + Detail: 
        * Instance: 
        +------------------------------------------------------+-------------------------------------------+---------+---------+----------+----------+-----+-----+---------+
        |                                                      |                                           |  Latency (cycles) |  Latency (absolute) |  Interval | Pipeline|
        |                       Instance                       |                   Module                  |   min   |   max   |    min   |    max   | min | max |   Type  |
        +------------------------------------------------------+-------------------------------------------+---------+---------+----------+----------+-----+-----+---------+
        |grp_gps_translation_Pipeline_shift_loop_fu_212        |gps_translation_Pipeline_shift_loop        |       83|       83|  8.300 us|  8.300 us|   83|   83|       no|
        |grp_gps_translation_Pipeline_VITIS_LOOP_23_1_fu_218   |gps_translation_Pipeline_VITIS_LOOP_23_1   |        3|        9|  0.300 us|  0.900 us|    3|    9|       no|
        |grp_gps_translation_Pipeline_VITIS_LOOP_132_1_fu_226  |gps_translation_Pipeline_VITIS_LOOP_132_1  |       84|       84|  8.400 us|  8.400 us|   84|   84|       no|
        |grp_hls_get_field_from_nmea_fu_234                    |hls_get_field_from_nmea                    |        ?|        ?|         ?|         ?|    ?|    ?|       no|
        |grp_hls_atoi_w_len_fu_243                             |hls_atoi_w_len                             |        ?|        ?|         ?|         ?|    ?|    ?|       no|
        |grp_hls_get_coordinate_fu_252                         |hls_get_coordinate                         |        ?|        ?|         ?|         ?|    ?|    ?|       no|
        |grp_hls_get_coordinate_1_fu_258                       |hls_get_coordinate_1                       |        ?|        ?|         ?|         ?|    ?|    ?|       no|
        +------------------------------------------------------+-------------------------------------------+---------+---------+----------+----------+-----+-----+---------+

        * Loop: 
        N/A



================================================================
== Utilization Estimates
================================================================
* Summary: 
+-----------------+---------+-----+--------+-------+-----+
|       Name      | BRAM_18K| DSP |   FF   |  LUT  | URAM|
+-----------------+---------+-----+--------+-------+-----+
|DSP              |        -|    -|       -|      -|    -|
|Expression       |        -|    -|       0|    986|    -|
|FIFO             |        -|    -|       -|      -|    -|
|Instance         |        0|   29|    1683|   4128|    -|
|Memory           |        0|    -|      24|     22|    0|
|Multiplexer      |        -|    -|       -|    500|    -|
|Register         |        -|    -|     773|      -|    -|
+-----------------+---------+-----+--------+-------+-----+
|Total            |        0|   29|    2480|   5636|    0|
+-----------------+---------+-----+--------+-------+-----+
|Available        |      280|  220|  106400|  53200|    0|
+-----------------+---------+-----+--------+-------+-----+
|Utilization (%)  |        0|   13|       2|     10|    0|
+-----------------+---------+-----+--------+-------+-----+

+ Detail: 
    * Instance: 
    +------------------------------------------------------+-------------------------------------------+---------+----+-----+------+-----+
    |                       Instance                       |                   Module                  | BRAM_18K| DSP|  FF |  LUT | URAM|
    +------------------------------------------------------+-------------------------------------------+---------+----+-----+------+-----+
    |fadd_32ns_32ns_32_2_full_dsp_1_U38                    |fadd_32ns_32ns_32_2_full_dsp_1             |        0|   2|  177|   385|    0|
    |fdiv_32ns_32ns_32_3_no_dsp_1_U39                      |fdiv_32ns_32ns_32_3_no_dsp_1               |        0|   0|    0|     0|    0|
    |grp_gps_translation_Pipeline_VITIS_LOOP_132_1_fu_226  |gps_translation_Pipeline_VITIS_LOOP_132_1  |        0|   0|   17|    66|    0|
    |grp_gps_translation_Pipeline_VITIS_LOOP_23_1_fu_218   |gps_translation_Pipeline_VITIS_LOOP_23_1   |        0|   0|   18|   106|    0|
    |grp_gps_translation_Pipeline_shift_loop_fu_212        |gps_translation_Pipeline_shift_loop        |        0|   0|   17|    66|    0|
    |grp_hls_atoi_w_len_fu_243                             |hls_atoi_w_len                             |        0|   0|   47|   330|    0|
    |grp_hls_get_coordinate_fu_252                         |hls_get_coordinate                         |        0|   3|  563|  1311|    0|
    |grp_hls_get_coordinate_1_fu_258                       |hls_get_coordinate_1                       |        0|   3|  563|  1317|    0|
    |grp_hls_get_field_from_nmea_fu_234                    |hls_get_field_from_nmea                    |        0|   0|  281|   335|    0|
    |mul_26s_10s_32_1_1_U37                                |mul_26s_10s_32_1_1                         |        0|   1|    0|    43|    0|
    |mul_26s_19ns_32_1_1_U30                               |mul_26s_19ns_32_1_1                        |        0|   2|    0|    43|    0|
    |mul_32ns_34ns_65_1_1_U31                              |mul_32ns_34ns_65_1_1                       |        0|   4|    0|    22|    0|
    |mul_32ns_34ns_65_1_1_U32                              |mul_32ns_34ns_65_1_1                       |        0|   4|    0|    22|    0|
    |mul_32s_10ns_32_1_1_U34                               |mul_32s_10ns_32_1_1                        |        0|   2|    0|    20|    0|
    |mul_32s_18ns_32_1_1_U35                               |mul_32s_18ns_32_1_1                        |        0|   2|    0|    20|    0|
    |mul_32s_34ns_65_1_1_U36                               |mul_32s_34ns_65_1_1                        |        0|   4|    0|    22|    0|
    |mul_32s_9ns_32_1_1_U33                                |mul_32s_9ns_32_1_1                         |        0|   2|    0|    20|    0|
    |sitofp_32ns_32_2_no_dsp_1_U40                         |sitofp_32ns_32_2_no_dsp_1                  |        0|   0|    0|     0|    0|
    +------------------------------------------------------+-------------------------------------------+---------+----+-----+------+-----+
    |Total                                                 |                                           |        0|  29| 1683|  4128|    0|
    +------------------------------------------------------+-------------------------------------------+---------+----+-----+------+-----+

    * DSP: 
    N/A

    * Memory: 
    +--------------+--------------------------+---------+----+----+-----+------+-----+------+-------------+
    |    Memory    |          Module          | BRAM_18K| FF | LUT| URAM| Words| Bits| Banks| W*Bits*Banks|
    +--------------+--------------------------+---------+----+----+-----+------+-----+------+-------------+
    |msg_shift_U   |msg_shift_RAM_AUTO_1R1W   |        0|  16|  11|    0|    82|    8|     1|          656|
    |stored_msg_U  |stored_msg_RAM_AUTO_1R1W  |        0|   8|  11|    0|    82|    8|     1|          656|
    +--------------+--------------------------+---------+----+----+-----+------+-----+------+-------------+
    |Total         |                          |        0|  24|  22|    0|   164|   16|     2|         1312|
    +--------------+--------------------------+---------+----+----+-----+------+-----+------+-------------+

    * FIFO: 
    N/A

    * Expression: 
    +----------------------------------+----------+----+---+----+------------+------------+
    |           Variable Name          | Operation| DSP| FF| LUT| Bitwidth P0| Bitwidth P1|
    +----------------------------------+----------+----+---+----+------------+------------+
    |add_ln141_fu_313_p2               |         +|   0|  0|  14|           7|           2|
    |add_ln142_fu_353_p2               |         +|   0|  0|  14|           7|           3|
    |add_ln144_fu_385_p2               |         +|   0|  0|  14|           7|           2|
    |add_ln145_fu_391_p2               |         +|   0|  0|  14|           7|           3|
    |add_ln146_1_fu_379_p2             |         +|   0|  0|  32|          32|          32|
    |add_ln146_fu_343_p2               |         +|   0|  0|  30|          30|          30|
    |add_ln151_1_fu_648_p2             |         +|   0|  0|  32|          32|          32|
    |add_ln151_fu_642_p2               |         +|   0|  0|  32|          32|          32|
    |add_ln36_fu_432_p2                |         +|   0|  0|  39|          32|          10|
    |add_ln38_1_fu_548_p2              |         +|   0|  0|  39|          32|           2|
    |add_ln39_1_fu_606_p2              |         +|   0|  0|  39|          32|          32|
    |add_ln39_2_fu_611_p2              |         +|   0|  0|  39|          32|           2|
    |add_ln39_fu_617_p2                |         +|   0|  0|  32|          32|          32|
    |add_ln40_1_fu_629_p2              |         +|   0|  0|  32|          32|          32|
    |mul_ln151_fu_289_p0               |         +|   0|  0|  32|          32|          32|
    |mul_ln38_fu_279_p0                |         +|   0|  0|  39|          32|          32|
    |y_fu_397_p2                       |         +|   0|  0|  39|          32|          11|
    |yoe_fu_522_p2                     |         +|   0|  0|  39|          32|          32|
    |sub_ln146_1_fu_373_p2             |         -|   0|  0|  32|          32|          32|
    |sub_ln146_fu_337_p2               |         -|   0|  0|  30|          30|          30|
    |sub_ln35_fu_418_p2                |         -|   0|  0|  39|          32|          32|
    |sub_ln36_1_fu_501_p2              |         -|   0|  0|  39|           1|          32|
    |sub_ln36_fu_451_p2                |         -|   0|  0|  72|           1|          65|
    |sub_ln39_fu_623_p2                |         -|   0|  0|  32|          32|          32|
    |ap_block_state29_on_subcall_done  |       and|   0|  0|   2|           1|           1|
    |ap_predicate_op96_call_state29    |       and|   0|  0|   2|           1|           1|
    |tmp_nbreadreq_fu_148_p3           |       and|   0|  0|   2|           1|           0|
    |icmp_ln127_fu_299_p2              |      icmp|   0|  0|  15|           8|           6|
    |icmp_ln35_fu_409_p2               |      icmp|   0|  0|  39|          32|           2|
    |icmp_ln38_fu_529_p2               |      icmp|   0|  0|  39|          32|           2|
    |era_fu_507_p3                     |    select|   0|  0|  32|           1|          32|
    |select_ln36_2_fu_489_p3           |    select|   0|  0|  24|           1|          24|
    |select_ln36_fu_438_p3             |    select|   0|  0|  32|           1|          32|
    |select_ln38_fu_534_p3             |    select|   0|  0|   4|           1|           3|
    +----------------------------------+----------+----+---+----+------------+------------+
    |Total                             |          |   0|  0| 986|         681|         679|
    +----------------------------------+----------+----+---+----+------------+------------+

    * Multiplexer: 
    +---------------------------------------------+-----+-----------+-----+-----------+
    |                     Name                    | LUT | Input Size| Bits| Total Bits|
    +---------------------------------------------+-----+-----------+-----+-----------+
    |ap_NS_fsm                                    |  134|         30|    1|         30|
    |ap_phi_mux_empty_phi_fu_187_p4               |    9|          2|    8|         16|
    |ap_phi_mux_gd_new_0_phi_fu_198_p8            |    9|          2|  320|        640|
    |empty_reg_184                                |    9|          2|    8|         16|
    |gd_new_0_reg_194                             |    9|          2|  320|        640|
    |grp_fu_792_ce                                |   14|          3|    1|          3|
    |grp_fu_792_p0                                |   14|          3|   32|         96|
    |grp_fu_792_p1                                |   14|          3|   32|         96|
    |grp_fu_796_ce                                |   14|          3|    1|          3|
    |grp_fu_796_p0                                |   14|          3|   32|         96|
    |grp_fu_796_p1                                |   14|          3|   32|         96|
    |grp_fu_800_ce                                |   14|          3|    1|          3|
    |grp_fu_800_p0                                |   14|          3|   32|         96|
    |grp_hls_atoi_w_len_fu_243_s                  |   37|          7|    7|         49|
    |grp_hls_get_field_from_nmea_fu_234_fieldnum  |   14|          3|    4|         12|
    |msg_TDATA_blk_n                              |    9|          2|    1|          2|
    |msg_shift_address0                           |   25|          5|    7|         35|
    |msg_shift_ce0                                |   25|          5|    1|          5|
    |msg_shift_ce1                                |    9|          2|    1|          2|
    |msg_shift_d0                                 |   14|          3|    8|         24|
    |msg_shift_we0                                |   14|          3|    1|          3|
    |stored_msg_address0                          |   31|          6|    7|         42|
    |stored_msg_ce0                               |   31|          6|    1|          6|
    |stored_msg_we0                               |    9|          2|    1|          2|
    +---------------------------------------------+-----+-----------+-----+-----------+
    |Total                                        |  500|        106|  859|       2013|
    +---------------------------------------------+-----+-----------+-----+-----------+

    * Register: 
    +-------------------------------------------------------------------+-----+----+-----+-----------+
    |                                Name                               |  FF | LUT| Bits| Const Bits|
    +-------------------------------------------------------------------+-----+----+-----+-----------+
    |add_ln141_reg_722                                                  |    7|   0|    7|          0|
    |add_ln142_reg_742                                                  |    7|   0|    7|          0|
    |add_ln144_reg_764                                                  |    7|   0|    7|          0|
    |add_ln145_reg_777                                                  |    7|   0|    7|          0|
    |add_ln146_1_reg_752                                                |   32|   0|   32|          0|
    |add_ln146_reg_732                                                  |   30|   0|   30|          0|
    |ap_CS_fsm                                                          |   29|   0|   29|          0|
    |d_reg_758                                                          |   32|   0|   32|          0|
    |date_str_reg_700                                                   |    7|   0|    7|          0|
    |empty_reg_184                                                      |    8|   0|    8|          0|
    |gd_new_0_reg_194                                                   |  320|   0|  320|          0|
    |grp_gps_translation_Pipeline_VITIS_LOOP_132_1_fu_226_ap_start_reg  |    1|   0|    1|          0|
    |grp_gps_translation_Pipeline_VITIS_LOOP_23_1_fu_218_ap_start_reg   |    1|   0|    1|          0|
    |grp_gps_translation_Pipeline_shift_loop_fu_212_ap_start_reg        |    1|   0|    1|          0|
    |grp_hls_atoi_w_len_fu_243_ap_start_reg                             |    1|   0|    1|          0|
    |grp_hls_get_coordinate_1_fu_258_ap_start_reg                       |    1|   0|    1|          0|
    |grp_hls_get_coordinate_fu_252_ap_start_reg                         |    1|   0|    1|          0|
    |grp_hls_get_field_from_nmea_fu_234_ap_start_reg                    |    1|   0|    1|          0|
    |icmp_ln127_reg_680                                                 |    1|   0|    1|          0|
    |m_reg_769                                                          |   32|   0|   32|          0|
    |targetBlock_reg_689                                                |    1|   0|    1|          0|
    |tmp_1_reg_747                                                      |   32|   0|   32|          0|
    |tmp_2_reg_782                                                      |   32|   0|   32|          0|
    |tmp_3_reg_787                                                      |   32|   0|   32|          0|
    |tmp_9_reg_707                                                      |   32|   0|   32|          0|
    |tmp_reg_676                                                        |    1|   0|    1|          0|
    |tmp_s_reg_727                                                      |   32|   0|   32|          0|
    |trunc_ln146_1_reg_717                                              |   28|   0|   28|          0|
    |trunc_ln146_2_reg_737                                              |   26|   0|   26|          0|
    |trunc_ln146_reg_712                                                |   24|   0|   24|          0|
    |ts_str_reg_693                                                     |    7|   0|    7|          0|
    +-------------------------------------------------------------------+-----+----+-----+-----------+
    |Total                                                              |  773|   0|  773|          0|
    +-------------------------------------------------------------------+-----+----+-----+-----------+



================================================================
== Interface
================================================================
* Summary: 
+-------------------+-----+-----+------------+-----------------+--------------+
|     RTL Ports     | Dir | Bits|  Protocol  |  Source Object  |    C Type    |
+-------------------+-----+-----+------------+-----------------+--------------+
|ap_clk             |   in|    1|  ap_ctrl_hs|  gps_translation|  return value|
|ap_rst_n           |   in|    1|  ap_ctrl_hs|  gps_translation|  return value|
|ap_start           |   in|    1|  ap_ctrl_hs|  gps_translation|  return value|
|ap_done            |  out|    1|  ap_ctrl_hs|  gps_translation|  return value|
|ap_idle            |  out|    1|  ap_ctrl_hs|  gps_translation|  return value|
|ap_ready           |  out|    1|  ap_ctrl_hs|  gps_translation|  return value|
|msg_TDATA          |   in|    8|        axis|              msg|       pointer|
|msg_TVALID         |   in|    1|        axis|              msg|       pointer|
|msg_TREADY         |  out|    1|        axis|              msg|       pointer|
|pps                |   in|    1|     ap_none|              pps|        scalar|
|gd                 |  out|  320|      ap_vld|               gd|       pointer|
|gd_ap_vld          |  out|    1|      ap_vld|               gd|       pointer|
|data_valid         |  out|    1|      ap_vld|       data_valid|       pointer|
|data_valid_ap_vld  |  out|    1|      ap_vld|       data_valid|       pointer|
+-------------------+-----+-----+------------+-----------------+--------------+

