

================================================================
== Vitis HLS Report for 'hls_atoi_w_len_Pipeline_VITIS_LOOP_8_1'
================================================================
* Date:           Sat Nov 16 22:45:36 2024

* Version:        2023.2.1 (Build 4070103 on Dec 13 2023)
* Project:        gps-parser
* Solution:       hls (Vivado IP Flow Target)
* Product family: zynq
* Target device:  xc7z020-clg400-1


================================================================
== Performance Estimates
================================================================
+ Timing: 
    * Summary: 
    +--------+---------+-----------+------------+
    |  Clock |  Target | Estimated | Uncertainty|
    +--------+---------+-----------+------------+
    |ap_clk  |  0.10 us|  10.894 ns|    27.00 ns|
    +--------+---------+-----------+------------+

+ Latency: 
    * Summary: 
    +---------+---------+----------+----------+-----+-----+---------+
    |  Latency (cycles) |  Latency (absolute) |  Interval | Pipeline|
    |   min   |   max   |    min   |    max   | min | max |   Type  |
    +---------+---------+----------+----------+-----+-----+---------+
    |        ?|        ?|         ?|         ?|    ?|    ?|       no|
    +---------+---------+----------+----------+-----+-----+---------+

    + Detail: 
        * Instance: 
        N/A

        * Loop: 
        +------------------+---------+---------+----------+-----------+-----------+------+----------+
        |                  |  Latency (cycles) | Iteration|  Initiation Interval  | Trip |          |
        |     Loop Name    |   min   |   max   |  Latency |  achieved |   target  | Count| Pipelined|
        +------------------+---------+---------+----------+-----------+-----------+------+----------+
        |- VITIS_LOOP_8_1  |        ?|        ?|         2|          2|          1|     ?|       yes|
        +------------------+---------+---------+----------+-----------+-----------+------+----------+



================================================================
== Utilization Estimates
================================================================
* Summary: 
+-----------------+---------+-----+--------+-------+-----+
|       Name      | BRAM_18K| DSP |   FF   |  LUT  | URAM|
+-----------------+---------+-----+--------+-------+-----+
|DSP              |        -|    -|       -|      -|    -|
|Expression       |        -|    -|       0|    180|    -|
|FIFO             |        -|    -|       -|      -|    -|
|Instance         |        -|    -|       -|      -|    -|
|Memory           |        -|    -|       -|      -|    -|
|Multiplexer      |        -|    -|       -|     59|    -|
|Register         |        -|    -|      43|      -|    -|
+-----------------+---------+-----+--------+-------+-----+
|Total            |        0|    0|      43|    239|    0|
+-----------------+---------+-----+--------+-------+-----+
|Available        |      280|  220|  106400|  53200|    0|
+-----------------+---------+-----+--------+-------+-----+
|Utilization (%)  |        0|    0|      ~0|     ~0|    0|
+-----------------+---------+-----+--------+-------+-----+

+ Detail: 
    * Instance: 
    N/A

    * DSP: 
    N/A

    * Memory: 
    N/A

    * FIFO: 
    N/A

    * Expression: 
    +----------------------+----------+----+---+----+------------+------------+
    |     Variable Name    | Operation| DSP| FF| LUT| Bitwidth P0| Bitwidth P1|
    +----------------------+----------+----+---+----+------------+------------+
    |add_ln13_1_fu_182_p2  |         +|   0|  0|  14|           9|           7|
    |add_ln13_fu_192_p2    |         +|   0|  0|  32|          32|          32|
    |add_ln8_1_fu_152_p2   |         +|   0|  0|  11|           3|           1|
    |add_ln8_fu_124_p2     |         +|   0|  0|  14|           7|           7|
    |res_1_fu_198_p2       |         +|   0|  0|  32|          32|          32|
    |and_ln8_fu_147_p2     |       and|   0|  0|   2|           1|           1|
    |icmp_ln8_1_fu_135_p2  |      icmp|   0|  0|  11|           3|           3|
    |icmp_ln8_fu_141_p2    |      icmp|   0|  0|  15|           8|           1|
    |icmp_ln9_fu_160_p2    |      icmp|   0|  0|  15|           8|           6|
    |is_neg_1_fu_212_p2    |        or|   0|  0|   2|           1|           1|
    |res_2_fu_204_p3       |    select|   0|  0|  32|           1|          32|
    +----------------------+----------+----+---+----+------------+------------+
    |Total                 |          |   0|  0| 180|         105|         123|
    +----------------------+----------+----+---+----+------------+------------+

    * Multiplexer: 
    +----------------------+----+-----------+-----+-----------+
    |         Name         | LUT| Input Size| Bits| Total Bits|
    +----------------------+----+-----------+-----+-----------+
    |ap_NS_fsm             |  14|          3|    1|          3|
    |ap_done_int           |   9|          2|    1|          2|
    |ap_sig_allocacmp_i_3  |   9|          2|    3|          6|
    |i_fu_52               |   9|          2|    3|          6|
    |is_neg_reg_95         |   9|          2|    1|          2|
    |res_fu_48             |   9|          2|   32|         64|
    +----------------------+----+-----------+-----+-----------+
    |Total                 |  59|         13|   41|         83|
    +----------------------+----+-----------+-----+-----------+

    * Register: 
    +--------------------+----+----+-----+-----------+
    |        Name        | FF | LUT| Bits| Const Bits|
    +--------------------+----+----+-----+-----------+
    |ap_CS_fsm           |   2|   0|    2|          0|
    |ap_done_reg         |   1|   0|    1|          0|
    |i_3_reg_247         |   3|   0|    3|          0|
    |i_fu_52             |   3|   0|    3|          0|
    |icmp_ln8_1_reg_257  |   1|   0|    1|          0|
    |is_neg_reg_95       |   1|   0|    1|          0|
    |res_fu_48           |  32|   0|   32|          0|
    +--------------------+----+----+-----+-----------+
    |Total               |  43|   0|   43|          0|
    +--------------------+----+----+-----+-----------+



================================================================
== Interface
================================================================
* Summary: 
+---------------------+-----+-----+------------+----------------------------------------+--------------+
|      RTL Ports      | Dir | Bits|  Protocol  |              Source Object             |    C Type    |
+---------------------+-----+-----+------------+----------------------------------------+--------------+
|ap_clk               |   in|    1|  ap_ctrl_hs|  hls_atoi_w_len_Pipeline_VITIS_LOOP_8_1|  return value|
|ap_rst               |   in|    1|  ap_ctrl_hs|  hls_atoi_w_len_Pipeline_VITIS_LOOP_8_1|  return value|
|ap_start             |   in|    1|  ap_ctrl_hs|  hls_atoi_w_len_Pipeline_VITIS_LOOP_8_1|  return value|
|ap_done              |  out|    1|  ap_ctrl_hs|  hls_atoi_w_len_Pipeline_VITIS_LOOP_8_1|  return value|
|ap_idle              |  out|    1|  ap_ctrl_hs|  hls_atoi_w_len_Pipeline_VITIS_LOOP_8_1|  return value|
|ap_ready             |  out|    1|  ap_ctrl_hs|  hls_atoi_w_len_Pipeline_VITIS_LOOP_8_1|  return value|
|s                    |   in|    7|     ap_none|                                       s|        scalar|
|n                    |   in|    3|     ap_none|                                       n|        scalar|
|res_out              |  out|   32|      ap_vld|                                 res_out|       pointer|
|res_out_ap_vld       |  out|    1|      ap_vld|                                 res_out|       pointer|
|is_neg_out           |  out|    1|      ap_vld|                              is_neg_out|       pointer|
|is_neg_out_ap_vld    |  out|    1|      ap_vld|                              is_neg_out|       pointer|
|stored_msg_address0  |  out|    7|   ap_memory|                              stored_msg|         array|
|stored_msg_ce0       |  out|    1|   ap_memory|                              stored_msg|         array|
|stored_msg_q0        |   in|    8|   ap_memory|                              stored_msg|         array|
+---------------------+-----+-----+------------+----------------------------------------+--------------+

